This is pdfTeX, Version 3.141592653-2.6-1.40.28 (TeX Live 2025) (preloaded format=pdflatex 2025.12.6)  7 DEC 2025 20:52
entering extended mode
 \write18 enabled.
 %&-line parsing enabled.
**PixelArtTikz-doc-en.tex
(./PixelArtTikz-doc-en.tex
LaTeX2e <2025-11-01>
L3 programming layer <2025-11-14>
(c:/texlive/2025/texmf-dist/tex/latex/base/article.cls
Document Class: article 2025/01/22 v1.4n Standard LaTeX document class
(c:/texlive/2025/texmf-dist/tex/latex/base/size10.clo
File: size10.clo 2025/01/22 v1.4n Standard LaTeX file (size option)
)
\c@part=\count275
\c@section=\count276
\c@subsection=\count277
\c@subsubsection=\count278
\c@paragraph=\count279
\c@subparagraph=\count280
\c@figure=\count281
\c@table=\count282
\abovecaptionskip=\skip49
\belowcaptionskip=\skip50
\bibindent=\dimen148
) (c:/texlive/2025/texmf-dist/tex/latex/base/inputenc.sty
Package: inputenc 2024/02/08 v1.3d Input encoding file
\inpenc@prehook=\toks17
\inpenc@posthook=\toks18
) (c:/texlive/2025/texmf-dist/tex/latex/base/fontenc.sty
Package: fontenc 2025/07/18 v2.1d Standard LaTeX package
) (c:/texlive/2025/texmf-dist/tex/latex/amsmath/amsmath.sty
Package: amsmath 2025/07/09 v2.17z AMS math features
\@mathmargin=\skip51
For additional information on amsmath, use the `?' option.
(c:/texlive/2025/texmf-dist/tex/latex/amsmath/amstext.sty
Package: amstext 2024/11/17 v2.01 AMS text
(c:/texlive/2025/texmf-dist/tex/latex/amsmath/amsgen.sty
File: amsgen.sty 1999/11/30 v2.0 generic functions
\@emptytoks=\toks19
\ex@=\dimen149
)) (c:/texlive/2025/texmf-dist/tex/latex/amsmath/amsbsy.sty
Package: amsbsy 1999/11/29 v1.2d Bold Symbols
\pmbraise@=\dimen150
) (c:/texlive/2025/texmf-dist/tex/latex/amsmath/amsopn.sty
Package: amsopn 2022/04/08 v2.04 operator names
)
\inf@bad=\count283
LaTeX Info: Redefining \frac on input line 233.
\uproot@=\count284
\leftroot@=\count285
LaTeX Info: Redefining \overline on input line 398.
LaTeX Info: Redefining \colon on input line 409.
\classnum@=\count286
\DOTSCASE@=\count287
LaTeX Info: Redefining \ldots on input line 495.
LaTeX Info: Redefining \dots on input line 498.
LaTeX Info: Redefining \cdots on input line 619.
\Mathstrutbox@=\box53
\strutbox@=\box54
LaTeX Info: Redefining \big on input line 721.
LaTeX Info: Redefining \Big on input line 722.
LaTeX Info: Redefining \bigg on input line 723.
LaTeX Info: Redefining \Bigg on input line 724.
\big@size=\dimen151
LaTeX Font Info:    Redeclaring font encoding OML on input line 742.
LaTeX Font Info:    Redeclaring font encoding OMS on input line 743.
\macc@depth=\count288
LaTeX Info: Redefining \bmod on input line 904.
LaTeX Info: Redefining \pmod on input line 909.
LaTeX Info: Redefining \smash on input line 939.
LaTeX Info: Redefining \relbar on input line 969.
LaTeX Info: Redefining \Relbar on input line 970.
\c@MaxMatrixCols=\count289
\dotsspace@=\muskip17
\c@parentequation=\count290
\dspbrk@lvl=\count291
\tag@help=\toks20
\row@=\count292
\column@=\count293
\maxfields@=\count294
\andhelp@=\toks21
\eqnshift@=\dimen152
\alignsep@=\dimen153
\tagshift@=\dimen154
\tagwidth@=\dimen155
\totwidth@=\dimen156
\lineht@=\dimen157
\@envbody=\toks22
\multlinegap=\skip52
\multlinetaggap=\skip53
\mathdisplay@stack=\toks23
LaTeX Info: Redefining \[ on input line 2950.
LaTeX Info: Redefining \] on input line 2951.
) (c:/texlive/2025/texmf-dist/tex/latex/amsfonts/amssymb.sty
Package: amssymb 2013/01/14 v3.01 AMS font symbols
(c:/texlive/2025/texmf-dist/tex/latex/amsfonts/amsfonts.sty
Package: amsfonts 2013/01/14 v3.01 Basic AMSFonts support
\symAMSa=\mathgroup4
\symAMSb=\mathgroup5
LaTeX Font Info:    Redeclaring math symbol \hbar on input line 98.
LaTeX Font Info:    Overwriting math alphabet `\mathfrak' in version `bold'
(Font)                  U/euf/m/n --> U/euf/b/n on input line 106.
)) (c:/Users/cpier/OneDrive/latex/tex/latex/pixelarttikz/tex/PixelArtTikz.sty
Package: PixelArtTikz 2025/12/07 v0.20a PixelArts with csv and TikZ
(c:/texlive/2025/texmf-dist/tex/latex/pgf/frontendlayer/tikz.sty (c:/texlive/20
25/texmf-dist/tex/latex/pgf/basiclayer/pgf.sty (c:/texlive/2025/texmf-dist/tex/
latex/pgf/utilities/pgfrcs.sty (c:/texlive/2025/texmf-dist/tex/generic/pgf/util
ities/pgfutil-common.tex
\pgfutil@everybye=\toks24
\pgfutil@tempdima=\dimen158
\pgfutil@tempdimb=\dimen159
) (c:/texlive/2025/texmf-dist/tex/generic/pgf/utilities/pgfutil-latex.def
\pgfutil@abb=\box55
) (c:/texlive/2025/texmf-dist/tex/generic/pgf/utilities/pgfrcs.code.tex (c:/tex
live/2025/texmf-dist/tex/generic/pgf/pgf.revision.tex)
Package: pgfrcs 2025-08-29 v3.1.11a (3.1.11a)
))
Package: pgf 2025-08-29 v3.1.11a (3.1.11a)
(c:/texlive/2025/texmf-dist/tex/latex/pgf/basiclayer/pgfcore.sty (c:/texlive/20
25/texmf-dist/tex/latex/graphics/graphicx.sty
Package: graphicx 2024/12/31 v1.2e Enhanced LaTeX Graphics (DPC,SPQR)
(c:/texlive/2025/texmf-dist/tex/latex/graphics/keyval.sty
Package: keyval 2022/05/29 v1.15 key=value parser (DPC)
\KV@toks@=\toks25
) (c:/texlive/2025/texmf-dist/tex/latex/graphics/graphics.sty
Package: graphics 2024/08/06 v1.4g Standard LaTeX Graphics (DPC,SPQR)
(c:/texlive/2025/texmf-dist/tex/latex/graphics/trig.sty
Package: trig 2023/12/02 v1.11 sin cos tan (DPC)
) (c:/texlive/2025/texmf-dist/tex/latex/graphics-cfg/graphics.cfg
File: graphics.cfg 2016/06/04 v1.11 sample graphics configuration
)
Package graphics Info: Driver file: pdftex.def on input line 106.
(c:/texlive/2025/texmf-dist/tex/latex/graphics-def/pdftex.def
File: pdftex.def 2025/09/29 v1.2d Graphics/color driver for pdftex
))
\Gin@req@height=\dimen160
\Gin@req@width=\dimen161
) (c:/texlive/2025/texmf-dist/tex/latex/pgf/systemlayer/pgfsys.sty (c:/texlive/
2025/texmf-dist/tex/generic/pgf/systemlayer/pgfsys.code.tex
Package: pgfsys 2025-08-29 v3.1.11a (3.1.11a)
(c:/texlive/2025/texmf-dist/tex/generic/pgf/utilities/pgfkeys.code.tex
\pgfkeys@pathtoks=\toks26
\pgfkeys@temptoks=\toks27

(c:/texlive/2025/texmf-dist/tex/generic/pgf/utilities/pgfkeyslibraryfiltered.co
de.tex
\pgfkeys@tmptoks=\toks28
))
\pgf@x=\dimen162
\pgf@y=\dimen163
\pgf@xa=\dimen164
\pgf@ya=\dimen165
\pgf@xb=\dimen166
\pgf@yb=\dimen167
\pgf@xc=\dimen168
\pgf@yc=\dimen169
\pgf@xd=\dimen170
\pgf@yd=\dimen171
\w@pgf@writea=\write3
\r@pgf@reada=\read2
\c@pgf@counta=\count295
\c@pgf@countb=\count296
\c@pgf@countc=\count297
\c@pgf@countd=\count298
\t@pgf@toka=\toks29
\t@pgf@tokb=\toks30
\t@pgf@tokc=\toks31
\pgf@sys@id@count=\count299
(c:/texlive/2025/texmf-dist/tex/generic/pgf/systemlayer/pgf.cfg
File: pgf.cfg 2025-08-29 v3.1.11a (3.1.11a)
)
Driver file for pgf: pgfsys-pdftex.def
(c:/texlive/2025/texmf-dist/tex/generic/pgf/systemlayer/pgfsys-pdftex.def
File: pgfsys-pdftex.def 2025-08-29 v3.1.11a (3.1.11a)
(c:/texlive/2025/texmf-dist/tex/generic/pgf/systemlayer/pgfsys-common-pdf.def
File: pgfsys-common-pdf.def 2025-08-29 v3.1.11a (3.1.11a)
)))
(c:/texlive/2025/texmf-dist/tex/generic/pgf/systemlayer/pgfsyssoftpath.code.tex
File: pgfsyssoftpath.code.tex 2025-08-29 v3.1.11a (3.1.11a)
\pgfsyssoftpath@smallbuffer@items=\count300
\pgfsyssoftpath@bigbuffer@items=\count301
)
(c:/texlive/2025/texmf-dist/tex/generic/pgf/systemlayer/pgfsysprotocol.code.tex
File: pgfsysprotocol.code.tex 2025-08-29 v3.1.11a (3.1.11a)
)) (c:/texlive/2025/texmf-dist/tex/latex/xcolor/xcolor.sty
Package: xcolor 2024/09/29 v3.02 LaTeX color extensions (UK)
(c:/texlive/2025/texmf-dist/tex/latex/graphics-cfg/color.cfg
File: color.cfg 2016/01/02 v1.6 sample color configuration
)
Package xcolor Info: Driver file: pdftex.def on input line 274.
(c:/texlive/2025/texmf-dist/tex/latex/graphics/mathcolor.ltx)
Package xcolor Info: Model `cmy' substituted by `cmy0' on input line 1349.
Package xcolor Info: Model `hsb' substituted by `rgb' on input line 1353.
Package xcolor Info: Model `RGB' extended on input line 1365.
Package xcolor Info: Model `HTML' substituted by `rgb' on input line 1367.
Package xcolor Info: Model `Hsb' substituted by `hsb' on input line 1368.
Package xcolor Info: Model `tHsb' substituted by `hsb' on input line 1369.
Package xcolor Info: Model `HSB' substituted by `hsb' on input line 1370.
Package xcolor Info: Model `Gray' substituted by `gray' on input line 1371.
Package xcolor Info: Model `wave' substituted by `hsb' on input line 1372.
) (c:/texlive/2025/texmf-dist/tex/generic/pgf/basiclayer/pgfcore.code.tex
Package: pgfcore 2025-08-29 v3.1.11a (3.1.11a)
(c:/texlive/2025/texmf-dist/tex/generic/pgf/math/pgfmath.code.tex (c:/texlive/2
025/texmf-dist/tex/generic/pgf/math/pgfmathutil.code.tex) (c:/texlive/2025/texm
f-dist/tex/generic/pgf/math/pgfmathparser.code.tex
\pgfmath@dimen=\dimen172
\pgfmath@count=\count302
\pgfmath@box=\box56
\pgfmath@toks=\toks32
\pgfmath@stack@operand=\toks33
\pgfmath@stack@operation=\toks34
) (c:/texlive/2025/texmf-dist/tex/generic/pgf/math/pgfmathfunctions.code.tex)
(c:/texlive/2025/texmf-dist/tex/generic/pgf/math/pgfmathfunctions.basic.code.te
x)
(c:/texlive/2025/texmf-dist/tex/generic/pgf/math/pgfmathfunctions.trigonometric
.code.tex)
(c:/texlive/2025/texmf-dist/tex/generic/pgf/math/pgfmathfunctions.random.code.t
ex)
(c:/texlive/2025/texmf-dist/tex/generic/pgf/math/pgfmathfunctions.comparison.co
de.tex)
(c:/texlive/2025/texmf-dist/tex/generic/pgf/math/pgfmathfunctions.base.code.tex
)
(c:/texlive/2025/texmf-dist/tex/generic/pgf/math/pgfmathfunctions.round.code.te
x)
(c:/texlive/2025/texmf-dist/tex/generic/pgf/math/pgfmathfunctions.misc.code.tex
)
(c:/texlive/2025/texmf-dist/tex/generic/pgf/math/pgfmathfunctions.integerarithm
etics.code.tex) (c:/texlive/2025/texmf-dist/tex/generic/pgf/math/pgfmathcalc.co
de.tex) (c:/texlive/2025/texmf-dist/tex/generic/pgf/math/pgfmathfloat.code.tex
\c@pgfmathroundto@lastzeros=\count303
)) (c:/texlive/2025/texmf-dist/tex/generic/pgf/math/pgfint.code.tex) (c:/texliv
e/2025/texmf-dist/tex/generic/pgf/basiclayer/pgfcorepoints.code.tex
File: pgfcorepoints.code.tex 2025-08-29 v3.1.11a (3.1.11a)
\pgf@picminx=\dimen173
\pgf@picmaxx=\dimen174
\pgf@picminy=\dimen175
\pgf@picmaxy=\dimen176
\pgf@pathminx=\dimen177
\pgf@pathmaxx=\dimen178
\pgf@pathminy=\dimen179
\pgf@pathmaxy=\dimen180
\pgf@xx=\dimen181
\pgf@xy=\dimen182
\pgf@yx=\dimen183
\pgf@yy=\dimen184
\pgf@zx=\dimen185
\pgf@zy=\dimen186
)
(c:/texlive/2025/texmf-dist/tex/generic/pgf/basiclayer/pgfcorepathconstruct.cod
e.tex
File: pgfcorepathconstruct.code.tex 2025-08-29 v3.1.11a (3.1.11a)
\pgf@path@lastx=\dimen187
\pgf@path@lasty=\dimen188
)
(c:/texlive/2025/texmf-dist/tex/generic/pgf/basiclayer/pgfcorepathusage.code.te
x
File: pgfcorepathusage.code.tex 2025-08-29 v3.1.11a (3.1.11a)
\pgf@shorten@end@additional=\dimen189
\pgf@shorten@start@additional=\dimen190
) (c:/texlive/2025/texmf-dist/tex/generic/pgf/basiclayer/pgfcorescopes.code.tex
File: pgfcorescopes.code.tex 2025-08-29 v3.1.11a (3.1.11a)
\pgfpic=\box57
\pgf@hbox=\box58
\pgf@layerbox@main=\box59
\pgf@picture@serial@count=\count304
)
(c:/texlive/2025/texmf-dist/tex/generic/pgf/basiclayer/pgfcoregraphicstate.code
.tex
File: pgfcoregraphicstate.code.tex 2025-08-29 v3.1.11a (3.1.11a)
\pgflinewidth=\dimen191
)
(c:/texlive/2025/texmf-dist/tex/generic/pgf/basiclayer/pgfcoretransformations.c
ode.tex
File: pgfcoretransformations.code.tex 2025-08-29 v3.1.11a (3.1.11a)
\pgf@pt@x=\dimen192
\pgf@pt@y=\dimen193
\pgf@pt@temp=\dimen194
) (c:/texlive/2025/texmf-dist/tex/generic/pgf/basiclayer/pgfcorequick.code.tex
File: pgfcorequick.code.tex 2025-08-29 v3.1.11a (3.1.11a)
) (c:/texlive/2025/texmf-dist/tex/generic/pgf/basiclayer/pgfcoreobjects.code.te
x
File: pgfcoreobjects.code.tex 2025-08-29 v3.1.11a (3.1.11a)
)
(c:/texlive/2025/texmf-dist/tex/generic/pgf/basiclayer/pgfcorepathprocessing.co
de.tex
File: pgfcorepathprocessing.code.tex 2025-08-29 v3.1.11a (3.1.11a)
) (c:/texlive/2025/texmf-dist/tex/generic/pgf/basiclayer/pgfcorearrows.code.tex
File: pgfcorearrows.code.tex 2025-08-29 v3.1.11a (3.1.11a)
\pgfarrowsep=\dimen195
) (c:/texlive/2025/texmf-dist/tex/generic/pgf/basiclayer/pgfcoreshade.code.tex
File: pgfcoreshade.code.tex 2025-08-29 v3.1.11a (3.1.11a)
\pgf@max=\dimen196
\pgf@sys@shading@range@num=\count305
\pgf@shadingcount=\count306
) (c:/texlive/2025/texmf-dist/tex/generic/pgf/basiclayer/pgfcoreimage.code.tex
File: pgfcoreimage.code.tex 2025-08-29 v3.1.11a (3.1.11a)
)
(c:/texlive/2025/texmf-dist/tex/generic/pgf/basiclayer/pgfcoreexternal.code.tex
File: pgfcoreexternal.code.tex 2025-08-29 v3.1.11a (3.1.11a)
\pgfexternal@startupbox=\box60
) (c:/texlive/2025/texmf-dist/tex/generic/pgf/basiclayer/pgfcorelayers.code.tex
File: pgfcorelayers.code.tex 2025-08-29 v3.1.11a (3.1.11a)
)
(c:/texlive/2025/texmf-dist/tex/generic/pgf/basiclayer/pgfcoretransparency.code
.tex
File: pgfcoretransparency.code.tex 2025-08-29 v3.1.11a (3.1.11a)
)
(c:/texlive/2025/texmf-dist/tex/generic/pgf/basiclayer/pgfcorepatterns.code.tex
File: pgfcorepatterns.code.tex 2025-08-29 v3.1.11a (3.1.11a)
) (c:/texlive/2025/texmf-dist/tex/generic/pgf/basiclayer/pgfcorerdf.code.tex
File: pgfcorerdf.code.tex 2025-08-29 v3.1.11a (3.1.11a)
))) (c:/texlive/2025/texmf-dist/tex/generic/pgf/modules/pgfmoduleshapes.code.te
x
File: pgfmoduleshapes.code.tex 2025-08-29 v3.1.11a (3.1.11a)
\pgfnodeparttextbox=\box61
) (c:/texlive/2025/texmf-dist/tex/generic/pgf/modules/pgfmoduleplot.code.tex
File: pgfmoduleplot.code.tex 2025-08-29 v3.1.11a (3.1.11a)
)
(c:/texlive/2025/texmf-dist/tex/latex/pgf/compatibility/pgfcomp-version-0-65.st
y
Package: pgfcomp-version-0-65 2025-08-29 v3.1.11a (3.1.11a)
\pgf@nodesepstart=\dimen197
\pgf@nodesepend=\dimen198
)
(c:/texlive/2025/texmf-dist/tex/latex/pgf/compatibility/pgfcomp-version-1-18.st
y
Package: pgfcomp-version-1-18 2025-08-29 v3.1.11a (3.1.11a)
)) (c:/texlive/2025/texmf-dist/tex/latex/pgf/utilities/pgffor.sty (c:/texlive/2
025/texmf-dist/tex/latex/pgf/utilities/pgfkeys.sty (c:/texlive/2025/texmf-dist/
tex/generic/pgf/utilities/pgfkeys.code.tex)) (c:/texlive/2025/texmf-dist/tex/la
tex/pgf/math/pgfmath.sty (c:/texlive/2025/texmf-dist/tex/generic/pgf/math/pgfma
th.code.tex)) (c:/texlive/2025/texmf-dist/tex/generic/pgf/utilities/pgffor.code
.tex
Package: pgffor 2025-08-29 v3.1.11a (3.1.11a)
\pgffor@iter=\dimen199
\pgffor@skip=\dimen256
\pgffor@stack=\toks35
\pgffor@toks=\toks36
)) (c:/texlive/2025/texmf-dist/tex/generic/pgf/frontendlayer/tikz/tikz.code.tex
Package: tikz 2025-08-29 v3.1.11a (3.1.11a)

(c:/texlive/2025/texmf-dist/tex/generic/pgf/libraries/pgflibraryplothandlers.co
de.tex
File: pgflibraryplothandlers.code.tex 2025-08-29 v3.1.11a (3.1.11a)
\pgf@plot@mark@count=\count307
\pgfplotmarksize=\dimen257
)
\tikz@lastx=\dimen258
\tikz@lasty=\dimen259
\tikz@lastxsaved=\dimen260
\tikz@lastysaved=\dimen261
\tikz@lastmovetox=\dimen262
\tikz@lastmovetoy=\dimen263
\tikzleveldistance=\dimen264
\tikzsiblingdistance=\dimen265
\tikz@figbox=\box62
\tikz@figbox@bg=\box63
\tikz@tempbox=\box64
\tikz@tempbox@bg=\box65
\tikztreelevel=\count308
\tikznumberofchildren=\count309
\tikznumberofcurrentchild=\count310
\tikz@fig@count=\count311
(c:/texlive/2025/texmf-dist/tex/generic/pgf/modules/pgfmodulematrix.code.tex
File: pgfmodulematrix.code.tex 2025-08-29 v3.1.11a (3.1.11a)
\pgfmatrixcurrentrow=\count312
\pgfmatrixcurrentcolumn=\count313
\pgf@matrix@numberofcolumns=\count314
)
\tikz@expandcount=\count315

(c:/texlive/2025/texmf-dist/tex/generic/pgf/frontendlayer/tikz/libraries/tikzli
brarytopaths.code.tex
File: tikzlibrarytopaths.code.tex 2025-08-29 v3.1.11a (3.1.11a)
))) (c:/texlive/2025/texmf-dist/tex/generic/simplekv/simplekv.sty (c:/texlive/2
025/texmf-dist/tex/generic/simplekv/simplekv.tex)
Package: simplekv 2025/06/15 v0.32 Simple keyval package (CT)
) (c:/texlive/2025/texmf-dist/tex/generic/xint/xintexpr.sty (c:/texlive/2025/te
xmf-dist/tex/generic/xint/xintfrac.sty (c:/texlive/2025/texmf-dist/tex/generic/
xint/xint.sty (c:/texlive/2025/texmf-dist/tex/generic/xint/xintcore.sty (c:/tex
live/2025/texmf-dist/tex/generic/xint/xintkernel.sty
Package: xintkernel 2025/09/06 v1.4o Paraphernalia for the xint packages (JFB)
\xint_c_x^v=\count316
\xint_c_x^viii=\count317
\xint_c_x^ix=\count318
\xint_c_x^viii_mone=\count319
\xint_c_nine_x^viii=\count320
\xint_c_xi_e_viii_mone=\count321
\xint_c_xii_e_viii=\count322
\xint_c_ii^xv=\count323
\xint_c_ii^xvi=\count324
\xint_c_ii^xxi=\count325
)
Package: xintcore 2025/09/06 v1.4o Expandable arithmetic on big integers (JFB)
)
Package: xint 2025/09/06 v1.4o Expandable operations on big integers (JFB)
)
Package: xintfrac 2025/09/06 v1.4o Expandable operations on fractions (JFB)
) (c:/texlive/2025/texmf-dist/tex/generic/xint/xinttools.sty
Package: xinttools 2025/09/06 v1.4o Expandable and non-expandable utilities (JF
B)
\XINT_toks=\toks37
) (c:/texlive/2025/texmf-dist/tex/generic/xint/xintbinhex.sty
Package: xintbinhex 2025/09/06 v1.4o Expandable radix conversions (2, 8, 10, an
d 16) (JFB)
)
Package: xintexpr 2025/09/06 v1.4o Expandable expression parser (JFB)
(c:/texlive/2025/texmf-dist/tex/generic/xint/xinttrig.sty
Package: xinttrig 2025/09/06 v1.4o Trigonometrical functions for xintexpr (JFB)

) (c:/texlive/2025/texmf-dist/tex/generic/xint/xintlog.sty
Package: xintlog 2025/09/06 v1.4o Logarithms and exponentials for xintexpr (JFB
)
(c:/texlive/2025/texmf-dist/tex/generic/poormanlog/poormanlog.sty
Package: poormanlog 2022/05/25 v0.07 base 10 log and pow with 9 digits (JFB)
(c:/texlive/2025/texmf-dist/tex/generic/poormanlog/poormanlog.tex)))) (c:/texli
ve/2025/texmf-dist/tex/generic/xstring/xstring.sty (c:/texlive/2025/texmf-dist/
tex/generic/xstring/xstring.tex
\xs_counta=\count326
\xs_countb=\count327
)
Package: xstring 2023/08/22 v1.86 String manipulations (CT)
) (c:/texlive/2025/texmf-dist/tex/latex/tools/multicol.sty
Package: multicol 2025/10/21 v2.0b multicolumn formatting (FMi)
\c@tracingmulticols=\count328
\mult@box=\box66
\multicol@leftmargin=\dimen266
\c@unbalance=\count329
\c@collectmore=\count330
\doublecol@number=\count331
\multicoltolerance=\count332
\multicolpretolerance=\count333
\full@width=\dimen267
\page@free=\dimen268
\premulticols=\dimen269
\postmulticols=\dimen270
\multicolsep=\skip54
\multicolbaselineskip=\skip55
\partial@page=\box67
\last@line=\box68
\mc@boxedresult=\box69
\maxbalancingoverflow=\dimen271
\mult@rightbox=\box70
\mult@grightbox=\box71
\mult@firstbox=\box72
\mult@gfirstbox=\box73
\@tempa=\box74
\@tempa=\box75
\@tempa=\box76
\@tempa=\box77
\@tempa=\box78
\@tempa=\box79
\@tempa=\box80
\@tempa=\box81
\@tempa=\box82
\@tempa=\box83
\@tempa=\box84
\@tempa=\box85
\@tempa=\box86
\@tempa=\box87
\@tempa=\box88
\@tempa=\box89
\@tempa=\box90
\@tempa=\box91
\@tempa=\box92
\@tempa=\box93
\@tempa=\box94
\@tempa=\box95
\@tempa=\box96
\@tempa=\box97
\@tempa=\box98
\@tempa=\box99
\@tempa=\box100
\@tempa=\box101
\@tempa=\box102
\@tempa=\box103
\@tempa=\box104
\@tempa=\box105
\@tempa=\box106
\@tempa=\box107
\@tempa=\box108
\@tempa=\box109
\c@minrows=\count334
\c@columnbadness=\count335
\c@finalcolumnbadness=\count336
\last@try=\dimen272
\multicolovershoot=\dimen273
\multicolundershoot=\dimen274
\mult@nat@firstbox=\box110
\colbreak@box=\box111
\mc@col@check@num=\count337
\g__mc_curr_col_int=\count338
) (c:/texlive/2025/texmf-dist/tex/generic/listofitems/listofitems.sty (c:/texli
ve/2025/texmf-dist/tex/generic/listofitems/listofitems.tex
\loi_cnt_foreach_nest=\count339
\loi_nestcnt=\count340
)
Package: listofitems 2024/03/09 v1.65 Grab items in lists using user-specified 
sep char (CT)
) (c:/texlive/2025/texmf-dist/tex/latex/base/ifthen.sty
Package: ifthen 2024/03/16 v1.1e Standard LaTeX ifthen package (DPC)
) (c:/texlive/2025/texmf-dist/tex/latex/l3kernel/expl3.sty
Package: expl3 2025-11-14 L3 programming layer (loader) 
(c:/texlive/2025/texmf-dist/tex/latex/l3backend/l3backend-pdftex.def
File: l3backend-pdftex.def 2025-10-09 L3 backend support: PDF output (pdfTeX)
\l__color_backend_stack_int=\count341
)) (c:/texlive/2025/texmf-dist/tex/latex/csvsimple/csvsimple.sty
Package: csvsimple 2024/09/27 v2.7.0 LaTeX CSV file processing
) (c:/texlive/2025/texmf-dist/tex/latex/csvsimple/csvsimple-l3.sty
Package: csvsimple-l3 2024/09/27 v2.7.0 LaTeX3 CSV file processing
\g__csvsim_col_int=\count342
\g__csvsim_colmax_int=\count343
\g_csvsim_columncount_int=\count344
\g_csvsim_inputline_int=\count345
\g_csvsim_row_int=\count346
\l__csvsim_tmpa_int=\count347
\l__csvsim_tmpb_int=\count348
)
\minipaunit=\skip56
(c:/texlive/2025/texmf-dist/tex/latex/tabularray/tabularray.sty
Package: tabularray 2025-11-27 v2025C Typeset tabulars and arrays with LaTeX3
(c:/texlive/2025/texmf-dist/tex/latex/ninecolors/ninecolors.sty
Package: ninecolors 2022-02-13 v2022D Select colors with proper color contrast
(c:/texlive/2025/texmf-dist/tex/latex/l3packages/xparse/xparse.sty
Package: xparse 2025-10-09 L3 Experimental document command parser
))
\g__tblr_nohyper_int=\count349
\l__tblr_a_int=\count350
\l__tblr_c_int=\count351
\l__tblr_r_int=\count352
\l__tblr_d_dim=\dimen275
\l__tblr_h_dim=\dimen276
\l__tblr_o_dim=\dimen277
\l__tblr_p_dim=\dimen278
\l__tblr_q_dim=\dimen279
\l__tblr_r_dim=\dimen280
\l__tblr_s_dim=\dimen281
\l__tblr_t_dim=\dimen282
\l__tblr_v_dim=\dimen283
\l__tblr_w_dim=\dimen284
\l__tblr_a_box=\box112
\l__tblr_b_box=\box113
\l__tblr_c_box=\box114
\l__tblr_d_box=\box115
\c@tblrcount=\count353
\c@rownum=\count354
\c@colnum=\count355
\c@rowcount=\count356
\c@colcount=\count357
\abovesep=\dimen285
\belowsep=\dimen286
\leftsep=\dimen287
\rightsep=\dimen288
\gTblrLevelInt=\count358
\g__tblr_data_row_key_count_int=\count359
\g__tblr_data_column_key_count_int=\count360
\g__tblr_data_cell_key_count_int=\count361
\g__tblr_array_int=\count362
\l__tblr_key_count_int=\count363
\l__tblr_key_quotient_int=\count364
\l__tblr_key_quotient_two_int=\count365
\l__tblr_key_remainder_int=\count366
\g__tblr_data_str_value_count_int=\count367
\lTblrChildTotalInt=\count368
\lTblrChildHtotalInt=\count369
\lTblrChildVtotalInt=\count370
\l__child_diff_h_int=\count371
\l__child_diff_v_int=\count372
\l__child_sign_h_int=\count373
\l__child_sign_v_int=\count374
\l__child_step_int=\count375
\lTblrDefaultHruleWidthDim=\dimen289
\lTblrDefaultVruleWidthDim=\dimen290
\l__tblr_split_balance_int=\count376
\l__tblr_strut_dp_dim=\dimen291
\l__tblr_strut_ht_dim=\dimen292
\g__tblr_cell_wd_dim=\dimen293
\g__tblr_cell_ht_dim=\dimen294
\g__tblr_cell_head_dim=\dimen295
\g__tblr_cell_foot_dim=\dimen296
\l__tblr_measured_cell_box=\box116
\g__tblr_last_box=\box117
\l__tblr_temp_box=\box118
\l__tblr_column_target_dim=\dimen297
\l__tblr_hfuzz_dim=\dimen298
\l__tblr_caption_box=\box119
\l__tblr_caption_left_box=\box120
\lTblrRowHeadInt=\count377
\lTblrRowFootInt=\count378
\l__tblr_row_head_box=\box121
\l__tblr_row_foot_box=\box122
\l__tblr_row_head_foot_dim=\dimen299
\lTblrTableWidthDim=\dimen300
\l__tblr_table_firsthead_box=\box123
\l__tblr_table_middlehead_box=\box124
\l__tblr_table_lasthead_box=\box125
\l__tblr_table_firstfoot_box=\box126
\l__tblr_table_middlefoot_box=\box127
\l__tblr_table_lastfoot_box=\box128
\l__tblr_remain_height_dim=\dimen301
\l__tblr_next_rows_dim=\dimen302
\l__tblr_page_overfill_dim=\dimen303
\l__tblr_long_from_int=\count379
\l__tblr_long_to_int=\count380
\l__tblr_curr_i_int=\count381
\l__tblr_prev_i_int=\count382
\lTblrTablePageInt=\count383
\l__tblr_table_head_box=\box129
\l__tblr_table_foot_box=\box130
\l__tblr_table_head_foot_dim=\dimen304
\l__tblr_table_head_body_foot_dim=\dimen305
\l__tblr_table_box=\box131
\lTblrRowFirstInt=\count384
\lTblrRowLastInt=\count385
\l__tblr_cover_box_a_dim=\dimen306
\l__tblr_cover_box_b_dim=\dimen307
\l__tblr_table_hlines_box=\box132
\l__tblr_hline_box=\box133
\l__tblr_row_box=\box134
\l__tblr_col_o_wd_dim=\dimen308
\l__tblr_col_b_wd_dim=\dimen309
\l__tblr_hline_leftskip_dim=\dimen310
\l__tblr_hline_rightskip_dim=\dimen311
\l__tblr_row_ht_dim=\dimen312
\l__tblr_row_dp_dim=\dimen313
\l__tblr_row_abovesep_dim=\dimen314
\l__tblr_row_belowsep_dim=\dimen315
\l__tblr_row_vlines_box=\box135
\l__tblr_vline_box=\box136
\l__tblr_cell_box=\box137
\l__tblr_row_upper_dim=\dimen316
\l__tblr_row_lower_dim=\dimen317
\l__tblr_row_vpace_dim=\dimen318
\l__tblr_vline_aboveskip_dim=\dimen319
\l__tblr_vline_belowskip_dim=\dimen320
\lTblrCellRowSpanInt=\count386
\lTblrCellColSpanInt=\count387
\l__tblr_cell_wd_dim=\dimen321
\l__tblr_cell_ht_dim=\dimen322
\lTblrCellAboveBorderWidthDim=\dimen323
\lTblrCellBelowBorderWidthDim=\dimen324
\lTblrCellLeftBorderWidthDim=\dimen325
\lTblrCellRightBorderWidthDim=\dimen326
\l__tblr_diag_box=\box138
\l__tblr_cell_inner_wd_dim=\dimen327
\l__tblr_cell_inner_dp_dim=\dimen328
\l__tblr_cell_hanchor_dim=\dimen329
\l__tblr_last_cell_table_ht_dim=\dimen330
\l__tblr_last_cell_table_dp_dim=\dimen331
\l__tblr_last_vline_wd_dim=\dimen332
\l__tblr_tikz_node_box=\box139
) (c:/texlive/2025/texmf-dist/tex/latex/datatool/datatool.sty
Package: datatool 2025/12/04 v3.4.3 (NLCT)
(c:/texlive/2025/texmf-dist/tex/latex/xfor/xfor.sty
Package: xfor 2009/02/05 v1.05 (NLCT)
) (c:/texlive/2025/texmf-dist/tex/latex/etoolbox/etoolbox.sty
Package: etoolbox 2025/10/02 v2.5m e-TeX tools for LaTeX (JAW)
\etb@tempcnta=\count388
) (c:/texlive/2025/texmf-dist/tex/latex/tracklang/tracklang.sty
Package: tracklang 2025/03/11 v1.6.6 (NLCT) Track Languages
(c:/texlive/2025/texmf-dist/tex/generic/tracklang/tracklang.tex)) (c:/texlive/2
025/texmf-dist/tex/latex/datatool/datatool-base.sty
Package: datatool-base 2025/12/04 v3.4.3 (NLCT)
\l__datatool_tmpa_int=\count389
\l__datatool_tmpb_int=\count390
\l__datatool_tmpc_int=\count391
\l__datatool_tmpd_int=\count392
\l__datatool_count_int=\count393
\l__datatool_tmp_datatype_int=\count394
\l__datatool_tmpa_dim=\dimen333
\l__datatool_tmpb_dim=\dimen334
(c:/texlive/2025/texmf-dist/tex/latex/datatool/datatool-l3fp.def
File: datatool-l3fp.def 2025/12/04 v3.4.3 (NLCT)
)
\@dtl@toks=\toks38
\@dtl@tmpcount=\count395
\dtl@tmplength=\skip57
\l__datatool_measure_box=\box140
\dtl@sortresult=\count396
(c:/texlive/2025/texmf-dist/tex/latex/datatool/datatool-utf8.ldf
File: datatool-utf8.ldf 2025/12/04 v3.4.3 (NLCT)
)
\@dtl@datatype=\count397
\c_datatool_unknown_int=\count398
\l__datatool_year_int=\count399
\l__datatool_month_int=\count400
\l__datatool_day_int=\count401
\l__datatool_hour_int=\count402
\l__datatool_minute_int=\count403
\l__datatool_second_int=\count404
\l__datatool_tzhour_int=\count405
\l__datatool_tzminute_int=\count406
\l__datatool_julian_int=\count407
\l__datatool_local_julian_int=\count408
\l__datatool_prefix_int=\count409
\l__datatool_suffix_int=\count410
\@dtl@foreach@level=\count411
\dtl@codeA=\count412
\dtl@codeB=\count413
)
\l__datatool_max_cols_int=\count414
\l__datatool_col_idx_int=\count415
\l__datatool_row_idx_int=\count416
\l__datatool_item_type_int=\count417
\l__datatool_action_column_int=\count418
\l__datatool_action_column_ii_int=\count419
\l__datatool_action_row_int=\count420
\l__datatool_action_row_ii_int=\count421
\l__datatool_action_type_int=\count422
\l__datatool_action_datum_round_int=\count423
\dtlcolumnnum=\count424
\dtlrownum=\count425
\@dtl@before=\toks39
\@dtl@after=\toks40
\@dtl@colhead=\toks41
\dtlcurrentrow=\toks42
\dtlbeforerow=\toks43
\dtlafterrow=\toks44
\l__datatool_map_data_max_cols_int=\count426
\l__datatool_map_data_edit_column_int=\count427
\dtlforeachlevel=\count428
\c@DTLrow=\count429
\c@DTLrowi=\count430
\c@DTLrowii=\count431
\c@DTLrowiii=\count432
\dtl@rowi=\count433
\dtl@rowii=\count434
\dtl@rowiii=\count435
\g__filtered_row_i_int=\count436
\g__filtered_row_ii_int=\count437
\g__filtered_row_iii_int=\count438
\@dtl@curi=\toks45
\@dtl@previ=\toks46
\@dtl@nexti=\toks47
\@dtl@curii=\toks48
\@dtl@previi=\toks49
\@dtl@nextii=\toks50
\@dtl@curiii=\toks51
\@dtl@previii=\toks52
\@dtl@nextiii=\toks53
\l_datatool_display_per_row_int=\count439
\l_datatool_display_tab_rows_int=\count440
\@dtl@toksA=\toks54
\@dtl@toksB=\toks55
\@dtl@elements=\count441
\__datatool_sort_data_sortcol_int=\count442
\__datatool_sort_data_grpcol_int=\count443
\dtl@omitlines=\count444
\l__datatool_line_int=\count445
)) (c:/Users/cpier/OneDrive/latex/tex/latex/couleurs-fr/tex/couleurs-fr.sty
Package: couleurs-fr 2025/07/29 0.1.4 Version fr de couleurs svgnames/dvipsname
s de xcolor, ainsi que des schemes xkcd/flexoki
) (c:/texlive/2025/texmf-dist/tex/latex/fontawesome5/fontawesome5.sty
Package: fontawesome5 2022/05/02 v5.15.4 Font Awesome 5
(c:/texlive/2025/texmf-dist/tex/latex/l3packages/l3keys2e/l3keys2e.sty
Package: l3keys2e 2025-10-09 LaTeX2e option processing using LaTeX3 keys
)
(c:/texlive/2025/texmf-dist/tex/latex/fontawesome5/fontawesome5-generic-helper.
sty
Package: fontawesome5-generic-helper 2022/05/02 v5.15.4 non-uTeX helper for fon
tawesome5
(c:/texlive/2025/texmf-dist/tex/latex/fontawesome5/fontawesome5-mapping.def))) 
(c:/texlive/2025/texmf-dist/tex/latex/enumitem/enumitem.sty
Package: enumitem 2025/02/06 v3.11 Customized lists
\labelindent=\skip58
\enit@outerparindent=\dimen335
\enit@toks=\toks56
\enit@inbox=\box141
\enit@count@id=\count446
\enitdp@description=\count447
) (c:/texlive/2025/texmf-dist/tex/latex/fancyvrb/fancyvrb.sty
Package: fancyvrb 2025/07/28 4.6 verbatim text (tvz,hv)
\FV@CodeLineNo=\count448
\FV@InFile=\read3
\FV@TabBox=\box142
\c@FancyVerbLine=\count449
\FV@StepNumber=\count450
\FV@OutFile=\write4
) (c:/texlive/2025/texmf-dist/tex/latex/fancyhdr/fancyhdr.sty
Package: fancyhdr 2025/02/07 v5.2 Extensive control of page headers and footers

\f@nch@headwidth=\skip59
\f@nch@offset@elh=\skip60
\f@nch@offset@erh=\skip61
\f@nch@offset@olh=\skip62
\f@nch@offset@orh=\skip63
\f@nch@offset@elf=\skip64
\f@nch@offset@erf=\skip65
\f@nch@offset@olf=\skip66
\f@nch@offset@orf=\skip67
\f@nch@height=\skip68
\f@nch@footalignment=\skip69
\f@nch@widthL=\skip70
\f@nch@widthC=\skip71
\f@nch@widthR=\skip72
\@temptokenb=\toks57
) (c:/texlive/2025/texmf-dist/tex/generic/hologo/hologo.sty
Package: hologo 2025-11-11 v1.16 A logo collection with bookmark support (HO)
(c:/texlive/2025/texmf-dist/tex/generic/ltxcmds/ltxcmds.sty
Package: ltxcmds 2023-12-04 v1.26 LaTeX kernel commands for general use (HO)
) (c:/texlive/2025/texmf-dist/tex/generic/infwarerr/infwarerr.sty
Package: infwarerr 2019/12/03 v1.5 Providing info/warning/error messages (HO)
) (c:/texlive/2025/texmf-dist/tex/latex/kvsetkeys/kvsetkeys.sty
Package: kvsetkeys 2022-10-05 v1.19 Key value parser (HO)
) (c:/texlive/2025/texmf-dist/tex/generic/kvdefinekeys/kvdefinekeys.sty
Package: kvdefinekeys 2019-12-19 v1.6 Define keys (HO)
) (c:/texlive/2025/texmf-dist/tex/generic/pdftexcmds/pdftexcmds.sty
Package: pdftexcmds 2020-06-27 v0.33 Utility functions of pdfTeX for LuaTeX (HO
)
(c:/texlive/2025/texmf-dist/tex/generic/iftex/iftex.sty
Package: iftex 2024/12/12 v1.0g TeX engine tests
)
Package pdftexcmds Info: \pdf@primitive is available.
Package pdftexcmds Info: \pdf@ifprimitive is available.
Package pdftexcmds Info: \pdfdraftmode found.
)) (c:/texlive/2025/texmf-dist/tex/latex/tools/xspace.sty
Package: xspace 2014/10/28 v1.13 Space after command names (DPC,MH)
) (c:/texlive/2025/texmf-dist/tex/latex/hyperref/hyperref.sty
Package: hyperref 2025-07-12 v7.01o Hypertext links for LaTeX
(c:/texlive/2025/texmf-dist/tex/generic/pdfescape/pdfescape.sty
Package: pdfescape 2019/12/09 v1.15 Implements pdfTeX's escape features (HO)
) (c:/texlive/2025/texmf-dist/tex/latex/hycolor/hycolor.sty
Package: hycolor 2020-01-27 v1.10 Color options for hyperref/bookmark (HO)
) (c:/texlive/2025/texmf-dist/tex/latex/hyperref/nameref.sty
Package: nameref 2025-06-21 v2.57 Cross-referencing by name of section
(c:/texlive/2025/texmf-dist/tex/latex/refcount/refcount.sty
Package: refcount 2019/12/15 v3.6 Data extraction from label references (HO)
) (c:/texlive/2025/texmf-dist/tex/generic/gettitlestring/gettitlestring.sty
Package: gettitlestring 2019/12/15 v1.6 Cleanup title references (HO)
(c:/texlive/2025/texmf-dist/tex/latex/kvoptions/kvoptions.sty
Package: kvoptions 2022-06-15 v3.15 Key value format for package options (HO)
))
\c@section@level=\count451
) (c:/texlive/2025/texmf-dist/tex/generic/stringenc/stringenc.sty
Package: stringenc 2019/11/29 v1.12 Convert strings between diff. encodings (HO
)
)
\@linkdim=\dimen336
\Hy@linkcounter=\count452
\Hy@pagecounter=\count453
(c:/texlive/2025/texmf-dist/tex/latex/hyperref/pd1enc.def
File: pd1enc.def 2025-07-12 v7.01o Hyperref: PDFDocEncoding definition (HO)
Now handling font encoding PD1 ...
... no UTF-8 mapping file for font encoding PD1
) (c:/texlive/2025/texmf-dist/tex/generic/intcalc/intcalc.sty
Package: intcalc 2019/12/15 v1.3 Expandable calculations with integers (HO)
)
\Hy@SavedSpaceFactor=\count454
(c:/texlive/2025/texmf-dist/tex/latex/hyperref/puenc.def
File: puenc.def 2025-07-12 v7.01o Hyperref: PDF Unicode definition (HO)
Now handling font encoding PU ...
... no UTF-8 mapping file for font encoding PU
)
Package hyperref Info: Hyper figures OFF on input line 4195.
Package hyperref Info: Link nesting OFF on input line 4200.
Package hyperref Info: Hyper index ON on input line 4203.
Package hyperref Info: Plain pages OFF on input line 4210.
Package hyperref Info: Backreferencing OFF on input line 4215.
Package hyperref Info: Implicit mode ON; LaTeX internals redefined.
Package hyperref Info: Bookmarks ON on input line 4462.
\c@Hy@tempcnt=\count455
(c:/texlive/2025/texmf-dist/tex/latex/url/url.sty
\Urlmuskip=\muskip18
Package: url 2013/09/16  ver 3.4  Verb mode for urls, etc.
)
LaTeX Info: Redefining \url on input line 4801.
\XeTeXLinkMargin=\dimen337
(c:/texlive/2025/texmf-dist/tex/generic/bitset/bitset.sty
Package: bitset 2019/12/09 v1.3 Handle bit-vector datatype (HO)
(c:/texlive/2025/texmf-dist/tex/generic/bigintcalc/bigintcalc.sty
Package: bigintcalc 2019/12/15 v1.5 Expandable calculations on big integers (HO
)
))
\Fld@menulength=\count456
\Field@Width=\dimen338
\Fld@charsize=\dimen339
Package hyperref Info: Hyper figures OFF on input line 6078.
Package hyperref Info: Link nesting OFF on input line 6083.
Package hyperref Info: Hyper index ON on input line 6086.
Package hyperref Info: backreferencing OFF on input line 6093.
Package hyperref Info: Link coloring OFF on input line 6098.
Package hyperref Info: Link coloring with OCG OFF on input line 6103.
Package hyperref Info: PDF/A mode OFF on input line 6108.
\Hy@abspage=\count457
\c@Item=\count458
\c@Hfootnote=\count459
)
Package hyperref Info: Driver (autodetected): hpdftex.
(c:/texlive/2025/texmf-dist/tex/latex/hyperref/hpdftex.def
File: hpdftex.def 2025-07-12 v7.01o Hyperref driver for pdfTeX
\Fld@listcount=\count460
\c@bookmark@seq@number=\count461
(c:/texlive/2025/texmf-dist/tex/latex/rerunfilecheck/rerunfilecheck.sty
Package: rerunfilecheck 2025-06-21 v1.11 Rerun checks for auxiliary files (HO)
(c:/texlive/2025/texmf-dist/tex/generic/uniquecounter/uniquecounter.sty
Package: uniquecounter 2019/12/15 v1.4 Provide unlimited unique counter (HO)
)
Package uniquecounter Info: New unique counter `rerunfilecheck' on input line 2
84.
)
\Hy@SectionHShift=\skip73
) (c:/texlive/2025/texmf-dist/tex/latex/geometry/geometry.sty
Package: geometry 2020/01/02 v5.9 Page Geometry
(c:/texlive/2025/texmf-dist/tex/generic/iftex/ifvtex.sty
Package: ifvtex 2019/10/25 v1.7 ifvtex legacy package. Use iftex instead.
)
\Gm@cnth=\count462
\Gm@cntv=\count463
\c@Gm@tempcnt=\count464
\Gm@bindingoffset=\dimen340
\Gm@wd@mp=\dimen341
\Gm@odd@mp=\dimen342
\Gm@even@mp=\dimen343
\Gm@layoutwidth=\dimen344
\Gm@layoutheight=\dimen345
\Gm@layouthoffset=\dimen346
\Gm@layoutvoffset=\dimen347
\Gm@dimlist=\toks58
) (c:/texlive/2025/texmf-dist/tex/latex/minted/minted2.sty
Package: minted2 2024/05/09 v2.9 Yet another Pygments shim for LaTeX
(c:/texlive/2025/texmf-dist/tex/latex/fvextra/fvextra.sty
Package: fvextra 2025/05/29 v1.13.2 fvextra - extensions and patches for fancyv
rb
(c:/texlive/2025/texmf-dist/tex/latex/upquote/upquote.sty
Package: upquote 2012/04/19 v1.3 upright-quote and grave-accent glyphs in verba
tim
(c:/texlive/2025/texmf-dist/tex/latex/base/textcomp.sty
Package: textcomp 2024/04/24 v2.1b Standard LaTeX package
)) (c:/texlive/2025/texmf-dist/tex/latex/lineno/lineno.sty
Package: lineno 2025/05/13 line numbers on paragraphs v5.5
\linenopenalty=\count465
\output=\toks59
\linenoprevgraf=\count466
\linenumbersep=\dimen348
\linenumberwidth=\dimen349
\c@linenumber=\count467
\c@pagewiselinenumber=\count468
\c@LN@truepage=\count469
\c@internallinenumber=\count470
\c@internallinenumbers=\count471
\quotelinenumbersep=\dimen350
\bframerule=\dimen351
\bframesep=\dimen352
\bframebox=\box143
\@LN@amsmath@ams@eqpen=\count472
)
\c@FancyVerbWriteLine=\count473
\c@FancyVerbBufferLine=\count474
\c@FV@TrueTabGroupLevel=\count475
\c@FV@TrueTabCounter=\count476
\FV@TabBox@Group=\box144
\FV@bgcolorstructbox=\box145
\FV@TmpLength=\skip74
\c@FV@HighlightLinesStart=\count477
\c@FV@HighlightLinesStop=\count478
\FV@LoopCount=\count479
\FV@NCharsBox=\box146
\FV@BreakIndent=\dimen353
\FV@BreakIndentNChars=\count480
\FV@BreakSymbolSepLeft=\dimen354
\FV@BreakSymbolSepLeftNChars=\count481
\FV@BreakSymbolSepRight=\dimen355
\FV@BreakSymbolSepRightNChars=\count482
\FV@BreakSymbolIndentLeft=\dimen356
\FV@BreakSymbolIndentLeftNChars=\count483
\FV@BreakSymbolIndentRight=\dimen357
\FV@BreakSymbolIndentRightNChars=\count484
\c@FancyVerbLineBreakLast=\count485
\FV@LineBox=\box147
\FV@LineIndentBox=\box148
\c@FV@BreakBufferDepth=\count486
\FV@LineWidth=\dimen358
) (c:/texlive/2025/texmf-dist/tex/latex/tools/shellesc.sty
Package: shellesc 2023/07/08 v1.0d unified shell escape interface for LaTeX
Package shellesc Info: Unrestricted shell escape enabled on input line 75.
) (c:/texlive/2025/texmf-dist/tex/latex/ifplatform/ifplatform.sty
Package: ifplatform 2017/10/13 v0.4a Testing for the operating system
(c:/texlive/2025/texmf-dist/tex/generic/catchfile/catchfile.sty
Package: catchfile 2019/12/09 v1.8 Catch the contents of a file (HO)
(c:/texlive/2025/texmf-dist/tex/generic/etexcmds/etexcmds.sty
Package: etexcmds 2019/12/15 v1.7 Avoid name clashes with e-TeX commands (HO)
)) (c:/texlive/2025/texmf-dist/tex/generic/iftex/ifluatex.sty
Package: ifluatex 2019/10/25 v1.5 ifluatex legacy package. Use iftex instead.
)) (c:/texlive/2025/texmf-dist/tex/latex/framed/framed.sty
Package: framed 2011/10/22 v 0.96: framed or shaded text with page breaks
\OuterFrameSep=\skip75
\fb@frw=\dimen359
\fb@frh=\dimen360
\FrameRule=\dimen361
\FrameSep=\dimen362
) (c:/texlive/2025/texmf-dist/tex/latex/float/float.sty
Package: float 2001/11/08 v1.3d Float enhancements (AL)
\c@float@type=\count487
\float@exts=\toks60
\float@box=\box149
\@float@everytoks=\toks61
\@floatcapt=\box150
)
\minted@appexistsfile=\read4
\minted@bgbox=\box151
\minted@code=\write5
\c@minted@FancyVerbLineTemp=\count488
\c@minted@pygmentizecounter=\count489
\@float@every@listing=\toks62
\c@listing=\count490
)
runsystem(if not exist _minted-PixelArtTikz-doc-en mkdir _minted-PixelArtTikz-d
oc-en)...executed.

(c:/texlive/2025/texmf-dist/tex/latex/tcolorbox/tcolorbox.sty
Package: tcolorbox 2025/11/28 version 6.9.0 text color boxes
(c:/texlive/2025/texmf-dist/tex/latex/tools/verbatim.sty
Package: verbatim 2024-01-22 v1.5x LaTeX2e package for verbatim enhancements
\every@verbatim=\toks63
\verbatim@line=\toks64
\verbatim@in@stream=\read5
) (c:/texlive/2025/texmf-dist/tex/latex/environ/environ.sty
Package: environ 2014/05/04 v0.3 A new way to define environments
(c:/texlive/2025/texmf-dist/tex/latex/trimspaces/trimspaces.sty
Package: trimspaces 2009/09/17 v1.1 Trim spaces around a token list
))
\tcb@titlebox=\box152
\tcb@upperbox=\box153
\tcb@lowerbox=\box154
\tcb@phantombox=\box155
\c@tcbbreakpart=\count491
\c@tcblayer=\count492
\c@tcolorbox@number=\count493
\l__tcobox_tmpa_box=\box156
\l__tcobox_tmpa_dim=\dimen363
\tcb@temp=\box157
\tcb@temp=\box158
\tcb@temp=\box159
\tcb@temp=\box160
(c:/texlive/2025/texmf-dist/tex/latex/tcolorbox/tcbraster.code.tex
Library (tcolorbox): 'tcbraster.code.tex' version '6.9.0'
\c@tcbrastercolumn=\count494
\c@tcbrasterrow=\count495
\c@tcbrasternum=\count496
\c@tcbraster=\count497
) (c:/texlive/2025/texmf-dist/tex/latex/tcolorbox/tcbskins.code.tex
Library (tcolorbox): 'tcbskins.code.tex' version '6.9.0'
(c:/texlive/2025/texmf-dist/tex/latex/tikzfill/tikzfill.image.sty
Package: tikzfill.image 2023/08/08 v1.0.1 Image filling library for TikZ
(c:/texlive/2025/texmf-dist/tex/latex/tikzfill/tikzfill-common.sty
Package: tikzfill-common 2023/08/08 v1.0.1 Auxiliary code for tikzfill
) (c:/texlive/2025/texmf-dist/tex/latex/tikzfill/tikzlibraryfill.image.code.tex
File: tikzlibraryfill.image.code.tex 2023/08/08 v1.0.1 Image filling library
\l__tikzfill_img_box=\box161
)) (c:/texlive/2025/texmf-dist/tex/latex/tcolorbox/tcbskinsjigsaw.code.tex
Library (tcolorbox): 'tcbskinsjigsaw.code.tex' version '6.9.0'
)) (c:/texlive/2025/texmf-dist/tex/latex/tcolorbox/tcbbreakable.code.tex
Library (tcolorbox): 'tcbbreakable.code.tex' version '6.9.0'
(c:/texlive/2025/texmf-dist/tex/latex/pdfcol/pdfcol.sty
Package: pdfcol 2022-09-21 v1.7 Handle new color stacks for pdfTeX (HO)
)
Package pdfcol Info: New color stack `tcb@breakable' = 1 on input line 23.
\tcb@testbox=\box162
\tcb@totalupperbox=\box163
\tcb@totallowerbox=\box164
) (c:/texlive/2025/texmf-dist/tex/latex/tcolorbox/tcbhooks.code.tex
Library (tcolorbox): 'tcbhooks.code.tex' version '6.9.0'
) (c:/texlive/2025/texmf-dist/tex/latex/tcolorbox/tcbtheorems.code.tex
Library (tcolorbox): 'tcbtheorems.code.tex' version '6.9.0'
) (c:/texlive/2025/texmf-dist/tex/latex/tcolorbox/tcbfitting.code.tex
Library (tcolorbox): 'tcbfitting.code.tex' version '6.9.0'
\tcbfitdim=\dimen364
\tcb@lowerfitdim=\dimen365
\tcb@upperfitdim=\dimen366
\tcb@cur@hbadness=\count498
) (c:/texlive/2025/texmf-dist/tex/latex/tcolorbox/tcblistingsutf8.code.tex
Library (tcolorbox): 'tcblistingsutf8.code.tex' version '6.9.0'
(c:/texlive/2025/texmf-dist/tex/latex/tcolorbox/tcblistings.code.tex
Library (tcolorbox): 'tcblistings.code.tex' version '6.9.0'
(c:/texlive/2025/texmf-dist/tex/latex/listings/listings.sty
\lst@mode=\count499
\lst@gtempboxa=\box165
\lst@token=\toks65
\lst@length=\count500
\lst@currlwidth=\dimen367
\lst@column=\count501
\lst@pos=\count502
\lst@lostspace=\dimen368
\lst@width=\dimen369
\lst@newlines=\count503
\lst@lineno=\count504
\lst@maxwidth=\dimen370
(c:/texlive/2025/texmf-dist/tex/latex/listings/lstpatch.sty
File: lstpatch.sty 2025/11/14 1.11b (Carsten Heinz)
) (c:/texlive/2025/texmf-dist/tex/latex/listings/lstmisc.sty
File: lstmisc.sty 2025/11/14 1.11b (Carsten Heinz)
\c@lstnumber=\count505
\lst@skipnumbers=\count506
\lst@framebox=\box166
) (c:/texlive/2025/texmf-dist/tex/latex/listings/listings.cfg
File: listings.cfg 2025/11/14 1.11b listings configuration
))
Package: listings 2025/11/14 1.11b (Carsten Heinz)
==> First Aid for listings.sty no longer applied!
    Expected:
        2024/09/23 1.10c (Carsten Heinz)
    but found:
        2025/11/14 1.11b (Carsten Heinz)
    so I'm assuming it got fixed.
(c:/texlive/2025/texmf-dist/tex/latex/tcolorbox/tcblistingscore.code.tex
Library (tcolorbox): 'tcblistingscore.code.tex' version '6.9.0'
(c:/texlive/2025/texmf-dist/tex/latex/tcolorbox/tcbprocessing.code.tex
Library (tcolorbox): 'tcbprocessing.code.tex' version '6.9.0'
)
\c@tcblisting=\count507
)) (c:/texlive/2025/texmf-dist/tex/latex/listingsutf8/listingsutf8.sty
Package: listingsutf8 2019-12-10 v1.5 Allow UTF-8 in listings input (HO)
)) (c:/texlive/2025/texmf-dist/tex/latex/tcolorbox/tcbexternal.code.tex
Library (tcolorbox): 'tcbexternal.code.tex' version '6.9.0'
) (c:/texlive/2025/texmf-dist/tex/latex/tcolorbox/tcbmagazine.code.tex
Library (tcolorbox): 'tcbmagazine.code.tex' version '6.9.0'
) (c:/texlive/2025/texmf-dist/tex/latex/tcolorbox/tcbvignette.code.tex
Library (tcolorbox): 'tcbvignette.code.tex' version '6.9.0'

(c:/texlive/2025/texmf-dist/tex/generic/pgf/frontendlayer/tikz/libraries/tikzli
braryfadings.code.tex
File: tikzlibraryfadings.code.tex 2025-08-29 v3.1.11a (3.1.11a)

(c:/texlive/2025/texmf-dist/tex/generic/pgf/libraries/pgflibraryfadings.code.te
x
File: pgflibraryfadings.code.tex 2025-08-29 v3.1.11a (3.1.11a)
))) (c:/texlive/2025/texmf-dist/tex/latex/tcolorbox/tcbposter.code.tex
Library (tcolorbox): 'tcbposter.code.tex' version '6.9.0'
)) (c:/texlive/2025/texmf-dist/tex/latex/tcolorbox/tcbminted.code.tex
Library (tcolorbox): 'tcbminted.code.tex' version '6.9.0'
) (c:/texlive/2025/texmf-dist/tex/generic/babel/babel.sty
Package: babel 2025/11/23 v25.16 The multilingual framework for LuaLaTeX, pdfLa
TeX and XeLaTeX
\babel@savecnt=\count508
LaTeX Encoding Info:    Redeclaring text command \ij (encoding OT1) on input li
ne 2050.
LaTeX Encoding Info:    Redeclaring text command \IJ (encoding OT1) on input li
ne 2052.
LaTeX Encoding Info:    Redeclaring text command \ij (encoding T1) on input lin
e 2054.
LaTeX Encoding Info:    Redeclaring text command \IJ (encoding T1) on input lin
e 2055.
LaTeX Encoding Info:    Ignoring declaration for text command \ij (encoding ?) 
on input line 2056.
LaTeX Encoding Info:    Ignoring declaration for text command \IJ (encoding ?) 
on input line 2058.
LaTeX Encoding Info:    Ignoring declaration for text command \SS (encoding ?) 
on input line 2083.
\U@D=\dimen371
\l@unhyphenated=\language90
(c:/texlive/2025/texmf-dist/tex/generic/babel/txtbabel.def)
\bbl@readstream=\read6
\bbl@dirlevel=\count509
(c:/texlive/2025/texmf-dist/tex/generic/babel/locale/en/babel-english.tex)
Package babel Info: Importing font and identification data for english
(babel)             from babel-en.ini. Reported on input line 4298.
(c:/texlive/2025/texmf-dist/tex/generic/babel-english/english.ldf
Language: english 2017/06/06 v3.3r English support from the babel system
Package babel Info: Hyphen rules for 'canadian' set to \l@english
(babel)             (\language0). Reported on input line 102.
Package babel Info: Hyphen rules for 'australian' set to \l@ukenglish
(babel)             (\language22). Reported on input line 105.
Package babel Info: Hyphen rules for 'newzealand' set to \l@ukenglish
(babel)             (\language22). Reported on input line 108.
))
runsystem(for ^%i in (pygmentize.exe pygmentize.bat pygmentize.cmd) do set > Pi
xelArtTikz-doc-en.aex <nul: /p x=^%~$PATH:i>> PixelArtTikz-doc-en.aex)...execut
ed.

runsystem(del PixelArtTikz-doc-en.aex)...executed.

(./PixelArtTikz-doc-en.aux)
\openout1 = `PixelArtTikz-doc-en.aux'.

LaTeX Font Info:    Checking defaults for OML/cmm/m/it on input line 69.
LaTeX Font Info:    ... okay on input line 69.
LaTeX Font Info:    Checking defaults for OMS/cmsy/m/n on input line 69.
LaTeX Font Info:    ... okay on input line 69.
LaTeX Font Info:    Checking defaults for OT1/cmr/m/n on input line 69.
LaTeX Font Info:    ... okay on input line 69.
LaTeX Font Info:    Checking defaults for T1/cmr/m/n on input line 69.
LaTeX Font Info:    ... okay on input line 69.
LaTeX Font Info:    Checking defaults for TS1/cmr/m/n on input line 69.
LaTeX Font Info:    ... okay on input line 69.
LaTeX Font Info:    Checking defaults for OMX/cmex/m/n on input line 69.
LaTeX Font Info:    ... okay on input line 69.
LaTeX Font Info:    Checking defaults for U/cmr/m/n on input line 69.
LaTeX Font Info:    ... okay on input line 69.
LaTeX Font Info:    Checking defaults for PD1/pdf/m/n on input line 69.
LaTeX Font Info:    ... okay on input line 69.
LaTeX Font Info:    Checking defaults for PU/pdf/m/n on input line 69.
LaTeX Font Info:    ... okay on input line 69.
(c:/texlive/2025/texmf-dist/tex/context/base/mkii/supp-pdf.mkii
[Loading MPS to PDF converter (version 2006.09.02).]
\scratchcounter=\count510
\scratchdimen=\dimen372
\scratchbox=\box167
\nofMPsegments=\count511
\nofMParguments=\count512
\everyMPshowfont=\toks66
\MPscratchCnt=\count513
\MPscratchDim=\dimen373
\MPnumerator=\count514
\makeMPintoPDFobject=\count515
\everyMPtoPDFconversion=\toks67
) (c:/texlive/2025/texmf-dist/tex/latex/epstopdf-pkg/epstopdf-base.sty
Package: epstopdf-base 2020-01-24 v2.11 Base part for package epstopdf
(c:/texlive/2025/texmf-dist/tex/latex/grfext/grfext.sty
Package: grfext 2019/12/03 v1.3 Manage graphics extensions (HO)
)
Package epstopdf-base Info: Redefining graphics rule for `.eps' on input line 4
85.
Package grfext Info: Graphics extension search list:
(grfext)             [.pdf,.png,.jpg,.mps,.jpeg,.jbig2,.jb2,.PDF,.PNG,.JPG,.JPE
G,.JBIG2,.JB2,.eps]
(grfext)             \AppendGraphicsExtensions on input line 504.
(c:/texlive/2025/texmf-dist/tex/latex/latexconfig/epstopdf-sys.cfg
File: epstopdf-sys.cfg 2010/07/13 v1.3 Configuration of (r)epstopdf for TeX Liv
e
))
Package hyperref Info: Link coloring OFF on input line 69.
(./PixelArtTikz-doc-en.out) (./PixelArtTikz-doc-en.out)
\@outlinefile=\write6
\openout6 = `PixelArtTikz-doc-en.out'.

*geometry* driver: auto-detecting
*geometry* detected driver: pdftex
*geometry* verbose mode - [ preamble ] result:
* driver: pdftex
* paper: <default>
* layout: <same size as paper>
* layoutoffset:(h,v)=(0.0pt,0.0pt)
* modes: 
* h-part:(L,W,R)=(42.67912pt, 528.93675pt, 42.67912pt)
* v-part:(T,H,B)=(42.67912pt, 709.61174pt, 42.67912pt)
* \paperwidth=614.295pt
* \paperheight=794.96999pt
* \textwidth=528.93675pt
* \textheight=709.61174pt
* \oddsidemargin=-29.59087pt
* \evensidemargin=-29.59087pt
* \topmargin=-66.59087pt
* \headheight=12.0pt
* \headsep=25.0pt
* \topskip=10.0pt
* \footskip=30.0pt
* \marginparwidth=65.0pt
* \marginparsep=11.0pt
* \columnsep=10.0pt
* \skip\footins=9.0pt plus 4.0pt minus 2.0pt
* \hoffset=0.0pt
* \voffset=0.0pt
* \mag=1000
* \@twocolumnfalse
* \@twosidefalse
* \@mparswitchfalse
* \@reversemarginfalse
* (1in=72.27pt=25.4mm, 1cm=28.453pt)

\c@lstlisting=\count516
LaTeX Font Info:    Trying to load font information for U+msa on input line 81.

(c:/texlive/2025/texmf-dist/tex/latex/amsfonts/umsa.fd
File: umsa.fd 2013/01/14 v3.01 AMS symbols A
)
LaTeX Font Info:    Trying to load font information for U+msb on input line 81.

(c:/texlive/2025/texmf-dist/tex/latex/amsfonts/umsb.fd
File: umsb.fd 2013/01/14 v3.01 AMS symbols B
)

LaTeX Warning: Writing or overwriting file `test1.csv'.

\openout15 = `test1.csv'.


[1

{c:/texlive/2025/texmf-var/fonts/map/pdftex/updmap/pdftex.map}{c:/texlive/2025/
texmf-dist/fonts/enc/dvips/cm-super/cm-super-t1.enc}] (./PixelArtTikz-doc-en.to
c)
\tf@toc=\write7
\openout7 = `PixelArtTikz-doc-en.toc'.

LaTeX Font Info:    Trying to load font information for U+fontawesomefree0 on i
nput line 180.
(c:/texlive/2025/texmf-dist/tex/latex/fontawesome5/ufontawesomefree0.fd) [2{c:/
texlive/2025/texmf-dist/fonts/enc/dvips/fontawesome5/fa5free0.enc}]
\g__tcobox_out_iow=\write8
\openout8 = `PixelArtTikz-doc-en.listing'.

(./_minted-PixelArtTikz-doc-en/colorful.pygstyle)
(./_minted-PixelArtTikz-doc-en/1467CB05AD3180667B1666199917C6F9F11477768AC767DC
6DB5F07FB2963F7B.pygtex
LaTeX Font Info:    Font shape `T1/cmtt/bx/n' in size <8> not available
(Font)              Font shape `T1/cmtt/m/n' tried instead on input line 2.
)
\openout8 = `PixelArtTikz-doc-en.listing'.


(./_minted-PixelArtTikz-doc-en/586C41EC4E359E8B243256E947BD988BF11477768AC767DC
6DB5F07FB2963F7B.pygtex) [3{c:/texlive/2025/texmf-dist/fonts/enc/dvips/cm-super
/cm-super-ts1.enc}]
\openout8 = `PixelArtTikz-doc-en.listing'.


(./_minted-PixelArtTikz-doc-en/AE0A10641E322CD6677215EF56B85E9AF11477768AC767DC
6DB5F07FB2963F7B.pygtex)
Overfull \hbox (1.62094pt too wide) in paragraph at lines 300--300
 []\T1/cmtt/m/n/9 lightgray 
 []


Overfull \hbox (1.62094pt too wide) in paragraph at lines 300--300
 []\T1/cmtt/m/n/9 lightgray 
 []

[4]
\openout8 = `PixelArtTikz-doc-en.listing'.


(./_minted-PixelArtTikz-doc-en/D5EF31AEA58BEB05E5CAD20C7E714025F11477768AC767DC
6DB5F07FB2963F7B.pygtex) (./PixelArtTikz-doc-en.listing

LaTeX Warning: Writing or overwriting file `base.csv'.

\openout15 = `base.csv'.


LaTeX Warning: Tab has been converted to Blank Space.


)
\openout8 = `PixelArtTikz-doc-en.listing'.


(./_minted-PixelArtTikz-doc-en/FA983B566214CA2CE4D2E7D855965919F11477768AC767DC
6DB5F07FB2963F7B.pygtex) (./PixelArtTikz-doc-en.listing) [5]
\openout8 = `PixelArtTikz-doc-en.listing'.


(./_minted-PixelArtTikz-doc-en/15610A2974F10FCA8B71EB65F14DFE78F11477768AC767DC
6DB5F07FB2963F7B.pygtex)
\openout8 = `PixelArtTikz-doc-en.listing'.


(./_minted-PixelArtTikz-doc-en/3EDA8F8B21B452F65E983238F6AA9CBBF11477768AC767DC
6DB5F07FB2963F7B.pygtex) (./PixelArtTikz-doc-en.listing

LaTeX Warning: Writing or overwriting file `test1.csv'.

\openout15 = `test1.csv'.


LaTeX Warning: Tab has been converted to Blank Space.


)
\openout8 = `PixelArtTikz-doc-en.listing'.


(./_minted-PixelArtTikz-doc-en/64C3EB75ADB9787BD51CF47472869657F11477768AC767DC
6DB5F07FB2963F7B.pygtex) (./PixelArtTikz-doc-en.listing) [6] [7]
\openout8 = `PixelArtTikz-doc-en.listing'.


(./_minted-PixelArtTikz-doc-en/42A09DAAA89B7D2A273FB42560EE82F5F11477768AC767DC
6DB5F07FB2963F7B.pygtex) (./PixelArtTikz-doc-en.listing

LaTeX Warning: Writing or overwriting file `cap.csv'.

\openout15 = `cap.csv'.


LaTeX Warning: Tab has been converted to Blank Space.


) [8]
\openout8 = `PixelArtTikz-doc-en.listing'.


(./_minted-PixelArtTikz-doc-en/6D5AB35CF339350E2737DBE761F8BCADF11477768AC767DC
6DB5F07FB2963F7B.pygtex) (./PixelArtTikz-doc-en.listing

LaTeX Warning: Writing or overwriting file `testlist.csv'.

\openout15 = `testlist.csv'.


) [9]
\openout8 = `PixelArtTikz-doc-en.listing'.


(./_minted-PixelArtTikz-doc-en/5BFCAE0E3BE3AB3E7EE17117A221969DF11477768AC767DC
6DB5F07FB2963F7B.pygtex) (./PixelArtTikz-doc-en.listing) [10]
\openout8 = `PixelArtTikz-doc-en.listing'.


(./_minted-PixelArtTikz-doc-en/210C478291CCB29FFD89B1B8E10519C0F11477768AC767DC
6DB5F07FB2963F7B.pygtex)
\openout8 = `PixelArtTikz-doc-en.listing'.


(./_minted-PixelArtTikz-doc-en/0B43ADF2B05B1F51DC089F31D81084D7F11477768AC767DC
6DB5F07FB2963F7B.pygtex) (./PixelArtTikz-doc-en.listing) [11]
\openout8 = `PixelArtTikz-doc-en.listing'.


(./_minted-PixelArtTikz-doc-en/C25EE7DBC6D4E786BD81DC760DE0AF77F11477768AC767DC
6DB5F07FB2963F7B.pygtex)
\openout8 = `PixelArtTikz-doc-en.listing'.


(./_minted-PixelArtTikz-doc-en/448CFF004B7077D58BEE734ED1169120F11477768AC767DC
6DB5F07FB2963F7B.pygtex) (./PixelArtTikz-doc-en.listing)
\openout8 = `PixelArtTikz-doc-en.listing'.


(./_minted-PixelArtTikz-doc-en/477C87A78C3869941C8C6395E874CEFDF11477768AC767DC
6DB5F07FB2963F7B.pygtex) (./PixelArtTikz-doc-en.listing) [12]
\openout8 = `PixelArtTikz-doc-en.listing'.


(./_minted-PixelArtTikz-doc-en/B10D599547A02B6EFCE88CCEC553A862F11477768AC767DC
6DB5F07FB2963F7B.pygtex)

LaTeX Warning: Writing or overwriting file `PAkoala.csv'.

\openout15 = `PAkoala.csv'.


\openout8 = `PixelArtTikz-doc-en.listing'.


(./_minted-PixelArtTikz-doc-en/211DF4715AECFC8D7474670FA818A57CF11477768AC767DC
6DB5F07FB2963F7B.pygtex)
\openout8 = `PixelArtTikz-doc-en.listing'.


(./_minted-PixelArtTikz-doc-en/CE33A38F322D828D28F14C675C2898EFF11477768AC767DC
6DB5F07FB2963F7B.pygtex) (./PixelArtTikz-doc-en.listing)
\openout8 = `PixelArtTikz-doc-en.listing'.


(./_minted-PixelArtTikz-doc-en/32F42F8E3995E9C57EC943A47B493EEEF11477768AC767DC
6DB5F07FB2963F7B.pygtex) (./PixelArtTikz-doc-en.listing) [13] [14]
\openout8 = `PixelArtTikz-doc-en.listing'.


(./_minted-PixelArtTikz-doc-en/C5DA13ED85AB325AD776D8C94C19A496F11477768AC767DC
6DB5F07FB2963F7B.pygtex) (./PixelArtTikz-doc-en.listing) [15]
\openout8 = `PixelArtTikz-doc-en.listing'.


(./_minted-PixelArtTikz-doc-en/824AAA7F8ED4B32444628F0DC28FF47EF11477768AC767DC
6DB5F07FB2963F7B.pygtex) (./PixelArtTikz-doc-en.listing) [16]
\openout8 = `PixelArtTikz-doc-en.listing'.


(./_minted-PixelArtTikz-doc-en/D5C2C782658584A2765212443E5B61A0F11477768AC767DC
6DB5F07FB2963F7B.pygtex)
\openout8 = `PixelArtTikz-doc-en.listing'.


(./_minted-PixelArtTikz-doc-en/D5712571B9CAB48A383DAAD27DFACB6EF11477768AC767DC
6DB5F07FB2963F7B.pygtex) (./PixelArtTikz-doc-en.listing

LaTeX Warning: Writing or overwriting file `PAyoda.csv'.

\openout15 = `PAyoda.csv'.


)
\openout8 = `PixelArtTikz-doc-en.listing'.


(./_minted-PixelArtTikz-doc-en/E711FD946EB5FEADF1F9BEFE0C6AAC16F11477768AC767DC
6DB5F07FB2963F7B.pygtex) (./PixelArtTikz-doc-en.listing

LaTeX Info: File `PAsorciere.csv' already exists on the system.
            Not generating it from this source.

) [17] [18]
\openout8 = `PixelArtTikz-doc-en.listing'.


(./_minted-PixelArtTikz-doc-en/21B589C0CA37DB7733976CF876D1E6FFF11477768AC767DC
6DB5F07FB2963F7B.pygtex) (./PixelArtTikz-doc-en.listing)
\openout8 = `PixelArtTikz-doc-en.listing'.


(./_minted-PixelArtTikz-doc-en/85D86F154B42E6F9864E191D15CF16CFF11477768AC767DC
6DB5F07FB2963F7B.pygtex) (./PixelArtTikz-doc-en.listing) [19] [20]
\openout8 = `PixelArtTikz-doc-en.listing'.


(./_minted-PixelArtTikz-doc-en/FA82274917A74D54E537FD91FC4871B2F11477768AC767DC
6DB5F07FB2963F7B.pygtex) (./PixelArtTikz-doc-en.listing)
\openout8 = `PixelArtTikz-doc-en.listing'.


(./_minted-PixelArtTikz-doc-en/8DC85DF21728CC855719465AFF83DA1AF11477768AC767DC
6DB5F07FB2963F7B.pygtex) (./PixelArtTikz-doc-en.listing) [21]
\openout8 = `PixelArtTikz-doc-en.listing'.


(./_minted-PixelArtTikz-doc-en/5D9C4E1AB8F0E7145C3BFB030F0BE519F11477768AC767DC
6DB5F07FB2963F7B.pygtex)
\openout8 = `PixelArtTikz-doc-en.listing'.


(./_minted-PixelArtTikz-doc-en/0495D84E852C5A1030C09B4474D513BAF11477768AC767DC
6DB5F07FB2963F7B.pygtex) (./PixelArtTikz-doc-en.listing
\dtldb@DTkoala=\toks68
\dtlkeys@DTkoala=\toks69
\dtlrows@DTkoala=\count517
\dtlcols@DTkoala=\count518
) [22] [23] (./PixelArtTikz-doc-en.aux)
 ***********
LaTeX2e <2025-11-01>
L3 programming layer <2025-11-14>
 ***********
Package rerunfilecheck Info: File `PixelArtTikz-doc-en.out' has not changed.
(rerunfilecheck)             Checksum: 00BED60EA3C60D925BE9FC12C513EEB2;4205.
 ) 
Here is how much of TeX's memory you used:
 53810 strings out of 467538
 1132659 string characters out of 5423725
 2870328 words of memory out of 5000000
 81793 multiletter control sequences out of 15000+600000
 661742 words of font info for 118 fonts, out of 8000000 for 9000
 1141 hyphenation exceptions out of 8191
 117i,15n,121p,2767b,1560s stack positions out of 10000i,1000n,20000p,200000b,200000s
<c:/texlive/2025/texmf-dist/fonts/type1/public/fontawesome5/FontAwesome5Free-
Regular.pfb><c:/texlive/2025/texmf-dist/fonts/type1/public/fontawesome5/FontAwe
some5Free-Solid.pfb><c:/texlive/2025/texmf-dist/fonts/type1/public/amsfonts/cm/
cmmi10.pfb><c:/texlive/2025/texmf-dist/fonts/type1/public/amsfonts/cm/cmr10.pfb
><c:/texlive/2025/texmf-dist/fonts/type1/public/amsfonts/cm/cmsy10.pfb><c:/texl
ive/2025/texmf-dist/fonts/type1/public/amsfonts/symbols/msam10.pfb><c:/texlive/
2025/texmf-dist/fonts/type1/public/cm-super/sfbi1000.pfb><c:/texlive/2025/texmf
-dist/fonts/type1/public/cm-super/sfbi1440.pfb><c:/texlive/2025/texmf-dist/font
s/type1/public/cm-super/sfbx1000.pfb><c:/texlive/2025/texmf-dist/fonts/type1/pu
blic/cm-super/sfbx1200.pfb><c:/texlive/2025/texmf-dist/fonts/type1/public/cm-su
per/sfbx1440.pfb><c:/texlive/2025/texmf-dist/fonts/type1/public/cm-super/sfbx20
74.pfb><c:/texlive/2025/texmf-dist/fonts/type1/public/cm-super/sfit0800.pfb><c:
/texlive/2025/texmf-dist/fonts/type1/public/cm-super/sfrm0700.pfb><c:/texlive/2
025/texmf-dist/fonts/type1/public/cm-super/sfrm1000.pfb><c:/texlive/2025/texmf-
dist/fonts/type1/public/cm-super/sfrm1728.pfb><c:/texlive/2025/texmf-dist/fonts
/type1/public/cm-super/sfsi0800.pfb><c:/texlive/2025/texmf-dist/fonts/type1/pub
lic/cm-super/sfsi2074.pfb><c:/texlive/2025/texmf-dist/fonts/type1/public/cm-sup
er/sfss0800.pfb><c:/texlive/2025/texmf-dist/fonts/type1/public/cm-super/sfss090
0.pfb><c:/texlive/2025/texmf-dist/fonts/type1/public/cm-super/sfss1000.pfb><c:/
texlive/2025/texmf-dist/fonts/type1/public/cm-super/sfss1200.pfb><c:/texlive/20
25/texmf-dist/fonts/type1/public/cm-super/sfss1440.pfb><c:/texlive/2025/texmf-d
ist/fonts/type1/public/cm-super/sfss2074.pfb><c:/texlive/2025/texmf-dist/fonts/
type1/public/cm-super/sfsx1000.pfb><c:/texlive/2025/texmf-dist/fonts/type1/publ
ic/cm-super/sfti1000.pfb><c:/texlive/2025/texmf-dist/fonts/type1/public/cm-supe
r/sfti1728.pfb><c:/texlive/2025/texmf-dist/fonts/type1/public/cm-super/sftt0800
.pfb><c:/texlive/2025/texmf-dist/fonts/type1/public/cm-super/sftt0900.pfb><c:/t
exlive/2025/texmf-dist/fonts/type1/public/cm-super/sftt1000.pfb><c:/texlive/202
5/texmf-dist/fonts/type1/public/cm-super/sftt2488.pfb>
Output written on PixelArtTikz-doc-en.pdf (23 pages, 784795 bytes).
PDF statistics:
 559 PDF objects out of 1000 (max. 8388607)
 440 compressed objects within 5 object streams
 99 named destinations out of 1000 (max. 500000)
 405 words of extra memory for PDF output out of 10000 (max. 10000000)

