\BOOKMARK [0][-]{part.1}{\376\377\000I\000\040\000I\000n\000t\000r\000o\000d\000u\000c\000t\000i\000o\000n}{}% 1
\BOOKMARK [1][-]{section.1}{\376\377\000L\000e\000\040\000p\000a\000c\000k\000a\000g\000e\000\040\000P\000i\000x\000e\000l\000A\000r\000t\000T\000i\000k\000z}{part.1}% 2
\BOOKMARK [2][-]{subsection.1.1}{\376\377\000I\000n\000t\000r\000o\000d\000u\000c\000t\000i\000o\000n}{section.1}% 3
\BOOKMARK [2][-]{subsection.1.2}{\376\377\000C\000h\000a\000r\000g\000e\000m\000e\000n\000t\000\040\000d\000u\000\040\000p\000a\000c\000k\000a\000g\000e\000,\000\040\000e\000t\000\040\000o\000p\000t\000i\000o\000n}{section.1}% 4
\BOOKMARK [2][-]{subsection.1.3}{\376\377\000P\000a\000c\000k\000a\000g\000e\000s\000\040\000u\000t\000i\000l\000i\000s\000\351\000s}{section.1}% 5
\BOOKMARK [2][-]{subsection.1.4}{\376\377\000C\000o\000m\000m\000a\000n\000d\000e\000s\000\040\000e\000t\000\040\000e\000n\000v\000i\000r\000o\000n\000n\000e\000m\000e\000n\000t}{section.1}% 6
\BOOKMARK [1][-]{section.2}{\376\377\000C\000o\000m\000p\000l\000\351\000m\000e\000n\000t\000s}{part.1}% 7
\BOOKMARK [2][-]{subsection.2.1}{\376\377\000L\000e\000s\000\040\000c\000o\000u\000l\000e\000u\000r\000s}{section.2}% 8
\BOOKMARK [2][-]{subsection.2.2}{\376\377\000P\000e\000t\000i\000t\000\040\000a\000p\000a\000r\000t\000\351\000\040\000s\000u\000r\000\040\000l\000e\000s\000\040\000f\000i\000c\000h\000i\000e\000r\000s\000\040\000c\000s\000v}{section.2}% 9
\BOOKMARK [0][-]{part.2}{\376\377\000I\000I\000\040\000C\000o\000m\000m\000a\000n\000d\000e\000s\000\040\000p\000r\000i\000n\000c\000i\000p\000a\000l\000e\000s}{}% 10
\BOOKMARK [1][-]{section.3}{\376\377\000L\000a\000\040\000c\000o\000m\000m\000a\000n\000d\000e\000\040\000p\000r\000i\000n\000c\000i\000p\000a\000l\000e}{part.2}% 11
\BOOKMARK [2][-]{subsection.3.1}{\376\377\000E\000x\000e\000m\000p\000l\000e\000\040\000i\000n\000t\000r\000o\000d\000u\000c\000t\000i\000f}{section.3}% 12
\BOOKMARK [2][-]{subsection.3.2}{\376\377\000C\000l\000\351\000s\000\040\000e\000t\000\040\000o\000p\000t\000i\000o\000n\000s}{section.3}% 13
\BOOKMARK [2][-]{subsection.3.3}{\376\377\000S\000y\000m\000b\000o\000l\000e\000s\000\040\000d\000a\000n\000s\000\040\000u\000n\000e\000\040\000l\000i\000s\000t\000e}{section.3}% 14
\BOOKMARK [2][-]{subsection.3.4}{\376\377\000C\000o\000m\000m\000a\000n\000d\000e\000\040\000\351\000t\000o\000i\000l\000\351\000e}{section.3}% 15
\BOOKMARK [1][-]{section.4}{\376\377\000E\000n\000v\000i\000r\000o\000n\000n\000e\000m\000e\000n\000t\000\040\000P\000i\000x\000e\000l\000A\000r\000t}{part.2}% 16
\BOOKMARK [2][-]{subsection.4.1}{\376\377\000C\000o\000m\000m\000a\000n\000d\000e\000\040\000e\000t\000\040\000o\000p\000t\000i\000o\000n\000s}{section.4}% 17
\BOOKMARK [2][-]{subsection.4.2}{\376\377\000E\000x\000e\000m\000p\000l\000e}{section.4}% 18
\BOOKMARK [1][-]{section.5}{\376\377\000L\000a\000\040\000c\000o\000m\000m\000a\000n\000d\000e\000\040\000p\000o\000u\000r\000\040\000d\000\351\000c\000o\000u\000p\000e\000r}{part.2}% 19
\BOOKMARK [2][-]{subsection.5.1}{\376\377\000I\000d\000\351\000e\000\040\000e\000t\000\040\000f\000o\000n\000c\000t\000i\000o\000n\000n\000e\000m\000e\000n\000t\000\040\000g\000l\000o\000b\000a\000l}{section.5}% 20
\BOOKMARK [2][-]{subsection.5.2}{\376\377\000A\000i\000d\000e\000\040\000q\000u\000a\000n\000t\000\040\000\340\000\040\000l\000a\000\040\000c\000r\000\351\000a\000t\000i\000o\000n\000\040\000d\000u\000\040\000d\000\351\000c\000o\000u\000p\000a\000g\000e}{section.5}% 21
\BOOKMARK [2][-]{subsection.5.3}{\376\377\000A\000f\000f\000i\000c\000h\000a\000g\000e\000\040\000d\000'\000u\000n\000e\000\040\000p\000a\000r\000t\000i\000e\000\040\000u\000n\000i\000q\000u\000e}{section.5}% 22
\BOOKMARK [2][-]{subsection.5.4}{\376\377\000C\000r\000\351\000a\000t\000i\000o\000n\000\040\000a\000u\000t\000o\000m\000a\000t\000i\000q\000u\000e\000\040\000d\000u\000\040\000d\000\351\000c\000o\000u\000p\000a\000g\000e}{section.5}% 23
\BOOKMARK [0][-]{part.3}{\376\377\000I\000I\000I\000\040\000C\000o\000m\000m\000a\000n\000d\000e\000s\000\040\000c\000o\000m\000p\000l\000\351\000m\000e\000n\000t\000a\000i\000r\000e\000s}{}% 24
\BOOKMARK [1][-]{section.6}{\376\377\000P\000i\000x\000e\000l\000A\000r\000t\000\040\000e\000t\000\040\000a\000n\000a\000m\000o\000r\000p\000h\000o\000s\000e\000\040\000c\000y\000l\000i\000n\000d\000r\000i\000q\000u\000e}{part.3}% 25
\BOOKMARK [2][-]{subsection.6.1}{\376\377\000I\000d\000\351\000e}{section.6}% 26
\BOOKMARK [2][-]{subsection.6.2}{\376\377\000C\000l\000\351\000s\000\040\000e\000t\000\040\000o\000p\000t\000i\000o\000n\000s}{section.6}% 27
\BOOKMARK [2][-]{subsection.6.3}{\376\377\000E\000x\000e\000m\000p\000l\000e\000\040\000a\000v\000e\000c\000\040\000d\000o\000n\000n\000\351\000e\000s\000\040\000i\000n\000v\000e\000r\000s\000\351\000e\000s\000\040\000\050\000Y\000o\000d\000a\000\051}{section.6}% 28
\BOOKMARK [2][-]{subsection.6.4}{\376\377\000E\000x\000e\000m\000p\000l\000e\000\040\000a\000v\000e\000c\000\040\000d\000o\000n\000n\000\351\000e\000s\000\040\000c\000l\000a\000s\000s\000i\000q\000u\000e\000s\000\040\000\050\000S\000o\000r\000c\000i\000\350\000r\000e\000\051}{section.6}% 29
\BOOKMARK [1][-]{section.7}{\376\377\000L\000a\000\040\000c\000o\000m\000m\000a\000n\000d\000e\000\040\000p\000o\000u\000r\000\040\000u\000n\000\040\000m\000i\000n\000i\000-\000P\000i\000x\000e\000l\000A\000r\000t}{part.3}% 30
\BOOKMARK [2][-]{subsection.7.1}{\376\377\000I\000d\000\351\000e}{section.7}% 31
\BOOKMARK [2][-]{subsection.7.2}{\376\377\000E\000x\000e\000m\000p\000l\000e\000s}{section.7}% 32
\BOOKMARK [1][-]{section.8}{\376\377\000C\000r\000\351\000a\000t\000i\000o\000n\000\040\000a\000u\000t\000o\000m\000a\000t\000i\000q\000u\000e\000\040\000d\000u\000\040\000t\000a\000b\000l\000e\000a\000u\000\040\000n\000o\000t\000i\000c\000e}{part.3}% 33
\BOOKMARK [2][-]{subsection.8.1}{\376\377\000I\000d\000\351\000e}{section.8}% 34
\BOOKMARK [2][-]{subsection.8.2}{\376\377\000C\000l\000\351\000s\000\040\000e\000t\000\040\000e\000x\000e\000m\000p\000l\000e\000s}{section.8}% 35
\BOOKMARK [2][-]{subsection.8.3}{\376\377\000C\000o\000m\000m\000a\000n\000d\000e\000\040\000s\000i\000m\000p\000l\000i\000f\000i\000\351\000e\000\040\000\050\000?\000?\000\051\000\040\000p\000o\000u\000r\000\040\000l\000e\000s\000\040\000c\000a\000s\000e\000s}{section.8}% 36
\BOOKMARK [1][-]{section.9}{\376\377\000A\000v\000e\000c\000\040\000l\000e\000\040\000p\000a\000c\000k\000a\000g\000e\000\040\000d\000a\000t\000a\000t\000o\000o\000l}{part.3}% 37
\BOOKMARK [2][-]{subsection.9.1}{\376\377\000C\000o\000m\000m\000a\000n\000d\000e\000s}{section.9}% 38
\BOOKMARK [2][-]{subsection.9.2}{\376\377\000E\000x\000e\000m\000p\000l\000e}{section.9}% 39
\BOOKMARK [0][-]{part.4}{\376\377\000I\000V\000\040\000H\000i\000s\000t\000o\000r\000i\000q\000u\000e}{}% 40
