\BOOKMARK [0][-]{part.1}{\376\377\000I\000\040\000I\000n\000t\000r\000o\000d\000u\000c\000t\000i\000o\000n}{}% 1
\BOOKMARK [1][-]{section.1}{\376\377\000T\000h\000e\000\040\000p\000a\000c\000k\000a\000g\000e\000\040\000P\000i\000x\000e\000l\000A\000r\000t\000T\000i\000k\000z}{part.1}% 2
\BOOKMARK [2][-]{subsection.1.1}{\376\377\000I\000n\000t\000r\000o\000d\000u\000c\000t\000i\000o\000n}{section.1}% 3
\BOOKMARK [2][-]{subsection.1.2}{\376\377\000L\000o\000a\000d\000i\000n\000g\000\040\000o\000f\000\040\000t\000h\000e\000\040\000p\000a\000c\000k\000a\000g\000e\000,\000\040\000a\000n\000d\000\040\000o\000p\000t\000i\000o\000n}{section.1}% 4
\BOOKMARK [2][-]{subsection.1.3}{\376\377\000U\000s\000e\000d\000\040\000p\000a\000c\000k\000a\000g\000e\000s}{section.1}% 5
\BOOKMARK [2][-]{subsection.1.4}{\376\377\000M\000a\000c\000r\000o\000s\000\040\000a\000n\000d\000\040\000e\000n\000v\000i\000r\000o\000n\000m\000e\000n\000t}{section.1}% 6
\BOOKMARK [1][-]{section.2}{\376\377\000C\000o\000l\000o\000r\000s}{part.1}% 7
\BOOKMARK [0][-]{part.2}{\376\377\000I\000I\000\040\000M\000a\000c\000r\000o\000s\000\040\000a\000n\000d\000\040\000e\000n\000v\000i\000r\000o\000n\000m\000e\000n\000t}{}% 8
\BOOKMARK [1][-]{section.3}{\376\377\000M\000a\000i\000n\000\040\000m\000a\000c\000r\000o}{part.2}% 9
\BOOKMARK [2][-]{subsection.3.1}{\376\377\000E\000x\000a\000m\000p\000l\000e}{section.3}% 10
\BOOKMARK [2][-]{subsection.3.2}{\376\377\000O\000p\000t\000i\000o\000n\000s\000\040\000a\000n\000d\000\040\000k\000e\000y\000s}{section.3}% 11
\BOOKMARK [2][-]{subsection.3.3}{\376\377\000S\000y\000m\000b\000o\000l\000s\000\040\000w\000i\000t\000h\000i\000n\000\040\000l\000i\000s\000t\000\050\000s\000\051}{section.3}% 12
\BOOKMARK [2][-]{subsection.3.4}{\376\377\000S\000t\000a\000r\000r\000e\000d\000\040\000m\000a\000c\000r\000o}{section.3}% 13
\BOOKMARK [1][-]{section.4}{\376\377\000P\000i\000x\000e\000l\000A\000r\000t\000\040\000e\000n\000v\000i\000r\000o\000n\000m\000e\000n\000t}{part.2}% 14
\BOOKMARK [2][-]{subsection.4.1}{\376\377\000U\000s\000a\000g\000e}{section.4}% 15
\BOOKMARK [2][-]{subsection.4.2}{\376\377\000E\000x\000a\000m\000p\000l\000e}{section.4}% 16
\BOOKMARK [1][-]{section.5}{\376\377\000M\000a\000c\000r\000o\000\040\000f\000o\000r\000\040\000m\000i\000n\000i\000-\000P\000i\000x\000e\000l\000A\000r\000t}{part.2}% 17
\BOOKMARK [2][-]{subsection.5.1}{\376\377\000I\000d\000e\000a}{section.5}% 18
\BOOKMARK [2][-]{subsection.5.2}{\376\377\000E\000x\000a\000m\000p\000l\000e\000s}{section.5}% 19
\BOOKMARK [1][-]{section.6}{\376\377\000M\000a\000c\000r\000o\000\040\000f\000o\000r\000\040\000c\000u\000t\000t\000i\000n\000g\000\040\000P\000i\000x\000e\000l\000A\000r\000t}{part.2}% 20
\BOOKMARK [2][-]{subsection.6.1}{\376\377\000I\000d\000e\000a}{section.6}% 21
\BOOKMARK [2][-]{subsection.6.2}{\376\377\000G\000l\000o\000b\000a\000l\000\040\000u\000s\000a\000g\000e}{section.6}% 22
\BOOKMARK [2][-]{subsection.6.3}{\376\377\000E\000x\000a\000m\000p\000l\000e}{section.6}% 23
\BOOKMARK [1][-]{section.7}{\376\377\000A\000n\000a\000m\000o\000r\000p\000h\000i\000c\000\040\000c\000y\000l\000i\000n\000d\000e\000r\000\040\000P\000i\000x\000e\000l\000A\000r\000t}{part.2}% 24
\BOOKMARK [2][-]{subsection.7.1}{\376\377\000I\000d\000e\000a}{section.7}% 25
\BOOKMARK [2][-]{subsection.7.2}{\376\377\000K\000e\000y\000s\000\040\000a\000n\000d\000\040\000o\000p\000t\000i\000o\000n\000s}{section.7}% 26
\BOOKMARK [2][-]{subsection.7.3}{\376\377\000E\000x\000a\000m\000p\000l\000e\000\040\000w\000i\000t\000h\000\040\000i\000n\000v\000e\000r\000t\000e\000d\000\040\000d\000a\000t\000a\000\040\000\050\000Y\000o\000d\000a\000\051}{section.7}% 27
\BOOKMARK [2][-]{subsection.7.4}{\376\377\000E\000x\000a\000m\000p\000l\000e\000\040\000w\000i\000t\000h\000\040\000c\000l\000a\000s\000s\000i\000c\000\040\000d\000a\000t\000a\000\040\000\050\000W\000i\000t\000c\000h\000\051}{section.7}% 28
\BOOKMARK [1][-]{section.8}{\376\377\000W\000i\000t\000h\000\040\000d\000a\000t\000a\000t\000o\000o\000l}{part.2}% 29
\BOOKMARK [2][-]{subsection.8.1}{\376\377\000M\000a\000c\000r\000o\000s}{section.8}% 30
\BOOKMARK [0][-]{part.3}{\376\377\000I\000I\000I\000\040\000H\000i\000s\000t\000o\000r\000y}{}% 31
