This is LuaHBTeX, Version 1.22.0 (TeX Live 2025)  (format=lualatex 2025.12.26)  27 DEC 2025 09:23
 restricted system commands enabled.
**highlightx-doc.tex
(./highlightx-doc.tex
LaTeX2e <2025-11-01>
L3 programming layer <2025-12-24>
Lua module: luaotfload 2024-12-03 v3.29 Lua based OpenType font support
Lua module: lualibs 2023-07-13 v2.76 ConTeXt Lua standard libraries.
Lua module: lualibs-extended 2023-07-13 v2.76 ConTeXt Lua libraries -- extended 
collection.
luaotfload | conf : Root cache directory is "C:/texlive/2025/texmf-var/luatex-ca
che/generic/names".
luaotfload | init : Loading fontloader "fontloader-2023-12-28.lua" from kpse-res
olved path "c:/texlive/2025/texmf-dist/tex/luatex/luaotfload/fontloader-2023-12-
28.lua".
Lua-only attribute luaotfload@noligature = 1
luaotfload | init : Context OpenType loader version 3.134
Inserting `luaotfload.node_processor' in `pre_linebreak_filter'.
Inserting `luaotfload.node_processor' in `hpack_filter'.
Inserting `luaotfload.glyph_stream' in `glyph_stream_provider'.
Inserting `luaotfload.define_font' in `define_font'.
Lua-only attribute luaotfload_color_attribute = 2
luaotfload | conf : Root cache directory is "C:/texlive/2025/texmf-var/luatex-ca
che/generic/names".
Inserting `luaotfload.harf.strip_prefix' in `find_opentype_file'.
Inserting `luaotfload.harf.strip_prefix' in `find_truetype_file'.
Removing  `luaotfload.glyph_stream' from `glyph_stream_provider'.
Inserting `luaotfload.harf.glyphstream' in `glyph_stream_provider'.
Inserting `luaotfload.harf.finalize_vlist' in `post_linebreak_filter'.
Inserting `luaotfload.harf.finalize_hlist' in `hpack_filter'.
Inserting `luaotfload.cleanup_files' in `wrapup_run'.
Inserting `luaotfload.harf.finalize_unicode' in `finish_pdffile'.
Inserting `luaotfload.glyphinfo' in `glyph_info'.
Lua-only attribute luaotfload.letterspace_done = 3
Inserting `luaotfload.aux.set_sscale_dimens' in `luaotfload.patch_font'.
Inserting `luaotfload.aux.set_font_index' in `luaotfload.patch_font'.
Inserting `luaotfload.aux.patch_cambria_domh' in `luaotfload.patch_font'.
Inserting `luaotfload.aux.fixup_fontdata' in `luaotfload.patch_font_unsafe'.
Inserting `luaotfload.aux.set_capheight' in `luaotfload.patch_font'.
Inserting `luaotfload.aux.set_xheight' in `luaotfload.patch_font'.
Inserting `luaotfload.rewrite_fontname' in `luaotfload.patch_font'.
Inserting `tracingstacklevels' in `input_level_string'. (c:/texlive/2025/texmf-
dist/tex/latex/base/article.cls
Document Class: article 2025/01/22 v1.4n Standard LaTeX document class
(c:/texlive/2025/texmf-dist/tex/latex/base/size11.clo
File: size11.clo 2025/01/22 v1.4n Standard LaTeX file (size option)
luaotfload | db : Font names database loaded from C:/texlive/2025/texmf-var/luat
ex-cache/generic/names/luaotfload-names.luc.gz)
\c@part=\count273
\c@section=\count274
\c@subsection=\count275
\c@subsubsection=\count276
\c@paragraph=\count277
\c@subparagraph=\count278
\c@figure=\count279
\c@table=\count280
\abovecaptionskip=\skip49
\belowcaptionskip=\skip50
\bibindent=\dimen147
)
(c:/texlive/2025/texmf-dist/tex/latex/amsmath/amsmath.sty
Package: amsmath 2025/07/09 v2.17z AMS math features
\@mathmargin=\skip51

For additional information on amsmath, use the `?' option.
(c:/texlive/2025/texmf-dist/tex/latex/amsmath/amstext.sty
Package: amstext 2024/11/17 v2.01 AMS text

(c:/texlive/2025/texmf-dist/tex/latex/amsmath/amsgen.sty
File: amsgen.sty 1999/11/30 v2.0 generic functions
\@emptytoks=\toks17
\ex@=\dimen148
))
(c:/texlive/2025/texmf-dist/tex/latex/amsmath/amsbsy.sty
Package: amsbsy 1999/11/29 v1.2d Bold Symbols
\pmbraise@=\dimen149
)
(c:/texlive/2025/texmf-dist/tex/latex/amsmath/amsopn.sty
Package: amsopn 2022/04/08 v2.04 operator names
)
\inf@bad=\count281
LaTeX Info: Redefining \frac on input line 235.
\uproot@=\count282
\leftroot@=\count283
LaTeX Info: Redefining \overline on input line 398.
LaTeX Info: Redefining \colon on input line 409.
\classnum@=\count284
\DOTSCASE@=\count285
LaTeX Info: Redefining \ldots on input line 495.
LaTeX Info: Redefining \dots on input line 498.
LaTeX Info: Redefining \cdots on input line 619.
\Mathstrutbox@=\box53
\strutbox@=\box54
LaTeX Info: Redefining \big on input line 721.
LaTeX Info: Redefining \Big on input line 722.
LaTeX Info: Redefining \bigg on input line 723.
LaTeX Info: Redefining \Bigg on input line 724.
\big@size=\dimen150
LaTeX Font Info:    Redeclaring font encoding OML on input line 742.
LaTeX Font Info:    Redeclaring font encoding OMS on input line 743.
\macc@depth=\count286
LaTeX Info: Redefining \bmod on input line 904.
LaTeX Info: Redefining \pmod on input line 909.
LaTeX Info: Redefining \smash on input line 939.
LaTeX Info: Redefining \relbar on input line 969.
LaTeX Info: Redefining \Relbar on input line 970.
\c@MaxMatrixCols=\count287
\dotsspace@=\muskip17
\c@parentequation=\count288
\dspbrk@lvl=\count289
\tag@help=\toks18
\row@=\count290
\column@=\count291
\maxfields@=\count292
\andhelp@=\toks19
\eqnshift@=\dimen151
\alignsep@=\dimen152
\tagshift@=\dimen153
\tagwidth@=\dimen154
\totwidth@=\dimen155
\lineht@=\dimen156
\@envbody=\toks20
\multlinegap=\skip52
\multlinetaggap=\skip53
\mathdisplay@stack=\toks21
LaTeX Info: Redefining \[ on input line 2950.
LaTeX Info: Redefining \] on input line 2951.
)
(c:/texlive/2025/texmf-dist/tex/latex/amsfonts/amssymb.sty
Package: amssymb 2013/01/14 v3.01 AMS font symbols

(c:/texlive/2025/texmf-dist/tex/latex/amsfonts/amsfonts.sty
Package: amsfonts 2013/01/14 v3.01 Basic AMSFonts support
\symAMSa=\mathgroup4
\symAMSb=\mathgroup5
LaTeX Font Info:    Redeclaring math symbol \hbar on input line 98.
LaTeX Font Info:    Overwriting math alphabet `\mathfrak' in version `bold'
(Font)                  U/euf/m/n --> U/euf/b/n on input line 106.
))
(c:/texlive/2025/texmf-dist/tex/latex/fontspec/fontspec.sty
(c:/texlive/2025/texmf-dist/tex/latex/l3packages/xparse/xparse.sty
(c:/texlive/2025/texmf-dist/tex/latex/l3kernel/expl3.sty
Package: expl3 2025-12-24 L3 programming layer (loader) 

(c:/texlive/2025/texmf-dist/tex/latex/l3backend/l3backend-luatex.def
File: l3backend-luatex.def 2025-10-09 L3 backend support: PDF output (LuaTeX)
\l__color_backend_stack_int=\count293
Inserting `l3color' in `luaotfload.parse_color'.))
Package: xparse 2025-10-09 L3 Experimental document command parser
)
Package: fontspec 2025/09/29 v2.9g Font selection for XeLaTeX and LuaLaTeX
Lua module: fontspec 2025/09/29 v2.9g Font selection for XeLaTeX and LuaLaTeX
(c:/texlive/2025/texmf-dist/tex/latex/fontspec/fontspec-luatex.sty
Package: fontspec-luatex 2025/09/29 v2.9g Font selection for XeLaTeX and LuaLaT
eX
\l__fontspec_script_int=\count294
\l__fontspec_language_int=\count295
\l__fontspec_strnum_int=\count296
\l__fontspec_tmp_int=\count297
\l__fontspec_tmpa_int=\count298
\l__fontspec_tmpb_int=\count299
\l__fontspec_tmpc_int=\count300
\l__fontspec_em_int=\count301
\l__fontspec_emdef_int=\count302
\l__fontspec_strong_int=\count303
\l__fontspec_strongdef_int=\count304
\l__fontspec_tmpa_dim=\dimen157
\l__fontspec_tmpb_dim=\dimen158
\l__fontspec_tmpc_dim=\dimen159

(c:/texlive/2025/texmf-dist/tex/latex/base/fontenc.sty
Package: fontenc 2025/07/18 v2.1d Standard LaTeX package
)
(c:/texlive/2025/texmf-dist/tex/latex/fontspec/fontspec.cfg)))
luaotfload | cache : Lookup cache loaded from C:/texlive/2025/texmf-var/luatex-c
ache/generic/names/luaotfload-lookup-cache.luc.

Package fontspec Info: 
(fontspec)             Inconsolatazi4 scale = 0.9431046521910153.


Package fontspec Info: 
(fontspec)             Could not resolve font "Inconsolatazi4/BI" (it probably
(fontspec)             doesn't exist).


Package fontspec Info: 
(fontspec)             Could not resolve font "Inconsolatazi4/I" (it probably
(fontspec)             doesn't exist).


Package fontspec Info: 
(fontspec)             Inconsolatazi4 scale = 0.9431046521910153.


Package fontspec Info: 
(fontspec)             Inconsolatazi4/B scale = 0.9229102823092004.


Package fontspec Info: 
(fontspec)             Font family 'Inconsolatazi4(0)' created for font
(fontspec)             'Inconsolatazi4' with options
(fontspec)             [WordSpace={1,0,0},HyphenChar=None,PunctuationSpace=Word
Space,Scale=MatchLowercase].
(fontspec)              
(fontspec)              This font family consists of the following NFSS
(fontspec)             series/shapes:
(fontspec)              
(fontspec)             - 'normal' (m/n) with NFSS spec.:
(fontspec)             <->s*[0.9431046521910153]"name:Inconsolatazi4:mode=node;
script=latn;language=dflt;"
(fontspec)             - 'bold' (b/n) with NFSS spec.:
(fontspec)             <->s*[0.9229102823092004]"name:Inconsolatazi4/B:mode=nod
e;script=latn;language=dflt;"


(c:/Users/cpier/OneDrive/latex/tex/latex/highlightx/tex/highlightx.sty
Package: highlightx 2025/12/26 0.1.8 Macros pour surligner du texte, meme en mo
de paragraphe

(c:/texlive/2025/texmf-dist/tex/latex/etoolbox/etoolbox.sty
Package: etoolbox 2025/10/02 v2.5m e-TeX tools for LaTeX (JAW)
\etb@tempcnta=\count305
)
(c:/texlive/2025/texmf-dist/tex/generic/soul/soul.sty
Package: soul 2023-06-14 v3.1 Permit use of UTF-8 characters in soul (HO)

(c:/texlive/2025/texmf-dist/tex/generic/soul/soul-ori.sty
Package: soul-ori 2023-06-14 v3.1 letterspacing/underlining (mf)
\SOUL@word=\toks22
\SOUL@lasttoken=\toks23
\SOUL@syllable=\toks24
\SOUL@cmds=\toks25
\SOUL@buffer=\toks26
\SOUL@token=\toks27
\SOUL@syllgoal=\dimen160
\SOUL@syllwidth=\dimen161
\SOUL@charkern=\dimen162
\SOUL@hyphkern=\dimen163
\SOUL@dimen=\dimen164
\SOUL@dimeni=\dimen165
\SOUL@minus=\count306
\SOUL@comma=\count307
\SOUL@apo=\count308
\SOUL@grave=\count309
\SOUL@spaceskip=\skip54
\SOUL@ttwidth=\dimen166
\SOUL@uldp=\dimen167
\SOUL@ulht=\dimen168
)
(c:/texlive/2025/texmf-dist/tex/generic/infwarerr/infwarerr.sty
Package: infwarerr 2019/12/03 v1.5 Providing info/warning/error messages (HO)
)
(c:/texlive/2025/texmf-dist/tex/generic/etexcmds/etexcmds.sty
Package: etexcmds 2019/12/15 v1.7 Avoid name clashes with e-TeX commands (HO)

(c:/texlive/2025/texmf-dist/tex/generic/iftex/iftex.sty
Package: iftex 2024/12/12 v1.0g TeX engine tests
)))
(c:/texlive/2025/texmf-dist/tex/latex/pgf/frontendlayer/tikz.sty
(c:/texlive/2025/texmf-dist/tex/latex/pgf/basiclayer/pgf.sty
(c:/texlive/2025/texmf-dist/tex/latex/pgf/utilities/pgfrcs.sty
(c:/texlive/2025/texmf-dist/tex/generic/pgf/utilities/pgfutil-common.tex
\pgfutil@everybye=\toks28
\pgfutil@tempdima=\dimen169
\pgfutil@tempdimb=\dimen170
)
(c:/texlive/2025/texmf-dist/tex/generic/pgf/utilities/pgfutil-latex.def
\pgfutil@abb=\box55
)
(c:/texlive/2025/texmf-dist/tex/generic/pgf/utilities/pgfrcs.code.tex
(c:/texlive/2025/texmf-dist/tex/generic/pgf/pgf.revision.tex)
Package: pgfrcs 2025-08-29 v3.1.11a (3.1.11a)
))
Package: pgf 2025-08-29 v3.1.11a (3.1.11a)

(c:/texlive/2025/texmf-dist/tex/latex/pgf/basiclayer/pgfcore.sty
(c:/texlive/2025/texmf-dist/tex/latex/graphics/graphicx.sty
Package: graphicx 2024/12/31 v1.2e Enhanced LaTeX Graphics (DPC,SPQR)

(c:/texlive/2025/texmf-dist/tex/latex/graphics/keyval.sty
Package: keyval 2022/05/29 v1.15 key=value parser (DPC)
\KV@toks@=\toks29
)
(c:/texlive/2025/texmf-dist/tex/latex/graphics/graphics.sty
Package: graphics 2024/08/06 v1.4g Standard LaTeX Graphics (DPC,SPQR)

(c:/texlive/2025/texmf-dist/tex/latex/graphics/trig.sty
Package: trig 2023/12/02 v1.11 sin cos tan (DPC)
)
(c:/texlive/2025/texmf-dist/tex/latex/graphics-cfg/graphics.cfg
File: graphics.cfg 2016/06/04 v1.11 sample graphics configuration
)
Package graphics Info: Driver file: luatex.def on input line 106.

(c:/texlive/2025/texmf-dist/tex/latex/graphics-def/luatex.def
File: luatex.def 2025/09/29 v1.2f Graphics/color driver for luatex
))
\Gin@req@height=\dimen171
\Gin@req@width=\dimen172
)
(c:/texlive/2025/texmf-dist/tex/latex/pgf/systemlayer/pgfsys.sty
(c:/texlive/2025/texmf-dist/tex/generic/pgf/systemlayer/pgfsys.code.tex
Package: pgfsys 2025-08-29 v3.1.11a (3.1.11a)

(c:/texlive/2025/texmf-dist/tex/generic/pgf/utilities/pgfkeys.code.tex
\pgfkeys@pathtoks=\toks30
\pgfkeys@temptoks=\toks31

(c:/texlive/2025/texmf-dist/tex/generic/pgf/utilities/pgfkeyslibraryfiltered.co
de.tex
\pgfkeys@tmptoks=\toks32
))
\pgf@x=\dimen173
\pgf@y=\dimen174
\pgf@xa=\dimen175
\pgf@ya=\dimen176
\pgf@xb=\dimen177
\pgf@yb=\dimen178
\pgf@xc=\dimen179
\pgf@yc=\dimen180
\pgf@xd=\dimen181
\pgf@yd=\dimen182
\w@pgf@writea=\write3
\r@pgf@reada=\read2
\c@pgf@counta=\count310
\c@pgf@countb=\count311
\c@pgf@countc=\count312
\c@pgf@countd=\count313
\t@pgf@toka=\toks33
\t@pgf@tokb=\toks34
\t@pgf@tokc=\toks35
\pgf@sys@id@count=\count314
 (c:/texlive/2025/texmf-dist/tex/generic/pgf/systemlayer/pgf.cfg
File: pgf.cfg 2025-08-29 v3.1.11a (3.1.11a)
)
Driver file for pgf: pgfsys-luatex.def

(c:/texlive/2025/texmf-dist/tex/generic/pgf/systemlayer/pgfsys-luatex.def
File: pgfsys-luatex.def 2025-08-29 v3.1.11a (3.1.11a)

(c:/texlive/2025/texmf-dist/tex/generic/pgf/systemlayer/pgfsys-common-pdf.def
File: pgfsys-common-pdf.def 2025-08-29 v3.1.11a (3.1.11a)
)))
(c:/texlive/2025/texmf-dist/tex/generic/pgf/systemlayer/pgfsyssoftpath.code.tex
File: pgfsyssoftpath.code.tex 2025-08-29 v3.1.11a (3.1.11a)
\pgfsyssoftpath@smallbuffer@items=\count315
\pgfsyssoftpath@bigbuffer@items=\count316
)
(c:/texlive/2025/texmf-dist/tex/generic/pgf/systemlayer/pgfsysprotocol.code.tex
File: pgfsysprotocol.code.tex 2025-08-29 v3.1.11a (3.1.11a)
)) (c:/texlive/2025/texmf-dist/tex/latex/xcolor/xcolor.sty
Package: xcolor 2024/09/29 v3.02 LaTeX color extensions (UK)

(c:/texlive/2025/texmf-dist/tex/latex/graphics-cfg/color.cfg
File: color.cfg 2016/01/02 v1.6 sample color configuration
)
Package xcolor Info: Driver file: luatex.def on input line 274.

(c:/texlive/2025/texmf-dist/tex/latex/graphics/mathcolor.ltx)
Package xcolor Info: Model `cmy' substituted by `cmy0' on input line 1349.
Package xcolor Info: Model `hsb' substituted by `rgb' on input line 1353.
Package xcolor Info: Model `RGB' extended on input line 1365.
Package xcolor Info: Model `HTML' substituted by `rgb' on input line 1367.
Package xcolor Info: Model `Hsb' substituted by `hsb' on input line 1368.
Package xcolor Info: Model `tHsb' substituted by `hsb' on input line 1369.
Package xcolor Info: Model `HSB' substituted by `hsb' on input line 1370.
Package xcolor Info: Model `Gray' substituted by `gray' on input line 1371.
Package xcolor Info: Model `wave' substituted by `hsb' on input line 1372.
)
(c:/texlive/2025/texmf-dist/tex/generic/pgf/basiclayer/pgfcore.code.tex
Package: pgfcore 2025-08-29 v3.1.11a (3.1.11a)

(c:/texlive/2025/texmf-dist/tex/generic/pgf/math/pgfmath.code.tex
(c:/texlive/2025/texmf-dist/tex/generic/pgf/math/pgfmathutil.code.tex)
(c:/texlive/2025/texmf-dist/tex/generic/pgf/math/pgfmathparser.code.tex
\pgfmath@dimen=\dimen183
\pgfmath@count=\count317
\pgfmath@box=\box56
\pgfmath@toks=\toks36
\pgfmath@stack@operand=\toks37
\pgfmath@stack@operation=\toks38
)
(c:/texlive/2025/texmf-dist/tex/generic/pgf/math/pgfmathfunctions.code.tex)
(c:/texlive/2025/texmf-dist/tex/generic/pgf/math/pgfmathfunctions.basic.code.te
x)
(c:/texlive/2025/texmf-dist/tex/generic/pgf/math/pgfmathfunctions.trigonometric
.code.tex)
(c:/texlive/2025/texmf-dist/tex/generic/pgf/math/pgfmathfunctions.random.code.t
ex)
(c:/texlive/2025/texmf-dist/tex/generic/pgf/math/pgfmathfunctions.comparison.co
de.tex)
(c:/texlive/2025/texmf-dist/tex/generic/pgf/math/pgfmathfunctions.base.code.tex
)
(c:/texlive/2025/texmf-dist/tex/generic/pgf/math/pgfmathfunctions.round.code.te
x)
(c:/texlive/2025/texmf-dist/tex/generic/pgf/math/pgfmathfunctions.misc.code.tex
)
(c:/texlive/2025/texmf-dist/tex/generic/pgf/math/pgfmathfunctions.integerarithm
etics.code.tex)
(c:/texlive/2025/texmf-dist/tex/generic/pgf/math/pgfmathcalc.code.tex)
(c:/texlive/2025/texmf-dist/tex/generic/pgf/math/pgfmathfloat.code.tex
\c@pgfmathroundto@lastzeros=\count318
))
(c:/texlive/2025/texmf-dist/tex/generic/pgf/math/pgfint.code.tex)
(c:/texlive/2025/texmf-dist/tex/generic/pgf/basiclayer/pgfcorepoints.code.tex
File: pgfcorepoints.code.tex 2025-08-29 v3.1.11a (3.1.11a)
\pgf@picminx=\dimen184
\pgf@picmaxx=\dimen185
\pgf@picminy=\dimen186
\pgf@picmaxy=\dimen187
\pgf@pathminx=\dimen188
\pgf@pathmaxx=\dimen189
\pgf@pathminy=\dimen190
\pgf@pathmaxy=\dimen191
\pgf@xx=\dimen192
\pgf@xy=\dimen193
\pgf@yx=\dimen194
\pgf@yy=\dimen195
\pgf@zx=\dimen196
\pgf@zy=\dimen197
)
(c:/texlive/2025/texmf-dist/tex/generic/pgf/basiclayer/pgfcorepathconstruct.cod
e.tex
File: pgfcorepathconstruct.code.tex 2025-08-29 v3.1.11a (3.1.11a)
\pgf@path@lastx=\dimen198
\pgf@path@lasty=\dimen199
)
(c:/texlive/2025/texmf-dist/tex/generic/pgf/basiclayer/pgfcorepathusage.code.te
x
File: pgfcorepathusage.code.tex 2025-08-29 v3.1.11a (3.1.11a)
\pgf@shorten@end@additional=\dimen256
\pgf@shorten@start@additional=\dimen257
)
(c:/texlive/2025/texmf-dist/tex/generic/pgf/basiclayer/pgfcorescopes.code.tex
File: pgfcorescopes.code.tex 2025-08-29 v3.1.11a (3.1.11a)
\pgfpic=\box57
\pgf@hbox=\box58
\pgf@layerbox@main=\box59
\pgf@picture@serial@count=\count319
)
(c:/texlive/2025/texmf-dist/tex/generic/pgf/basiclayer/pgfcoregraphicstate.code
.tex
File: pgfcoregraphicstate.code.tex 2025-08-29 v3.1.11a (3.1.11a)
\pgflinewidth=\dimen258
)
(c:/texlive/2025/texmf-dist/tex/generic/pgf/basiclayer/pgfcoretransformations.c
ode.tex
File: pgfcoretransformations.code.tex 2025-08-29 v3.1.11a (3.1.11a)
\pgf@pt@x=\dimen259
\pgf@pt@y=\dimen260
\pgf@pt@temp=\dimen261
)
(c:/texlive/2025/texmf-dist/tex/generic/pgf/basiclayer/pgfcorequick.code.tex
File: pgfcorequick.code.tex 2025-08-29 v3.1.11a (3.1.11a)
)
(c:/texlive/2025/texmf-dist/tex/generic/pgf/basiclayer/pgfcoreobjects.code.tex
File: pgfcoreobjects.code.tex 2025-08-29 v3.1.11a (3.1.11a)
)
(c:/texlive/2025/texmf-dist/tex/generic/pgf/basiclayer/pgfcorepathprocessing.co
de.tex
File: pgfcorepathprocessing.code.tex 2025-08-29 v3.1.11a (3.1.11a)
)
(c:/texlive/2025/texmf-dist/tex/generic/pgf/basiclayer/pgfcorearrows.code.tex
File: pgfcorearrows.code.tex 2025-08-29 v3.1.11a (3.1.11a)
\pgfarrowsep=\dimen262
)
(c:/texlive/2025/texmf-dist/tex/generic/pgf/basiclayer/pgfcoreshade.code.tex
File: pgfcoreshade.code.tex 2025-08-29 v3.1.11a (3.1.11a)
\pgf@max=\dimen263
\pgf@sys@shading@range@num=\count320
\pgf@shadingcount=\count321
)
(c:/texlive/2025/texmf-dist/tex/generic/pgf/basiclayer/pgfcoreimage.code.tex
File: pgfcoreimage.code.tex 2025-08-29 v3.1.11a (3.1.11a)
)
(c:/texlive/2025/texmf-dist/tex/generic/pgf/basiclayer/pgfcoreexternal.code.tex
File: pgfcoreexternal.code.tex 2025-08-29 v3.1.11a (3.1.11a)
\pgfexternal@startupbox=\box60
) (c:/texlive/2025/texmf-dist/tex/generic/pgf/basiclayer/pgfcorelayers.code.tex
File: pgfcorelayers.code.tex 2025-08-29 v3.1.11a (3.1.11a)
)
(c:/texlive/2025/texmf-dist/tex/generic/pgf/basiclayer/pgfcoretransparency.code
.tex
File: pgfcoretransparency.code.tex 2025-08-29 v3.1.11a (3.1.11a)
)
(c:/texlive/2025/texmf-dist/tex/generic/pgf/basiclayer/pgfcorepatterns.code.tex
File: pgfcorepatterns.code.tex 2025-08-29 v3.1.11a (3.1.11a)
) (c:/texlive/2025/texmf-dist/tex/generic/pgf/basiclayer/pgfcorerdf.code.tex
File: pgfcorerdf.code.tex 2025-08-29 v3.1.11a (3.1.11a)
))) (c:/texlive/2025/texmf-dist/tex/generic/pgf/modules/pgfmoduleshapes.code.te
x
File: pgfmoduleshapes.code.tex 2025-08-29 v3.1.11a (3.1.11a)
\pgfnodeparttextbox=\box61
)
(c:/texlive/2025/texmf-dist/tex/generic/pgf/modules/pgfmoduleplot.code.tex
File: pgfmoduleplot.code.tex 2025-08-29 v3.1.11a (3.1.11a)
)
(c:/texlive/2025/texmf-dist/tex/latex/pgf/compatibility/pgfcomp-version-0-65.st
y
Package: pgfcomp-version-0-65 2025-08-29 v3.1.11a (3.1.11a)
\pgf@nodesepstart=\dimen264
\pgf@nodesepend=\dimen265
)
(c:/texlive/2025/texmf-dist/tex/latex/pgf/compatibility/pgfcomp-version-1-18.st
y
Package: pgfcomp-version-1-18 2025-08-29 v3.1.11a (3.1.11a)
)) (c:/texlive/2025/texmf-dist/tex/latex/pgf/utilities/pgffor.sty
(c:/texlive/2025/texmf-dist/tex/latex/pgf/utilities/pgfkeys.sty
(c:/texlive/2025/texmf-dist/tex/generic/pgf/utilities/pgfkeys.code.tex))
(c:/texlive/2025/texmf-dist/tex/latex/pgf/math/pgfmath.sty
(c:/texlive/2025/texmf-dist/tex/generic/pgf/math/pgfmath.code.tex))
(c:/texlive/2025/texmf-dist/tex/generic/pgf/utilities/pgffor.code.tex
Package: pgffor 2025-08-29 v3.1.11a (3.1.11a)
\pgffor@iter=\dimen266
\pgffor@skip=\dimen267
\pgffor@stack=\toks39
\pgffor@toks=\toks40
))
(c:/texlive/2025/texmf-dist/tex/generic/pgf/frontendlayer/tikz/tikz.code.tex
Package: tikz 2025-08-29 v3.1.11a (3.1.11a)

(c:/texlive/2025/texmf-dist/tex/generic/pgf/libraries/pgflibraryplothandlers.co
de.tex
File: pgflibraryplothandlers.code.tex 2025-08-29 v3.1.11a (3.1.11a)
\pgf@plot@mark@count=\count322
\pgfplotmarksize=\dimen268
)
\tikz@lastx=\dimen269
\tikz@lasty=\dimen270
\tikz@lastxsaved=\dimen271
\tikz@lastysaved=\dimen272
\tikz@lastmovetox=\dimen273
\tikz@lastmovetoy=\dimen274
\tikzleveldistance=\dimen275
\tikzsiblingdistance=\dimen276
\tikz@figbox=\box62
\tikz@figbox@bg=\box63
\tikz@tempbox=\box64
\tikz@tempbox@bg=\box65
\tikztreelevel=\count323
\tikznumberofchildren=\count324
\tikznumberofcurrentchild=\count325
\tikz@fig@count=\count326

(c:/texlive/2025/texmf-dist/tex/generic/pgf/modules/pgfmodulematrix.code.tex
File: pgfmodulematrix.code.tex 2025-08-29 v3.1.11a (3.1.11a)
\pgfmatrixcurrentrow=\count327
\pgfmatrixcurrentcolumn=\count328
\pgf@matrix@numberofcolumns=\count329
)
\tikz@expandcount=\count330

(c:/texlive/2025/texmf-dist/tex/generic/pgf/frontendlayer/tikz/libraries/tikzli
brarytopaths.code.tex
File: tikzlibrarytopaths.code.tex 2025-08-29 v3.1.11a (3.1.11a)
)))
(c:/texlive/2025/texmf-dist/tex/generic/xstring/xstring.sty
(c:/texlive/2025/texmf-dist/tex/generic/xstring/xstring.tex
\xs_counta=\count331
\xs_countb=\count332
)
Package: xstring 2023/08/22 v1.86 String manipulations (CT)
)
(c:/texlive/2025/texmf-dist/tex/generic/simplekv/simplekv.sty
(c:/texlive/2025/texmf-dist/tex/generic/simplekv/simplekv.tex)
Package: simplekv 2025/06/15 v0.32 Simple keyval package (CT)
)
(c:/texlive/2025/texmf-dist/tex/latex/tikzmark/tikzlibrarytikzmark.code.tex
File: tikzlibrarytikzmark.code.tex 2022/08/24 v1.15 TikZ library for marking po
sitions in a document

(c:/texlive/2025/texmf-dist/tex/latex/l3packages/l3keys2e/l3keys2e.sty
Package: l3keys2e 2025-10-09 LaTeX2e option processing using LaTeX3 keys
)
\l__sn_x_dim=\dimen277
\l__sn_y_dim=\dimen278
\l__sn_xa_dim=\dimen279
\l__sn_ya_dim=\dimen280
)
(c:/texlive/2025/texmf-dist/tex/generic/pgf/frontendlayer/tikz/libraries/tikzli
brarycalc.code.tex
File: tikzlibrarycalc.code.tex 2025-08-29 v3.1.11a (3.1.11a)
)
(c:/texlive/2025/texmf-dist/tex/generic/pgf/frontendlayer/tikz/libraries/tikzli
brarydecorations.pathmorphing.code.tex
(c:/texlive/2025/texmf-dist/tex/generic/pgf/frontendlayer/tikz/libraries/tikzli
brarydecorations.code.tex
(c:/texlive/2025/texmf-dist/tex/generic/pgf/modules/pgfmoduledecorations.code.t
ex
\pgfdecoratedcompleteddistance=\dimen281
\pgfdecoratedremainingdistance=\dimen282
\pgfdecoratedinputsegmentcompleteddistance=\dimen283
\pgfdecoratedinputsegmentremainingdistance=\dimen284
\pgf@decorate@distancetomove=\dimen285
\pgf@decorate@repeatstate=\count333
\pgfdecorationsegmentamplitude=\dimen286
\pgfdecorationsegmentlength=\dimen287
)
\tikz@lib@dec@box=\box66
)
(c:/texlive/2025/texmf-dist/tex/generic/pgf/libraries/decorations/pgflibrarydec
orations.pathmorphing.code.tex))
(c:/texlive/2025/texmf-dist/tex/generic/pgf/frontendlayer/tikz/libraries/tikzli
brarybabel.code.tex
File: tikzlibrarybabel.code.tex 2025-08-29 v3.1.11a (3.1.11a)
)
\tmp@hauteur@char=\skip55
\tmp@profondeur@char=\skip56
\highlight@previous=\dimen288
\highlight@current=\dimen289
\fluotertextedecalx=\skip57
\fluotertextedecaly=\skip58
)
(c:/texlive/2025/texmf-dist/tex/latex/enumitem/enumitem.sty
Package: enumitem 2025/02/06 v3.11 Customized lists
\labelindent=\skip59
\enit@outerparindent=\dimen290
\enit@toks=\toks41
\enit@inbox=\box67
\enit@count@id=\count334
\enitdp@description=\count335
)
(c:/texlive/2025/texmf-dist/tex/latex/codehigh/codehigh.sty
Package: codehigh 2025-02-21 v2025C Highlight codes and demos with l3regex and 
lpeg

(c:/texlive/2025/texmf-dist/tex/generic/catchfile/catchfile.sty
Package: catchfile 2019/12/09 v1.8 Catch the contents of a file (HO)

(c:/texlive/2025/texmf-dist/tex/generic/ltxcmds/ltxcmds.sty
Package: ltxcmds 2023-12-04 v1.26 LaTeX kernel commands for general use (HO)
))
(c:/texlive/2025/texmf-dist/tex/latex/ninecolors/ninecolors.sty
Package: ninecolors 2022-02-13 v2022D Select colors with proper color contrast
)
(c:/texlive/2025/texmf-dist/tex/latex/varwidth/varwidth.sty
Package: varwidth 2009/03/30 ver 0.92;  Variable-width minipages
\@vwid@box=\box68
\sift@deathcycles=\count336
\@vwid@loff=\dimen291
\@vwid@roff=\dimen292
)
==> First Aid for varwidth.sty applied!
(c:/texlive/2025/texmf-dist/tex/luatex/luatexbase/luatexbase.sty
Package: luatexbase 2015/10/04 v1.3 luatexbase interface to LuaTeX 

(c:/texlive/2025/texmf-dist/tex/luatex/ctablestack/ctablestack.sty
Package: ctablestack 2015/10/01 v1.0 Catcode table stable support
\@catcodetablestackcnt=\count337
)
\CatcodeTableOther=\catcodetable14
\CatcodeTableExpl=\catcodetable15
)
\l__cdhh_a_int=\count338
\l__cdhh_b_int=\count339
\l__cdhh_main_boxsep_dim=\dimen293
\g__cdhh_code_box=\box69
\g__cdhh_demo_box=\box70
\l__cdhh_latex_rule_count_int=\count340
\l__cdhh_latex/math_rule_count_int=\count341
\l__cdhh_latex/table_rule_count_int=\count342
\l__cdhh_latex/latex2_rule_count_int=\count343
\l__cdhh_latex/latex3_rule_count_int=\count344
\l__cdhh_item_count_int=\count345
)
(c:/texlive/2025/texmf-dist/tex/latex/tools/multicol.sty
Package: multicol 2025/10/21 v2.0b multicolumn formatting (FMi)
\c@tracingmulticols=\count346
\mult@box=\box71
\multicol@leftmargin=\dimen294
\c@unbalance=\count347
\c@collectmore=\count348
\doublecol@number=\count349
\multicoltolerance=\count350
\multicolpretolerance=\count351
\full@width=\dimen295
\page@free=\dimen296
\premulticols=\dimen297
\postmulticols=\dimen298
\multicolsep=\skip60
\multicolbaselineskip=\skip61
\partial@page=\box72
\last@line=\box73
\mc@boxedresult=\box74
\maxbalancingoverflow=\dimen299
\mult@rightbox=\box75
\mult@grightbox=\box76
\mult@firstbox=\box77
\mult@gfirstbox=\box78
\@tempa=\box79
\@tempa=\box80
\@tempa=\box81
\@tempa=\box82
\@tempa=\box83
\@tempa=\box84
\@tempa=\box85
\@tempa=\box86
\@tempa=\box87
\@tempa=\box88
\@tempa=\box89
\@tempa=\box90
\@tempa=\box91
\@tempa=\box92
\@tempa=\box93
\@tempa=\box94
\@tempa=\box95
\@tempa=\box96
\@tempa=\box97
\@tempa=\box98
\@tempa=\box99
\@tempa=\box100
\@tempa=\box101
\@tempa=\box102
\@tempa=\box103
\@tempa=\box104
\@tempa=\box105
\@tempa=\box106
\@tempa=\box107
\@tempa=\box108
\@tempa=\box109
\@tempa=\box110
\@tempa=\box111
\@tempa=\box112
\@tempa=\box113
\@tempa=\box114
\c@minrows=\count352
\c@columnbadness=\count353
\c@finalcolumnbadness=\count354
\last@try=\dimen300
\multicolovershoot=\dimen301
\multicolundershoot=\dimen302
\mult@nat@firstbox=\box115
\colbreak@box=\box116
\mc@col@check@num=\count355
\g__mc_curr_col_int=\count356
)
(c:/texlive/2025/texmf-dist/tex/latex/tabularray/tabularray.sty
Package: tabularray 2025-11-27 v2025C Typeset tabulars and arrays with LaTeX3
\g__tblr_nohyper_int=\count357
\l__tblr_a_int=\count358
\l__tblr_c_int=\count359
\l__tblr_r_int=\count360
\l__tblr_d_dim=\dimen303
\l__tblr_h_dim=\dimen304
\l__tblr_o_dim=\dimen305
\l__tblr_p_dim=\dimen306
\l__tblr_q_dim=\dimen307
\l__tblr_r_dim=\dimen308
\l__tblr_s_dim=\dimen309
\l__tblr_t_dim=\dimen310
\l__tblr_v_dim=\dimen311
\l__tblr_w_dim=\dimen312
\l__tblr_a_box=\box117
\l__tblr_b_box=\box118
\l__tblr_c_box=\box119
\l__tblr_d_box=\box120
\c@tblrcount=\count361
\c@rownum=\count362
\c@colnum=\count363
\c@rowcount=\count364
\c@colcount=\count365
\abovesep=\dimen313
\belowsep=\dimen314
\leftsep=\dimen315
\rightsep=\dimen316
\gTblrLevelInt=\count366
\g__tblr_data_row_key_count_int=\count367
\g__tblr_data_column_key_count_int=\count368
\g__tblr_data_cell_key_count_int=\count369
\g__tblr_array_int=\count370
\l__tblr_key_count_int=\count371
\l__tblr_key_quotient_int=\count372
\l__tblr_key_quotient_two_int=\count373
\l__tblr_key_remainder_int=\count374
\g__tblr_data_str_value_count_int=\count375
\lTblrChildTotalInt=\count376
\lTblrChildHtotalInt=\count377
\lTblrChildVtotalInt=\count378
\l__child_diff_h_int=\count379
\l__child_diff_v_int=\count380
\l__child_sign_h_int=\count381
\l__child_sign_v_int=\count382
\l__child_step_int=\count383
\lTblrDefaultHruleWidthDim=\dimen317
\lTblrDefaultVruleWidthDim=\dimen318
\l__tblr_split_balance_int=\count384
\l__tblr_strut_dp_dim=\dimen319
\l__tblr_strut_ht_dim=\dimen320
\g__tblr_cell_wd_dim=\dimen321
\g__tblr_cell_ht_dim=\dimen322
\g__tblr_cell_head_dim=\dimen323
\g__tblr_cell_foot_dim=\dimen324
\l__tblr_measured_cell_box=\box121
\g__tblr_last_box=\box122
\l__tblr_temp_box=\box123
\l__tblr_column_target_dim=\dimen325
\l__tblr_hfuzz_dim=\dimen326
\l__tblr_caption_box=\box124
\l__tblr_caption_left_box=\box125
\lTblrRowHeadInt=\count385
\lTblrRowFootInt=\count386
\l__tblr_row_head_box=\box126
\l__tblr_row_foot_box=\box127
\l__tblr_row_head_foot_dim=\dimen327
\lTblrTableWidthDim=\dimen328
\l__tblr_table_firsthead_box=\box128
\l__tblr_table_middlehead_box=\box129
\l__tblr_table_lasthead_box=\box130
\l__tblr_table_firstfoot_box=\box131
\l__tblr_table_middlefoot_box=\box132
\l__tblr_table_lastfoot_box=\box133
\l__tblr_remain_height_dim=\dimen329
\l__tblr_next_rows_dim=\dimen330
\l__tblr_page_overfill_dim=\dimen331
\l__tblr_long_from_int=\count387
\l__tblr_long_to_int=\count388
\l__tblr_curr_i_int=\count389
\l__tblr_prev_i_int=\count390
\lTblrTablePageInt=\count391
\l__tblr_table_head_box=\box134
\l__tblr_table_foot_box=\box135
\l__tblr_table_head_foot_dim=\dimen332
\l__tblr_table_head_body_foot_dim=\dimen333
\l__tblr_table_box=\box136
\lTblrRowFirstInt=\count392
\lTblrRowLastInt=\count393
\l__tblr_cover_box_a_dim=\dimen334
\l__tblr_cover_box_b_dim=\dimen335
\l__tblr_table_hlines_box=\box137
\l__tblr_hline_box=\box138
\l__tblr_row_box=\box139
\l__tblr_col_o_wd_dim=\dimen336
\l__tblr_col_b_wd_dim=\dimen337
\l__tblr_hline_leftskip_dim=\dimen338
\l__tblr_hline_rightskip_dim=\dimen339
\l__tblr_row_ht_dim=\dimen340
\l__tblr_row_dp_dim=\dimen341
\l__tblr_row_abovesep_dim=\dimen342
\l__tblr_row_belowsep_dim=\dimen343
\l__tblr_row_vlines_box=\box140
\l__tblr_vline_box=\box141
\l__tblr_cell_box=\box142
\l__tblr_row_upper_dim=\dimen344
\l__tblr_row_lower_dim=\dimen345
\l__tblr_row_vpace_dim=\dimen346
\l__tblr_vline_aboveskip_dim=\dimen347
\l__tblr_vline_belowskip_dim=\dimen348
\lTblrCellRowSpanInt=\count394
\lTblrCellColSpanInt=\count395
\l__tblr_cell_wd_dim=\dimen349
\l__tblr_cell_ht_dim=\dimen350
\lTblrCellAboveBorderWidthDim=\dimen351
\lTblrCellBelowBorderWidthDim=\dimen352
\lTblrCellLeftBorderWidthDim=\dimen353
\lTblrCellRightBorderWidthDim=\dimen354
\l__tblr_diag_box=\box143
\l__tblr_cell_inner_wd_dim=\dimen355
\l__tblr_cell_inner_dp_dim=\dimen356
\l__tblr_cell_hanchor_dim=\dimen357
\l__tblr_last_cell_table_ht_dim=\dimen358
\l__tblr_last_cell_table_dp_dim=\dimen359
\l__tblr_last_vline_wd_dim=\dimen360
\l__tblr_tikz_node_box=\box144
)
(c:/texlive/2025/texmf-dist/tex/latex/lipsum/lipsum.sty
Package: lipsum 2021-09-20 v2.7 150 paragraphs of Lorem Ipsum dummy text
\g__lipsum_par_int=\count396
\l__lipsum_a_int=\count397
\l__lipsum_b_int=\count398

(c:/texlive/2025/texmf-dist/tex/latex/lipsum/lipsum.ltd.tex))
(c:/texlive/2025/texmf-dist/tex/latex/fancyvrb/fancyvrb.sty
Package: fancyvrb 2025/07/28 4.6 verbatim text (tvz,hv)
\FV@CodeLineNo=\count399
\FV@InFile=\read3
\FV@TabBox=\box145
\c@FancyVerbLine=\count400
\FV@StepNumber=\count401
\FV@OutFile=\write4
)
(c:/texlive/2025/texmf-dist/tex/latex/fancyhdr/fancyhdr.sty
Package: fancyhdr 2025/02/07 v5.2 Extensive control of page headers and footers

\f@nch@headwidth=\skip62
\f@nch@offset@elh=\skip63
\f@nch@offset@erh=\skip64
\f@nch@offset@olh=\skip65
\f@nch@offset@orh=\skip66
\f@nch@offset@elf=\skip67
\f@nch@offset@erf=\skip68
\f@nch@offset@olf=\skip69
\f@nch@offset@orf=\skip70
\f@nch@height=\skip71
\f@nch@footalignment=\skip72
\f@nch@widthL=\skip73
\f@nch@widthC=\skip74
\f@nch@widthR=\skip75
\@temptokenb=\toks42
)
(c:/texlive/2025/texmf-dist/tex/latex/fontawesome5/fontawesome5.sty
Package: fontawesome5 2022/05/02 v5.15.4 Font Awesome 5

(c:/texlive/2025/texmf-dist/tex/latex/fontawesome5/fontawesome5-utex-helper.sty
Package: fontawesome5-utex-helper 2022/05/02 v5.15.4 uTeX helper for fontawesom
e5
LaTeX Font Info:    Trying to load font information for TU+fontawesomefree on i
nput line 69.
(c:/texlive/2025/texmf-dist/tex/latex/fontawesome5/tufontawesomefree.fd)
LaTeX Font Info:    Trying to load font information for TU+fontawesomebrands on
 input line 70.

(c:/texlive/2025/texmf-dist/tex/latex/fontawesome5/tufontawesomebrands.fd)))
(c:/texlive/2025/texmf-dist/tex/generic/hologo/hologo.sty
Package: hologo 2025-11-11 v1.16 A logo collection with bookmark support (HO)

(c:/texlive/2025/texmf-dist/tex/latex/kvsetkeys/kvsetkeys.sty
Package: kvsetkeys 2022-10-05 v1.19 Key value parser (HO)
)
(c:/texlive/2025/texmf-dist/tex/generic/kvdefinekeys/kvdefinekeys.sty
Package: kvdefinekeys 2019-12-19 v1.6 Define keys (HO)
)
(c:/texlive/2025/texmf-dist/tex/generic/pdftexcmds/pdftexcmds.sty
Package: pdftexcmds 2020-06-27 v0.33 Utility functions of pdfTeX for LuaTeX (HO
)
Package pdftexcmds Info: \pdf@primitive is available.
Package pdftexcmds Info: \pdf@ifprimitive is available.
Package pdftexcmds Info: \pdfdraftmode found.
\pdftexcmds@toks=\toks43
))
(c:/texlive/2025/texmf-dist/tex/latex/hyperref/hyperref.sty
Package: hyperref 2025-07-12 v7.01o Hypertext links for LaTeX

(c:/texlive/2025/texmf-dist/tex/generic/pdfescape/pdfescape.sty
Package: pdfescape 2019/12/09 v1.15 Implements pdfTeX's escape features (HO)
)
(c:/texlive/2025/texmf-dist/tex/latex/hycolor/hycolor.sty
Package: hycolor 2020-01-27 v1.10 Color options for hyperref/bookmark (HO)
)
(c:/texlive/2025/texmf-dist/tex/latex/hyperref/nameref.sty
Package: nameref 2025-06-21 v2.57 Cross-referencing by name of section

(c:/texlive/2025/texmf-dist/tex/latex/refcount/refcount.sty
Package: refcount 2019/12/15 v3.6 Data extraction from label references (HO)
)
(c:/texlive/2025/texmf-dist/tex/generic/gettitlestring/gettitlestring.sty
Package: gettitlestring 2019/12/15 v1.6 Cleanup title references (HO)

(c:/texlive/2025/texmf-dist/tex/latex/kvoptions/kvoptions.sty
Package: kvoptions 2022-06-15 v3.15 Key value format for package options (HO)
))
\c@section@level=\count402
)
(c:/texlive/2025/texmf-dist/tex/generic/stringenc/stringenc.sty
Package: stringenc 2019/11/29 v1.12 Convert strings between diff. encodings (HO
)
)
\@linkdim=\dimen361
\Hy@linkcounter=\count403
\Hy@pagecounter=\count404

(c:/texlive/2025/texmf-dist/tex/latex/hyperref/pd1enc.def
File: pd1enc.def 2025-07-12 v7.01o Hyperref: PDFDocEncoding definition (HO)
)
(c:/texlive/2025/texmf-dist/tex/generic/intcalc/intcalc.sty
Package: intcalc 2019/12/15 v1.3 Expandable calculations with integers (HO)
)
\Hy@SavedSpaceFactor=\count405

(c:/texlive/2025/texmf-dist/tex/latex/hyperref/puenc.def
File: puenc.def 2025-07-12 v7.01o Hyperref: PDF Unicode definition (HO)
)
Package hyperref Info: Hyper figures OFF on input line 4195.
Package hyperref Info: Link nesting OFF on input line 4200.
Package hyperref Info: Hyper index ON on input line 4203.
Package hyperref Info: Plain pages OFF on input line 4210.
Package hyperref Info: Backreferencing OFF on input line 4215.
Package hyperref Info: Implicit mode ON; LaTeX internals redefined.
Package hyperref Info: Bookmarks ON on input line 4462.
\c@Hy@tempcnt=\count406

(c:/texlive/2025/texmf-dist/tex/latex/url/url.sty
\Urlmuskip=\muskip18
Package: url 2013/09/16  ver 3.4  Verb mode for urls, etc.
)
LaTeX Info: Redefining \url on input line 4801.
\XeTeXLinkMargin=\dimen362

(c:/texlive/2025/texmf-dist/tex/generic/bitset/bitset.sty
Package: bitset 2019/12/09 v1.3 Handle bit-vector datatype (HO)

(c:/texlive/2025/texmf-dist/tex/generic/bigintcalc/bigintcalc.sty
Package: bigintcalc 2019/12/15 v1.5 Expandable calculations on big integers (HO
)
))
\Fld@menulength=\count407
\Field@Width=\dimen363
\Fld@charsize=\dimen364
Package hyperref Info: Hyper figures OFF on input line 6078.
Package hyperref Info: Link nesting OFF on input line 6083.
Package hyperref Info: Hyper index ON on input line 6086.
Package hyperref Info: backreferencing OFF on input line 6093.
Package hyperref Info: Link coloring OFF on input line 6098.
Package hyperref Info: Link coloring with OCG OFF on input line 6103.
Package hyperref Info: PDF/A mode OFF on input line 6108.
\Hy@abspage=\count408
\c@Item=\count409
\c@Hfootnote=\count410
)
Package hyperref Info: Driver (autodetected): hluatex.

(c:/texlive/2025/texmf-dist/tex/latex/hyperref/hluatex.def
File: hluatex.def 2025-07-12 v7.01o Hyperref driver for luaTeX
\Fld@listcount=\count411
\c@bookmark@seq@number=\count412

(c:/texlive/2025/texmf-dist/tex/latex/rerunfilecheck/rerunfilecheck.sty
Package: rerunfilecheck 2025-06-21 v1.11 Rerun checks for auxiliary files (HO)

(c:/texlive/2025/texmf-dist/tex/generic/uniquecounter/uniquecounter.sty
Package: uniquecounter 2019/12/15 v1.4 Provide unlimited unique counter (HO)
)
Package uniquecounter Info: New unique counter `rerunfilecheck' on input line 2
84.
)
\Hy@SectionHShift=\skip76
)
(c:/texlive/2025/texmf-dist/tex/latex/geometry/geometry.sty
Package: geometry 2020/01/02 v5.9 Page Geometry

(c:/texlive/2025/texmf-dist/tex/generic/iftex/ifvtex.sty
Package: ifvtex 2019/10/25 v1.7 ifvtex legacy package. Use iftex instead.
)
\Gm@cnth=\count413
\Gm@cntv=\count414
\c@Gm@tempcnt=\count415
\Gm@bindingoffset=\dimen365
\Gm@wd@mp=\dimen366
\Gm@odd@mp=\dimen367
\Gm@even@mp=\dimen368
\Gm@layoutwidth=\dimen369
\Gm@layoutheight=\dimen370
\Gm@layouthoffset=\dimen371
\Gm@layoutvoffset=\dimen372
\Gm@dimlist=\toks44
)
(c:/texlive/2025/texmf-dist/tex/latex/tcolorbox/tcolorbox.sty
Package: tcolorbox 2025/11/28 version 6.9.0 text color boxes

(c:/texlive/2025/texmf-dist/tex/latex/tools/verbatim.sty
Package: verbatim 2024-01-22 v1.5x LaTeX2e package for verbatim enhancements
\every@verbatim=\toks45
\verbatim@line=\toks46
\verbatim@in@stream=\read4
)
(c:/texlive/2025/texmf-dist/tex/latex/environ/environ.sty
Package: environ 2014/05/04 v0.3 A new way to define environments

(c:/texlive/2025/texmf-dist/tex/latex/trimspaces/trimspaces.sty
Package: trimspaces 2009/09/17 v1.1 Trim spaces around a token list
))
\tcb@titlebox=\box146
\tcb@upperbox=\box147
\tcb@lowerbox=\box148
\tcb@phantombox=\box149
\c@tcbbreakpart=\count416
\c@tcblayer=\count417
\c@tcolorbox@number=\count418
\l__tcobox_tmpa_box=\box150
\l__tcobox_tmpa_dim=\dimen373
\tcb@temp=\box151
\tcb@temp=\box152
\tcb@temp=\box153
\tcb@temp=\box154
)
(c:/texlive/2025/texmf-dist/tex/latex/tcolorbox/tcbskins.code.tex
Library (tcolorbox): 'tcbskins.code.tex' version '6.9.0'
(c:/texlive/2025/texmf-dist/tex/latex/tikzfill/tikzfill.image.sty
Package: tikzfill.image 2023/08/08 v1.0.1 Image filling library for TikZ

(c:/texlive/2025/texmf-dist/tex/latex/tikzfill/tikzfill-common.sty
Package: tikzfill-common 2023/08/08 v1.0.1 Auxiliary code for tikzfill
)
(c:/texlive/2025/texmf-dist/tex/latex/tikzfill/tikzlibraryfill.image.code.tex
File: tikzlibraryfill.image.code.tex 2023/08/08 v1.0.1 Image filling library
\l__tikzfill_img_box=\box155
)) (c:/texlive/2025/texmf-dist/tex/latex/tcolorbox/tcbskinsjigsaw.code.tex
Library (tcolorbox): 'tcbskinsjigsaw.code.tex' version '6.9.0'
)) (c:/texlive/2025/texmf-dist/tex/latex/tcolorbox/tcbhooks.code.tex
Library (tcolorbox): 'tcbhooks.code.tex' version '6.9.0'
) (c:/texlive/2025/texmf-dist/tex/generic/babel/babel.sty
Package: babel 2025/12/11 v25.17 The multilingual framework for LuaLaTeX, pdfLa
TeX and XeLaTeX

(c:/texlive/2025/texmf-dist/tex/generic/babel/luababel.def
\bbl@readstream=\read5
\l@dumylang=\language2
Package babel Info: Non-standard hyphenation setup on input line 118.
\l@nohyphenation=\language3
\l@german-x-2024-02-28=\language4
\l@ngerman-x-2024-02-28=\language5
\l@afrikaans=\language6
\l@albanian=\language7
\l@ancientgreek=\language8
\l@ibycus=\language9
\l@arabic=\language10
\l@armenian=\language11
\l@basque=\language12
\l@belarusian=\language13
\l@bulgarian=\language14
\l@catalan=\language15
\l@pinyin=\language16
\l@churchslavonic=\language17
\l@coptic=\language18
\l@croatian=\language19
\l@czech=\language20
\l@danish=\language21
\l@dutch=\language22
\l@ukenglish=\language23
\l@usenglishmax=\language24
\l@esperanto=\language25
\l@estonian=\language26
\l@ethiopic=\language27
\l@farsi=\language28
\l@finnish=\language29
\l@schoolfinnish=\language30
\l@french=\language31
\l@friulan=\language32
\l@galician=\language33
\l@georgian=\language34
\l@german=\language35
\l@ngerman=\language36
\l@swissgerman=\language37
\l@greek=\language38
\l@monogreek=\language39
\l@hebrew=\language40
\l@hungarian=\language41
\l@icelandic=\language42
\l@assamese=\language43
\l@bengali=\language44
\l@gujarati=\language45
\l@hindi=\language46
\l@kannada=\language47
\l@malayalam=\language48
\l@marathi=\language49
\l@oriya=\language50
\l@pali=\language51
\l@panjabi=\language52
\l@tamil=\language53
\l@telugu=\language54
\l@indonesian=\language55
\l@interlingua=\language56
\l@irish=\language57
\l@italian=\language58
\l@kurmanji=\language59
\l@classiclatin=\language60
\l@latin=\language61
\l@liturgicallatin=\language62
\l@latvian=\language63
\l@lithuanian=\language64
\l@macedonian=\language65
\l@mongolian=\language66
\l@mongolianlmc=\language67
\l@bokmal=\language68
\l@nynorsk=\language69
\l@occitan=\language70
\l@piedmontese=\language71
\l@polish=\language72
\l@portuguese=\language73
\l@romanian=\language74
\l@romansh=\language75
\l@russian=\language76
\l@sanskrit=\language77
\l@serbian=\language78
\l@serbianc=\language79
\l@slovak=\language80
\l@slovenian=\language81
\l@spanish=\language82
\l@swedish=\language83
\l@thai=\language84
\l@turkish=\language85
\l@turkmen=\language86
\l@ukrainian=\language87
\l@uppersorbian=\language88
\l@vietnamese=\language89
\l@welsh=\language90
\babelcatcodetablenum=\catcodetable16
\bbl@pattcodes=\catcodetable17
)
\babel@savecnt=\count419
LaTeX Encoding Info:    Redeclaring text command \ij (encoding OT1) on input li
ne 2068.
LaTeX Encoding Info:    Redeclaring text command \IJ (encoding OT1) on input li
ne 2070.
LaTeX Encoding Info:    Redeclaring text command \ij (encoding T1) on input lin
e 2072.
LaTeX Encoding Info:    Redeclaring text command \IJ (encoding T1) on input lin
e 2073.
LaTeX Encoding Info:    Ignoring declaration for text command \ij (encoding ?) 
on input line 2074.
LaTeX Encoding Info:    Ignoring declaration for text command \IJ (encoding ?) 
on input line 2076.
LaTeX Encoding Info:    Ignoring declaration for text command \SS (encoding ?) 
on input line 2101.
\U@D=\dimen374
\l@unhyphenated=\language91

(c:/texlive/2025/texmf-dist/tex/generic/babel/luababel.def
\bbl@attr@locale=\attribute4
)
(c:/texlive/2025/texmf-dist/tex/generic/babel/locale/fr/babel-french.tex)
Package babel Info: Importing font and identification data for french
(babel)             from babel-fr.ini. Reported on input line 4320.

(c:/texlive/2025/texmf-dist/tex/generic/babel-french/french.ldf
Language: french 2025-08-15 v4.0e French support from the babel system
\FB@spacing=\attribute5
\FB@addDPspace=\attribute6
\FB@ucsNBSP=\attribute7
\FBguill@level=\count420
\FBold@everypar=\toks47
\FB@Mht=\dimen375
\mc@charclass=\count421
\mc@charfam=\count422
\mc@charslot=\count423
\std@mcc=\count424
\dec@mcc=\count425
Inserting `frenchb.french_punctuation' in `kerning'.
Inserting `frenchb.euphonic_t' in `pre_linebreak_filter'.
\FB@pardim=\dimen376
\listindentFB=\dimen377
\descindentFB=\dimen378
\labelindentFB=\dimen379
\labelwidthFB=\dimen380
\leftmarginFB=\dimen381
\parindentFFN=\dimen382
\FBfnindent=\dimen383

(c:/texlive/2025/texmf-dist/tex/generic/hyph-utf8/loadhyph/loadhyph-fr.tex
UTF-8 French hyphenation patterns
(c:/texlive/2025/texmf-dist/tex/generic/hyph-utf8/patterns/tex/hyph-fr.tex)
(c:/texlive/2025/texmf-dist/tex/generic/hyph-utf8/patterns/quote/hyph-quote-fr.
tex)))) (c:/texlive/2025/texmf-dist/tex/latex/carlisle/scalefnt.sty)
Package french.ldf Info: Setting StandardItemizeEnv=true for
(french.ldf)             compatibility with enumitem package,
(french.ldf)             reported on input line 46.
Package french.ldf Info: Setting StandardEnumerateEnv=true for
(french.ldf)             compatibility with enumitem package,
(french.ldf)             reported on input line 46.

(./highlightx-doc.aux)
\openout1 = highlightx-doc.aux

LaTeX Font Info:    Checking defaults for OML/cmm/m/it on input line 46.
LaTeX Font Info:    ... okay on input line 46.
LaTeX Font Info:    Checking defaults for OMS/cmsy/m/n on input line 46.
LaTeX Font Info:    ... okay on input line 46.
LaTeX Font Info:    Checking defaults for OT1/cmr/m/n on input line 46.
LaTeX Font Info:    ... okay on input line 46.
LaTeX Font Info:    Checking defaults for T1/cmr/m/n on input line 46.
LaTeX Font Info:    ... okay on input line 46.
LaTeX Font Info:    Checking defaults for TS1/cmr/m/n on input line 46.
LaTeX Font Info:    ... okay on input line 46.
LaTeX Font Info:    Checking defaults for TU/lmr/m/n on input line 46.
LaTeX Font Info:    ... okay on input line 46.
LaTeX Font Info:    Checking defaults for OMX/cmex/m/n on input line 46.
LaTeX Font Info:    ... okay on input line 46.
LaTeX Font Info:    Checking defaults for U/cmr/m/n on input line 46.
LaTeX Font Info:    ... okay on input line 46.
LaTeX Font Info:    Checking defaults for PD1/pdf/m/n on input line 46.
LaTeX Font Info:    ... okay on input line 46.
LaTeX Font Info:    Checking defaults for PU/pdf/m/n on input line 46.
LaTeX Font Info:    ... okay on input line 46.

Package fontspec Info: 
(fontspec)             Adjusting the maths setup (use [no-math] to avoid
(fontspec)             this).

\symlegacymaths=\mathgroup6
LaTeX Font Info:    Overwriting symbol font `legacymaths' in version `bold'
(Font)                  OT1/cmr/m/n --> OT1/cmr/bx/n on input line 46.
LaTeX Font Info:    Redeclaring math accent \acute on input line 46.
LaTeX Font Info:    Redeclaring math accent \grave on input line 46.
LaTeX Font Info:    Redeclaring math accent \ddot on input line 46.
LaTeX Font Info:    Redeclaring math accent \tilde on input line 46.
LaTeX Font Info:    Redeclaring math accent \bar on input line 46.
LaTeX Font Info:    Redeclaring math accent \breve on input line 46.
LaTeX Font Info:    Redeclaring math accent \check on input line 46.
LaTeX Font Info:    Redeclaring math accent \hat on input line 46.
LaTeX Font Info:    Redeclaring math accent \dot on input line 46.
LaTeX Font Info:    Redeclaring math accent \mathring on input line 46.
LaTeX Font Info:    Redeclaring math symbol \Gamma on input line 46.
LaTeX Font Info:    Redeclaring math symbol \Delta on input line 46.
LaTeX Font Info:    Redeclaring math symbol \Theta on input line 46.
LaTeX Font Info:    Redeclaring math symbol \Lambda on input line 46.
LaTeX Font Info:    Redeclaring math symbol \Xi on input line 46.
LaTeX Font Info:    Redeclaring math symbol \Pi on input line 46.
LaTeX Font Info:    Redeclaring math symbol \Sigma on input line 46.
LaTeX Font Info:    Redeclaring math symbol \Upsilon on input line 46.
LaTeX Font Info:    Redeclaring math symbol \Phi on input line 46.
LaTeX Font Info:    Redeclaring math symbol \Psi on input line 46.
LaTeX Font Info:    Redeclaring math symbol \Omega on input line 46.
LaTeX Font Info:    Redeclaring math symbol \mathdollar on input line 46.
LaTeX Font Info:    Redeclaring symbol font `operators' on input line 46.
LaTeX Font Info:    Encoding `OT1' has changed to `TU' for symbol font
(Font)              `operators' in the math version `normal' on input line 46.
LaTeX Font Info:    Overwriting symbol font `operators' in version `normal'
(Font)                  OT1/cmr/m/n --> TU/lmr/m/n on input line 46.
LaTeX Font Info:    Encoding `OT1' has changed to `TU' for symbol font
(Font)              `operators' in the math version `bold' on input line 46.
LaTeX Font Info:    Overwriting symbol font `operators' in version `bold'
(Font)                  OT1/cmr/bx/n --> TU/lmr/m/n on input line 46.
LaTeX Font Info:    Overwriting symbol font `operators' in version `normal'
(Font)                  TU/lmr/m/n --> TU/lmr/m/n on input line 46.
LaTeX Font Info:    Overwriting math alphabet `\mathit' in version `normal'
(Font)                  OT1/cmr/m/it --> TU/lmr/m/it on input line 46.
LaTeX Font Info:    Overwriting math alphabet `\mathbf' in version `normal'
(Font)                  OT1/cmr/bx/n --> TU/lmr/b/n on input line 46.
LaTeX Font Info:    Overwriting math alphabet `\mathsf' in version `normal'
(Font)                  OT1/cmss/m/n --> TU/lmss/m/n on input line 46.
LaTeX Font Info:    Overwriting math alphabet `\mathtt' in version `normal'
(Font)                  OT1/cmtt/m/n --> TU/Inconsolatazi4(0)/m/n on input line
 46.
LaTeX Font Info:    Overwriting symbol font `operators' in version `bold'
(Font)                  TU/lmr/m/n --> TU/lmr/b/n on input line 46.
LaTeX Font Info:    Overwriting math alphabet `\mathit' in version `bold'
(Font)                  OT1/cmr/bx/it --> TU/lmr/b/it on input line 46.
LaTeX Font Info:    Overwriting math alphabet `\mathsf' in version `bold'
(Font)                  OT1/cmss/bx/n --> TU/lmss/b/n on input line 46.
LaTeX Font Info:    Overwriting math alphabet `\mathtt' in version `bold'
(Font)                  OT1/cmtt/m/n --> TU/Inconsolatazi4(0)/b/n on input line
 46.

(c:/texlive/2025/texmf-dist/tex/context/base/mkii/supp-pdf.mkii
[Loading MPS to PDF converter (version 2006.09.02).]
\scratchcounter=\count426
\scratchdimen=\dimen384
\scratchbox=\box156
\nofMPsegments=\count427
\nofMParguments=\count428
\everyMPshowfont=\toks48
\MPscratchCnt=\count429
\MPscratchDim=\dimen385
\MPnumerator=\count430
\makeMPintoPDFobject=\count431
\everyMPtoPDFconversion=\toks49
) (c:/texlive/2025/texmf-dist/tex/latex/epstopdf-pkg/epstopdf-base.sty
Package: epstopdf-base 2020-01-24 v2.11 Base part for package epstopdf
Package epstopdf-base Info: Redefining graphics rule for `.eps' on input line 4
85.

(c:/texlive/2025/texmf-dist/tex/latex/latexconfig/epstopdf-sys.cfg
File: epstopdf-sys.cfg 2010/07/13 v1.3 Configuration of (r)epstopdf for TeX Liv
e
))
Package hyperref Info: Link coloring OFF on input line 46.

(./highlightx-doc.out) (./highlightx-doc.out)
\@outlinefile=\write5

\openout5 = highlightx-doc.out

*geometry* driver: auto-detecting
*geometry* detected driver: luatex
*geometry* verbose mode - [ preamble ] result:
* driver: luatex
* paper: a4paper
* layout: <same size as paper>
* layoutoffset:(h,v)=(0.0pt,0.0pt)
* modes: 
* h-part:(L,W,R)=(42.67912pt, 512.14963pt, 42.67912pt)
* v-part:(T,H,B)=(42.67912pt, 759.6886pt, 42.67912pt)
* \paperwidth=597.50787pt
* \paperheight=845.04684pt
* \textwidth=512.14963pt
* \textheight=759.6886pt
* \oddsidemargin=-29.59087pt
* \evensidemargin=-29.59087pt
* \topmargin=-66.59087pt
* \headheight=12.0pt
* \headsep=25.0pt
* \topskip=11.0pt
* \footskip=30.0pt
* \marginparwidth=50.0pt
* \marginparsep=10.0pt
* \columnsep=10.0pt
* \skip\footins=10.0pt plus 4.0pt minus 2.0pt
* \hoffset=0.0pt
* \voffset=0.0pt
* \mag=1000
* \@twocolumnfalse
* \@twosidefalse
* \@mparswitchfalse
* \@reversemarginfalse
* (1in=72.27pt=25.4mm, 1cm=28.453pt)

LaTeX Font Info:    Trying to load font information for U+msa on input line 56.

(c:/texlive/2025/texmf-dist/tex/latex/amsfonts/umsa.fd
File: umsa.fd 2013/01/14 v3.01 AMS symbols A
)
LaTeX Font Info:    Trying to load font information for U+msb on input line 56.


(c:/texlive/2025/texmf-dist/tex/latex/amsfonts/umsb.fd
File: umsb.fd 2013/01/14 v3.01 AMS symbols B
)
LaTeX Font Info:    Font shape `TU/Inconsolatazi4(0)/m/n' will be
(Font)              scaled to size 23.46432pt on input line 57.
LaTeX Font Info:    Font shape `TU/Inconsolatazi4(0)/m/n' will be
(Font)              scaled to size 16.29675pt on input line 61.
LaTeX Font Info:    Font shape `TU/Inconsolatazi4(0)/m/n' will be
(Font)              scaled to size 9.431pt on input line 64.
LaTeX Font Info:    Font shape `TU/Inconsolatazi4(0)/m/n' will be
(Font)              scaled to size 10.32693pt on input line 73.

Missing character: There is no ’ (U+2019) in font ectt1000!
Missing character: There is no ’ (U+2019) in font ectt1000!
Missing character: There is no ’ (U+2019) in font ectt1000!
Missing character: There is no ’ (U+2019) in font ectt1000!
Missing character: There is no ’ (U+2019) in font ectt1000!
Missing character: There is no ’ (U+2019) in font ectt1000!
Missing character: There is no ’ (U+2019) in font ectt1000!
Missing character: There is no ’ (U+2019) in font ectt1000!
Missing character: There is no ’ (U+2019) in font ectt1000!
Missing character: There is no ’ (U+2019) in font ectt1000!
Missing character: There is no ’ (U+2019) in font ectt1000!
Missing character: There is no ’ (U+2019) in font ectt1000!
Missing character: There is no ’ (U+2019) in font ectt1000!
Missing character: There is no ’ (U+2019) in font ectt1000!
Missing character: There is no ’ (U+2019) in font ectt1000!
Missing character: There is no ’ (U+2019) in font ectt1000!
Missing character: There is no ’ (U+2019) in font ectt1000!
Missing character: There is no ’ (U+2019) in font ectt1000!
Missing character: There is no ’ (U+2019) in font ectt1000!
Missing character: There is no ’ (U+2019) in font ectt1000!
Missing character: There is no ’ (U+2019) in font ectt1000!
Missing character: There is no ’ (U+2019) in font ectt1000!
Missing character: There is no ’ (U+2019) in font ectt1000!
Missing character: There is no ’ (U+2019) in font ectt1000!
Missing character: There is no ’ (U+2019) in font ectt1000!
Missing character: There is no ’ (U+2019) in font ectt1000!
Missing character: There is no ’ (U+2019) in font ectt1000!
Missing character: There is no ’ (U+2019) in font ectt1000!
Missing character: There is no ’ (U+2019) in font ectt1000!
Missing character: There is no ’ (U+2019) in font ectt1000!
Missing character: There is no ’ (U+2019) in font ectt1000!
Missing character: There is no ’ (U+2019) in font ectt1000!
Missing character: There is no ’ (U+2019) in font ectt1000!
Missing character: There is no ’ (U+2019) in font ectt1000!
Missing character: There is no ’ (U+2019) in font ectt1000!
Missing character: There is no ’ (U+2019) in font ectt1000!
Missing character: There is no ’ (U+2019) in font ectt1000!
Missing character: There is no ’ (U+2019) in font ectt1000!
Missing character: There is no ’ (U+2019) in font ectt1000!
Missing character: There is no ’ (U+2019) in font ectt1000!
[1

{c:/texlive/2025/texmf-var/fonts/map/pdftex/updmap/pdftex.map}]
(./highlightx-doc.toc)
\tf@toc=\write6

\openout6 = highlightx-doc.toc

Missing character: There is no ’ (U+2019) in font ectt1000!
Missing character: There is no ’ (U+2019) in font ectt1000!
Missing character: There is no ’ (U+2019) in font ectt1000!
Missing character: There is no ’ (U+2019) in font ectt1000!
Missing character: There is no ’ (U+2019) in font ectt1000!
Missing character: There is no ’ (U+2019) in font ectt1000!
Missing character: There is no ’ (U+2019) in font ectt1000!
Missing character: There is no ’ (U+2019) in font ectt1000!
Missing character: There is no ’ (U+2019) in font ectt1000!
Missing character: There is no ’ (U+2019) in font ectt1000!
Missing character: There is no ’ (U+2019) in font ectt1000!
Missing character: There is no ’ (U+2019) in font ectt1000!
Missing character: There is no ’ (U+2019) in font ectt1000!
Missing character: There is no ’ (U+2019) in font ectt1000!
Missing character: There is no ’ (U+2019) in font ectt1000!
Missing character: There is no ’ (U+2019) in font ectt1000!
Missing character: There is no ’ (U+2019) in font ectt1000!
Missing character: There is no ’ (U+2019) in font ectt1000!
Missing character: There is no ’ (U+2019) in font ectt1000!
Missing character: There is no ’ (U+2019) in font ectt1000!

Underfull \hbox (badness 10000) in paragraph at lines 152--152

 []


Underfull \hbox (badness 10000) in paragraph at lines 152--152

 []


Underfull \hbox (badness 10000) detected at line 152

 []


Underfull \hbox (badness 10000) detected at line 152

 []

[2]
Underfull \hbox (badness 10000) in paragraph at lines 219--219

 []


Underfull \hbox (badness 10000) detected at line 219

 []

Missing character: There is no ’ (U+2019) in font ectt1000!
Missing character: There is no ’ (U+2019) in font ectt1000!
Missing character: There is no ’ (U+2019) in font ectt1000!
Missing character: There is no ’ (U+2019) in font ectt1000!
Missing character: There is no ’ (U+2019) in font ectt1000!
Missing character: There is no ’ (U+2019) in font ectt1000!
Missing character: There is no ’ (U+2019) in font ectt1000!
Missing character: There is no ’ (U+2019) in font ectt1000!
Missing character: There is no ’ (U+2019) in font ectt1000!
Missing character: There is no ’ (U+2019) in font ectt1000!
Missing character: There is no ’ (U+2019) in font ectt1000!
Missing character: There is no ’ (U+2019) in font ectt1000!
Missing character: There is no ’ (U+2019) in font ectt1000!
Missing character: There is no ’ (U+2019) in font ectt1000!
Missing character: There is no ’ (U+2019) in font ectt1000!
Missing character: There is no ’ (U+2019) in font ectt1000!
Missing character: There is no ’ (U+2019) in font ectt1000!
Missing character: There is no ’ (U+2019) in font ectt1000!
Missing character: There is no ’ (U+2019) in font ectt1000!
Missing character: There is no ’ (U+2019) in font ectt1000!
[3] [4]
Underfull \hbox (badness 10000) in paragraph at lines 278--289

 []

[5]
Missing character: There is no ’ (U+2019) in font ectt1000!
Missing character: There is no ’ (U+2019) in font ectt1000!
Missing character: There is no ’ (U+2019) in font ectt1000!
Missing character: There is no ’ (U+2019) in font ectt1000!
Missing character: There is no ’ (U+2019) in font ectt1000!
Missing character: There is no ’ (U+2019) in font ectt1000!
Missing character: There is no ’ (U+2019) in font ectt1000!
Missing character: There is no ’ (U+2019) in font ectt1000!
Missing character: There is no ’ (U+2019) in font ectt1000!
Missing character: There is no ’ (U+2019) in font ectt1000!
Missing character: There is no ’ (U+2019) in font ectt1000!
Missing character: There is no ’ (U+2019) in font ectt1000!
Missing character: There is no ’ (U+2019) in font ectt1000!
Missing character: There is no ’ (U+2019) in font ectt1000!
Missing character: There is no ’ (U+2019) in font ectt1000!
Missing character: There is no ’ (U+2019) in font ectt1000!
Missing character: There is no ’ (U+2019) in font ectt1000!
Missing character: There is no ’ (U+2019) in font ectt1000!
Missing character: There is no ’ (U+2019) in font ectt1000!
Missing character: There is no ’ (U+2019) in font ectt1000!
Missing character: There is no ’ (U+2019) in font ectt1000!
Missing character: There is no ’ (U+2019) in font ectt1000!
Missing character: There is no ’ (U+2019) in font ectt1000!
Missing character: There is no ’ (U+2019) in font ectt1000!
Missing character: There is no ’ (U+2019) in font ectt1000!
Missing character: There is no ’ (U+2019) in font ectt1000!
Missing character: There is no ’ (U+2019) in font ectt1000!
Missing character: There is no ’ (U+2019) in font ectt1000!
Missing character: There is no ’ (U+2019) in font ectt1000!
Missing character: There is no ’ (U+2019) in font ectt1000!
Missing character: There is no ’ (U+2019) in font ectt1000!
Missing character: There is no ’ (U+2019) in font ectt1000!
Missing character: There is no ’ (U+2019) in font ectt1000!
Missing character: There is no ’ (U+2019) in font ectt1000!
Missing character: There is no ’ (U+2019) in font ectt1000!
Missing character: There is no ’ (U+2019) in font ectt1000!
Missing character: There is no ’ (U+2019) in font ectt1000!
Missing character: There is no ’ (U+2019) in font ectt1000!
Missing character: There is no ’ (U+2019) in font ectt1000!
Missing character: There is no ’ (U+2019) in font ectt1000!

Underfull \hbox (badness 10000) in paragraph at lines 361--361

 []

Missing character: There is no ’ (U+2019) in font ectt1000!
Missing character: There is no ’ (U+2019) in font ectt1000!
Missing character: There is no ’ (U+2019) in font ectt1000!
Missing character: There is no ’ (U+2019) in font ectt1000!
Missing character: There is no ’ (U+2019) in font ectt1000!
Missing character: There is no ’ (U+2019) in font ectt1000!
Missing character: There is no ’ (U+2019) in font ectt1000!
Missing character: There is no ’ (U+2019) in font ectt1000!
Missing character: There is no ’ (U+2019) in font ectt1000!
Missing character: There is no ’ (U+2019) in font ectt1000!
Missing character: There is no ’ (U+2019) in font ectt1000!
Missing character: There is no ’ (U+2019) in font ectt1000!
Missing character: There is no ’ (U+2019) in font ectt1000!
Missing character: There is no ’ (U+2019) in font ectt1000!
Missing character: There is no ’ (U+2019) in font ectt1000!
Missing character: There is no ’ (U+2019) in font ectt1000!
Missing character: There is no ’ (U+2019) in font ectt1000!
Missing character: There is no ’ (U+2019) in font ectt1000!
Missing character: There is no ’ (U+2019) in font ectt1000!
Missing character: There is no ’ (U+2019) in font ectt1000!
Missing character: There is no ’ (U+2019) in font ectt1000!
Missing character: There is no ’ (U+2019) in font ectt1000!
Missing character: There is no ’ (U+2019) in font ectt1000!
Missing character: There is no ’ (U+2019) in font ectt1000!
Missing character: There is no ’ (U+2019) in font ectt1000!
Missing character: There is no ’ (U+2019) in font ectt1000!
Missing character: There is no ’ (U+2019) in font ectt1000!
Missing character: There is no ’ (U+2019) in font ectt1000!
Missing character: There is no ’ (U+2019) in font ectt1000!
Missing character: There is no ’ (U+2019) in font ectt1000!

Underfull \hbox (badness 10000) detected at line 361

 []

[6]
Missing character: There is no ’ (U+2019) in font ectt1000!
Missing character: There is no ’ (U+2019) in font ectt1000!
Missing character: There is no ’ (U+2019) in font ectt1000!
Missing character: There is no ’ (U+2019) in font ectt1000!
Missing character: There is no ’ (U+2019) in font ectt1000!
Missing character: There is no ’ (U+2019) in font ectt1000!
Missing character: There is no ’ (U+2019) in font ectt1000!
Missing character: There is no ’ (U+2019) in font ectt1000!
Missing character: There is no ’ (U+2019) in font ectt1000!
Missing character: There is no ’ (U+2019) in font ectt1000!
Missing character: There is no ’ (U+2019) in font ectt1000!
Missing character: There is no ’ (U+2019) in font ectt1000!
Missing character: There is no ’ (U+2019) in font ectt1000!
Missing character: There is no ’ (U+2019) in font ectt1000!
Missing character: There is no ’ (U+2019) in font ectt1000!
Missing character: There is no ’ (U+2019) in font ectt1000!
Missing character: There is no ’ (U+2019) in font ectt1000!
Missing character: There is no ’ (U+2019) in font ectt1000!
Missing character: There is no ’ (U+2019) in font ectt1000!
Missing character: There is no ’ (U+2019) in font ectt1000!
Missing character: There is no ’ (U+2019) in font ectt1000!
Missing character: There is no ’ (U+2019) in font ectt1000!
Missing character: There is no ’ (U+2019) in font ectt1000!
Missing character: There is no ’ (U+2019) in font ectt1000!
Missing character: There is no ’ (U+2019) in font ectt1000!
Missing character: There is no ’ (U+2019) in font ectt1000!
Missing character: There is no ’ (U+2019) in font ectt1000!
Missing character: There is no ’ (U+2019) in font ectt1000!
Missing character: There is no ’ (U+2019) in font ectt1000!
Missing character: There is no ’ (U+2019) in font ectt1000!
Missing character: There is no ’ (U+2019) in font ectt1000!
Missing character: There is no ’ (U+2019) in font ectt1000!
Missing character: There is no ’ (U+2019) in font ectt1000!
Missing character: There is no ’ (U+2019) in font ectt1000!
Missing character: There is no ’ (U+2019) in font ectt1000!
Missing character: There is no ’ (U+2019) in font ectt1000!
Missing character: There is no ’ (U+2019) in font ectt1000!
Missing character: There is no ’ (U+2019) in font ectt1000!
Missing character: There is no ’ (U+2019) in font ectt1000!
Missing character: There is no ’ (U+2019) in font ectt1000!
Missing character: There is no ’ (U+2019) in font ectt1000!
Missing character: There is no ’ (U+2019) in font ectt1000!
Missing character: There is no ’ (U+2019) in font ectt1000!
Missing character: There is no ’ (U+2019) in font ectt1000!
Missing character: There is no ’ (U+2019) in font ectt1000!
Missing character: There is no ’ (U+2019) in font ectt1000!
Missing character: There is no ’ (U+2019) in font ectt1000!
Missing character: There is no ’ (U+2019) in font ectt1000!
Missing character: There is no ’ (U+2019) in font ectt1000!
Missing character: There is no ’ (U+2019) in font ectt1000!
Missing character: There is no ’ (U+2019) in font ectt1000!
Missing character: There is no ’ (U+2019) in font ectt1000!
Missing character: There is no ’ (U+2019) in font ectt1000!
Missing character: There is no ’ (U+2019) in font ectt1000!
Missing character: There is no ’ (U+2019) in font ectt1000!
Missing character: There is no ’ (U+2019) in font ectt1000!
Missing character: There is no ’ (U+2019) in font ectt1000!
Missing character: There is no ’ (U+2019) in font ectt1000!
Missing character: There is no ’ (U+2019) in font ectt1000!
Missing character: There is no ’ (U+2019) in font ectt1000!
Missing character: There is no ’ (U+2019) in font ectt1000!
Missing character: There is no ’ (U+2019) in font ectt1000!
Missing character: There is no ’ (U+2019) in font ectt1000!
Missing character: There is no ’ (U+2019) in font ectt1000!
Missing character: There is no ’ (U+2019) in font ectt1000!
Missing character: There is no ’ (U+2019) in font ectt1000!
Missing character: There is no ’ (U+2019) in font ectt1000!
Missing character: There is no ’ (U+2019) in font ectt1000!
Missing character: There is no ’ (U+2019) in font ectt1000!
Missing character: There is no ’ (U+2019) in font ectt1000!
[7] [8]
Underfull \hbox (badness 10000) in paragraph at lines 476--476
[][]\TU/Inconsolatazi4(0)/m/n/10.95 L’aventure de [][]\TeX[][]\ débute en 197
6. Cette année-là, Donald Knuth reçoit les épreuves du deuxième
 []


Underfull \hbox (badness 10000) in paragraph at lines 476--476
\TU/Inconsolatazi4(0)/m/n/10.95 volume de son œuvre majeure, [][]\textit[][][]
[]{[][]The Art of Computer Programming[][]}[][]. Il reste stupéfait
 []


Underfull \hbox (badness 10000) in paragraph at lines 476--476
\TU/Inconsolatazi4(0)/m/n/10.95 devant la piètre qualité d’impression. Les 
éditeurs avaient remplacé la composition au plomb
 []


Underfull \hbox (badness 10000) in paragraph at lines 476--476
\TU/Inconsolatazi4(0)/m/n/10.95 par la photocomposition, une technique plus rapi
de et économique, [][]\FluoterTexte[][][][][[][]Inclinaison=-
 []


Underfull \hbox (badness 10000) in paragraph at lines 476--476
[][]\TU/Inconsolatazi4(0)/m/n/10.95 Cette déception aurait pu rester une simple
 anecdote. Mais ce professeur de Stanford décide de
 []


Underfull \hbox (badness 10000) in paragraph at lines 476--476
\TU/Inconsolatazi4(0)/m/n/10.95 prendre les choses en main. Le 1er février 1977
, il découvre les machines de composition numériques
 []


Underfull \hbox (badness 10000) in paragraph at lines 476--476
\TU/Inconsolatazi4(0)/m/n/10.95 haute résolution. Cette révélation le pousse 
à se lancer dans ce qui deviendra l’un des projets
 []


Underfull \hbox (badness 10000) detected at line 476
\TU/Inconsolatazi4(0)/m/n/10.95 haute résolution. Cette révélation le pousse 
à se lancer dans ce qui deviendra l’un des projets
 []


Underfull \hbox (badness 10000) detected at line 476
[][]\TU/Inconsolatazi4(0)/m/n/10.95 Cette déception aurait pu rester une simple
 anecdote. Mais ce professeur de Stanford décide de
 []


Underfull \hbox (badness 10000) detected at line 476
\TU/Inconsolatazi4(0)/m/n/10.95 par la photocomposition, une technique plus rapi
de et économique, [][]\FluoterTexte[][][][][[][]Inclinaison=-
 []


Underfull \hbox (badness 10000) detected at line 476
\TU/Inconsolatazi4(0)/m/n/10.95 devant la piètre qualité d’impression. Les 
éditeurs avaient remplacé la composition au plomb
 []


Underfull \hbox (badness 10000) detected at line 476
\TU/Inconsolatazi4(0)/m/n/10.95 volume de son œuvre majeure, [][]\textit[][][]
[]{[][]The Art of Computer Programming[][]}[][]. Il reste stupéfait
 []


Underfull \hbox (badness 10000) detected at line 476
[][]\TU/Inconsolatazi4(0)/m/n/10.95 L’aventure de [][]\TeX[][]\ débute en 197
6. Cette année-là, Donald Knuth reçoit les épreuves du deuxième
 []


Overfull \hbox (11.03365pt too wide) in paragraph at lines 476--476
[][][][][][] 
 []

[9]
Underfull \hbox (badness 10000) in paragraph at lines 483--483
[][]\TU/Inconsolatazi4(0)/m/n/10.95 L’aventure de [][]\TeX[][]\ débute en 197
6. Cette année-là, Donald Knuth reçoit les épreuves du deuxième
 []


Underfull \hbox (badness 10000) in paragraph at lines 483--483
\TU/Inconsolatazi4(0)/m/n/10.95 volume de son œuvre majeure, [][]\textit[][][]
[]{[][]The Art of Computer Programming[][]}[][]. Il reste stupéfait devant
 []


Underfull \hbox (badness 10000) in paragraph at lines 483--483
\TU/Inconsolatazi4(0)/m/n/10.95 la piètre qualité d’impression. Les éditeur
s avaient remplacé la composition au plomb par la
 []


Underfull \hbox (badness 10000) in paragraph at lines 483--483
\TU/Inconsolatazi4(0)/m/n/10.95 photocomposition, une technique plus rapide et 
économique, [][]\TexteAFluoter[][][][][[][]Couleur=cyan[][]][][][][]{[][]mais 
qui
 []


Underfull \hbox (badness 10000) in paragraph at lines 483--483
[][]\TU/Inconsolatazi4(0)/m/n/10.95 Cette déception aurait pu rester une simple
 anecdote. Mais ce professeur de Stanford décide de
 []


Underfull \hbox (badness 10000) in paragraph at lines 483--483
\TU/Inconsolatazi4(0)/m/n/10.95 prendre les choses en main. Le 1er février 1977
, il découvre les machines de composition numériques
 []


Underfull \hbox (badness 10000) in paragraph at lines 483--483
\TU/Inconsolatazi4(0)/m/n/10.95 haute résolution. Cette révélation le pousse 
à se lancer dans ce qui deviendra l’un des projets
 []


Underfull \hbox (badness 10000) detected at line 483
\TU/Inconsolatazi4(0)/m/n/10.95 haute résolution. Cette révélation le pousse 
à se lancer dans ce qui deviendra l’un des projets
 []


Underfull \hbox (badness 10000) detected at line 483
[][]\TU/Inconsolatazi4(0)/m/n/10.95 Cette déception aurait pu rester une simple
 anecdote. Mais ce professeur de Stanford décide de
 []


Underfull \hbox (badness 10000) detected at line 483
\TU/Inconsolatazi4(0)/m/n/10.95 photocomposition, une technique plus rapide et 
économique, [][]\TexteAFluoter[][][][][[][]Couleur=cyan[][]][][][][]{[][]mais 
qui
 []


Underfull \hbox (badness 10000) detected at line 483
\TU/Inconsolatazi4(0)/m/n/10.95 la piètre qualité d’impression. Les éditeur
s avaient remplacé la composition au plomb par la
 []


Underfull \hbox (badness 10000) detected at line 483
\TU/Inconsolatazi4(0)/m/n/10.95 volume de son œuvre majeure, [][]\textit[][][]
[]{[][]The Art of Computer Programming[][]}[][]. Il reste stupéfait devant
 []


Underfull \hbox (badness 10000) detected at line 483
[][]\TU/Inconsolatazi4(0)/m/n/10.95 L’aventure de [][]\TeX[][]\ débute en 197
6. Cette année-là, Donald Knuth reçoit les épreuves du deuxième
 []


Overfull \hbox (11.03365pt too wide) in paragraph at lines 483--483
[][][][][][] 
 []

[10]
Underfull \hbox (badness 10000) in paragraph at lines 516--516
[][][][]\TU/Inconsolatazi4(0)/m/n/10.95 \tikzset[][][][]{[][]fluoter/.style=[][
]{[][]fill opacity=0.5,text opacity=1,line width=0pt,inner sep=1mm,outer
 []


Underfull \hbox (badness 10000) detected at line 516
[][][][]\TU/Inconsolatazi4(0)/m/n/10.95 \tikzset[][][][]{[][]fluoter/.style=[][
]{[][]fill opacity=0.5,text opacity=1,line width=0pt,inner sep=1mm,outer
 []

[11] [12] [13] (./highlightx-doc.aux)
 ***********
LaTeX2e <2025-11-01>
L3 programming layer <2025-12-24>
 ***********
Package rerunfilecheck Info: File `highlightx-doc.out' has not changed.
(rerunfilecheck)             Checksum: 0FB7090F4583DA3895918F73AFBB3677;2667.
)

Here is how much of LuaTeX's memory you used:
 46501 strings out of 476081
 745170,1977958 words of node,token memory allocated
 85404 words of node memory still in use:
   994 hlist, 4 vlist, 2 rule, 23 disc, 7 local_par, 4 math, 1744 glue, 44 kern,
 26 penalty, 1046 glyph, 19859 attribute, 276 glue_spec, 3974 attribute_list, 37
6 write, 187 save_pos, 1772 pdf_literal, 34 pdf_colorstack nodes
   avail lists: 1:23,2:90274,3:20001,4:1556,5:1099,6:125,7:27567,8:64,9:7856,10:
37,11:315,12:2
 68097 multiletter control sequences out of 65536+600000
 83 fonts using 6150911 bytes
 117i,15n,114p,810b,5284s stack positions out of 10000i,1000n,20000p,200000b,200000s
<c:/texlive/2025/texmf-dist/fonts/opentype/public/lm/lmsans8-regular.otf><c:/tex
live/2025/texmf-dist/fonts/opentype/public/lm/lmsans10-bold.otf><c:/texlive/2025
/texmf-dist/fonts/opentype/public/fontawesome5/FontAwesome5Free-Solid-900.otf><c
:/texlive/2025/texmf-dist/fonts/opentype/public/fontawesome5/FontAwesome5Free-Re
gular-400.otf><c:/texlive/2025/texmf-dist/fonts/opentype/public/lm/lmroman10-bol
d.otf><c:/texlive/2025/texmf-dist/fonts/opentype/public/lm/lmroman12-bold.otf><c
:/texlive/2025/texmf-dist/fonts/opentype/public/lm/lmsans10-regular.otf><c:/texl
ive/2025/texmf-dist/fonts/opentype/public/lm/lmroman10-italic.otf><c:/texlive/20
25/texmf-dist/fonts/opentype/public/lm/lmroman10-regular.otf><c:/texlive/2025/te
xmf-dist/fonts/opentype/public/lm/lmroman17-regular.otf><c:/texlive/2025/texmf-d
ist/fonts/opentype/public/inconsolata/Inconsolatazi4-Regular.otf><c:/texlive/202
5/texmf-dist/fonts/type1/public/amsfonts/cm/cmex10.pfb><c:/texlive/2025/texmf-di
st/fonts/type1/public/amsfonts/cm/cmmi10.pfb><c:/texlive/2025/texmf-dist/fonts/t
ype1/public/amsfonts/cm/cmmi8.pfb><c:/texlive/2025/texmf-dist/fonts/type1/public
/amsfonts/cm/cmr10.pfb><c:/texlive/2025/texmf-dist/fonts/type1/public/amsfonts/c
m/cmr8.pfb><c:/texlive/2025/texmf-dist/fonts/type1/public/amsfonts/cm/cmsy10.pfb
><c:/texlive/2025/texmf-dist/fonts/type1/public/amsfonts/cm/cmsy8.pfb><c:/texliv
e/2025/texmf-dist/fonts/type1/public/amsfonts/symbols/msam10.pfb>
Output written on highlightx-doc.pdf (13 pages, 223666 bytes).

PDF statistics: 280 PDF objects out of 1000 (max. 8388607)
 221 compressed objects within 3 object streams
 31 named destinations out of 1000 (max. 131072)
 128 words of extra memory for PDF output out of 10000 (max. 100000000)

