\BOOKMARK [0][-]{part.1}{\376\377\000I\000\040\000H\000i\000s\000t\000o\000r\000i\000q\000u\000e}{}% 1
\BOOKMARK [1][-]{section.1}{\376\377\000L\000e\000\040\000p\000a\000c\000k\000a\000g\000e\000\040\000J\000e\000u\000x\000C\000a\000r\000t\000e\000s}{part.1}% 2
\BOOKMARK [2][-]{subsection.1.1}{\376\377\000\253\000\040\000P\000h\000i\000l\000o\000s\000o\000p\000h\000i\000e\000\040\000\273\000\040\000d\000u\000\040\000p\000a\000c\000k\000a\000g\000e}{section.1}% 3
\BOOKMARK [2][-]{subsection.1.2}{\376\377\000C\000h\000a\000r\000g\000e\000m\000e\000n\000t\000\040\000d\000u\000\040\000p\000a\000c\000k\000a\000g\000e}{section.1}% 4
\BOOKMARK [1][-]{section.2}{\376\377\000C\000o\000m\000p\000l\000\351\000m\000e\000n\000t\000s}{part.1}% 5
\BOOKMARK [2][-]{subsection.2.1}{\376\377\000L\000e\000\040\000s\000y\000s\000t\000\350\000m\000e\000\040\000d\000e\000\040\000\253\000\040\000c\000l\000\351\000s\000/\000o\000p\000t\000i\000o\000n\000s\000\040\000\273}{section.2}% 6
\BOOKMARK [2][-]{subsection.2.2}{\376\377\000L\000i\000s\000t\000e\000\040\000d\000e\000s\000\040\000c\000o\000m\000m\000a\000n\000d\000e\000s\000\040\000e\000t\000\040\000j\000e\000u\000x\000\040\000d\000i\000s\000p\000o\000n\000i\000b\000l\000e\000s}{section.2}% 7
\BOOKMARK [0][-]{part.2}{\376\377\000I\000I\000\040\000L\000e\000s\000\040\000c\000o\000m\000m\000a\000n\000d\000e\000s}{}% 8
\BOOKMARK [1][-]{section.3}{\376\377\000L\000e\000s\000\040\000c\000o\000m\000m\000a\000n\000d\000e\000s\000\040\000s\000i\000m\000p\000l\000e\000s\000\040\000\253\000\040\000A\000f\000f\000C\000a\000r\000t\000e\000J\000e\000u\000\040\000\273\000\040\000e\000t\000\040\000\253\000\040\000A\000f\000f\000C\000a\000r\000t\000e\000s\000J\000e\000u\000\040\000\273}{part.2}% 9
\BOOKMARK [2][-]{subsection.3.1}{\376\377\000I\000n\000t\000r\000o\000d\000u\000c\000t\000i\000o\000n}{section.3}% 10
\BOOKMARK [2][-]{subsection.3.2}{\376\377\000N\000o\000m\000s\000\040\000d\000e\000\040\000c\000a\000r\000t\000e\000s}{section.3}% 11
\BOOKMARK [2][-]{subsection.3.3}{\376\377\000C\000l\000\351\000s\000\040\000e\000t\000\040\000o\000p\000t\000i\000o\000n\000s}{section.3}% 12
\BOOKMARK [2][-]{subsection.3.4}{\376\377\000D\000e\000s\000i\000g\000n\000s\000\040\000d\000i\000s\000p\000o\000n\000i\000b\000l\000e\000s\000\040\000p\000o\000u\000r\000\040\000l\000e\000s\000\040\000c\000a\000r\000t\000e\000s\000\040\000c\000l\000a\000s\000s\000i\000q\000u\000e\000s\000\040\000\050\000P\000o\000k\000e\000r\000\051}{section.3}% 13
\BOOKMARK [1][-]{section.4}{\376\377\000M\000a\000i\000n\000\040\000d\000e\000\040\000c\000a\000r\000t\000e\000s}{part.2}% 14
\BOOKMARK [2][-]{subsection.4.1}{\376\377\000I\000n\000t\000r\000o\000d\000u\000c\000t\000i\000o\000n}{section.4}% 15
\BOOKMARK [2][-]{subsection.4.2}{\376\377\000J\000e\000u\000x\000\040\000c\000o\000m\000p\000l\000e\000t\000s}{section.4}% 16
\BOOKMARK [2][-]{subsection.4.3}{\376\377\000C\000l\000\351\000s\000\040\000e\000t\000\040\000o\000p\000t\000i\000o\000n\000s}{section.4}% 17
\BOOKMARK [1][-]{section.5}{\376\377\000M\000a\000i\000n\000s\000\040\000a\000l\000\351\000a\000t\000o\000i\000r\000e\000s}{part.2}% 18
\BOOKMARK [2][-]{subsection.5.1}{\376\377\000I\000n\000t\000r\000o\000d\000u\000c\000t\000i\000o\000n}{section.5}% 19
\BOOKMARK [2][-]{subsection.5.2}{\376\377\000C\000l\000\351\000s\000\040\000e\000t\000\040\000o\000p\000t\000i\000o\000n\000s}{section.5}% 20
\BOOKMARK [1][-]{section.6}{\376\377\000M\000i\000n\000i\000-\000C\000a\000r\000t\000e\000s}{part.2}% 21
\BOOKMARK [2][-]{subsection.6.1}{\376\377\000I\000n\000t\000r\000o\000d\000u\000c\000t\000i\000o\000n}{section.6}% 22
\BOOKMARK [2][-]{subsection.6.2}{\376\377\000N\000o\000m\000s\000\040\000d\000e\000s\000\040\000m\000i\000n\000i\000-\000c\000a\000r\000t\000e\000s}{section.6}% 23
\BOOKMARK [2][-]{subsection.6.3}{\376\377\000C\000l\000\351\000s\000\040\000e\000t\000\040\000o\000p\000t\000i\000o\000n\000s}{section.6}% 24
\BOOKMARK [2][-]{subsection.6.4}{\376\377\000M\000i\000n\000i\000-\000M\000a\000i\000n\000s\000\040\000e\000t\000\040\000m\000i\000n\000i\000-\000m\000a\000i\000n\000s\000\040\000a\000l\000\351\000a\000t\000o\000i\000r\000e\000s}{section.6}% 25
\BOOKMARK [0][-]{part.3}{\376\377\000I\000I\000I\000\040\000C\000o\000m\000p\000l\000\351\000m\000e\000n\000t\000s}{}% 26
\BOOKMARK [1][-]{section.7}{\376\377\000C\000a\000r\000t\000e\000s\000\040\000d\000i\000s\000p\000o\000n\000i\000b\000l\000e\000s}{part.3}% 27
\BOOKMARK [2][-]{subsection.7.1}{\376\377\000P\000o\000k\000e\000r\000/\000B\000a\000t\000a\000i\000l\000l\000e\000/\000B\000e\000l\000o\000t\000e\000/\000R\000a\000m\000i\000\040\000\050\000v\0001\000\051}{section.7}% 28
\BOOKMARK [2][-]{subsection.7.2}{\376\377\000P\000o\000k\000e\000r\000/\000B\000a\000t\000a\000i\000l\000l\000e\000/\000B\000e\000l\000o\000t\000e\000/\000R\000a\000m\000i\000\040\000\050\000v\0002\000\051}{section.7}% 29
\BOOKMARK [2][-]{subsection.7.3}{\376\377\000P\000o\000k\000e\000r\000/\000B\000a\000t\000a\000i\000l\000l\000e\000/\000B\000e\000l\000o\000t\000e\000/\000R\000a\000m\000i\000\040\000\050\000v\0003\000\051}{section.7}% 30
\BOOKMARK [2][-]{subsection.7.4}{\376\377\000P\000o\000k\000e\000r\000/\000B\000a\000t\000a\000i\000l\000l\000e\000/\000B\000e\000l\000o\000t\000e\000/\000R\000a\000m\000i\000\040\000\050\000v\0004\000\051}{section.7}% 31
\BOOKMARK [2][-]{subsection.7.5}{\376\377\000P\000o\000k\000e\000r\000/\000B\000a\000t\000a\000i\000l\000l\000e\000/\000B\000e\000l\000o\000t\000e\000/\000R\000a\000m\000i\000\040\000\050\000v\0005\000\051}{section.7}% 32
\BOOKMARK [2][-]{subsection.7.6}{\376\377\000P\000o\000k\000e\000r\000/\000B\000a\000t\000a\000i\000l\000l\000e\000/\000B\000e\000l\000o\000t\000e\000/\000R\000a\000m\000i\000\040\000\050\000v\0006\000\051}{section.7}% 33
\BOOKMARK [2][-]{subsection.7.7}{\376\377\000P\000o\000k\000e\000r\000/\000B\000a\000t\000a\000i\000l\000l\000e\000/\000B\000e\000l\000o\000t\000e\000/\000R\000a\000m\000i\000\040\000\050\000v\0007\000\051}{section.7}% 34
\BOOKMARK [2][-]{subsection.7.8}{\376\377\000P\000o\000k\000e\000r\000/\000B\000a\000t\000a\000i\000l\000l\000e\000/\000B\000e\000l\000o\000t\000e\000/\000R\000a\000m\000i\000\040\000\050\000f\000r\000\051}{section.7}% 35
\BOOKMARK [2][-]{subsection.7.9}{\376\377\000P\000o\000k\000e\000r\000/\000B\000a\000t\000a\000i\000l\000l\000e\000/\000B\000e\000l\000o\000t\000e\000/\000R\000a\000m\000i\000\040\000\050\000b\000i\000c\000\051}{section.7}% 36
\BOOKMARK [2][-]{subsection.7.10}{\376\377\000C\000a\000r\000t\000e\000s\000\040\000T\000a\000r\000o\000t}{section.7}% 37
\BOOKMARK [2][-]{subsection.7.11}{\376\377\000C\000a\000r\000t\000e\000s\000\040\000d\000e\000\040\000U\000n\000o}{section.7}% 38
\BOOKMARK [2][-]{subsection.7.12}{\376\377\000M\000i\000n\000i\000C\000a\000r\000t\000e\000s}{section.7}% 39
\BOOKMARK [1][-]{section.8}{\376\377\000C\000a\000r\000t\000e\000\040\000s\000i\000m\000p\000l\000e\000\040\000d\000a\000n\000s\000\040\000u\000n\000\040\000e\000n\000v\000i\000r\000o\000n\000n\000e\000m\000e\000n\000t\000\040\000T\000i\000k\000Z}{part.3}% 40
