\BOOKMARK [1][-]{section.1}{\376\377\0001\000\040\000I\000n\000t\000r\000o\000d\000u\000c\000t\000i\000o\000n}{}% 1
\BOOKMARK [1][-]{toc1.1}{\376\377\000C\000o\000n\000t\000e\000n\000t\000s}{}% 2
\BOOKMARK [1][-]{section.2}{\376\377\0002\000\040\000H\000i\000s\000t\000o\000r\000y}{}% 3
\BOOKMARK [1][-]{section.3}{\376\377\0003\000\040\000L\000o\000a\000d\000i\000n\000g\000,\000\040\000d\000e\000v\000e\000l\000o\000p\000m\000e\000n\000t\000s}{}% 4
\BOOKMARK [2][-]{subsection.3.1}{\376\377\0003\000.\0001\000\040\000L\000o\000a\000d\000i\000n\000g\000,\000\040\000u\000s\000e\000f\000u\000l\000\040\000p\000a\000c\000k\000a\000g\000e\000s}{section.3}% 5
\BOOKMARK [2][-]{subsection.3.2}{\376\377\0003\000.\0002\000\040\000D\000e\000v\000e\000l\000o\000p\000m\000e\000n\000t\000s}{section.3}% 6
\BOOKMARK [1][-]{section.4}{\376\377\0004\000\040\000G\000l\000o\000b\000a\000l\000\040\000u\000s\000a\000g\000e}{}% 7
\BOOKMARK [2][-]{subsection.4.1}{\376\377\0004\000.\0001\000\040\000V\000e\000r\000s\000i\000o\000n\000\040\0001}{section.4}% 8
\BOOKMARK [2][-]{subsection.4.2}{\376\377\0004\000.\0002\000\040\000V\000e\000r\000s\000i\000o\000n\000\040\0002}{section.4}% 9
\BOOKMARK [2][-]{subsection.4.3}{\376\377\0004\000.\0003\000\040\000I\000n\000d\000i\000v\000i\000d\000u\000a\000l\000\040\000p\000a\000r\000t}{section.4}% 10
\BOOKMARK [1][-]{section.5}{\376\377\0005\000\040\000K\000e\000y\000s\000\040\000a\000n\000d\000\040\000s\000t\000y\000l\000e\000s}{}% 11
\BOOKMARK [2][-]{subsection.5.1}{\376\377\0005\000.\0001\000\040\000K\000e\000y\000s}{section.5}% 12
\BOOKMARK [2][-]{subsection.5.2}{\376\377\0005\000.\0002\000\040\000E\000l\000e\000m\000e\000n\000t\000s}{section.5}% 13
\BOOKMARK [3][-]{subsubsection.5.2.1}{\376\377\0005\000.\0002\000.\0001\000\040\000B\000o\000d\000y\000\040\000/\000\040\000l\000e\000g\000s\000\040\000/\000\040\000h\000e\000a\000d\000\040\000/\000\040\000a\000r\000m\000s\000\040\000/\000\040\000h\000a\000n\000d\000s\000\040\000/\000\040\000h\000e\000a\000d\000s}{subsection.5.2}% 14
\BOOKMARK [3][-]{subsubsection.5.2.2}{\376\377\0005\000.\0002\000.\0002\000\040\000M\000o\000u\000t\000h}{subsection.5.2}% 15
\BOOKMARK [3][-]{subsubsection.5.2.3}{\376\377\0005\000.\0002\000.\0003\000\040\000E\000y\000e\000s}{subsection.5.2}% 16
\BOOKMARK [3][-]{subsubsection.5.2.4}{\376\377\0005\000.\0002\000.\0004\000\040\000E\000y\000e\000b\000r\000o\000w\000s}{subsection.5.2}% 17
\BOOKMARK [3][-]{subsubsection.5.2.5}{\376\377\0005\000.\0002\000.\0005\000\040\000H\000a\000i\000r}{subsection.5.2}% 18
\BOOKMARK [3][-]{subsubsection.5.2.6}{\376\377\0005\000.\0002\000.\0006\000\040\000H\000e\000a\000d\000\050\000s\000\051}{subsection.5.2}% 19
\BOOKMARK [2][-]{subsection.5.3}{\376\377\0005\000.\0003\000\040\000T\000h\000e\000\040\000o\000p\000t\000i\000o\000n\000a\000l\000\040\000l\000o\000g\000o}{section.5}% 20
\BOOKMARK [1][-]{section.6}{\376\377\0006\000\040\000S\000a\000m\000p\000l\000e\000s}{}% 21
\BOOKMARK [2][-]{subsection.6.1}{\376\377\0006\000.\0001\000\040\000I\000n\000f\000l\000u\000e\000n\000c\000e\000\040\000o\000f\000\040\000o\000p\000t\000i\000o\000n\000s}{section.6}% 22
\BOOKMARK [2][-]{subsection.6.2}{\376\377\0006\000.\0002\000\040\000R\000a\000n\000d\000o\000m\000\040\000u\000s\000a\000g\000e}{section.6}% 23
\BOOKMARK [2][-]{subsection.6.3}{\376\377\0006\000.\0003\000\040\000O\000v\000e\000r\000l\000a\000y\000\040\000u\000s\000a\000g\000e}{section.6}% 24
