This is LuaHBTeX, Version 1.22.0 (TeX Live 2025)  (format=lualatex 2025.11.25)  3 DEC 2025 09:39
 system commands enabled.
**ProfSio-doc-fr.tex
(./ProfSio-doc-fr.tex
LaTeX2e <2025-11-01>
L3 programming layer <2025-11-14>
Lua module: luaotfload 2024-12-03 v3.29 Lua based OpenType font support
Lua module: lualibs 2023-07-13 v2.76 ConTeXt Lua standard libraries.
Lua module: lualibs-extended 2023-07-13 v2.76 ConTeXt Lua libraries -- extended 
collection.
luaotfload | conf : Root cache directory is "C:/texlive/2025/texmf-var/luatex-ca
che/generic/names".
luaotfload | init : Loading fontloader "fontloader-2023-12-28.lua" from kpse-res
olved path "c:/texlive/2025/texmf-dist/tex/luatex/luaotfload/fontloader-2023-12-
28.lua".
Lua-only attribute luaotfload@noligature = 1
luaotfload | init : Context OpenType loader version 3.134
Inserting `luaotfload.node_processor' in `pre_linebreak_filter'.
Inserting `luaotfload.node_processor' in `hpack_filter'.
Inserting `luaotfload.glyph_stream' in `glyph_stream_provider'.
Inserting `luaotfload.define_font' in `define_font'.
Lua-only attribute luaotfload_color_attribute = 2
luaotfload | conf : Root cache directory is "C:/texlive/2025/texmf-var/luatex-ca
che/generic/names".
Inserting `luaotfload.harf.strip_prefix' in `find_opentype_file'.
Inserting `luaotfload.harf.strip_prefix' in `find_truetype_file'.
Removing  `luaotfload.glyph_stream' from `glyph_stream_provider'.
Inserting `luaotfload.harf.glyphstream' in `glyph_stream_provider'.
Inserting `luaotfload.harf.finalize_vlist' in `post_linebreak_filter'.
Inserting `luaotfload.harf.finalize_hlist' in `hpack_filter'.
Inserting `luaotfload.cleanup_files' in `wrapup_run'.
Inserting `luaotfload.harf.finalize_unicode' in `finish_pdffile'.
Inserting `luaotfload.glyphinfo' in `glyph_info'.
Lua-only attribute luaotfload.letterspace_done = 3
Inserting `luaotfload.aux.set_sscale_dimens' in `luaotfload.patch_font'.
Inserting `luaotfload.aux.set_font_index' in `luaotfload.patch_font'.
Inserting `luaotfload.aux.patch_cambria_domh' in `luaotfload.patch_font'.
Inserting `luaotfload.aux.fixup_fontdata' in `luaotfload.patch_font_unsafe'.
Inserting `luaotfload.aux.set_capheight' in `luaotfload.patch_font'.
Inserting `luaotfload.aux.set_xheight' in `luaotfload.patch_font'.
Inserting `luaotfload.rewrite_fontname' in `luaotfload.patch_font'.
Inserting `tracingstacklevels' in `input_level_string'. (c:/texlive/2025/texmf-
dist/tex/latex/base/article.cls
Document Class: article 2025/01/22 v1.4n Standard LaTeX document class
(c:/texlive/2025/texmf-dist/tex/latex/base/size11.clo
File: size11.clo 2025/01/22 v1.4n Standard LaTeX file (size option)
luaotfload | db : Font names database loaded from C:/texlive/2025/texmf-var/luat
ex-cache/generic/names/luaotfload-names.luc.gz)
\c@part=\count273
\c@section=\count274
\c@subsection=\count275
\c@subsubsection=\count276
\c@paragraph=\count277
\c@subparagraph=\count278
\c@figure=\count279
\c@table=\count280
\abovecaptionskip=\skip49
\belowcaptionskip=\skip50
\bibindent=\dimen147
) (c:/texlive/2025/texmf-dist/tex/latex/geometry/geometry.sty
Package: geometry 2020/01/02 v5.9 Page Geometry
(c:/texlive/2025/texmf-dist/tex/latex/graphics/keyval.sty
Package: keyval 2022/05/29 v1.15 key=value parser (DPC)
\KV@toks@=\toks17
) (c:/texlive/2025/texmf-dist/tex/generic/iftex/ifvtex.sty
Package: ifvtex 2019/10/25 v1.7 ifvtex legacy package. Use iftex instead.
(c:/texlive/2025/texmf-dist/tex/generic/iftex/iftex.sty
Package: iftex 2024/12/12 v1.0g TeX engine tests
))
\Gm@cnth=\count281
\Gm@cntv=\count282
\c@Gm@tempcnt=\count283
\Gm@bindingoffset=\dimen148
\Gm@wd@mp=\dimen149
\Gm@odd@mp=\dimen150
\Gm@even@mp=\dimen151
\Gm@layoutwidth=\dimen152
\Gm@layoutheight=\dimen153
\Gm@layouthoffset=\dimen154
\Gm@layoutvoffset=\dimen155
\Gm@dimlist=\toks18
) (c:/texlive/2025/texmf-dist/tex/latex/amsmath/amsmath.sty
Package: amsmath 2025/07/09 v2.17z AMS math features
\@mathmargin=\skip51
For additional information on amsmath, use the `?' option.
(c:/texlive/2025/texmf-dist/tex/latex/amsmath/amstext.sty
Package: amstext 2024/11/17 v2.01 AMS text
(c:/texlive/2025/texmf-dist/tex/latex/amsmath/amsgen.sty
File: amsgen.sty 1999/11/30 v2.0 generic functions
\@emptytoks=\toks19
\ex@=\dimen156
)) (c:/texlive/2025/texmf-dist/tex/latex/amsmath/amsbsy.sty
Package: amsbsy 1999/11/29 v1.2d Bold Symbols
\pmbraise@=\dimen157
) (c:/texlive/2025/texmf-dist/tex/latex/amsmath/amsopn.sty
Package: amsopn 2022/04/08 v2.04 operator names
)
\inf@bad=\count284
LaTeX Info: Redefining \frac on input line 235.
\uproot@=\count285
\leftroot@=\count286
LaTeX Info: Redefining \overline on input line 398.
LaTeX Info: Redefining \colon on input line 409.
\classnum@=\count287
\DOTSCASE@=\count288
LaTeX Info: Redefining \ldots on input line 495.
LaTeX Info: Redefining \dots on input line 498.
LaTeX Info: Redefining \cdots on input line 619.
\Mathstrutbox@=\box53
\strutbox@=\box54
LaTeX Info: Redefining \big on input line 721.
LaTeX Info: Redefining \Big on input line 722.
LaTeX Info: Redefining \bigg on input line 723.
LaTeX Info: Redefining \Bigg on input line 724.
\big@size=\dimen158
LaTeX Font Info:    Redeclaring font encoding OML on input line 742.
LaTeX Font Info:    Redeclaring font encoding OMS on input line 743.
\macc@depth=\count289
LaTeX Info: Redefining \bmod on input line 904.
LaTeX Info: Redefining \pmod on input line 909.
LaTeX Info: Redefining \smash on input line 939.
LaTeX Info: Redefining \relbar on input line 969.
LaTeX Info: Redefining \Relbar on input line 970.
\c@MaxMatrixCols=\count290
\dotsspace@=\muskip17
\c@parentequation=\count291
\dspbrk@lvl=\count292
\tag@help=\toks20
\row@=\count293
\column@=\count294
\maxfields@=\count295
\andhelp@=\toks21
\eqnshift@=\dimen159
\alignsep@=\dimen160
\tagshift@=\dimen161
\tagwidth@=\dimen162
\totwidth@=\dimen163
\lineht@=\dimen164
\@envbody=\toks22
\multlinegap=\skip52
\multlinetaggap=\skip53
\mathdisplay@stack=\toks23
LaTeX Info: Redefining \[ on input line 2950.
LaTeX Info: Redefining \] on input line 2951.
) (c:/texlive/2025/texmf-dist/tex/latex/amsfonts/amssymb.sty
Package: amssymb 2013/01/14 v3.01 AMS font symbols
(c:/texlive/2025/texmf-dist/tex/latex/amsfonts/amsfonts.sty
Package: amsfonts 2013/01/14 v3.01 Basic AMSFonts support
\symAMSa=\mathgroup4
\symAMSb=\mathgroup5
LaTeX Font Info:    Redeclaring math symbol \hbar on input line 98.
LaTeX Font Info:    Overwriting math alphabet `\mathfrak' in version `bold'
(Font)                  U/euf/m/n --> U/euf/b/n on input line 106.
)) (c:/Users/cpier/OneDrive/latex/tex/latex/profsio/tex/ProfSio.sty
Package: ProfSio 2025/09/24 0.3.5 Pour les enseignants de Maths en BTS SIO
(c:/texlive/2025/texmf-dist/tex/latex/pgf/frontendlayer/tikz.sty (c:/texlive/20
25/texmf-dist/tex/latex/pgf/basiclayer/pgf.sty (c:/texlive/2025/texmf-dist/tex/
latex/pgf/utilities/pgfrcs.sty (c:/texlive/2025/texmf-dist/tex/generic/pgf/util
ities/pgfutil-common.tex
\pgfutil@everybye=\toks24
\pgfutil@tempdima=\dimen165
\pgfutil@tempdimb=\dimen166
) (c:/texlive/2025/texmf-dist/tex/generic/pgf/utilities/pgfutil-latex.def
\pgfutil@abb=\box55
) (c:/texlive/2025/texmf-dist/tex/generic/pgf/utilities/pgfrcs.code.tex (c:/tex
live/2025/texmf-dist/tex/generic/pgf/pgf.revision.tex)
Package: pgfrcs 2025-08-29 v3.1.11a (3.1.11a)
))
Package: pgf 2025-08-29 v3.1.11a (3.1.11a)
(c:/texlive/2025/texmf-dist/tex/latex/pgf/basiclayer/pgfcore.sty (c:/texlive/20
25/texmf-dist/tex/latex/graphics/graphicx.sty
Package: graphicx 2024/12/31 v1.2e Enhanced LaTeX Graphics (DPC,SPQR)
(c:/texlive/2025/texmf-dist/tex/latex/graphics/graphics.sty
Package: graphics 2024/08/06 v1.4g Standard LaTeX Graphics (DPC,SPQR)
(c:/texlive/2025/texmf-dist/tex/latex/graphics/trig.sty
Package: trig 2023/12/02 v1.11 sin cos tan (DPC)
) (c:/texlive/2025/texmf-dist/tex/latex/graphics-cfg/graphics.cfg
File: graphics.cfg 2016/06/04 v1.11 sample graphics configuration
)
Package graphics Info: Driver file: luatex.def on input line 106.
(c:/texlive/2025/texmf-dist/tex/latex/graphics-def/luatex.def
File: luatex.def 2025/09/29 v1.2f Graphics/color driver for luatex
))
\Gin@req@height=\dimen167
\Gin@req@width=\dimen168
) (c:/texlive/2025/texmf-dist/tex/latex/pgf/systemlayer/pgfsys.sty (c:/texlive/
2025/texmf-dist/tex/generic/pgf/systemlayer/pgfsys.code.tex
Package: pgfsys 2025-08-29 v3.1.11a (3.1.11a)
(c:/texlive/2025/texmf-dist/tex/generic/pgf/utilities/pgfkeys.code.tex
\pgfkeys@pathtoks=\toks25
\pgfkeys@temptoks=\toks26

(c:/texlive/2025/texmf-dist/tex/generic/pgf/utilities/pgfkeyslibraryfiltered.co
de.tex
\pgfkeys@tmptoks=\toks27
))
\pgf@x=\dimen169
\pgf@y=\dimen170
\pgf@xa=\dimen171
\pgf@ya=\dimen172
\pgf@xb=\dimen173
\pgf@yb=\dimen174
\pgf@xc=\dimen175
\pgf@yc=\dimen176
\pgf@xd=\dimen177
\pgf@yd=\dimen178
\w@pgf@writea=\write3
\r@pgf@reada=\read2
\c@pgf@counta=\count296
\c@pgf@countb=\count297
\c@pgf@countc=\count298
\c@pgf@countd=\count299
\t@pgf@toka=\toks28
\t@pgf@tokb=\toks29
\t@pgf@tokc=\toks30
\pgf@sys@id@count=\count300
(c:/texlive/2025/texmf-dist/tex/generic/pgf/systemlayer/pgf.cfg
File: pgf.cfg 2025-08-29 v3.1.11a (3.1.11a)
)
Driver file for pgf: pgfsys-luatex.def
(c:/texlive/2025/texmf-dist/tex/generic/pgf/systemlayer/pgfsys-luatex.def
File: pgfsys-luatex.def 2025-08-29 v3.1.11a (3.1.11a)
(c:/texlive/2025/texmf-dist/tex/generic/pgf/systemlayer/pgfsys-common-pdf.def
File: pgfsys-common-pdf.def 2025-08-29 v3.1.11a (3.1.11a)
)))
(c:/texlive/2025/texmf-dist/tex/generic/pgf/systemlayer/pgfsyssoftpath.code.tex
File: pgfsyssoftpath.code.tex 2025-08-29 v3.1.11a (3.1.11a)
\pgfsyssoftpath@smallbuffer@items=\count301
\pgfsyssoftpath@bigbuffer@items=\count302
)
(c:/texlive/2025/texmf-dist/tex/generic/pgf/systemlayer/pgfsysprotocol.code.tex
File: pgfsysprotocol.code.tex 2025-08-29 v3.1.11a (3.1.11a)
)) (c:/texlive/2025/texmf-dist/tex/latex/xcolor/xcolor.sty
Package: xcolor 2024/09/29 v3.02 LaTeX color extensions (UK)
(c:/texlive/2025/texmf-dist/tex/latex/graphics-cfg/color.cfg
File: color.cfg 2016/01/02 v1.6 sample color configuration
)
Package xcolor Info: Driver file: luatex.def on input line 274.
(c:/texlive/2025/texmf-dist/tex/latex/graphics/mathcolor.ltx)
Package xcolor Info: Model `cmy' substituted by `cmy0' on input line 1349.
Package xcolor Info: Model `hsb' substituted by `rgb' on input line 1353.
Package xcolor Info: Model `RGB' extended on input line 1365.
Package xcolor Info: Model `HTML' substituted by `rgb' on input line 1367.
Package xcolor Info: Model `Hsb' substituted by `hsb' on input line 1368.
Package xcolor Info: Model `tHsb' substituted by `hsb' on input line 1369.
Package xcolor Info: Model `HSB' substituted by `hsb' on input line 1370.
Package xcolor Info: Model `Gray' substituted by `gray' on input line 1371.
Package xcolor Info: Model `wave' substituted by `hsb' on input line 1372.
) (c:/texlive/2025/texmf-dist/tex/generic/pgf/basiclayer/pgfcore.code.tex
Package: pgfcore 2025-08-29 v3.1.11a (3.1.11a)
(c:/texlive/2025/texmf-dist/tex/generic/pgf/math/pgfmath.code.tex (c:/texlive/2
025/texmf-dist/tex/generic/pgf/math/pgfmathutil.code.tex) (c:/texlive/2025/texm
f-dist/tex/generic/pgf/math/pgfmathparser.code.tex
\pgfmath@dimen=\dimen179
\pgfmath@count=\count303
\pgfmath@box=\box56
\pgfmath@toks=\toks31
\pgfmath@stack@operand=\toks32
\pgfmath@stack@operation=\toks33
) (c:/texlive/2025/texmf-dist/tex/generic/pgf/math/pgfmathfunctions.code.tex)
(c:/texlive/2025/texmf-dist/tex/generic/pgf/math/pgfmathfunctions.basic.code.te
x)
(c:/texlive/2025/texmf-dist/tex/generic/pgf/math/pgfmathfunctions.trigonometric
.code.tex)
(c:/texlive/2025/texmf-dist/tex/generic/pgf/math/pgfmathfunctions.random.code.t
ex)
(c:/texlive/2025/texmf-dist/tex/generic/pgf/math/pgfmathfunctions.comparison.co
de.tex)
(c:/texlive/2025/texmf-dist/tex/generic/pgf/math/pgfmathfunctions.base.code.tex
)
(c:/texlive/2025/texmf-dist/tex/generic/pgf/math/pgfmathfunctions.round.code.te
x)
(c:/texlive/2025/texmf-dist/tex/generic/pgf/math/pgfmathfunctions.misc.code.tex
)
(c:/texlive/2025/texmf-dist/tex/generic/pgf/math/pgfmathfunctions.integerarithm
etics.code.tex) (c:/texlive/2025/texmf-dist/tex/generic/pgf/math/pgfmathcalc.co
de.tex) (c:/texlive/2025/texmf-dist/tex/generic/pgf/math/pgfmathfloat.code.tex
\c@pgfmathroundto@lastzeros=\count304
)) (c:/texlive/2025/texmf-dist/tex/generic/pgf/math/pgfint.code.tex) (c:/texliv
e/2025/texmf-dist/tex/generic/pgf/basiclayer/pgfcorepoints.code.tex
File: pgfcorepoints.code.tex 2025-08-29 v3.1.11a (3.1.11a)
\pgf@picminx=\dimen180
\pgf@picmaxx=\dimen181
\pgf@picminy=\dimen182
\pgf@picmaxy=\dimen183
\pgf@pathminx=\dimen184
\pgf@pathmaxx=\dimen185
\pgf@pathminy=\dimen186
\pgf@pathmaxy=\dimen187
\pgf@xx=\dimen188
\pgf@xy=\dimen189
\pgf@yx=\dimen190
\pgf@yy=\dimen191
\pgf@zx=\dimen192
\pgf@zy=\dimen193
)
(c:/texlive/2025/texmf-dist/tex/generic/pgf/basiclayer/pgfcorepathconstruct.cod
e.tex
File: pgfcorepathconstruct.code.tex 2025-08-29 v3.1.11a (3.1.11a)
\pgf@path@lastx=\dimen194
\pgf@path@lasty=\dimen195
)
(c:/texlive/2025/texmf-dist/tex/generic/pgf/basiclayer/pgfcorepathusage.code.te
x
File: pgfcorepathusage.code.tex 2025-08-29 v3.1.11a (3.1.11a)
\pgf@shorten@end@additional=\dimen196
\pgf@shorten@start@additional=\dimen197
) (c:/texlive/2025/texmf-dist/tex/generic/pgf/basiclayer/pgfcorescopes.code.tex
File: pgfcorescopes.code.tex 2025-08-29 v3.1.11a (3.1.11a)
\pgfpic=\box57
\pgf@hbox=\box58
\pgf@layerbox@main=\box59
\pgf@picture@serial@count=\count305
)
(c:/texlive/2025/texmf-dist/tex/generic/pgf/basiclayer/pgfcoregraphicstate.code
.tex
File: pgfcoregraphicstate.code.tex 2025-08-29 v3.1.11a (3.1.11a)
\pgflinewidth=\dimen198
)
(c:/texlive/2025/texmf-dist/tex/generic/pgf/basiclayer/pgfcoretransformations.c
ode.tex
File: pgfcoretransformations.code.tex 2025-08-29 v3.1.11a (3.1.11a)
\pgf@pt@x=\dimen199
\pgf@pt@y=\dimen256
\pgf@pt@temp=\dimen257
) (c:/texlive/2025/texmf-dist/tex/generic/pgf/basiclayer/pgfcorequick.code.tex
File: pgfcorequick.code.tex 2025-08-29 v3.1.11a (3.1.11a)
) (c:/texlive/2025/texmf-dist/tex/generic/pgf/basiclayer/pgfcoreobjects.code.te
x
File: pgfcoreobjects.code.tex 2025-08-29 v3.1.11a (3.1.11a)
)
(c:/texlive/2025/texmf-dist/tex/generic/pgf/basiclayer/pgfcorepathprocessing.co
de.tex
File: pgfcorepathprocessing.code.tex 2025-08-29 v3.1.11a (3.1.11a)
) (c:/texlive/2025/texmf-dist/tex/generic/pgf/basiclayer/pgfcorearrows.code.tex
File: pgfcorearrows.code.tex 2025-08-29 v3.1.11a (3.1.11a)
\pgfarrowsep=\dimen258
) (c:/texlive/2025/texmf-dist/tex/generic/pgf/basiclayer/pgfcoreshade.code.tex
File: pgfcoreshade.code.tex 2025-08-29 v3.1.11a (3.1.11a)
\pgf@max=\dimen259
\pgf@sys@shading@range@num=\count306
\pgf@shadingcount=\count307
) (c:/texlive/2025/texmf-dist/tex/generic/pgf/basiclayer/pgfcoreimage.code.tex
File: pgfcoreimage.code.tex 2025-08-29 v3.1.11a (3.1.11a)
)
(c:/texlive/2025/texmf-dist/tex/generic/pgf/basiclayer/pgfcoreexternal.code.tex
File: pgfcoreexternal.code.tex 2025-08-29 v3.1.11a (3.1.11a)
\pgfexternal@startupbox=\box60
) (c:/texlive/2025/texmf-dist/tex/generic/pgf/basiclayer/pgfcorelayers.code.tex
File: pgfcorelayers.code.tex 2025-08-29 v3.1.11a (3.1.11a)
)
(c:/texlive/2025/texmf-dist/tex/generic/pgf/basiclayer/pgfcoretransparency.code
.tex
File: pgfcoretransparency.code.tex 2025-08-29 v3.1.11a (3.1.11a)
)
(c:/texlive/2025/texmf-dist/tex/generic/pgf/basiclayer/pgfcorepatterns.code.tex
File: pgfcorepatterns.code.tex 2025-08-29 v3.1.11a (3.1.11a)
) (c:/texlive/2025/texmf-dist/tex/generic/pgf/basiclayer/pgfcorerdf.code.tex
File: pgfcorerdf.code.tex 2025-08-29 v3.1.11a (3.1.11a)
))) (c:/texlive/2025/texmf-dist/tex/generic/pgf/modules/pgfmoduleshapes.code.te
x
File: pgfmoduleshapes.code.tex 2025-08-29 v3.1.11a (3.1.11a)
\pgfnodeparttextbox=\box61
) (c:/texlive/2025/texmf-dist/tex/generic/pgf/modules/pgfmoduleplot.code.tex
File: pgfmoduleplot.code.tex 2025-08-29 v3.1.11a (3.1.11a)
)
(c:/texlive/2025/texmf-dist/tex/latex/pgf/compatibility/pgfcomp-version-0-65.st
y
Package: pgfcomp-version-0-65 2025-08-29 v3.1.11a (3.1.11a)
\pgf@nodesepstart=\dimen260
\pgf@nodesepend=\dimen261
)
(c:/texlive/2025/texmf-dist/tex/latex/pgf/compatibility/pgfcomp-version-1-18.st
y
Package: pgfcomp-version-1-18 2025-08-29 v3.1.11a (3.1.11a)
)) (c:/texlive/2025/texmf-dist/tex/latex/pgf/utilities/pgffor.sty (c:/texlive/2
025/texmf-dist/tex/latex/pgf/utilities/pgfkeys.sty (c:/texlive/2025/texmf-dist/
tex/generic/pgf/utilities/pgfkeys.code.tex)) (c:/texlive/2025/texmf-dist/tex/la
tex/pgf/math/pgfmath.sty (c:/texlive/2025/texmf-dist/tex/generic/pgf/math/pgfma
th.code.tex)) (c:/texlive/2025/texmf-dist/tex/generic/pgf/utilities/pgffor.code
.tex
Package: pgffor 2025-08-29 v3.1.11a (3.1.11a)
\pgffor@iter=\dimen262
\pgffor@skip=\dimen263
\pgffor@stack=\toks34
\pgffor@toks=\toks35
)) (c:/texlive/2025/texmf-dist/tex/generic/pgf/frontendlayer/tikz/tikz.code.tex
Package: tikz 2025-08-29 v3.1.11a (3.1.11a)

(c:/texlive/2025/texmf-dist/tex/generic/pgf/libraries/pgflibraryplothandlers.co
de.tex
File: pgflibraryplothandlers.code.tex 2025-08-29 v3.1.11a (3.1.11a)
\pgf@plot@mark@count=\count308
\pgfplotmarksize=\dimen264
)
\tikz@lastx=\dimen265
\tikz@lasty=\dimen266
\tikz@lastxsaved=\dimen267
\tikz@lastysaved=\dimen268
\tikz@lastmovetox=\dimen269
\tikz@lastmovetoy=\dimen270
\tikzleveldistance=\dimen271
\tikzsiblingdistance=\dimen272
\tikz@figbox=\box62
\tikz@figbox@bg=\box63
\tikz@tempbox=\box64
\tikz@tempbox@bg=\box65
\tikztreelevel=\count309
\tikznumberofchildren=\count310
\tikznumberofcurrentchild=\count311
\tikz@fig@count=\count312
(c:/texlive/2025/texmf-dist/tex/generic/pgf/modules/pgfmodulematrix.code.tex
File: pgfmodulematrix.code.tex 2025-08-29 v3.1.11a (3.1.11a)
\pgfmatrixcurrentrow=\count313
\pgfmatrixcurrentcolumn=\count314
\pgf@matrix@numberofcolumns=\count315
)
\tikz@expandcount=\count316

(c:/texlive/2025/texmf-dist/tex/generic/pgf/frontendlayer/tikz/libraries/tikzli
brarytopaths.code.tex
File: tikzlibrarytopaths.code.tex 2025-08-29 v3.1.11a (3.1.11a)
))) (c:/texlive/2025/texmf-dist/tex/latex/tabularray/tabularray.sty
Package: tabularray 2025-11-27 v2025C Typeset tabulars and arrays with LaTeX3
(c:/texlive/2025/texmf-dist/tex/latex/ninecolors/ninecolors.sty
Package: ninecolors 2022-02-13 v2022D Select colors with proper color contrast
(c:/texlive/2025/texmf-dist/tex/latex/l3packages/xparse/xparse.sty (c:/texlive/
2025/texmf-dist/tex/latex/l3kernel/expl3.sty
Package: expl3 2025-11-14 L3 programming layer (loader) 
(c:/texlive/2025/texmf-dist/tex/latex/l3backend/l3backend-luatex.def
File: l3backend-luatex.def 2025-10-09 L3 backend support: PDF output (LuaTeX)
\l__color_backend_stack_int=\count317
Inserting `l3color' in `luaotfload.parse_color'.))
Package: xparse 2025-10-09 L3 Experimental document command parser
))
\g__tblr_nohyper_int=\count318
\l__tblr_a_int=\count319
\l__tblr_c_int=\count320
\l__tblr_r_int=\count321
\l__tblr_d_dim=\dimen273
\l__tblr_h_dim=\dimen274
\l__tblr_o_dim=\dimen275
\l__tblr_p_dim=\dimen276
\l__tblr_q_dim=\dimen277
\l__tblr_r_dim=\dimen278
\l__tblr_s_dim=\dimen279
\l__tblr_t_dim=\dimen280
\l__tblr_v_dim=\dimen281
\l__tblr_w_dim=\dimen282
\l__tblr_a_box=\box66
\l__tblr_b_box=\box67
\l__tblr_c_box=\box68
\l__tblr_d_box=\box69
\c@tblrcount=\count322
\c@rownum=\count323
\c@colnum=\count324
\c@rowcount=\count325
\c@colcount=\count326
\abovesep=\dimen283
\belowsep=\dimen284
\leftsep=\dimen285
\rightsep=\dimen286
\gTblrLevelInt=\count327
\g__tblr_data_row_key_count_int=\count328
\g__tblr_data_column_key_count_int=\count329
\g__tblr_data_cell_key_count_int=\count330
\g__tblr_array_int=\count331
\l__tblr_key_count_int=\count332
\l__tblr_key_quotient_int=\count333
\l__tblr_key_quotient_two_int=\count334
\l__tblr_key_remainder_int=\count335
\g__tblr_data_str_value_count_int=\count336
\lTblrChildTotalInt=\count337
\lTblrChildHtotalInt=\count338
\lTblrChildVtotalInt=\count339
\l__child_diff_h_int=\count340
\l__child_diff_v_int=\count341
\l__child_sign_h_int=\count342
\l__child_sign_v_int=\count343
\l__child_step_int=\count344
\lTblrDefaultHruleWidthDim=\dimen287
\lTblrDefaultVruleWidthDim=\dimen288
\l__tblr_split_balance_int=\count345
\l__tblr_strut_dp_dim=\dimen289
\l__tblr_strut_ht_dim=\dimen290
\g__tblr_cell_wd_dim=\dimen291
\g__tblr_cell_ht_dim=\dimen292
\g__tblr_cell_head_dim=\dimen293
\g__tblr_cell_foot_dim=\dimen294
\l__tblr_measured_cell_box=\box70
\g__tblr_last_box=\box71
\l__tblr_temp_box=\box72
\l__tblr_column_target_dim=\dimen295
\l__tblr_hfuzz_dim=\dimen296
\l__tblr_caption_box=\box73
\l__tblr_caption_left_box=\box74
\lTblrRowHeadInt=\count346
\lTblrRowFootInt=\count347
\l__tblr_row_head_box=\box75
\l__tblr_row_foot_box=\box76
\l__tblr_row_head_foot_dim=\dimen297
\lTblrTableWidthDim=\dimen298
\l__tblr_table_firsthead_box=\box77
\l__tblr_table_middlehead_box=\box78
\l__tblr_table_lasthead_box=\box79
\l__tblr_table_firstfoot_box=\box80
\l__tblr_table_middlefoot_box=\box81
\l__tblr_table_lastfoot_box=\box82
\l__tblr_remain_height_dim=\dimen299
\l__tblr_next_rows_dim=\dimen300
\l__tblr_page_overfill_dim=\dimen301
\l__tblr_long_from_int=\count348
\l__tblr_long_to_int=\count349
\l__tblr_curr_i_int=\count350
\l__tblr_prev_i_int=\count351
\lTblrTablePageInt=\count352
\l__tblr_table_head_box=\box83
\l__tblr_table_foot_box=\box84
\l__tblr_table_head_foot_dim=\dimen302
\l__tblr_table_head_body_foot_dim=\dimen303
\l__tblr_table_box=\box85
\lTblrRowFirstInt=\count353
\lTblrRowLastInt=\count354
\l__tblr_cover_box_a_dim=\dimen304
\l__tblr_cover_box_b_dim=\dimen305
\l__tblr_table_hlines_box=\box86
\l__tblr_hline_box=\box87
\l__tblr_row_box=\box88
\l__tblr_col_o_wd_dim=\dimen306
\l__tblr_col_b_wd_dim=\dimen307
\l__tblr_hline_leftskip_dim=\dimen308
\l__tblr_hline_rightskip_dim=\dimen309
\l__tblr_row_ht_dim=\dimen310
\l__tblr_row_dp_dim=\dimen311
\l__tblr_row_abovesep_dim=\dimen312
\l__tblr_row_belowsep_dim=\dimen313
\l__tblr_row_vlines_box=\box89
\l__tblr_vline_box=\box90
\l__tblr_cell_box=\box91
\l__tblr_row_upper_dim=\dimen314
\l__tblr_row_lower_dim=\dimen315
\l__tblr_row_vpace_dim=\dimen316
\l__tblr_vline_aboveskip_dim=\dimen317
\l__tblr_vline_belowskip_dim=\dimen318
\lTblrCellRowSpanInt=\count355
\lTblrCellColSpanInt=\count356
\l__tblr_cell_wd_dim=\dimen319
\l__tblr_cell_ht_dim=\dimen320
\lTblrCellAboveBorderWidthDim=\dimen321
\lTblrCellBelowBorderWidthDim=\dimen322
\lTblrCellLeftBorderWidthDim=\dimen323
\lTblrCellRightBorderWidthDim=\dimen324
\l__tblr_diag_box=\box92
\l__tblr_cell_inner_wd_dim=\dimen325
\l__tblr_cell_inner_dp_dim=\dimen326
\l__tblr_cell_hanchor_dim=\dimen327
\l__tblr_last_cell_table_ht_dim=\dimen328
\l__tblr_last_cell_table_dp_dim=\dimen329
\l__tblr_last_vline_wd_dim=\dimen330
\l__tblr_tikz_node_box=\box93
) (c:/texlive/2025/texmf-dist/tex/generic/simplekv/simplekv.sty (c:/texlive/202
5/texmf-dist/tex/generic/simplekv/simplekv.tex)
Package: simplekv 2025/06/15 v0.32 Simple keyval package (CT)
) (c:/texlive/2025/texmf-dist/tex/generic/xstring/xstring.sty (c:/texlive/2025/
texmf-dist/tex/generic/xstring/xstring.tex
\xs_counta=\count357
\xs_countb=\count358
)
Package: xstring 2023/08/22 v1.86 String manipulations (CT)
) (c:/texlive/2025/texmf-dist/tex/generic/listofitems/listofitems.sty (c:/texli
ve/2025/texmf-dist/tex/generic/listofitems/listofitems.tex
\loi_cnt_foreach_nest=\count359
\loi_nestcnt=\count360
)
Package: listofitems 2024/03/09 v1.65 Grab items in lists using user-specified 
sep char (CT)
) (c:/texlive/2025/texmf-dist/tex/generic/xint/xintexpr.sty (c:/texlive/2025/te
xmf-dist/tex/generic/xint/xintfrac.sty (c:/texlive/2025/texmf-dist/tex/generic/
xint/xint.sty (c:/texlive/2025/texmf-dist/tex/generic/xint/xintcore.sty (c:/tex
live/2025/texmf-dist/tex/generic/xint/xintkernel.sty
Package: xintkernel 2025/09/06 v1.4o Paraphernalia for the xint packages (JFB)
\xint_c_x^v=\count361
\xint_c_x^viii=\count362
\xint_c_x^ix=\count363
\xint_c_x^viii_mone=\count364
\xint_c_nine_x^viii=\count365
\xint_c_xi_e_viii_mone=\count366
\xint_c_xii_e_viii=\count367
\xint_c_ii^xv=\count368
\xint_c_ii^xvi=\count369
\xint_c_ii^xxi=\count370
)
Package: xintcore 2025/09/06 v1.4o Expandable arithmetic on big integers (JFB)
)
Package: xint 2025/09/06 v1.4o Expandable operations on big integers (JFB)
)
Package: xintfrac 2025/09/06 v1.4o Expandable operations on fractions (JFB)
) (c:/texlive/2025/texmf-dist/tex/generic/xint/xinttools.sty
Package: xinttools 2025/09/06 v1.4o Expandable and non-expandable utilities (JF
B)
\XINT_toks=\toks36
) (c:/texlive/2025/texmf-dist/tex/generic/xint/xintbinhex.sty
Package: xintbinhex 2025/09/06 v1.4o Expandable radix conversions (2, 8, 10, an
d 16) (JFB)
)
Package: xintexpr 2025/09/06 v1.4o Expandable expression parser (JFB)
(c:/texlive/2025/texmf-dist/tex/generic/xint/xinttrig.sty
Package: xinttrig 2025/09/06 v1.4o Trigonometrical functions for xintexpr (JFB)

) (c:/texlive/2025/texmf-dist/tex/generic/xint/xintlog.sty
Package: xintlog 2025/09/06 v1.4o Logarithms and exponentials for xintexpr (JFB
)
(c:/texlive/2025/texmf-dist/tex/generic/poormanlog/poormanlog.sty
Package: poormanlog 2022/05/25 v0.07 base 10 log and pow with 9 digits (JFB)
(c:/texlive/2025/texmf-dist/tex/generic/poormanlog/poormanlog.tex)))) (c:/texli
ve/2025/texmf-dist/tex/generic/systeme/systeme.sty (c:/texlive/2025/texmf-dist/
tex/generic/systeme/systeme.tex (c:/texlive/2025/texmf-dist/tex/generic/simplek
v/simplekv.tex)
\SYS_tab_toks=\toks37
\SYS_preamble_toks=\toks38
\SYSeqnum=\count371
LaTeX Font Info:    Trying to load font information for U+msa on input line 497
.
(c:/texlive/2025/texmf-dist/tex/latex/amsfonts/umsa.fd
File: umsa.fd 2013/01/14 v3.01 AMS symbols A
)
LaTeX Font Info:    Trying to load font information for U+msb on input line 497
.
(c:/texlive/2025/texmf-dist/tex/latex/amsfonts/umsb.fd
File: umsb.fd 2013/01/14 v3.01 AMS symbols B
))
Package: systeme 2025/11/30 v0.5 Saisie naturelle de systèmes d'équations (CT
)
) (c:/texlive/2025/texmf-dist/tex/latex/base/ifthen.sty
Package: ifthen 2024/03/16 v1.1e Standard LaTeX ifthen package (DPC)
) (c:/texlive/2025/texmf-dist/tex/latex/siunitx/siunitx.sty
Package: siunitx 2025-07-09 v3.4.14 A comprehensive (SI) units package
\l__siunitx_number_uncert_offset_int=\count372
\l__siunitx_number_exponent_fixed_int=\count373
\l__siunitx_number_min_decimal_int=\count374
\l__siunitx_number_min_integer_int=\count375
\l__siunitx_number_round_precision_int=\count376
\l__siunitx_number_lower_threshold_int=\count377
\l__siunitx_number_upper_threshold_int=\count378
\l__siunitx_number_group_first_int=\count379
\l__siunitx_number_group_size_int=\count380
\l__siunitx_number_group_minimum_int=\count381
\l__siunitx_angle_tmp_dim=\dimen331
\l__siunitx_angle_marker_box=\box94
\l__siunitx_angle_unit_box=\box95
\l__siunitx_compound_count_int=\count382
(c:/texlive/2025/texmf-dist/tex/latex/translations/translations.sty
Package: translations 2022/02/05 v1.12 internationalization of LaTeX2e packages
 (CN)
(c:/texlive/2025/texmf-dist/tex/latex/etoolbox/etoolbox.sty
Package: etoolbox 2025/10/02 v2.5m e-TeX tools for LaTeX (JAW)
\etb@tempcnta=\count383
) (c:/texlive/2025/texmf-dist/tex/generic/pdftexcmds/pdftexcmds.sty
Package: pdftexcmds 2020-06-27 v0.33 Utility functions of pdfTeX for LuaTeX (HO
)
(c:/texlive/2025/texmf-dist/tex/generic/infwarerr/infwarerr.sty
Package: infwarerr 2019/12/03 v1.5 Providing info/warning/error messages (HO)
) (c:/texlive/2025/texmf-dist/tex/generic/ltxcmds/ltxcmds.sty
Package: ltxcmds 2023-12-04 v1.26 LaTeX kernel commands for general use (HO)
)
Package pdftexcmds Info: \pdf@primitive is available.
Package pdftexcmds Info: \pdf@ifprimitive is available.
Package pdftexcmds Info: \pdfdraftmode found.
\pdftexcmds@toks=\toks39
))
\l__siunitx_table_tmp_box=\box96
\l__siunitx_table_tmp_dim=\dimen332
\l__siunitx_table_column_width_dim=\dimen333
\l__siunitx_table_integer_box=\box97
\l__siunitx_table_decimal_box=\box98
\l__siunitx_table_uncert_box=\box99
\l__siunitx_table_before_box=\box100
\l__siunitx_table_after_box=\box101
\l__siunitx_table_before_dim=\dimen334
\l__siunitx_table_carry_dim=\dimen335
\l__siunitx_unit_tmp_int=\count384
\l__siunitx_unit_position_int=\count385
\l__siunitx_unit_total_int=\count386
(c:/texlive/2025/texmf-dist/tex/latex/tools/array.sty
Package: array 2025/09/25 v2.6n Tabular extension package (FMi)
\col@sep=\dimen336
\ar@mcellbox=\box102
\extrarowheight=\dimen337
\NC@list=\toks40
\extratabsurround=\skip54
\backup@length=\skip55
\ar@cellbox=\box103
)) (c:/texlive/2025/texmf-dist/tex/latex/tools/calc.sty
Package: calc 2025/03/01 v4.3b Infix arithmetic (KKT,FJ)
\calc@Acount=\count387
\calc@Bcount=\count388
\calc@Adimen=\dimen338
\calc@Bdimen=\dimen339
\calc@Askip=\skip56
\calc@Bskip=\skip57
LaTeX Info: Redefining \setlength on input line 86.
LaTeX Info: Redefining \addtolength on input line 87.
\calc@Ccount=\count389
\calc@Cskip=\skip58
) (c:/texlive/2025/texmf-dist/tex/latex/nicematrix/nicematrix.sty
Package: nicematrix 2025/11/23 v7.4b Enhanced arrays with the help of PGF/TikZ
\l__nicematrix_tmpc_dim=\dimen340
\l__nicematrix_tmpd_dim=\dimen341
\l__nicematrix_tmpc_int=\count390
\g__nicematrix_env_int=\count391
\l__nicematrix_the_array_box=\box104
\g__nicematrix_NiceMatrixBlock_int=\count392
\g__nicematrix_notes_caption_int=\count393
\l__nicematrix_columns_width_dim=\dimen342
\l__nicematrix_col_width_dim=\dimen343
\g__nicematrix_row_total_int=\count394
\g__nicematrix_col_total_int=\count395
\g__nicematrix_last_row_node_int=\count396
\l__nicematrix_key_nb_rows_int=\count397
\g__nicematrix_blocks_wd_dim=\dimen344
\g__nicematrix_blocks_ht_dim=\dimen345
\g__nicematrix_blocks_dp_dim=\dimen346
\l__nicematrix_width_dim=\dimen347
\l__nicematrix_tabular_width_dim=\dimen348
\l__nicematrix_rule_width_dim=\dimen349
\l__nicematrix_old_iRow_int=\count398
\l__nicematrix_old_jCol_int=\count399
\l__nicematrix_X_columns_dim=\dimen350
\l__nicematrix_x_initial_dim=\dimen351
\l__nicematrix_y_initial_dim=\dimen352
\l__nicematrix_x_final_dim=\dimen353
\l__nicematrix_y_final_dim=\dimen354
\g__nicematrix_dp_row_zero_dim=\dimen355
\g__nicematrix_ht_row_zero_dim=\dimen356
\g__nicematrix_ht_row_one_dim=\dimen357
\g__nicematrix_dp_ante_last_row_dim=\dimen358
\g__nicematrix_ht_last_row_dim=\dimen359
\g__nicematrix_dp_last_row_dim=\dimen360
\g__nicematrix_width_last_col_dim=\dimen361
\g__nicematrix_width_first_col_dim=\dimen362
\g__nicematrix_ddots_int=\count400
\g__nicematrix_iddots_int=\count401
\g__nicematrix_delta_x_one_dim=\dimen363
\g__nicematrix_delta_y_one_dim=\dimen364
\g__nicematrix_delta_x_two_dim=\dimen365
\g__nicematrix_delta_y_two_dim=\dimen366
\l__nicematrix_row_min_int=\count402
\l__nicematrix_row_max_int=\count403
\l__nicematrix_col_min_int=\count404
\l__nicematrix_col_max_int=\count405
\l__nicematrix_initial_i_int=\count406
\l__nicematrix_initial_j_int=\count407
\l__nicematrix_final_i_int=\count408
\l__nicematrix_final_j_int=\count409
\l__nicematrix_start_int=\count410
\l__nicematrix_end_int=\count411
\l__nicematrix_local_start_int=\count412
\l__nicematrix_local_end_int=\count413
\g__nicematrix_static_num_of_col_int=\count414
\l__nicematrix_rounded_corners_dim=\dimen367
\l__nicematrix_tab_rounded_corners_dim=\dimen368
\l__nicematrix_offset_dim=\dimen369
\l__nicematrix_line_width_dim=\dimen370
\g__nicematrix_block_box_int=\count415
\l__nicematrix_submatrix_extra_height_dim=\dimen371
\l__nicematrix_submatrix_left_xshift_dim=\dimen372
\l__nicematrix_submatrix_right_xshift_dim=\dimen373
\l__nicematrix_first_row_int=\count416
\l__nicematrix_first_col_int=\count417
\l__nicematrix_last_row_int=\count418
\l__nicematrix_last_col_int=\count419
\c@tabularnote=\count420
\g__nicematrix_tabularnote_int=\count421
\c@nicematrix_draft=\count422
\l__nicematrix_cell_space_top_limit_dim=\dimen374
\l__nicematrix_cell_space_bottom_limit_dim=\dimen375
\l__nicematrix_xdots_inter_dim=\dimen376
\l__nicematrix_xdots_shorten_start_dim=\dimen377
\l__nicematrix_xdots_shorten_end_dim=\dimen378
\l__nicematrix_xdots_radius_dim=\dimen379
\l__nicematrix_left_margin_dim=\dimen380
\l__nicematrix_right_margin_dim=\dimen381
\l__nicematrix_extra_left_margin_dim=\dimen382
\l__nicematrix_extra_right_margin_dim=\dimen383
\c__nicematrix_max_l_dim=\dimen384
\l__nicematrix_position_int=\count423
\l__nicematrix_multiplicity_int=\count424
\l__nicematrix_brace_yshift_dim=\dimen385
)
(c:/texlive/2025/texmf-dist/tex/generic/pgf/frontendlayer/tikz/libraries/tikzli
brarypositioning.code.tex
File: tikzlibrarypositioning.code.tex 2025-08-29 v3.1.11a (3.1.11a)
)
(c:/texlive/2025/texmf-dist/tex/generic/pgf/frontendlayer/tikz/libraries/tikzli
brarydecorations.pathreplacing.code.tex
(c:/texlive/2025/texmf-dist/tex/generic/pgf/frontendlayer/tikz/libraries/tikzli
brarydecorations.code.tex
(c:/texlive/2025/texmf-dist/tex/generic/pgf/modules/pgfmoduledecorations.code.t
ex
\pgfdecoratedcompleteddistance=\dimen386
\pgfdecoratedremainingdistance=\dimen387
\pgfdecoratedinputsegmentcompleteddistance=\dimen388
\pgfdecoratedinputsegmentremainingdistance=\dimen389
\pgf@decorate@distancetomove=\dimen390
\pgf@decorate@repeatstate=\count425
\pgfdecorationsegmentamplitude=\dimen391
\pgfdecorationsegmentlength=\dimen392
)
\tikz@lib@dec@box=\box105
)
(c:/texlive/2025/texmf-dist/tex/generic/pgf/libraries/decorations/pgflibrarydec
orations.pathreplacing.code.tex))
(c:/texlive/2025/texmf-dist/tex/generic/pgf/frontendlayer/tikz/libraries/tikzli
brarydecorations.markings.code.tex
(c:/texlive/2025/texmf-dist/tex/generic/pgf/libraries/decorations/pgflibrarydec
orations.markings.code.tex))
(c:/texlive/2025/texmf-dist/tex/generic/pgf/frontendlayer/tikz/libraries/tikzli
braryarrows.code.tex
File: tikzlibraryarrows.code.tex 2025-08-29 v3.1.11a (3.1.11a)

(c:/texlive/2025/texmf-dist/tex/generic/pgf/libraries/pgflibraryarrows.code.tex
File: pgflibraryarrows.code.tex 2025-08-29 v3.1.11a (3.1.11a)
\arrowsize=\dimen393
))
(c:/texlive/2025/texmf-dist/tex/generic/pgf/libraries/pgflibraryarrows.meta.cod
e.tex
File: pgflibraryarrows.meta.code.tex 2025-08-29 v3.1.11a (3.1.11a)
\pgfarrowinset=\dimen394
\pgfarrowlength=\dimen395
\pgfarrowwidth=\dimen396
\pgfarrowlinewidth=\dimen397
)
(c:/texlive/2025/texmf-dist/tex/generic/pgf/frontendlayer/tikz/libraries/tikzli
brarycalc.code.tex
File: tikzlibrarycalc.code.tex 2025-08-29 v3.1.11a (3.1.11a)
)
(c:/texlive/2025/texmf-dist/tex/generic/pgf/frontendlayer/tikz/libraries/tikzli
braryshapes.code.tex
File: tikzlibraryshapes.code.tex 2025-08-29 v3.1.11a (3.1.11a)

(c:/texlive/2025/texmf-dist/tex/generic/pgf/frontendlayer/tikz/libraries/tikzli
braryshapes.geometric.code.tex
File: tikzlibraryshapes.geometric.code.tex 2025-08-29 v3.1.11a (3.1.11a)

(c:/texlive/2025/texmf-dist/tex/generic/pgf/libraries/shapes/pgflibraryshapes.g
eometric.code.tex
File: pgflibraryshapes.geometric.code.tex 2025-08-29 v3.1.11a (3.1.11a)
))
(c:/texlive/2025/texmf-dist/tex/generic/pgf/frontendlayer/tikz/libraries/tikzli
braryshapes.misc.code.tex
File: tikzlibraryshapes.misc.code.tex 2025-08-29 v3.1.11a (3.1.11a)

(c:/texlive/2025/texmf-dist/tex/generic/pgf/libraries/shapes/pgflibraryshapes.m
isc.code.tex
File: pgflibraryshapes.misc.code.tex 2025-08-29 v3.1.11a (3.1.11a)
))
(c:/texlive/2025/texmf-dist/tex/generic/pgf/frontendlayer/tikz/libraries/tikzli
braryshapes.symbols.code.tex
File: tikzlibraryshapes.symbols.code.tex 2025-08-29 v3.1.11a (3.1.11a)

(c:/texlive/2025/texmf-dist/tex/generic/pgf/libraries/shapes/pgflibraryshapes.s
ymbols.code.tex
File: pgflibraryshapes.symbols.code.tex 2025-08-29 v3.1.11a (3.1.11a)
))
(c:/texlive/2025/texmf-dist/tex/generic/pgf/frontendlayer/tikz/libraries/tikzli
braryshapes.arrows.code.tex
File: tikzlibraryshapes.arrows.code.tex 2025-08-29 v3.1.11a (3.1.11a)

(c:/texlive/2025/texmf-dist/tex/generic/pgf/libraries/shapes/pgflibraryshapes.a
rrows.code.tex
File: pgflibraryshapes.arrows.code.tex 2025-08-29 v3.1.11a (3.1.11a)
))
(c:/texlive/2025/texmf-dist/tex/generic/pgf/frontendlayer/tikz/libraries/tikzli
braryshapes.callouts.code.tex
(c:/texlive/2025/texmf-dist/tex/generic/pgf/libraries/shapes/pgflibraryshapes.c
allouts.code.tex))
(c:/texlive/2025/texmf-dist/tex/generic/pgf/frontendlayer/tikz/libraries/tikzli
braryshapes.multipart.code.tex
File: tikzlibraryshapes.multipart.code.tex 2025-08-29 v3.1.11a (3.1.11a)

(c:/texlive/2025/texmf-dist/tex/generic/pgf/libraries/shapes/pgflibraryshapes.m
ultipart.code.tex
File: pgflibraryshapes.multipart.code.tex 2025-08-29 v3.1.11a (3.1.11a)
\pgfnodepartlowerbox=\box106
\pgfnodeparttwobox=\box107
\pgfnodepartthreebox=\box108
\pgfnodepartfourbox=\box109
\pgfnodeparttwentybox=\box110
\pgfnodepartnineteenbox=\box111
\pgfnodeparteighteenbox=\box112
\pgfnodepartseventeenbox=\box113
\pgfnodepartsixteenbox=\box114
\pgfnodepartfifteenbox=\box115
\pgfnodepartfourteenbox=\box116
\pgfnodepartthirteenbox=\box117
\pgfnodeparttwelvebox=\box118
\pgfnodepartelevenbox=\box119
\pgfnodeparttenbox=\box120
\pgfnodepartninebox=\box121
\pgfnodeparteightbox=\box122
\pgfnodepartsevenbox=\box123
\pgfnodepartsixbox=\box124
\pgfnodepartfivebox=\box125
)))
(c:/texlive/2025/texmf-dist/tex/generic/pgf/frontendlayer/tikz/libraries/tikzli
brarybabel.code.tex
File: tikzlibrarybabel.code.tex 2025-08-29 v3.1.11a (3.1.11a)
) (c:/texlive/2025/texmf-dist/tex/latex/xkeyval/xkeyval.sty
Package: xkeyval 2025/11/04 v2.10 package option processing (HA)
(c:/texlive/2025/texmf-dist/tex/generic/xkeyval/xkeyval.tex (c:/texlive/2025/te
xmf-dist/tex/generic/xkeyval/xkvutils.tex
\XKV@toks=\toks41
\XKV@tempa@toks=\toks42
\XKV@tempb@toks=\toks43
)
\XKV@depth=\count426
File: xkeyval.tex 2014/12/03 v2.7a key=value parser (HA)
)) (c:/texlive/2025/texmf-dist/tex/lualatex/luacode/luacode.sty
Package: luacode 2012/01/23 v1.2a lua-in-tex helpers (mpg)
(c:/texlive/2025/texmf-dist/tex/generic/iftex/ifluatex.sty
Package: ifluatex 2019/10/25 v1.5 ifluatex legacy package. Use iftex instead.
) (c:/texlive/2025/texmf-dist/tex/luatex/luatexbase/luatexbase.sty
Package: luatexbase 2015/10/04 v1.3 luatexbase interface to LuaTeX 
(c:/texlive/2025/texmf-dist/tex/luatex/ctablestack/ctablestack.sty
Package: ctablestack 2015/10/01 v1.0 Catcode table stable support
\@catcodetablestackcnt=\count427
)
\CatcodeTableOther=\catcodetable14
\CatcodeTableExpl=\catcodetable15
)
\luacode@lines=\toks44
\luacode@table@soft=\catcodetable16
) (c:/texlive/2025/texmf-dist/tex/lualatex/lualinalg/lualinalg.sty
Package: lualinalg 1.9
(c:/texlive/2025/texmf-dist/tex/lualatex/luamaths/luamaths.sty
Package: luamaths 1.6
))
\siowidestcharwd=\skip59
\siocharwd=\skip60
\sioheightercharht=\skip61
\wdthtblbase=\skip62
) (c:/texlive/2025/texmf-dist/tex/latex/awesomebox/awesomebox.sty
Package: awesomebox 2019/07/27 v0.6
(c:/texlive/2025/texmf-dist/tex/latex/fontawesome5/fontawesome5.sty
Package: fontawesome5 2022/05/02 v5.15.4 Font Awesome 5
(c:/texlive/2025/texmf-dist/tex/latex/l3packages/l3keys2e/l3keys2e.sty
Package: l3keys2e 2025-10-09 LaTeX2e option processing using LaTeX3 keys
)
(c:/texlive/2025/texmf-dist/tex/latex/fontawesome5/fontawesome5-utex-helper.sty
Package: fontawesome5-utex-helper 2022/05/02 v5.15.4 uTeX helper for fontawesom
e5
LaTeX Font Info:    Trying to load font information for TU+fontawesomefree on i
nput line 69.
(c:/texlive/2025/texmf-dist/tex/latex/fontawesome5/tufontawesomefree.fd)
LaTeX Font Info:    Trying to load font information for TU+fontawesomebrands on
 input line 70.
(c:/texlive/2025/texmf-dist/tex/latex/fontawesome5/tufontawesomebrands.fd)))
\aweboxleftmargin=\skip63
\aweboxcontentwidth=\skip64
\aweboxvskip=\skip65
\aweboxsignraise=\skip66
\aweboxrulewidth=\skip67
\aweboxlinewidthvar=\skip68
\aweboxlinewidthref=\skip69
) (c:/texlive/2025/texmf-dist/tex/latex/mdwtools/footnote.sty
Package: footnote 1997/01/28 1.13 Save footnotes around boxes
\fn@notes=\box126
\fn@width=\dimen398
) (c:/texlive/2025/texmf-dist/tex/latex/enumitem/enumitem.sty
Package: enumitem 2025/02/06 v3.11 Customized lists
\labelindent=\skip70
\enit@outerparindent=\dimen399
\enit@toks=\toks45
\enit@inbox=\box127
\enit@count@id=\count428
\enitdp@description=\count429
) (c:/texlive/2025/texmf-dist/tex/latex/wrapstuff/wrapstuff.sty
Package: wrapstuff 2022/08/05 v0.3 Wrapping text around stuff
\g__wstf_hang_ht_dim=\dimen400
\g__wstf_total_ht_dim=\dimen401
\g__wstf_stuff_ht_dim=\dimen402
\g__wstf_stuff_wd_dim=\dimen403
\g__wstf_first_dp_dim=\dimen404
\g__wstf_first_sep_dim=\dimen405
\g__wstf_prevdepth_dim=\dimen406
\g__wstf_column_ht_dim=\dimen407
\g__wstf_window_ht_dim=\dimen408
\g__wstf_remaining_dim=\dimen409
\g__wstf_column_room_dim=\dimen410
\g__wstf_parshape_indent_dim=\dimen411
\g__wstf_parshape_length_dim=\dimen412
\g__wstf_top_int=\count430
\g__wstf_column_int=\count431
\g__wstf_window_int=\count432
\g__wstf_stauts_box=\box128
\g__wstf_status_int=\count433
\c__wstf_none_node=\count434
\g__wstf_stuff_box=\box129
\l__wstf_shift_dim=\dimen413
\l__wstf_width_dim=\dimen414
\l__wstf_height_dim=\dimen415
\c@wrapstuff=\count435
\l__wstf_body_box=\box130
\l__wstf_window_box=\box131
\l__wstf_window_int=\count436
\g__wstf_line_int=\count437
\l__wstf_window_line_int=\count438
\l__wstf_l_dim=\dimen416
\l__wstf_r_dim=\dimen417
\l__wstf_min_dim=\dimen418
\l__wstf_line_dim=\dimen419
\l__wstf_window_dim=\dimen420
\l__wstf_display_dim=\dimen421
\l__wstf_voffset_dim=\dimen422
\l__wstf_leftsep_dim=\dimen423
\l__wstf_rightsep_dim=\dimen424
\l__wstf_main_width_dim=\dimen425
\g__wstf_parshape_int=\count439
\g__wstf_hangafter_int=\count440
\g__wstf_hangindent_dim=\dimen426
\g__wstf_left_skip=\skip71
\g__wstf_right_skip=\skip72
\g__wstf_parfill_skip=\skip73
\g__wstf_baseline_skip=\skip74
\g__wstf_main_left_skip=\skip75
\l__wstf_bottom_box=\box132
\g__wstf_eqbody_box=\box133
\g__wstf_eqnum_box=\box134
\g__wstf_equation_box=\box135
\g__wstf_pos_int=\count441
\g__wstf_pos_skip=\skip76
\l__wstf_save_body_box=\box136
\c__wstf_break_int=\count442
\g__wstf_ht_dim=\dimen427
\l__wstf_l_box=\box137
\l__wstf_r_box=\box138
\l__wstf_last_l_box=\box139
\l__wstf_last_r_box=\box140
\g__wstf_window_box=\box141
\l__wstf_window_ht_dim=\dimen428
\l__wstf_par_skip=\skip77
\g__wstf_pre_skip=\skip78
\c__wstf_ignore_depth_dim=\dimen429
\g__wstf_last_box=\box142
\g__wstf_display_box=\box143
\g__wstf_display_pre_dim=\dimen430
\l__wstf_add_box=\box144
\g__wstf_pos_box=\box145
\l__wstf_last_skip=\skip79
\g__wstf_last_skip=\skip80
\l__wstf_last_int=\count443
\l__wstf_last_box=\box146
\g__wstf_display_pre_int=\count444
\g__wstf_display_pre_skip=\skip81
\l__wstf_top_int=\count445
) (c:/texlive/2025/texmf-dist/tex/latex/lipsum/lipsum.sty
Package: lipsum 2021-09-20 v2.7 150 paragraphs of Lorem Ipsum dummy text
\g__lipsum_par_int=\count446
\l__lipsum_a_int=\count447
\l__lipsum_b_int=\count448
(c:/texlive/2025/texmf-dist/tex/latex/lipsum/lipsum.ltd.tex)) (c:/texlive/2025/
texmf-dist/tex/latex/booktabs/booktabs.sty
Package: booktabs 2020/01/12 v1.61803398 Publication quality tables
\heavyrulewidth=\dimen431
\lightrulewidth=\dimen432
\cmidrulewidth=\dimen433
\belowrulesep=\dimen434
\belowbottomsep=\dimen435
\aboverulesep=\dimen436
\abovetopsep=\dimen437
\cmidrulesep=\dimen438
\cmidrulekern=\dimen439
\defaultaddspace=\dimen440
\@cmidla=\count449
\@cmidlb=\count450
\@aboverulesep=\dimen441
\@belowrulesep=\dimen442
\@thisruleclass=\count451
\@lastruleclass=\count452
\@thisrulewidth=\dimen443
) (c:/texlive/2025/texmf-dist/tex/latex/fancyvrb/fancyvrb.sty
Package: fancyvrb 2025/07/28 4.6 verbatim text (tvz,hv)
\FV@CodeLineNo=\count453
\FV@InFile=\read3
\FV@TabBox=\box147
\c@FancyVerbLine=\count454
\FV@StepNumber=\count455
\FV@OutFile=\write4
) (c:/texlive/2025/texmf-dist/tex/latex/fancyhdr/fancyhdr.sty
Package: fancyhdr 2025/02/07 v5.2 Extensive control of page headers and footers

\f@nch@headwidth=\skip82
\f@nch@offset@elh=\skip83
\f@nch@offset@erh=\skip84
\f@nch@offset@olh=\skip85
\f@nch@offset@orh=\skip86
\f@nch@offset@elf=\skip87
\f@nch@offset@erf=\skip88
\f@nch@offset@olf=\skip89
\f@nch@offset@orf=\skip90
\f@nch@height=\skip91
\f@nch@footalignment=\skip92
\f@nch@widthL=\skip93
\f@nch@widthC=\skip94
\f@nch@widthR=\skip95
\@temptokenb=\toks46
) (c:/texlive/2025/texmf-dist/tex/latex/pdfpages/pdfpages.sty
Package: pdfpages 2025/07/23 v0.6g Insert pages of external PDF documents (AM)
(c:/texlive/2025/texmf-dist/tex/latex/eso-pic/eso-pic.sty
Package: eso-pic 2023/05/03 v3.0c eso-pic (RN)
\ESO@tempdima=\dimen444
\ESO@tempdimb=\dimen445
)
\AM@pagewidth=\dimen446
\AM@pageheight=\dimen447
\AM@fboxrule=\dimen448
(c:/texlive/2025/texmf-dist/tex/latex/pdfpages/ppluatex.def
File: ppluatex.def 2025/07/23 v0.6g Pdfpages driver for LuaTeX (AM)
)
\pdfpages@includegraphics@status=\count456
\AM@pagebox=\box148
\AM@global@opts=\toks47
\AM@pagecnt=\count457
\AM@toc@title=\toks48
\AM@lof@heading=\toks49
\c@AM@survey=\count458
\AM@templatesizebox=\box149
) (c:/texlive/2025/texmf-dist/tex/generic/hologo/hologo.sty
Package: hologo 2025-11-11 v1.16 A logo collection with bookmark support (HO)
(c:/texlive/2025/texmf-dist/tex/latex/kvsetkeys/kvsetkeys.sty
Package: kvsetkeys 2022-10-05 v1.19 Key value parser (HO)
) (c:/texlive/2025/texmf-dist/tex/generic/kvdefinekeys/kvdefinekeys.sty
Package: kvdefinekeys 2019-12-19 v1.6 Define keys (HO)
)) (c:/texlive/2025/texmf-dist/tex/latex/hyperref/hyperref.sty
Package: hyperref 2025-07-12 v7.01o Hypertext links for LaTeX
(c:/texlive/2025/texmf-dist/tex/generic/pdfescape/pdfescape.sty
Package: pdfescape 2019/12/09 v1.15 Implements pdfTeX's escape features (HO)
) (c:/texlive/2025/texmf-dist/tex/latex/hycolor/hycolor.sty
Package: hycolor 2020-01-27 v1.10 Color options for hyperref/bookmark (HO)
) (c:/texlive/2025/texmf-dist/tex/latex/hyperref/nameref.sty
Package: nameref 2025-06-21 v2.57 Cross-referencing by name of section
(c:/texlive/2025/texmf-dist/tex/latex/refcount/refcount.sty
Package: refcount 2019/12/15 v3.6 Data extraction from label references (HO)
) (c:/texlive/2025/texmf-dist/tex/generic/gettitlestring/gettitlestring.sty
Package: gettitlestring 2019/12/15 v1.6 Cleanup title references (HO)
(c:/texlive/2025/texmf-dist/tex/latex/kvoptions/kvoptions.sty
Package: kvoptions 2022-06-15 v3.15 Key value format for package options (HO)
))
\c@section@level=\count459
) (c:/texlive/2025/texmf-dist/tex/generic/stringenc/stringenc.sty
Package: stringenc 2019/11/29 v1.12 Convert strings between diff. encodings (HO
)
)
\@linkdim=\dimen449
\Hy@linkcounter=\count460
\Hy@pagecounter=\count461
(c:/texlive/2025/texmf-dist/tex/latex/hyperref/pd1enc.def
File: pd1enc.def 2025-07-12 v7.01o Hyperref: PDFDocEncoding definition (HO)
) (c:/texlive/2025/texmf-dist/tex/generic/intcalc/intcalc.sty
Package: intcalc 2019/12/15 v1.3 Expandable calculations with integers (HO)
)
\Hy@SavedSpaceFactor=\count462
(c:/texlive/2025/texmf-dist/tex/latex/hyperref/puenc.def
File: puenc.def 2025-07-12 v7.01o Hyperref: PDF Unicode definition (HO)
)
Package hyperref Info: Hyper figures OFF on input line 4195.
Package hyperref Info: Link nesting OFF on input line 4200.
Package hyperref Info: Hyper index ON on input line 4203.
Package hyperref Info: Plain pages OFF on input line 4210.
Package hyperref Info: Backreferencing OFF on input line 4215.
Package hyperref Info: Implicit mode ON; LaTeX internals redefined.
Package hyperref Info: Bookmarks ON on input line 4462.
\c@Hy@tempcnt=\count463
(c:/texlive/2025/texmf-dist/tex/latex/url/url.sty
\Urlmuskip=\muskip18
Package: url 2013/09/16  ver 3.4  Verb mode for urls, etc.
)
LaTeX Info: Redefining \url on input line 4801.
\XeTeXLinkMargin=\dimen450
(c:/texlive/2025/texmf-dist/tex/generic/bitset/bitset.sty
Package: bitset 2019/12/09 v1.3 Handle bit-vector datatype (HO)
(c:/texlive/2025/texmf-dist/tex/generic/bigintcalc/bigintcalc.sty
Package: bigintcalc 2019/12/15 v1.5 Expandable calculations on big integers (HO
)
))
\Fld@menulength=\count464
\Field@Width=\dimen451
\Fld@charsize=\dimen452
Package hyperref Info: Hyper figures OFF on input line 6078.
Package hyperref Info: Link nesting OFF on input line 6083.
Package hyperref Info: Hyper index ON on input line 6086.
Package hyperref Info: backreferencing OFF on input line 6093.
Package hyperref Info: Link coloring OFF on input line 6098.
Package hyperref Info: Link coloring with OCG OFF on input line 6103.
Package hyperref Info: PDF/A mode OFF on input line 6108.
\Hy@abspage=\count465
\c@Item=\count466
\c@Hfootnote=\count467
)
Package hyperref Info: Driver (autodetected): hluatex.
(c:/texlive/2025/texmf-dist/tex/latex/hyperref/hluatex.def
File: hluatex.def 2025-07-12 v7.01o Hyperref driver for luaTeX
\Fld@listcount=\count468
\c@bookmark@seq@number=\count469
(c:/texlive/2025/texmf-dist/tex/latex/rerunfilecheck/rerunfilecheck.sty
Package: rerunfilecheck 2025-06-21 v1.11 Rerun checks for auxiliary files (HO)
(c:/texlive/2025/texmf-dist/tex/generic/uniquecounter/uniquecounter.sty
Package: uniquecounter 2019/12/15 v1.4 Provide unlimited unique counter (HO)
)
Package uniquecounter Info: New unique counter `rerunfilecheck' on input line 2
84.
)
\Hy@SectionHShift=\skip96
) (c:/texlive/2025/texmf-dist/tex/generic/babel/babel.sty
Package: babel 2025/11/23 v25.16 The multilingual framework for LuaLaTeX, pdfLa
TeX and XeLaTeX
(c:/texlive/2025/texmf-dist/tex/generic/babel/luababel.def
\bbl@readstream=\read4
\l@dumylang=\language2
Package babel Info: Non-standard hyphenation setup on input line 118.
\l@nohyphenation=\language3
\l@german-x-2024-02-28=\language4
\l@ngerman-x-2024-02-28=\language5
\l@afrikaans=\language6
\l@albanian=\language7
\l@ancientgreek=\language8
\l@ibycus=\language9
\l@arabic=\language10
\l@armenian=\language11
\l@basque=\language12
\l@belarusian=\language13
\l@bulgarian=\language14
\l@catalan=\language15
\l@pinyin=\language16
\l@churchslavonic=\language17
\l@coptic=\language18
\l@croatian=\language19
\l@czech=\language20
\l@danish=\language21
\l@dutch=\language22
\l@ukenglish=\language23
\l@usenglishmax=\language24
\l@esperanto=\language25
\l@estonian=\language26
\l@ethiopic=\language27
\l@farsi=\language28
\l@finnish=\language29
\l@schoolfinnish=\language30
\l@french=\language31
\l@friulan=\language32
\l@galician=\language33
\l@georgian=\language34
\l@german=\language35
\l@ngerman=\language36
\l@swissgerman=\language37
\l@greek=\language38
\l@monogreek=\language39
\l@hebrew=\language40
\l@hungarian=\language41
\l@icelandic=\language42
\l@assamese=\language43
\l@bengali=\language44
\l@gujarati=\language45
\l@hindi=\language46
\l@kannada=\language47
\l@malayalam=\language48
\l@marathi=\language49
\l@oriya=\language50
\l@pali=\language51
\l@panjabi=\language52
\l@tamil=\language53
\l@telugu=\language54
\l@indonesian=\language55
\l@interlingua=\language56
\l@irish=\language57
\l@italian=\language58
\l@kurmanji=\language59
\l@classiclatin=\language60
\l@latin=\language61
\l@liturgicallatin=\language62
\l@latvian=\language63
\l@lithuanian=\language64
\l@macedonian=\language65
\l@mongolian=\language66
\l@mongolianlmc=\language67
\l@bokmal=\language68
\l@nynorsk=\language69
\l@occitan=\language70
\l@piedmontese=\language71
\l@polish=\language72
\l@portuguese=\language73
\l@romanian=\language74
\l@romansh=\language75
\l@russian=\language76
\l@sanskrit=\language77
\l@serbian=\language78
\l@serbianc=\language79
\l@slovak=\language80
\l@slovenian=\language81
\l@spanish=\language82
\l@swedish=\language83
\l@thai=\language84
\l@turkish=\language85
\l@turkmen=\language86
\l@ukrainian=\language87
\l@uppersorbian=\language88
\l@vietnamese=\language89
\l@welsh=\language90
\babelcatcodetablenum=\catcodetable17
\bbl@pattcodes=\catcodetable18
)
\babel@savecnt=\count470
LaTeX Encoding Info:    Redeclaring text command \ij (encoding OT1) on input li
ne 2050.
LaTeX Encoding Info:    Redeclaring text command \IJ (encoding OT1) on input li
ne 2052.
LaTeX Encoding Info:    Redeclaring text command \ij (encoding T1) on input lin
e 2054.
LaTeX Encoding Info:    Redeclaring text command \IJ (encoding T1) on input lin
e 2055.
LaTeX Encoding Info:    Ignoring declaration for text command \ij (encoding ?) 
on input line 2056.
LaTeX Encoding Info:    Ignoring declaration for text command \IJ (encoding ?) 
on input line 2058.
LaTeX Encoding Info:    Ignoring declaration for text command \SS (encoding ?) 
on input line 2083.
\U@D=\dimen453
\l@unhyphenated=\language91
(c:/texlive/2025/texmf-dist/tex/generic/babel/luababel.def
\bbl@attr@locale=\attribute4
) (c:/texlive/2025/texmf-dist/tex/generic/babel/locale/fr/babel-french.tex)
Package babel Info: Importing font and identification data for french
(babel)             from babel-fr.ini. Reported on input line 4298.
(c:/texlive/2025/texmf-dist/tex/generic/babel-french/french.ldf
Language: french 2025-08-15 v4.0e French support from the babel system
\FB@spacing=\attribute5
\FB@addDPspace=\attribute6
\FB@ucsNBSP=\attribute7
\FBguill@level=\count471
\FBold@everypar=\toks50
\FB@Mht=\dimen454
\mc@charclass=\count472
\mc@charfam=\count473
\mc@charslot=\count474
\std@mcc=\count475
\dec@mcc=\count476
Inserting `frenchb.french_punctuation' in `kerning'.
Inserting `frenchb.euphonic_t' in `pre_linebreak_filter'.
\FB@pardim=\dimen455
\listindentFB=\dimen456
\descindentFB=\dimen457
\labelindentFB=\dimen458
\labelwidthFB=\dimen459
\leftmarginFB=\dimen460
\parindentFFN=\dimen461
\FBfnindent=\dimen462
(c:/texlive/2025/texmf-dist/tex/generic/hyph-utf8/loadhyph/loadhyph-fr.tex UTF-
8 French hyphenation patterns (c:/texlive/2025/texmf-dist/tex/generic/hyph-utf8
/patterns/tex/hyph-fr.tex)
(c:/texlive/2025/texmf-dist/tex/generic/hyph-utf8/patterns/quote/hyph-quote-fr.
tex)))) (c:/texlive/2025/texmf-dist/tex/latex/carlisle/scalefnt.sty) (c:/texliv
e/2025/texmf-dist/tex/latex/newverbs/newverbs.sty
Package: newverbs 2022/10/25 v1.6a Define new 'verb' commands and short verb. c
haracters
(c:/texlive/2025/texmf-dist/tex/latex/base/shortvrb.sty
Package: shortvrb 2024/12/25 v3.0q Standard LaTeX documentation package V3 (FMi
)
)) (c:/texlive/2025/texmf-dist/tex/latex/tcolorbox/tcolorbox.sty
Package: tcolorbox 2025/11/28 version 6.9.0 text color boxes
(c:/texlive/2025/texmf-dist/tex/latex/tools/verbatim.sty
Package: verbatim 2024-01-22 v1.5x LaTeX2e package for verbatim enhancements
\every@verbatim=\toks51
\verbatim@line=\toks52
\verbatim@in@stream=\read5
) (c:/texlive/2025/texmf-dist/tex/latex/environ/environ.sty
Package: environ 2014/05/04 v0.3 A new way to define environments
(c:/texlive/2025/texmf-dist/tex/latex/trimspaces/trimspaces.sty
Package: trimspaces 2009/09/17 v1.1 Trim spaces around a token list
))
\tcb@titlebox=\box150
\tcb@upperbox=\box151
\tcb@lowerbox=\box152
\tcb@phantombox=\box153
\c@tcbbreakpart=\count477
\c@tcblayer=\count478
\c@tcolorbox@number=\count479
\l__tcobox_tmpa_box=\box154
\l__tcobox_tmpa_dim=\dimen463
\tcb@temp=\box155
\tcb@temp=\box156
\tcb@temp=\box157
\tcb@temp=\box158
(c:/texlive/2025/texmf-dist/tex/latex/tcolorbox/tcbraster.code.tex
Library (tcolorbox): 'tcbraster.code.tex' version '6.9.0'
\c@tcbrastercolumn=\count480
\c@tcbrasterrow=\count481
\c@tcbrasternum=\count482
\c@tcbraster=\count483
) (c:/texlive/2025/texmf-dist/tex/latex/tcolorbox/tcbskins.code.tex
Library (tcolorbox): 'tcbskins.code.tex' version '6.9.0'
(c:/texlive/2025/texmf-dist/tex/latex/tikzfill/tikzfill.image.sty
Package: tikzfill.image 2023/08/08 v1.0.1 Image filling library for TikZ
(c:/texlive/2025/texmf-dist/tex/latex/tikzfill/tikzfill-common.sty
Package: tikzfill-common 2023/08/08 v1.0.1 Auxiliary code for tikzfill
) (c:/texlive/2025/texmf-dist/tex/latex/tikzfill/tikzlibraryfill.image.code.tex
File: tikzlibraryfill.image.code.tex 2023/08/08 v1.0.1 Image filling library
\l__tikzfill_img_box=\box159
)) (c:/texlive/2025/texmf-dist/tex/latex/tcolorbox/tcbskinsjigsaw.code.tex
Library (tcolorbox): 'tcbskinsjigsaw.code.tex' version '6.9.0'
)) (c:/texlive/2025/texmf-dist/tex/latex/tcolorbox/tcbbreakable.code.tex
Library (tcolorbox): 'tcbbreakable.code.tex' version '6.9.0'
(c:/texlive/2025/texmf-dist/tex/latex/pdfcol/pdfcol.sty
Package: pdfcol 2022-09-21 v1.7 Handle new color stacks for pdfTeX (HO)
)
Package pdfcol Info: New color stack `tcb@breakable' = 1 on input line 23.
\tcb@testbox=\box160
\tcb@totalupperbox=\box161
\tcb@totallowerbox=\box162
) (c:/texlive/2025/texmf-dist/tex/latex/tcolorbox/tcbhooks.code.tex
Library (tcolorbox): 'tcbhooks.code.tex' version '6.9.0'
) (c:/texlive/2025/texmf-dist/tex/latex/tcolorbox/tcbtheorems.code.tex
Library (tcolorbox): 'tcbtheorems.code.tex' version '6.9.0'
) (c:/texlive/2025/texmf-dist/tex/latex/tcolorbox/tcbfitting.code.tex
Library (tcolorbox): 'tcbfitting.code.tex' version '6.9.0'
\tcbfitdim=\dimen464
\tcb@lowerfitdim=\dimen465
\tcb@upperfitdim=\dimen466
\tcb@cur@hbadness=\count484
) (c:/texlive/2025/texmf-dist/tex/latex/tcolorbox/tcblistingsutf8.code.tex
Library (tcolorbox): 'tcblistingsutf8.code.tex' version '6.9.0'
(c:/texlive/2025/texmf-dist/tex/latex/tcolorbox/tcblistings.code.tex
Library (tcolorbox): 'tcblistings.code.tex' version '6.9.0'
(c:/texlive/2025/texmf-dist/tex/latex/listings/listings.sty
\lst@mode=\count485
\lst@gtempboxa=\box163
\lst@token=\toks53
\lst@length=\count486
\lst@currlwidth=\dimen467
\lst@column=\count487
\lst@pos=\count488
\lst@lostspace=\dimen468
\lst@width=\dimen469
\lst@newlines=\count489
\lst@lineno=\count490
\lst@maxwidth=\dimen470
(c:/texlive/2025/texmf-dist/tex/latex/listings/lstpatch.sty
File: lstpatch.sty 2025/11/14 1.11b (Carsten Heinz)
) (c:/texlive/2025/texmf-dist/tex/latex/listings/lstmisc.sty
File: lstmisc.sty 2025/11/14 1.11b (Carsten Heinz)
\c@lstnumber=\count491
\lst@skipnumbers=\count492
\lst@framebox=\box164
) (c:/texlive/2025/texmf-dist/tex/latex/listings/listings.cfg
File: listings.cfg 2025/11/14 1.11b listings configuration
))
Package: listings 2025/11/14 1.11b (Carsten Heinz)
==> First Aid for listings.sty no longer applied!
    Expected:
        2024/09/23 1.10c (Carsten Heinz)
    but found:
        2025/11/14 1.11b (Carsten Heinz)
    so I'm assuming it got fixed.
(c:/texlive/2025/texmf-dist/tex/latex/tcolorbox/tcblistingscore.code.tex
Library (tcolorbox): 'tcblistingscore.code.tex' version '6.9.0'
(c:/texlive/2025/texmf-dist/tex/latex/tcolorbox/tcbprocessing.code.tex
Library (tcolorbox): 'tcbprocessing.code.tex' version '6.9.0'
)
\c@tcblisting=\count493
))
Package tcolorbox Info: Library `listingsutf8' is compatible with pdftex only. 
Library `listings` is loaded instead. on input line 29.
) (c:/texlive/2025/texmf-dist/tex/latex/tcolorbox/tcbexternal.code.tex
Library (tcolorbox): 'tcbexternal.code.tex' version '6.9.0'
) (c:/texlive/2025/texmf-dist/tex/latex/tcolorbox/tcbmagazine.code.tex
Library (tcolorbox): 'tcbmagazine.code.tex' version '6.9.0'
) (c:/texlive/2025/texmf-dist/tex/latex/tcolorbox/tcbvignette.code.tex
Library (tcolorbox): 'tcbvignette.code.tex' version '6.9.0'

(c:/texlive/2025/texmf-dist/tex/generic/pgf/frontendlayer/tikz/libraries/tikzli
braryfadings.code.tex
File: tikzlibraryfadings.code.tex 2025-08-29 v3.1.11a (3.1.11a)

(c:/texlive/2025/texmf-dist/tex/generic/pgf/libraries/pgflibraryfadings.code.te
x
File: pgflibraryfadings.code.tex 2025-08-29 v3.1.11a (3.1.11a)
))) (c:/texlive/2025/texmf-dist/tex/latex/tcolorbox/tcbposter.code.tex
Library (tcolorbox): 'tcbposter.code.tex' version '6.9.0'
))
Package french.ldf Info: Setting StandardItemizeEnv=true for
(french.ldf)             compatibility with enumitem package,
(french.ldf)             reported on input line 112.
Package french.ldf Info: Setting StandardEnumerateEnv=true for
(french.ldf)             compatibility with enumitem package,
(french.ldf)             reported on input line 112.
(./ProfSio-doc-fr.aux)
\openout1 = ProfSio-doc-fr.aux

LaTeX Font Info:    Checking defaults for OML/cmm/m/it on input line 112.
LaTeX Font Info:    ... okay on input line 112.
LaTeX Font Info:    Checking defaults for OMS/cmsy/m/n on input line 112.
LaTeX Font Info:    ... okay on input line 112.
LaTeX Font Info:    Checking defaults for OT1/cmr/m/n on input line 112.
LaTeX Font Info:    ... okay on input line 112.
LaTeX Font Info:    Checking defaults for T1/cmr/m/n on input line 112.
LaTeX Font Info:    ... okay on input line 112.
LaTeX Font Info:    Checking defaults for TS1/cmr/m/n on input line 112.
LaTeX Font Info:    ... okay on input line 112.
LaTeX Font Info:    Checking defaults for TU/lmr/m/n on input line 112.
LaTeX Font Info:    ... okay on input line 112.
LaTeX Font Info:    Checking defaults for OMX/cmex/m/n on input line 112.
LaTeX Font Info:    ... okay on input line 112.
LaTeX Font Info:    Checking defaults for U/cmr/m/n on input line 112.
LaTeX Font Info:    ... okay on input line 112.
LaTeX Font Info:    Checking defaults for PD1/pdf/m/n on input line 112.
LaTeX Font Info:    ... okay on input line 112.
LaTeX Font Info:    Checking defaults for PU/pdf/m/n on input line 112.
LaTeX Font Info:    ... okay on input line 112.
*geometry* driver: auto-detecting
*geometry* detected driver: luatex
*geometry* verbose mode - [ preamble ] result:
* driver: luatex
* paper: a4paper
* layout: <same size as paper>
* layoutoffset:(h,v)=(0.0pt,0.0pt)
* modes: includefoot 
* h-part:(L,W,R)=(56.9055pt, 483.69687pt, 56.9055pt)
* v-part:(T,H,B)=(56.9055pt, 731.23584pt, 56.9055pt)
* \paperwidth=597.50787pt
* \paperheight=845.04684pt
* \textwidth=483.69687pt
* \textheight=701.23584pt
* \oddsidemargin=-15.36449pt
* \evensidemargin=-15.36449pt
* \topmargin=-52.36449pt
* \headheight=12.0pt
* \headsep=25.0pt
* \topskip=11.0pt
* \footskip=30.0pt
* \marginparwidth=50.0pt
* \marginparsep=10.0pt
* \columnsep=10.0pt
* \skip\footins=10.0pt plus 4.0pt minus 2.0pt
* \hoffset=0.0pt
* \voffset=0.0pt
* \mag=1000
* \@twocolumnfalse
* \@twosidefalse
* \@mparswitchfalse
* \@reversemarginfalse
* (1in=72.27pt=25.4mm, 1cm=28.453pt)

(c:/texlive/2025/texmf-dist/tex/context/base/mkii/supp-pdf.mkii
[Loading MPS to PDF converter (version 2006.09.02).]
\scratchcounter=\count494
\scratchdimen=\dimen471
\scratchbox=\box165
\nofMPsegments=\count495
\nofMParguments=\count496
\everyMPshowfont=\toks54
\MPscratchCnt=\count497
\MPscratchDim=\dimen472
\MPnumerator=\count498
\makeMPintoPDFobject=\count499
\everyMPtoPDFconversion=\toks55
) (c:/texlive/2025/texmf-dist/tex/latex/epstopdf-pkg/epstopdf-base.sty
Package: epstopdf-base 2020-01-24 v2.11 Base part for package epstopdf
Package epstopdf-base Info: Redefining graphics rule for `.eps' on input line 4
85.
(c:/texlive/2025/texmf-dist/tex/latex/latexconfig/epstopdf-sys.cfg
File: epstopdf-sys.cfg 2010/07/13 v1.3 Configuration of (r)epstopdf for TeX Liv
e
))
(c:/texlive/2025/texmf-dist/tex/latex/translations/translations-basic-dictionar
y-french.trsl
File: translations-basic-dictionary-french.trsl (french translation file `trans
lations-basic-dictionary')
)
Package translations Info: loading dictionary `translations-basic-dictionary' f
or `french'. on input line 112.
\c__nicematrix_shift_Ldots_last_row_dim=\dimen473
\c__nicematrix_innersep_middle_dim=\dimen474
\c@tabularnotesi=\count500
\enitdp@tabularnotes=\count501
\c@tabularnotes*i=\count502
\enitdp@tabularnotes*=\count503
(c:/texlive/2025/texmf-dist/tex/latex/pdflscape/pdflscape.sty
Package: pdflscape 2025-06-23 v0.14 Display of landscape pages in PDF
(c:/texlive/2025/texmf-dist/tex/latex/pdflscape/pdflscape-nometadata.sty
Package: pdflscape-nometadata 2025-06-23 v0.14 Display of landscape pages in PD
F (HO)
(c:/texlive/2025/texmf-dist/tex/latex/graphics/lscape.sty
Package: lscape 2020/05/28 v3.02 Landscape Pages (DPC)
)
Package pdflscape Info: Auto-detected driver: pdftex on input line 81.
))
Package hyperref Info: Link coloring OFF on input line 112.
(./ProfSio-doc-fr.out) (./ProfSio-doc-fr.out)
\@outlinefile=\write5

\openout5 = ProfSio-doc-fr.out
\c@lstlisting=\count504
\g__cctab_tmpxliii_cctab=\catcodetable19
\g__cctab_tmpxliv_cctab=\catcodetable20
\g__nicematrix_max_cell_width_dim=\dimen475
\c@iRow=\count505
\c@jCol=\count506
\l__nicematrix_cell_box=\box166
\l__nicematrix_left_delim_dim=\dimen476
\l__nicematrix_right_delim_dim=\dimen477
[1

{c:/texlive/2025/texmf-var/fonts/map/pdftex/updmap/pdftex.map}] (./ProfSio-doc-
fr.toc [2])
\tf@toc=\write6

\openout6 = ProfSio-doc-fr.toc
[3] [4]
\g__tcobox_out_iow=\write7

\openout7 = ProfSio-doc-fr.listing
(c:/texlive/2025/texmf-dist/tex/latex/listings/lstlang1.sty
File: lstlang1.sty 2025/11/14 1.11b listings language file
) (c:/texlive/2025/texmf-dist/tex/latex/listings/lstlang2.sty
File: lstlang2.sty 2025/11/14 1.11b listings language file
) (c:/texlive/2025/texmf-dist/tex/latex/listings/lstlang3.sty
File: lstlang3.sty 2025/11/14 1.11b listings language file
) (c:/texlive/2025/texmf-dist/tex/latex/listings/lstlang1.sty
File: lstlang1.sty 2025/11/14 1.11b listings language file
) (c:/texlive/2025/texmf-dist/tex/latex/listings/lstlang2.sty
File: lstlang2.sty 2025/11/14 1.11b listings language file
) (c:/texlive/2025/texmf-dist/tex/latex/listings/lstlang3.sty
File: lstlang3.sty 2025/11/14 1.11b listings language file
) (c:/texlive/2025/texmf-dist/tex/latex/listings/lstlang1.sty
File: lstlang1.sty 2025/11/14 1.11b listings language file
) (c:/texlive/2025/texmf-dist/tex/latex/listings/lstlang2.sty
File: lstlang2.sty 2025/11/14 1.11b listings language file
) (c:/texlive/2025/texmf-dist/tex/latex/listings/lstlang3.sty
File: lstlang3.sty 2025/11/14 1.11b listings language file
) (c:/texlive/2025/texmf-dist/tex/latex/listings/lstmisc.sty
File: lstmisc.sty 2025/11/14 1.11b (Carsten Heinz)
) (./ProfSio-doc-fr.listing) [5] [6]
\openout7 = ProfSio-doc-fr.listing
 (./ProfSio-doc-fr.listing)
\openout7 = ProfSio-doc-fr.listing
 (./ProfSio-doc-
fr.listing) (./ProfSio-doc-fr.listing)
\openout7 = ProfSio-doc-fr.listing
 (./ProfSio-doc-fr.listing) (./ProfSio-do
c-fr.listing)
\openout7 = ProfSio-doc-fr.listing
 (./ProfSio-doc-fr.listing) (./ProfSio-doc-fr.listing)
\openout7 = ProfSio-doc-fr.listing
 (./ProfSio-
doc-fr.listing) (./ProfSio-doc-fr.listing) [7]
\openout7 = ProfSio-doc-fr.listing
 (./ProfSio-doc-fr.listing) (./Pr
ofSio-doc-fr.listing)
\openout7 = ProfSio-doc-fr.listing
 (./ProfSio-doc-fr.listing) (./ProfSio-doc-fr.listing)
\openout7 = ProfSio-doc-fr.listing
 (./
ProfSio-doc-fr.listing) (./ProfSio-doc-fr.listing)
\openout7 = ProfSio-doc-fr.listing
 (./ProfSio-doc-fr.listing) (./ProfSio-doc-fr.listing)
\openout7 = ProfSio-doc-fr.listing
 (./ProfSio-doc-fr.listing) (./ProfSio-doc-fr.listing) [8]
\openout7 = ProfSio-doc-fr.listing
 (./ProfSio-doc-fr.listing) (./ProfSio-doc-fr.listing)
\openout7 = ProfSio-doc-fr.listing
 (./ProfSio-doc-fr.listing) (./ProfSio-doc-fr.listing)
\openout7 = ProfSio-doc-fr.listing
 (./ProfSio-doc-fr.listing) (./ProfSio-doc-fr.listing)
\openout7 = ProfSio-doc-fr.listing
 (./ProfSio-doc-fr.listing) (./ProfSio-doc-fr.listing)
\openout7 = ProfSio-doc-fr.listing
 (./ProfSio-doc-fr.listing) (./ProfSio-doc-fr.listing) [9]
\openout7 = ProfSio-doc-fr.listing
 (./ProfSio-doc-fr.listing) (./ProfSio-doc-fr.listing) [10]
\openout7 = ProfSio-doc-fr.listing
 (./ProfSio-doc-fr.listing)
\openout7 = ProfSio-doc-fr.listing
 (./ProfSio-doc-fr.listing) (./ProfSio-doc-fr.listing
\g__cctab_tmpxlix_cctab=\catcodetable21
\g__cctab_tmpl_cctab=\catcodetable22
) [11
Missing character: There is no * (U+002A) in font nullfont!
]
\openout7 = ProfSio-doc-fr.listing
 (./ProfSio-doc-fr.listing)
\openout7 = ProfSio-doc-fr.listing
 (./ProfSio-doc-fr.listing) (./ProfSio-doc-fr.listi
ng) [12]
\openout7 = ProfSio-doc-fr.listing
 (./ProfSio-doc-fr.listing)
\openout7 = ProfSio-doc-fr.listing
 (./ProfSio-doc-fr.listing) (./ProfSio-doc-f
r.listing) [13]
\openout7 = ProfSio-doc-fr.listing
 (./ProfSio-doc-fr.listing)
\openout7 = ProfSio-doc-fr.listing
 (./ProfSio-doc-fr.listing) [14]
\openout7 = ProfSio-doc-fr.listing
 (./P
rofSio-doc-fr.listing) (./ProfSio-doc-fr.listing)
\openout7 = ProfSio-doc-fr.listing
 (./ProfSio-doc-fr.listing) [1
5]
\openout7 = ProfSio-doc-fr.listing
 (./ProfSio-doc-fr.listing) (./ProfSio-doc-fr.listing)
\openout7 = ProfSio-doc-fr.listing
 (./ProfSio-doc-fr.list
ing) (./ProfSio-doc-fr.listing
LaTeX Font Info:    Font shape `TU/lmtt/bx/n' in size <12> not available
(Font)              Font shape `TU/lmtt/b/n' tried instead on input line 4.
) [16
Missing character: There is no * (U+002A) in font nullfont!
Missing character: There is no * (U+002A) in font nullfont!
]
\openout7 = ProfSio-doc-fr.listing
 (./ProfSio-doc-fr.listing)
\openout7 = ProfSio-doc-fr.listing
 (./ProfSio-doc-fr.listing) (./ProfSio-doc-fr.listi
ng) [17]
\openout7 = ProfSio-doc-fr.listing
 (./ProfSio-doc-fr.listing) [18]
\openout7 = ProfSio-doc-fr.listing
 (./ProfSio-doc-fr.listing)
\openout7 = ProfSio-doc-fr.listing
 (./ProfSio-
doc-fr.listing) (./ProfSio-doc-fr.listing) [19] [20]
\openout7 = ProfSio-doc-fr.listing
 (./ProfSio-doc-fr.listing)
\openout7 = ProfSio-doc-fr.listing
 (./ProfSio-doc-fr.listing) (./ProfSio-doc-fr.listing) [21]
\openout7 = ProfSio-doc-fr.listing
 (./ProfSio-doc-fr.listing) (./ProfSio-doc-fr.listing)
\openout7 = ProfSio-doc-fr.listing
 (./ProfSio-doc-fr.listing) (./ProfSio-doc-fr.listing) [22]
\openout7 = ProfSio-doc-fr.listing
 (./ProfSio-doc-fr.listing) (./ProfSio-doc-fr.listing) [23]
\openout7 = ProfSio-doc-fr.listing
 (./ProfSio-doc-fr.listing) [24]
\openout7 = ProfSio-doc-fr.listing
 (./ProfSio-doc-fr.listing)
\openout7 = ProfSio-doc-fr.listing
 (./ProfSio-doc-fr.listing) (./ProfSio-doc-fr.listing)
\openout7 = ProfSio-doc-fr.listing
 (./ProfSio-doc-fr.listing) (./ProfSio-doc-fr.listing) [25]
\openout7 = ProfSio-doc-fr.listing
 (./ProfSio-doc-fr.listing) (./ProfSio-doc-fr.listing)
\openout7 = ProfSio-doc-fr.listing
 (./ProfSio-doc-fr.listing) (./ProfSio-doc-fr.listing) [26]
\openout7 = ProfSio-doc-fr.listing
 (./ProfSio-doc-fr.listing)
\openout7 = ProfSio-doc-fr.listing
 (./ProfSio-doc-fr.listing) (./ProfSio-doc-fr.listing)
\openout7 = ProfSio-doc-fr.listing
 (./ProfSio-doc-fr.listing) (./ProfSio-doc-fr.listing)
\openout7 = ProfSio-doc-fr.listing
 (./ProfSio-doc-fr.listing) (./ProfSio-doc-fr.listing) [27]
\openout7 = ProfSio-doc-fr.listing
 (./ProfSio-doc-fr.listing) (./ProfSio-doc-fr.listing)
\openout7 = ProfSio-doc-fr.listing
 (./ProfSio-doc-fr.listing) (./ProfSio-doc-fr.listing) [28]
\openout7 = ProfSio-doc-fr.listing
 (./ProfSio-doc-fr.listing)
\openout7 = ProfSio-doc-fr.listing
 (./ProfSio-doc-fr.listing) (./ProfSio-doc-fr.listing)
\openout7 = ProfSio-doc-fr.listing
 (./ProfSio-doc-fr.listing) [29]
\openout7 = ProfSio-doc-fr.listing
 (./ProfSio-doc-fr.listing) [30]
\openout7 = ProfSio-doc-fr.listing
 (./ProfSio-doc-fr.listing)
Underfull \hbox (badness 1354) in paragraph at lines 1360--1361
[]|\TU/lmr/m/n/10.95 En ce qui concerne la créa-tion des som-mets, la liste est
 à don-ner sous la forme
 []


\openout7 = ProfSio-doc-fr.listing
(./ProfSio-doc-fr.listing) (./ProfSio-doc-fr.listing)
\openout7 = ProfSio-doc-fr.listing
 (./ProfSio-doc-fr.listing
) (./ProfSio-doc-fr.listing)
\openout7 = ProfSio-doc-fr.listing
 (./ProfSio-doc-fr.listing) (./ProfSio-doc-fr.listi
ng) [31]
\openout7 = ProfSio-doc-fr.listing
 (./ProfSio-doc-fr.listing)
Underfull \hbox (badness 10000) in paragraph at lines 1414--1415
[]\TU/lmr/m/n/10.95 Dans le cas d’arêtes \TU/lmr/m/it/10.95 clas-siques\TU/l
mr/m/n/10.95 , la liste est à don-ner sous la forme
 []


Underfull \hbox (badness 10000) in paragraph at lines 1418--1419
[]\TU/lmr/m/n/10.95 Dans le cas de boucles, la lise est à don-ner sous la forme

 []


Overfull \hbox (45.99512pt too wide) in paragraph at lines 1418--1419
[]\TU/lmtt/m/n/10.95 Som/anglesortie Som/anglesortie ... \TU/lmr/m/n/10.95 ou [
]\TU/lmtt/m/n/10.95 Som/anglesortie/Poids Som/anglesortie/Poids ...
 []


\openout7 = ProfSio-doc-fr.listing
(./ProfSio-doc-fr.listing) (./ProfSio-doc-fr.listing)
\openout7 = ProfSio-doc-fr.listing
 (./ProfSio-doc-fr.listing
) (./ProfSio-doc-fr.listing) [32]
\openout7 = ProfSio-doc-fr.listing
 (./ProfSio-doc-fr.listing) (./ProfSio-doc-fr.
listing)
\openout7 = ProfSio-doc-fr.listing
 (./ProfSio-doc-fr.listing) (./ProfSio-doc-fr.listing) [33]
\openout7 = ProfSio-doc-fr.listing
 (./ProfSio-
doc-fr.listing) (./ProfSio-doc-fr.listing) [34]
Underfull \hbox (badness 10000) in paragraph at lines 1518--1519
[]\TU/lmr/m/n/10.95 Les ma-trices sont à dé-cla-rer sous une forme par-ti-cu-l
ière, sous la forme
 []


Underfull \hbox (badness 4036) in paragraph at lines 1528--1529
[]\TU/lmr/m/n/10.95 La com-mande dé-diée à la l’af-fi-chage d’une puis-sa
nce d’une ma-trice d’ad-ja-cence
 []


\openout7 = ProfSio-doc-fr.listing
(./ProfSio-doc-fr.listing)
\openout7 = ProfSio-doc-fr.listing
 (./ProfSio-doc-fr.listing) (./ProfSio-doc-fr.listing
\g__nicematrix_block_box_1_box=\box167
\g__nicematrix_block_box_2_box=\box168
\g__nicematrix_block_box_3_box=\box169
\g__nicematrix_block_box_4_box=\box170
\g__nicematrix_block_box_5_box=\box171
\g__nicematrix_block_box_6_box=\box172
\g__nicematrix_block_box_7_box=\box173
\g__nicematrix_block_box_8_box=\box174
) [35]
\openout7 = ProfSio-doc-fr.listing
 (./ProfSio-doc-fr.listing)
\openout7 = ProfSio-doc-fr.listing
 (./ProfSio-doc-fr.listing) (./ProfSio-doc-fr.
listing
\g__nicematrix_block_box_9_box=\box175
\g__nicematrix_block_box_10_box=\box176
) [36]
\openout7 = ProfSio-doc-fr.listing
 (./ProfSio-doc-fr.listing)
\openout7 = ProfSio-doc-fr.listing
 (./ProfSio-doc-fr.listing) (./ProfSio-doc-fr.
listing) [37] [38]
\openout7 = ProfSio-doc-fr.listing
 (./ProfSio-doc-fr.listing)
\openout7 = ProfSio-doc-fr.listing
 (./ProfSio-doc-fr.listing) (./Pro
fSio-doc-fr.listing)
\openout7 = ProfSio-doc-fr.listing
 (./ProfSio-doc-fr.listing) [39]
\openout7 = ProfSio-doc-fr.listing
 (./ProfSio-doc-fr.listing) (./ProfSio-doc-fr.listing)
\openout7 = ProfSio-doc-fr.listing
 (./ProfSio-doc-fr.listing) (./ProfSio-doc-fr.listing) [40]
\openout7 = ProfSio-doc-fr.listing
 (./ProfSio-doc-fr.listing) (./ProfSio-doc-fr.listing
Underfull \hbox (badness 5475) in paragraph at lines 8--8
[]$\OML/cmm/m/it/10.95 B[]$ \TU/lmr/m/n/10.95 ad-met 2 an-té-cé-
 []

) [41]
\openout7 = ProfSio-doc-fr.listing
 (./ProfSio-doc-fr.listing)
\openout7 = ProfSio-doc-fr.listing
 (./ProfSio-doc-fr.listing) (./ProfSio-doc-fr.
listing)
\openout7 = ProfSio-doc-fr.listing
 (./ProfSio-doc-fr.listing) [42]
\openout7 = ProfSio-doc-fr.listing
 (./ProfSio-doc-fr.listing) (./ProfSio-
doc-fr.listing) [43]
\openout7 = ProfSio-doc-fr.listing
 (./ProfSio-doc-fr.listing) (./ProfSio-doc-fr.listing)
\openout7 = ProfSio-doc-fr.listing
 (./P
rofSio-doc-fr.listing) (./ProfSio-doc-fr.listing

LaTeX Font Warning: Command \small invalid in math mode on input line 7.

) [44] [45]
\openout7 = ProfSio-doc-fr.listing
 (./ProfSio-doc-fr.listing)
\openout7 = ProfSio-doc-fr.listing
 (./ProfSio-doc-fr.listing) (./ProfSio-do
c-fr.listing)
\openout7 = ProfSio-doc-fr.listing
 (./ProfSio-doc-fr.listing) (./ProfSio-doc-fr.listing)
\openout7 = ProfSio-doc-fr.listing
 (./ProfSio-
doc-fr.listing) [46] [47]
\g__cctab_tmpxvii_cctab=\catcodetable23

\openout7 = ProfSio-doc-fr.listing
(./ProfSio-doc-fr.listing) (./ProfSio-doc-fr.listing)
\openout7 = ProfSio-doc-fr.listing
 (./ProfSio-doc-fr.listing
) (./ProfSio-doc-fr.listing)
\openout7 = ProfSio-doc-fr.listing
 (./ProfSio-doc-fr.listing) (./ProfSio-doc-fr.listi
ng) [48]
\openout7 = ProfSio-doc-fr.listing
 (./ProfSio-doc-fr.listing) (./ProfSio-doc-fr.listing)
\openout7 = ProfSio-doc-fr.listing
 (./ProfSio-doc-f
r.listing) (./ProfSio-doc-fr.listing)
\openout7 = ProfSio-doc-fr.listing
 (./ProfSio-doc-fr.listing) (./ProfSio-doc
-fr.listing)
\openout7 = ProfSio-doc-fr.listing
 (./ProfSio-doc-fr.listing) (./ProfSio-doc-fr.listing) [49]
\openout7 = ProfSio-doc-fr.listing
 (./Prof
Sio-doc-fr.listing) (./ProfSio-doc-fr.listing

Package nicematrix Warning: Line 9. The cell is too wide for your column 'W'
(nicematrix)                (row 1).


Package nicematrix Warning: Line 17. The cell is too wide for your column 'W'
(nicematrix)                (row 1).

) [50]
\openout7 = ProfSio-doc-fr.listing
 (./ProfSio-doc-fr.listing)
\openout7 = ProfSio-doc-fr.listing
 (./ProfSio-doc-fr.listing) (./ProfSio-doc-fr.
listing)
\openout7 = ProfSio-doc-fr.listing
 (./ProfSio-doc-fr.listing) [51]
\openout7 = ProfSio-doc-fr.listing
 (./ProfSio-doc-fr.listing) (./ProfSio-
doc-fr.listing)
\openout7 = ProfSio-doc-fr.listing
 (./ProfSio-doc-fr.listing) (./ProfSio-doc-fr.listing) [52]
\openout7 = ProfSio-doc-fr.listing
 (./P
rofSio-doc-fr.listing) (./ProfSio-doc-fr.listing)
\openout7 = ProfSio-doc-fr.listing
 (./ProfSio-doc-fr.listing) (.
/ProfSio-doc-fr.listing) [53]
\openout7 = ProfSio-doc-fr.listing
 (./ProfSio-doc-fr.listing) (./ProfSio-doc-fr.list
ing) [54]
\openout7 = ProfSio-doc-fr.listing
 (./ProfSio-doc-fr.listing)
\openout7 = ProfSio-doc-fr.listing
 (./ProfSio-doc-fr.listing) (./ProfSio-doc-
fr.listing)
Missing character: There is no × (U+00D7) in font cmr10!

\openout7 = ProfSio-doc-fr.listing
(./ProfSio-doc-fr.listing) (./ProfSio-doc-fr.listing)
\openout7 = ProfSio-doc-fr.listing
 (./ProfSio-doc-fr.listing
) (./ProfSio-doc-fr.listing)
\openout7 = ProfSio-doc-fr.listing
 (./ProfSio-doc-fr.listing) (./ProfSio-doc-fr.listi
ng) [55]
\openout7 = ProfSio-doc-fr.listing
 (./ProfSio-doc-fr.listing) (./ProfSio-doc-fr.listing)
\openout7 = ProfSio-doc-fr.listing
 (./ProfSio-doc-f
r.listing) (./ProfSio-doc-fr.listing) [56] [57]
\openout7 = ProfSio-doc-fr.listing
 (./ProfSio-doc-fr.listing)
\openout7 = ProfSio-doc-fr.listing
 (./P
rofSio-doc-fr.listing) (./ProfSio-doc-fr.listing)
\openout7 = ProfSio-doc-fr.listing
 (./ProfSio-doc-fr.listing) (.
/ProfSio-doc-fr.listing) [58]
\openout7 = ProfSio-doc-fr.listing
 (./ProfSio-doc-fr.listing)
\openout7 = ProfSio-doc-fr.listing
 (./ProfSio-doc-fr.list
ing)
\openout7 = ProfSio-doc-fr.listing
 (./ProfSio-doc-fr.listing)
\openout7 = ProfSio-doc-fr.listing
 (./ProfSio-doc-fr.listing) [59]
<ProfSio-doc-annexe71.pdf, id=1447, 597.50829pt x 845.04709pt>
File: ProfSio-doc-annexe71.pdf Graphic file (type pdf)
<use ProfSio-doc-annexe71.pdf>
Package luatex.def Info: ProfSio-doc-annexe71.pdf  used on input line 2352.
(luatex.def)             Requested size: 597.50682pt x 845.04503pt.
<ProfSio-doc-annexe71.pdf, id=1449, page=1, 597.50829pt x 845.04709pt>
File: ProfSio-doc-annexe71.pdf Graphic file (type pdf)
<use ProfSio-doc-annexe71.pdf, page 1>
Package luatex.def Info: ProfSio-doc-annexe71.pdf , page1 used on input line 23
52.
(luatex.def)             Requested size: 483.69687pt x 684.08467pt.
File: ProfSio-doc-annexe71.pdf Graphic file (type pdf)
<use ProfSio-doc-annexe71.pdf, page 1>
Package luatex.def Info: ProfSio-doc-annexe71.pdf , page1 used on input line 23
52.
(luatex.def)             Requested size: 737.48366pt x 1043.01219pt.
File: ProfSio-doc-annexe71.pdf Graphic file (type pdf)
<use ProfSio-doc-annexe71.pdf, page 1>
Package luatex.def Info: ProfSio-doc-annexe71.pdf , page1 used on input line 23
52.
(luatex.def)             Requested size: 737.48366pt x 1043.01219pt.
File: ProfSio-doc-annexe71.pdf Graphic file (type pdf)
<use ProfSio-doc-annexe71.pdf, page 1>
Package luatex.def Info: ProfSio-doc-annexe71.pdf , page1 used on input line 23
52.
(luatex.def)             Requested size: 737.48366pt x 1043.01219pt.
File: ProfSio-doc-annexe71.pdf Graphic file (type pdf)
<use ProfSio-doc-annexe71.pdf, page 1>
Package luatex.def Info: ProfSio-doc-annexe71.pdf , page1 used on input line 23
52.
(luatex.def)             Requested size: 737.48366pt x 1043.01219pt.
[60

<./ProfSio-doc-annexe71.pdf>]
<ProfSio-doc-annexe72.pdf, id=1478, 597.50829pt x 845.04709pt>
File: ProfSio-doc-annexe72.pdf Graphic file (type pdf)
<use ProfSio-doc-annexe72.pdf>
Package luatex.def Info: ProfSio-doc-annexe72.pdf  used on input line 2358.
(luatex.def)             Requested size: 597.50682pt x 845.04503pt.
<ProfSio-doc-annexe72.pdf, id=1480, page=1, 597.50829pt x 845.04709pt>
File: ProfSio-doc-annexe72.pdf Graphic file (type pdf)
<use ProfSio-doc-annexe72.pdf, page 1>
Package luatex.def Info: ProfSio-doc-annexe72.pdf , page1 used on input line 23
58.
(luatex.def)             Requested size: 483.69687pt x 684.08467pt.
File: ProfSio-doc-annexe72.pdf Graphic file (type pdf)
<use ProfSio-doc-annexe72.pdf, page 1>
Package luatex.def Info: ProfSio-doc-annexe72.pdf , page1 used on input line 23
58.
(luatex.def)             Requested size: 737.48366pt x 1043.01219pt.
File: ProfSio-doc-annexe72.pdf Graphic file (type pdf)
<use ProfSio-doc-annexe72.pdf, page 1>
Package luatex.def Info: ProfSio-doc-annexe72.pdf , page1 used on input line 23
58.
(luatex.def)             Requested size: 737.48366pt x 1043.01219pt.
File: ProfSio-doc-annexe72.pdf Graphic file (type pdf)
<use ProfSio-doc-annexe72.pdf, page 1>
Package luatex.def Info: ProfSio-doc-annexe72.pdf , page1 used on input line 23
58.
(luatex.def)             Requested size: 737.48366pt x 1043.01219pt.
File: ProfSio-doc-annexe72.pdf Graphic file (type pdf)
<use ProfSio-doc-annexe72.pdf, page 1>
Package luatex.def Info: ProfSio-doc-annexe72.pdf , page1 used on input line 23
58.
(luatex.def)             Requested size: 737.48366pt x 1043.01219pt.
[61

<./ProfSio-doc-annexe72.pdf>]
<ProfSio-doc-annexe72.pdf, id=1517, page=2, 597.50829pt x 845.04709pt>
File: ProfSio-doc-annexe72.pdf Graphic file (type pdf)
<use ProfSio-doc-annexe72.pdf, page 2>
Package luatex.def Info: ProfSio-doc-annexe72.pdf , page2 used on input line 23
58.
(luatex.def)             Requested size: 737.48366pt x 1043.01219pt.
File: ProfSio-doc-annexe72.pdf Graphic file (type pdf)
<use ProfSio-doc-annexe72.pdf, page 2>
Package luatex.def Info: ProfSio-doc-annexe72.pdf , page2 used on input line 23
58.
(luatex.def)             Requested size: 737.48366pt x 1043.01219pt.
File: ProfSio-doc-annexe72.pdf Graphic file (type pdf)
<use ProfSio-doc-annexe72.pdf, page 2>
Package luatex.def Info: ProfSio-doc-annexe72.pdf , page2 used on input line 23
58.
(luatex.def)             Requested size: 737.48366pt x 1043.01219pt.
[62

<./ProfSio-doc-annexe72.pdf>]
<ProfSio-doc-annexe73.pdf, id=1522, 597.50829pt x 845.04709pt>
File: ProfSio-doc-annexe73.pdf Graphic file (type pdf)
<use ProfSio-doc-annexe73.pdf>
Package luatex.def Info: ProfSio-doc-annexe73.pdf  used on input line 2364.
(luatex.def)             Requested size: 597.50682pt x 845.04503pt.
<ProfSio-doc-annexe73.pdf, id=1524, page=1, 597.50829pt x 845.04709pt>
File: ProfSio-doc-annexe73.pdf Graphic file (type pdf)
<use ProfSio-doc-annexe73.pdf, page 1>
Package luatex.def Info: ProfSio-doc-annexe73.pdf , page1 used on input line 23
64.
(luatex.def)             Requested size: 483.69687pt x 684.08467pt.
File: ProfSio-doc-annexe73.pdf Graphic file (type pdf)
<use ProfSio-doc-annexe73.pdf, page 1>
Package luatex.def Info: ProfSio-doc-annexe73.pdf , page1 used on input line 23
64.
(luatex.def)             Requested size: 737.48366pt x 1043.01219pt.
File: ProfSio-doc-annexe73.pdf Graphic file (type pdf)
<use ProfSio-doc-annexe73.pdf, page 1>
Package luatex.def Info: ProfSio-doc-annexe73.pdf , page1 used on input line 23
64.
(luatex.def)             Requested size: 737.48366pt x 1043.01219pt.
File: ProfSio-doc-annexe73.pdf Graphic file (type pdf)
<use ProfSio-doc-annexe73.pdf, page 1>
Package luatex.def Info: ProfSio-doc-annexe73.pdf , page1 used on input line 23
64.
(luatex.def)             Requested size: 737.48366pt x 1043.01219pt.
File: ProfSio-doc-annexe73.pdf Graphic file (type pdf)
<use ProfSio-doc-annexe73.pdf, page 1>
Package luatex.def Info: ProfSio-doc-annexe73.pdf , page1 used on input line 23
64.
(luatex.def)             Requested size: 737.48366pt x 1043.01219pt.
[63

<./ProfSio-doc-annexe73.pdf>]
<ProfSio-doc-annexe73.pdf, id=1561, page=2, 597.50829pt x 845.04709pt>
File: ProfSio-doc-annexe73.pdf Graphic file (type pdf)
<use ProfSio-doc-annexe73.pdf, page 2>
Package luatex.def Info: ProfSio-doc-annexe73.pdf , page2 used on input line 23
64.
(luatex.def)             Requested size: 737.48366pt x 1043.01219pt.
File: ProfSio-doc-annexe73.pdf Graphic file (type pdf)
<use ProfSio-doc-annexe73.pdf, page 2>
Package luatex.def Info: ProfSio-doc-annexe73.pdf , page2 used on input line 23
64.
(luatex.def)             Requested size: 737.48366pt x 1043.01219pt.
File: ProfSio-doc-annexe73.pdf Graphic file (type pdf)
<use ProfSio-doc-annexe73.pdf, page 2>
Package luatex.def Info: ProfSio-doc-annexe73.pdf , page2 used on input line 23
64.
(luatex.def)             Requested size: 737.48366pt x 1043.01219pt.
[64

<./ProfSio-doc-annexe73.pdf>] (./ProfSio-doc-fr.aux)
 ***********
LaTeX2e <2025-11-01>
L3 programming layer <2022/08/05>
 ***********
Package rerunfilecheck Info: File `ProfSio-doc-fr.out' has not changed.
(rerunfilecheck)             Checksum: EAC01EDF724BF9933C2FF2954C10CCF0;13635.
)
(\end occurred inside a group at level 2)

### simple group (level 2) entered at line 167 ({)
### simple group (level 1) entered at line 163 ({)
### bottom level

Here is how much of LuaTeX's memory you used:
 80630 strings out of 476081
 476899,2373549 words of node,token memory allocated
 19212 words of node memory still in use:
   31 hlist, 2 vlist, 14 rule, 1160 glue, 4 kern, 1 penalty, 2 glyph, 2932 attri
bute, 662 glue_spec, 603 attribute_list, 2 write, 24 pdf_literal, 2 pdf_action, 
24 pdf_colorstack nodes
   avail lists: 1:73,2:70697,3:10426,4:1612,5:1437,6:174,7:14026,8:80,9:10962,10
:17,11:369
 99774 multiletter control sequences out of 65536+600000
 129 fonts using 10166903 bytes
 117i,19n,163p,2761b,2973s stack positions out of 10000i,1000n,20000p,200000b,200000s
<c:/texlive/2025/texmf-dist/fonts/opentype/public/lm/lmsans12-regular.otf><c:/te
xlive/2025/texmf-dist/fonts/opentype/public/lm/lmmonolt10-bold.otf><c:/texlive/2
025/texmf-dist/fonts/opentype/public/lm/lmmono8-regular.otf><c:/texlive/2025/tex
mf-dist/fonts/opentype/public/lm/lmroman7-regular.otf><c:/texlive/2025/texmf-dis
t/fonts/opentype/public/lm/lmsans8-regular.otf><c:/texlive/2025/texmf-dist/fonts
/opentype/public/lm/lmmono10-italic.otf><c:/texlive/2025/texmf-dist/fonts/openty
pe/public/fontawesome5/FontAwesome5Free-Solid-900.otf><c:/texlive/2025/texmf-dis
t/fonts/opentype/public/lm/lmroman10-italic.otf><c:/texlive/2025/texmf-dist/font
s/opentype/public/fontawesome5/FontAwesome5Free-Regular-400.otf><c:/texlive/2025
/texmf-dist/fonts/opentype/public/lm/lmsans10-regular.otf><c:/texlive/2025/texmf
-dist/fonts/opentype/public/lm/lmroman10-bolditalic.otf><c:/texlive/2025/texmf-d
ist/fonts/opentype/public/lm/lmroman10-bold.otf><c:/texlive/2025/texmf-dist/font
s/opentype/public/lm/lmroman12-bold.otf><c:/texlive/2025/texmf-dist/fonts/openty
pe/public/lm/lmroman6-regular.otf><c:/texlive/2025/texmf-dist/fonts/opentype/pub
lic/lm/lmroman9-regular.otf><c:/texlive/2025/texmf-dist/fonts/opentype/public/lm
/lmsans9-regular.otf><c:/texlive/2025/texmf-dist/fonts/opentype/public/lm/lmsans
10-bold.otf><c:/texlive/2025/texmf-dist/fonts/opentype/public/lm/lmroman8-regula
r.otf><c:/texlive/2025/texmf-dist/fonts/opentype/public/lm/lmroman10-regular.otf
><c:/texlive/2025/texmf-dist/fonts/opentype/public/lm/lmmono10-regular.otf><c:/t
exlive/2025/texmf-dist/fonts/opentype/public/lm/lmroman17-regular.otf><c:/texliv
e/2025/texmf-dist/fonts/opentype/public/lm/lmmono12-regular.otf><c:/texlive/2025
/texmf-dist/fonts/type1/public/amsfonts/cm/cmex10.pfb><c:/texlive/2025/texmf-dis
t/fonts/type1/public/amsfonts/cm/cmmi10.pfb><c:/texlive/2025/texmf-dist/fonts/ty
pe1/public/amsfonts/cm/cmmi12.pfb><c:/texlive/2025/texmf-dist/fonts/type1/public
/amsfonts/cm/cmmi8.pfb><c:/texlive/2025/texmf-dist/fonts/type1/public/amsfonts/c
m/cmmi9.pfb><c:/texlive/2025/texmf-dist/fonts/type1/public/amsfonts/cm/cmr10.pfb
><c:/texlive/2025/texmf-dist/fonts/type1/public/amsfonts/cm/cmr17.pfb><c:/texliv
e/2025/texmf-dist/fonts/type1/public/amsfonts/cm/cmr6.pfb><c:/texlive/2025/texmf
-dist/fonts/type1/public/amsfonts/cm/cmr8.pfb><c:/texlive/2025/texmf-dist/fonts/
type1/public/amsfonts/cm/cmsy10.pfb><c:/texlive/2025/texmf-dist/fonts/type1/publ
ic/amsfonts/cm/cmsy8.pfb><c:/texlive/2025/texmf-dist/fonts/type1/public/amsfonts
/cm/cmtt10.pfb><c:/texlive/2025/texmf-dist/fonts/type1/public/amsfonts/symbols/m
sam10.pfb>
Output written on ProfSio-doc-fr.pdf (64 pages, 570944 bytes).

PDF statistics: 1770 PDF objects out of 2073 (max. 8388607)
 1541 compressed objects within 16 object streams
 784 named destinations out of 1000 (max. 131072)
 792 words of extra memory for PDF output out of 10000 (max. 100000000)

