\BOOKMARK [1][-]{section.1}{\376\377\000H\000i\000s\000t\000o\000r\000i\000q\000u\000e}{}% 1
\BOOKMARK [1][-]{section.2}{\376\377\000L\000e\000\040\000p\000a\000c\000k\000a\000g\000e\000\040\000P\000r\000o\000f\000S\000i\000o}{}% 2
\BOOKMARK [2][-]{subsection.2.1}{\376\377\000I\000n\000t\000r\000o\000d\000u\000c\000t\000i\000o\000n}{section.2}% 3
\BOOKMARK [2][-]{subsection.2.2}{\376\377\000C\000h\000a\000r\000g\000e\000m\000e\000n\000t\000\040\000d\000u\000\040\000p\000a\000c\000k\000a\000g\000e\000,\000\040\000p\000a\000c\000k\000a\000g\000e\000s\000\040\000u\000t\000i\000l\000i\000s\000\351\000s}{section.2}% 4
\BOOKMARK [2][-]{subsection.2.3}{\376\377\000F\000o\000n\000c\000t\000i\000o\000n\000n\000e\000m\000e\000n\000t\000\040\000g\000l\000o\000b\000a\000l}{section.2}% 5
\BOOKMARK [1][-]{section.3}{\376\377\000O\000p\000\351\000r\000a\000t\000i\000o\000n\000s\000\040\000p\000o\000s\000\351\000e\000s}{}% 6
\BOOKMARK [2][-]{subsection.3.1}{\376\377\000I\000d\000\351\000e}{section.3}% 7
\BOOKMARK [2][-]{subsection.3.2}{\376\377\000C\000l\000\351\000s\000\040\000e\000t\000\040\000o\000p\000t\000i\000o\000n\000s}{section.3}% 8
\BOOKMARK [2][-]{subsection.3.3}{\376\377\000E\000x\000e\000m\000p\000l\000e\000s}{section.3}% 9
\BOOKMARK [1][-]{section.4}{\376\377\000G\000r\000a\000p\000h\000e\000\040\000d\000'\000o\000r\000d\000o\000n\000n\000a\000n\000c\000e\000m\000e\000n\000t\000\040\000p\000a\000r\000\040\000m\000\351\000t\000h\000o\000d\000e\000\040\000M\000P\000M}{}% 10
\BOOKMARK [2][-]{subsection.4.1}{\376\377\000C\000o\000m\000m\000a\000n\000d\000e\000\040\000e\000t\000\040\000f\000o\000n\000c\000t\000i\000o\000n\000n\000e\000m\000e\000n\000t\000\040\000g\000l\000o\000b\000a\000l}{section.4}% 11
\BOOKMARK [2][-]{subsection.4.2}{\376\377\000A\000r\000g\000u\000m\000e\000n\000t\000s\000\040\000e\000t\000\040\000c\000l\000\351\000s\000\040\000p\000o\000u\000r\000\040\000l\000'\000e\000n\000v\000i\000r\000o\000n\000n\000e\000m\000e\000n\000t}{section.4}% 12
\BOOKMARK [2][-]{subsection.4.3}{\376\377\000A\000r\000g\000u\000m\000e\000n\000t\000s\000\040\000e\000t\000\040\000c\000l\000\351\000s\000\040\000p\000o\000u\000r\000\040\000l\000e\000s\000\040\000t\000\342\000c\000h\000e\000s}{section.4}% 13
\BOOKMARK [2][-]{subsection.4.4}{\376\377\000A\000r\000g\000u\000m\000e\000n\000t\000s\000\040\000e\000t\000\040\000c\000l\000\351\000s\000\040\000p\000o\000u\000r\000\040\000l\000e\000s\000\040\000t\000\342\000c\000h\000e\000s}{section.4}% 14
\BOOKMARK [2][-]{subsection.4.5}{\376\377\000E\000x\000e\000m\000p\000l\000e\000s}{section.4}% 15
\BOOKMARK [1][-]{section.5}{\376\377\000T\000a\000b\000l\000e\000a\000u\000\040\000d\000e\000\040\000K\000a\000r\000n\000a\000u\000g\000h\000\040\000\340\000\040\000t\000r\000o\000i\000s\000\040\000v\000a\000r\000i\000a\000b\000l\000e\000s}{}% 16
\BOOKMARK [2][-]{subsection.5.1}{\376\377\000C\000o\000m\000m\000a\000n\000d\000e\000\040\000e\000t\000\040\000f\000o\000n\000c\000t\000i\000o\000n\000n\000e\000m\000e\000n\000t\000\040\000g\000l\000o\000b\000a\000l}{section.5}% 17
\BOOKMARK [2][-]{subsection.5.2}{\376\377\000A\000r\000g\000u\000m\000e\000n\000t\000s\000\040\000e\000t\000\040\000c\000l\000\351\000s\000\040\000p\000o\000u\000r\000\040\000l\000'\000e\000n\000v\000i\000r\000o\000n\000n\000e\000m\000e\000n\000t}{section.5}% 18
\BOOKMARK [2][-]{subsection.5.3}{\376\377\000A\000r\000g\000u\000m\000e\000n\000t\000s\000\040\000e\000t\000\040\000c\000l\000\351\000s\000\040\000p\000o\000u\000r\000\040\000l\000a\000\040\000c\000o\000m\000m\000a\000n\000d\000e\000\040\000d\000e\000\040\000r\000e\000m\000p\000l\000i\000s\000s\000a\000g\000e}{section.5}% 19
\BOOKMARK [2][-]{subsection.5.4}{\376\377\000A\000r\000g\000u\000m\000e\000n\000t\000s\000\040\000e\000t\000\040\000c\000l\000\351\000s\000\040\000p\000o\000u\000r\000\040\000l\000a\000\040\000c\000o\000m\000m\000a\000n\000d\000e\000\040\000d\000e\000\040\000r\000e\000g\000r\000o\000u\000p\000e\000m\000e\000n\000t\000\040\000d\000e\000s\000\040\000b\000l\000o\000c\000s}{section.5}% 20
\BOOKMARK [2][-]{subsection.5.5}{\376\377\000E\000x\000e\000m\000p\000l\000e\000s}{section.5}% 21
\BOOKMARK [1][-]{section.6}{\376\377\000S\000i\000m\000p\000l\000i\000f\000i\000c\000a\000t\000i\000o\000n\000\040\000d\000'\000u\000n\000e\000\040\000e\000x\000p\000r\000e\000s\000s\000i\000o\000n\000\040\000b\000o\000o\000l\000\351\000e\000n\000n\000e\000\040\000p\000a\000r\000\040\000t\000a\000b\000l\000e\000\040\000d\000e\000\040\000K\000a\000r\000n\000a\000u\000g\000h}{}% 22
\BOOKMARK [2][-]{subsection.6.1}{\376\377\000C\000o\000m\000m\000a\000n\000d\000e\000\040\000e\000t\000\040\000f\000o\000n\000c\000t\000i\000o\000n\000n\000e\000m\000e\000n\000t\000\040\000g\000l\000o\000b\000a\000l}{section.6}% 23
\BOOKMARK [2][-]{subsection.6.2}{\376\377\000A\000r\000g\000u\000m\000e\000n\000t\000s\000\040\000e\000t\000\040\000c\000l\000\351\000s\000\040}{section.6}% 24
\BOOKMARK [2][-]{subsection.6.3}{\376\377\000E\000x\000e\000m\000p\000l\000e\000s}{section.6}% 25
\BOOKMARK [1][-]{section.7}{\376\377\000\311\000c\000r\000i\000t\000u\000r\000e\000\040\000e\000t\000\040\000s\000i\000m\000p\000l\000i\000f\000i\000c\000a\000t\000i\000o\000n\000\040\000d\000'\000u\000n\000e\000\040\000e\000x\000p\000r\000e\000s\000s\000i\000o\000n\000\040\000b\000o\000o\000l\000\351\000e\000n\000n\000e}{}% 26
\BOOKMARK [2][-]{subsection.7.1}{\376\377\000C\000o\000m\000m\000a\000n\000d\000e\000\040\000e\000t\000\040\000f\000o\000n\000c\000t\000i\000o\000n\000n\000e\000m\000e\000n\000t\000\040\000g\000l\000o\000b\000a\000l}{section.7}% 27
\BOOKMARK [2][-]{subsection.7.2}{\376\377\000A\000r\000g\000u\000m\000e\000n\000t\000s\000\040\000e\000t\000\040\000c\000l\000\351\000s\000\040}{section.7}% 28
\BOOKMARK [2][-]{subsection.7.3}{\376\377\000E\000x\000e\000m\000p\000l\000e\000s}{section.7}% 29
\BOOKMARK [1][-]{section.8}{\376\377\000G\000r\000a\000p\000h\000e\000s\000\040\000s\000i\000m\000p\000l\000e\000s}{}% 30
\BOOKMARK [2][-]{subsection.8.1}{\376\377\000C\000o\000m\000m\000a\000n\000d\000e\000\040\000e\000t\000\040\000f\000o\000n\000c\000t\000i\000o\000n\000n\000e\000m\000e\000n\000t\000\040\000g\000l\000o\000b\000a\000l}{section.8}% 31
\BOOKMARK [2][-]{subsection.8.2}{\376\377\000A\000r\000g\000u\000m\000e\000n\000t\000s\000\040\000e\000t\000\040\000c\000l\000\351\000s\000\040\000p\000o\000u\000r\000\040\000l\000'\000e\000n\000v\000i\000r\000o\000n\000n\000e\000m\000e\000n\000t}{section.8}% 32
\BOOKMARK [2][-]{subsection.8.3}{\376\377\000A\000r\000g\000u\000m\000e\000n\000t\000s\000\040\000e\000t\000\040\000c\000l\000\351\000s\000\040\000p\000o\000u\000r\000\040\000l\000a\000\040\000c\000o\000m\000m\000a\000n\000d\000e\000\040\000d\000e\000\040\000c\000r\000\351\000a\000t\000i\000o\000n\000\040\000d\000e\000s\000\040\000s\000o\000m\000m\000e\000t\000s}{section.8}% 33
\BOOKMARK [2][-]{subsection.8.4}{\376\377\000A\000r\000g\000u\000m\000e\000n\000t\000s\000\040\000e\000t\000\040\000c\000l\000\351\000s\000\040\000p\000o\000u\000r\000\040\000l\000a\000\040\000c\000o\000m\000m\000a\000n\000d\000e\000\040\000d\000e\000\040\000t\000r\000a\000c\000\351\000\040\000d\000e\000s\000\040\000a\000r\000\352\000t\000e\000s}{section.8}% 34
\BOOKMARK [2][-]{subsection.8.5}{\376\377\000E\000x\000e\000m\000p\000l\000e\000s}{section.8}% 35
\BOOKMARK [1][-]{section.9}{\376\377\000M\000a\000t\000r\000i\000c\000e\000\040\000d\000'\000a\000d\000j\000a\000c\000e\000n\000c\000e\000,\000\040\000f\000e\000r\000m\000e\000t\000u\000r\000e\000\040\000t\000r\000a\000n\000s\000i\000t\000i\000v\000e}{}% 36
\BOOKMARK [2][-]{subsection.9.1}{\376\377\000C\000o\000m\000m\000a\000n\000d\000e\000s\000\040\000e\000t\000\040\000f\000o\000n\000c\000t\000i\000o\000n\000n\000e\000m\000e\000n\000t\000\040\000g\000l\000o\000b\000a\000l}{section.9}% 37
\BOOKMARK [2][-]{subsection.9.2}{\376\377\000M\000a\000t\000r\000i\000c\000e\000\040\000d\000'\000a\000d\000j\000a\000c\000e\000n\000c\000e\000,\000\040\000p\000u\000i\000s\000s\000a\000n\000c\000e}{section.9}% 38
\BOOKMARK [2][-]{subsection.9.3}{\376\377\000C\000h\000e\000m\000i\000n\000s\000\040\000d\000e\000\040\000l\000o\000n\000g\000u\000e\000u\000r\000\040\000d\000o\000n\000n\000\351\000e}{section.9}% 39
\BOOKMARK [2][-]{subsection.9.4}{\376\377\000M\000a\000t\000r\000i\000c\000e\000\040\000d\000e\000\040\000f\000e\000r\000m\000e\000t\000u\000r\000e\000\040\000t\000r\000a\000n\000s\000i\000t\000i\000v\000e}{section.9}% 40
\BOOKMARK [1][-]{section.10}{\376\377\000D\000i\000a\000g\000r\000a\000m\000m\000e\000\040\000s\000a\000g\000i\000t\000t\000a\000l\000\040\000d\000'\000u\000n\000e\000\040\000a\000p\000p\000l\000i\000c\000a\000t\000i\000o\000n}{}% 41
\BOOKMARK [2][-]{subsection.10.1}{\376\377\000C\000o\000m\000m\000a\000n\000d\000e\000\040\000e\000t\000\040\000f\000o\000n\000c\000t\000i\000o\000n\000n\000e\000m\000e\000n\000t\000\040\000g\000l\000o\000b\000a\000l}{section.10}% 42
\BOOKMARK [2][-]{subsection.10.2}{\376\377\000A\000r\000g\000u\000m\000e\000n\000t\000s\000\040\000e\000t\000\040\000c\000l\000\351\000s}{section.10}% 43
\BOOKMARK [2][-]{subsection.10.3}{\376\377\000E\000x\000e\000m\000p\000l\000e\000s}{section.10}% 44
\BOOKMARK [1][-]{section.11}{\376\377\000D\000i\000a\000g\000r\000a\000m\000m\000e\000\040\000s\000a\000g\000i\000t\000t\000a\000l\000\040\000d\000'\000u\000n\000e\000\040\000c\000o\000m\000p\000o\000s\000\351\000e\000\040\000d\000'\000a\000p\000p\000l\000i\000c\000a\000t\000i\000o\000n\000s}{}% 45
\BOOKMARK [2][-]{subsection.11.1}{\376\377\000C\000o\000m\000m\000a\000n\000d\000e\000\040\000e\000t\000\040\000f\000o\000n\000c\000t\000i\000o\000n\000n\000e\000m\000e\000n\000t\000\040\000g\000l\000o\000b\000a\000l}{section.11}% 46
\BOOKMARK [2][-]{subsection.11.2}{\376\377\000A\000r\000g\000u\000m\000e\000n\000t\000s\000\040\000e\000t\000\040\000c\000l\000\351\000s}{section.11}% 47
\BOOKMARK [2][-]{subsection.11.3}{\376\377\000E\000x\000e\000m\000p\000l\000e\000s}{section.11}% 48
\BOOKMARK [1][-]{section.12}{\376\377\000T\000a\000b\000l\000e\000\040\000d\000e\000\040\000v\000\351\000r\000i\000t\000\351}{}% 49
\BOOKMARK [2][-]{subsection.12.1}{\376\377\000C\000o\000m\000m\000a\000n\000d\000e\000\040\000e\000t\000\040\000f\000o\000n\000c\000t\000i\000o\000n\000n\000e\000m\000e\000n\000t\000\040\000g\000l\000o\000b\000a\000l}{section.12}% 50
\BOOKMARK [2][-]{subsection.12.2}{\376\377\000A\000r\000g\000u\000m\000e\000n\000t\000s\000\040\000e\000t\000\040\000c\000l\000\351\000s\000\040\000p\000o\000u\000r\000\040\000l\000a\000\040\000c\000o\000m\000m\000a\000n\000d\000e}{section.12}% 51
\BOOKMARK [2][-]{subsection.12.3}{\376\377\000C\000o\000m\000p\000l\000\351\000m\000e\000n\000t\000s\000\040\000p\000o\000u\000r\000\040\000l\000e\000\040\000p\000a\000c\000k\000a\000g\000e\000\040\000l\000u\000a\000t\000r\000u\000t\000h\000t\000a\000b\000l\000e}{section.12}% 52
\BOOKMARK [2][-]{subsection.12.4}{\376\377\000E\000x\000e\000m\000p\000l\000e\000s}{section.12}% 53
\BOOKMARK [1][-]{section.13}{\376\377\000S\000y\000s\000t\000\350\000m\000e\000\040\0003\000x\0003\000\040\000p\000a\000r\000\040\000m\000a\000t\000r\000i\000c\000e\000s}{}% 54
\BOOKMARK [2][-]{subsection.13.1}{\376\377\000C\000o\000m\000m\000a\000n\000d\000e\000\040\000e\000t\000\040\000f\000o\000n\000c\000t\000i\000o\000n\000n\000e\000m\000e\000n\000t\000\040\000g\000l\000o\000b\000a\000l}{section.13}% 55
\BOOKMARK [2][-]{subsection.13.2}{\376\377\000A\000r\000g\000u\000m\000e\000n\000t\000s\000\040\000e\000t\000\040\000c\000l\000\351\000s\000\040\000p\000o\000u\000r\000\040\000l\000a\000\040\000c\000o\000m\000m\000a\000n\000d\000e}{section.13}% 56
\BOOKMARK [2][-]{subsection.13.3}{\376\377\000E\000x\000e\000m\000p\000l\000e\000s}{section.13}% 57
\BOOKMARK [1][-]{section.14}{\376\377\000T\000a\000b\000l\000e\000s\000\040\000a\000d\000d\000i\000t\000i\000v\000e\000s\000\040\000o\000u\000\040\000m\000u\000l\000t\000i\000p\000l\000i\000c\000a\000t\000i\000v\000e\000s\000\040\000d\000a\000n\000s\000\040\000u\000n\000e\000\040\000b\000a\000s\000e\000\040\000d\000o\000n\000n\000\351\000e}{}% 58
\BOOKMARK [2][-]{subsection.14.1}{\376\377\000C\000o\000m\000m\000a\000n\000d\000e\000\040\000e\000t\000\040\000f\000o\000n\000c\000t\000i\000o\000n\000n\000e\000m\000e\000n\000t}{section.14}% 59
\BOOKMARK [2][-]{subsection.14.2}{\376\377\000A\000r\000g\000u\000m\000e\000n\000t\000s\000\040\000e\000t\000\040\000c\000l\000\351\000s\000\040\000p\000o\000u\000r\000\040\000l\000a\000\040\000c\000o\000m\000m\000a\000n\000d\000e}{section.14}% 60
\BOOKMARK [2][-]{subsection.14.3}{\376\377\000E\000x\000e\000m\000p\000l\000e\000s}{section.14}% 61
\BOOKMARK [1][-]{section.15}{\376\377\000P\000r\000\351\000s\000e\000n\000t\000a\000t\000i\000o\000n\000\040\000d\000'\000u\000n\000\040\000p\000r\000o\000d\000u\000i\000t\000\040\000m\000a\000t\000r\000i\000c\000i\000e\000l\000\040\000\050\000s\000a\000n\000s\000\040\000c\000a\000l\000c\000u\000l\000s\000\051}{}% 62
\BOOKMARK [1][-]{section.16}{\376\377\000F\000i\000c\000h\000e\000s\000\040\000a\000n\000n\000e\000x\000e\000s\000\040\000p\000o\000u\000r\000\040\000l\000e\000s\000\040\000C\000C\000F\000\040\000d\000e\000\040\000m\000a\000t\000h\000\351\000m\000a\000t\000i\000q\000u\000e\000s}{}% 63
\BOOKMARK [2][-]{subsection.16.1}{\376\377\000I\000n\000t\000r\000o\000d\000u\000c\000t\000i\000o\000n}{section.16}% 64
\BOOKMARK [2][-]{subsection.16.2}{\376\377\000A\000n\000n\000e\000x\000e\000\040\0007\000-\0001}{section.16}% 65
\BOOKMARK [2][-]{subsection.16.3}{\376\377\000A\000n\000n\000e\000x\000e\000\040\0007\000-\0002}{section.16}% 66
\BOOKMARK [2][-]{subsection.16.4}{\376\377\000A\000n\000n\000e\000x\000e\000\040\0007\000-\0003}{section.16}% 67
