This is pdfTeX, Version 3.141592653-2.6-1.40.28 (TeX Live 2025) (preloaded format=pdflatex 2025.12.7)  7 DEC 2025 15:13
entering extended mode
 \write18 enabled.
 %&-line parsing enabled.
**TangramTikz-doc-fr.tex
(./TangramTikz-doc-fr.tex
LaTeX2e <2025-11-01>
L3 programming layer <2025-11-14>
(c:/texlive/2025/texmf-dist/tex/latex/base/article.cls
Document Class: article 2025/01/22 v1.4n Standard LaTeX document class
(c:/texlive/2025/texmf-dist/tex/latex/base/size10.clo
File: size10.clo 2025/01/22 v1.4n Standard LaTeX file (size option)
)
\c@part=\count275
\c@section=\count276
\c@subsection=\count277
\c@subsubsection=\count278
\c@paragraph=\count279
\c@subparagraph=\count280
\c@figure=\count281
\c@table=\count282
\abovecaptionskip=\skip49
\belowcaptionskip=\skip50
\bibindent=\dimen148
) (c:/texlive/2025/texmf-dist/tex/generic/babel/babel.sty
Package: babel 2025/11/23 v25.16 The multilingual framework for LuaLaTeX, pdfLa
TeX and XeLaTeX
\babel@savecnt=\count283
LaTeX Encoding Info:    Redeclaring text command \ij (encoding OT1) on input li
ne 2050.
LaTeX Encoding Info:    Redeclaring text command \IJ (encoding OT1) on input li
ne 2052.
LaTeX Encoding Info:    Redeclaring text command \ij (encoding T1) on input lin
e 2054.
LaTeX Encoding Info:    Redeclaring text command \IJ (encoding T1) on input lin
e 2055.
LaTeX Encoding Info:    Ignoring declaration for text command \ij (encoding ?) 
on input line 2056.
LaTeX Encoding Info:    Ignoring declaration for text command \IJ (encoding ?) 
on input line 2058.
LaTeX Encoding Info:    Ignoring declaration for text command \SS (encoding ?) 
on input line 2083.
\U@D=\dimen149
\l@unhyphenated=\language90
(c:/texlive/2025/texmf-dist/tex/generic/babel/txtbabel.def)
\bbl@readstream=\read2
\bbl@dirlevel=\count284
(c:/texlive/2025/texmf-dist/tex/generic/babel/locale/fr/babel-french.tex)
Package babel Info: Importing font and identification data for french
(babel)             from babel-fr.ini. Reported on input line 4298.
(c:/texlive/2025/texmf-dist/tex/generic/babel-french/french.ldf
Language: french 2025-08-15 v4.0e French support from the babel system
(c:/texlive/2025/texmf-dist/tex/generic/babel-french/french3.ldf
Language: french 2025-08-15 v3.7e French support from the babel system
\FB@stdchar=\count285
Package babel Info: Making : an active character on input line 273.
Package babel Info: Making ; an active character on input line 274.
Package babel Info: Making ! an active character on input line 275.
Package babel Info: Making ? an active character on input line 276.
\FBguill@level=\count286
\FBold@everypar=\toks17
\FB@Mht=\dimen150
\mc@charclass=\count287
\mc@charfam=\count288
\mc@charslot=\count289
\std@mcc=\count290
\dec@mcc=\count291
\FB@pardim=\dimen151
\listindentFB=\dimen152
\descindentFB=\dimen153
\labelindentFB=\dimen154
\labelwidthFB=\dimen155
\leftmarginFB=\dimen156
\parindentFFN=\dimen157
\FBfnindent=\dimen158
))) (c:/texlive/2025/texmf-dist/tex/latex/carlisle/scalefnt.sty) (c:/texlive/20
25/texmf-dist/tex/latex/base/inputenc.sty
Package: inputenc 2024/02/08 v1.3d Input encoding file
\inpenc@prehook=\toks18
\inpenc@posthook=\toks19
) (c:/texlive/2025/texmf-dist/tex/latex/base/fontenc.sty
Package: fontenc 2025/07/18 v2.1d Standard LaTeX package
) (c:/Users/cpier/OneDrive/latex/tex/latex/tangramtikz/tex/TangramTikz.sty
Package: TangramTikz 2025/12/07 v0.2.3 Tangram Puzzles with TikZ
(c:/texlive/2025/texmf-dist/tex/latex/pgf/frontendlayer/tikz.sty (c:/texlive/20
25/texmf-dist/tex/latex/pgf/basiclayer/pgf.sty (c:/texlive/2025/texmf-dist/tex/
latex/pgf/utilities/pgfrcs.sty (c:/texlive/2025/texmf-dist/tex/generic/pgf/util
ities/pgfutil-common.tex
\pgfutil@everybye=\toks20
\pgfutil@tempdima=\dimen159
\pgfutil@tempdimb=\dimen160
) (c:/texlive/2025/texmf-dist/tex/generic/pgf/utilities/pgfutil-latex.def
\pgfutil@abb=\box53
) (c:/texlive/2025/texmf-dist/tex/generic/pgf/utilities/pgfrcs.code.tex (c:/tex
live/2025/texmf-dist/tex/generic/pgf/pgf.revision.tex)
Package: pgfrcs 2025-08-29 v3.1.11a (3.1.11a)
))
Package: pgf 2025-08-29 v3.1.11a (3.1.11a)
(c:/texlive/2025/texmf-dist/tex/latex/pgf/basiclayer/pgfcore.sty (c:/texlive/20
25/texmf-dist/tex/latex/graphics/graphicx.sty
Package: graphicx 2024/12/31 v1.2e Enhanced LaTeX Graphics (DPC,SPQR)
(c:/texlive/2025/texmf-dist/tex/latex/graphics/keyval.sty
Package: keyval 2022/05/29 v1.15 key=value parser (DPC)
\KV@toks@=\toks21
) (c:/texlive/2025/texmf-dist/tex/latex/graphics/graphics.sty
Package: graphics 2024/08/06 v1.4g Standard LaTeX Graphics (DPC,SPQR)
(c:/texlive/2025/texmf-dist/tex/latex/graphics/trig.sty
Package: trig 2023/12/02 v1.11 sin cos tan (DPC)
) (c:/texlive/2025/texmf-dist/tex/latex/graphics-cfg/graphics.cfg
File: graphics.cfg 2016/06/04 v1.11 sample graphics configuration
)
Package graphics Info: Driver file: pdftex.def on input line 106.
(c:/texlive/2025/texmf-dist/tex/latex/graphics-def/pdftex.def
File: pdftex.def 2025/09/29 v1.2d Graphics/color driver for pdftex
))
\Gin@req@height=\dimen161
\Gin@req@width=\dimen162
) (c:/texlive/2025/texmf-dist/tex/latex/pgf/systemlayer/pgfsys.sty (c:/texlive/
2025/texmf-dist/tex/generic/pgf/systemlayer/pgfsys.code.tex
Package: pgfsys 2025-08-29 v3.1.11a (3.1.11a)
(c:/texlive/2025/texmf-dist/tex/generic/pgf/utilities/pgfkeys.code.tex
\pgfkeys@pathtoks=\toks22
\pgfkeys@temptoks=\toks23

(c:/texlive/2025/texmf-dist/tex/generic/pgf/utilities/pgfkeyslibraryfiltered.co
de.tex
\pgfkeys@tmptoks=\toks24
))
\pgf@x=\dimen163
\pgf@y=\dimen164
\pgf@xa=\dimen165
\pgf@ya=\dimen166
\pgf@xb=\dimen167
\pgf@yb=\dimen168
\pgf@xc=\dimen169
\pgf@yc=\dimen170
\pgf@xd=\dimen171
\pgf@yd=\dimen172
\w@pgf@writea=\write3
\r@pgf@reada=\read3
\c@pgf@counta=\count292
\c@pgf@countb=\count293
\c@pgf@countc=\count294
\c@pgf@countd=\count295
\t@pgf@toka=\toks25
\t@pgf@tokb=\toks26
\t@pgf@tokc=\toks27
\pgf@sys@id@count=\count296
(c:/texlive/2025/texmf-dist/tex/generic/pgf/systemlayer/pgf.cfg
File: pgf.cfg 2025-08-29 v3.1.11a (3.1.11a)
)
Driver file for pgf: pgfsys-pdftex.def
(c:/texlive/2025/texmf-dist/tex/generic/pgf/systemlayer/pgfsys-pdftex.def
File: pgfsys-pdftex.def 2025-08-29 v3.1.11a (3.1.11a)
(c:/texlive/2025/texmf-dist/tex/generic/pgf/systemlayer/pgfsys-common-pdf.def
File: pgfsys-common-pdf.def 2025-08-29 v3.1.11a (3.1.11a)
)))
(c:/texlive/2025/texmf-dist/tex/generic/pgf/systemlayer/pgfsyssoftpath.code.tex
File: pgfsyssoftpath.code.tex 2025-08-29 v3.1.11a (3.1.11a)
\pgfsyssoftpath@smallbuffer@items=\count297
\pgfsyssoftpath@bigbuffer@items=\count298
)
(c:/texlive/2025/texmf-dist/tex/generic/pgf/systemlayer/pgfsysprotocol.code.tex
File: pgfsysprotocol.code.tex 2025-08-29 v3.1.11a (3.1.11a)
)) (c:/texlive/2025/texmf-dist/tex/latex/xcolor/xcolor.sty
Package: xcolor 2024/09/29 v3.02 LaTeX color extensions (UK)
(c:/texlive/2025/texmf-dist/tex/latex/graphics-cfg/color.cfg
File: color.cfg 2016/01/02 v1.6 sample color configuration
)
Package xcolor Info: Driver file: pdftex.def on input line 274.
(c:/texlive/2025/texmf-dist/tex/latex/graphics/mathcolor.ltx)
Package xcolor Info: Model `cmy' substituted by `cmy0' on input line 1349.
Package xcolor Info: Model `hsb' substituted by `rgb' on input line 1353.
Package xcolor Info: Model `RGB' extended on input line 1365.
Package xcolor Info: Model `HTML' substituted by `rgb' on input line 1367.
Package xcolor Info: Model `Hsb' substituted by `hsb' on input line 1368.
Package xcolor Info: Model `tHsb' substituted by `hsb' on input line 1369.
Package xcolor Info: Model `HSB' substituted by `hsb' on input line 1370.
Package xcolor Info: Model `Gray' substituted by `gray' on input line 1371.
Package xcolor Info: Model `wave' substituted by `hsb' on input line 1372.
) (c:/texlive/2025/texmf-dist/tex/generic/pgf/basiclayer/pgfcore.code.tex
Package: pgfcore 2025-08-29 v3.1.11a (3.1.11a)
(c:/texlive/2025/texmf-dist/tex/generic/pgf/math/pgfmath.code.tex (c:/texlive/2
025/texmf-dist/tex/generic/pgf/math/pgfmathutil.code.tex) (c:/texlive/2025/texm
f-dist/tex/generic/pgf/math/pgfmathparser.code.tex
\pgfmath@dimen=\dimen173
\pgfmath@count=\count299
\pgfmath@box=\box54
\pgfmath@toks=\toks28
\pgfmath@stack@operand=\toks29
\pgfmath@stack@operation=\toks30
) (c:/texlive/2025/texmf-dist/tex/generic/pgf/math/pgfmathfunctions.code.tex)
(c:/texlive/2025/texmf-dist/tex/generic/pgf/math/pgfmathfunctions.basic.code.te
x)
(c:/texlive/2025/texmf-dist/tex/generic/pgf/math/pgfmathfunctions.trigonometric
.code.tex)
(c:/texlive/2025/texmf-dist/tex/generic/pgf/math/pgfmathfunctions.random.code.t
ex)
(c:/texlive/2025/texmf-dist/tex/generic/pgf/math/pgfmathfunctions.comparison.co
de.tex)
(c:/texlive/2025/texmf-dist/tex/generic/pgf/math/pgfmathfunctions.base.code.tex
)
(c:/texlive/2025/texmf-dist/tex/generic/pgf/math/pgfmathfunctions.round.code.te
x)
(c:/texlive/2025/texmf-dist/tex/generic/pgf/math/pgfmathfunctions.misc.code.tex
)
(c:/texlive/2025/texmf-dist/tex/generic/pgf/math/pgfmathfunctions.integerarithm
etics.code.tex) (c:/texlive/2025/texmf-dist/tex/generic/pgf/math/pgfmathcalc.co
de.tex) (c:/texlive/2025/texmf-dist/tex/generic/pgf/math/pgfmathfloat.code.tex
\c@pgfmathroundto@lastzeros=\count300
)) (c:/texlive/2025/texmf-dist/tex/generic/pgf/math/pgfint.code.tex) (c:/texliv
e/2025/texmf-dist/tex/generic/pgf/basiclayer/pgfcorepoints.code.tex
File: pgfcorepoints.code.tex 2025-08-29 v3.1.11a (3.1.11a)
\pgf@picminx=\dimen174
\pgf@picmaxx=\dimen175
\pgf@picminy=\dimen176
\pgf@picmaxy=\dimen177
\pgf@pathminx=\dimen178
\pgf@pathmaxx=\dimen179
\pgf@pathminy=\dimen180
\pgf@pathmaxy=\dimen181
\pgf@xx=\dimen182
\pgf@xy=\dimen183
\pgf@yx=\dimen184
\pgf@yy=\dimen185
\pgf@zx=\dimen186
\pgf@zy=\dimen187
)
(c:/texlive/2025/texmf-dist/tex/generic/pgf/basiclayer/pgfcorepathconstruct.cod
e.tex
File: pgfcorepathconstruct.code.tex 2025-08-29 v3.1.11a (3.1.11a)
\pgf@path@lastx=\dimen188
\pgf@path@lasty=\dimen189
)
(c:/texlive/2025/texmf-dist/tex/generic/pgf/basiclayer/pgfcorepathusage.code.te
x
File: pgfcorepathusage.code.tex 2025-08-29 v3.1.11a (3.1.11a)
\pgf@shorten@end@additional=\dimen190
\pgf@shorten@start@additional=\dimen191
) (c:/texlive/2025/texmf-dist/tex/generic/pgf/basiclayer/pgfcorescopes.code.tex
File: pgfcorescopes.code.tex 2025-08-29 v3.1.11a (3.1.11a)
\pgfpic=\box55
\pgf@hbox=\box56
\pgf@layerbox@main=\box57
\pgf@picture@serial@count=\count301
)
(c:/texlive/2025/texmf-dist/tex/generic/pgf/basiclayer/pgfcoregraphicstate.code
.tex
File: pgfcoregraphicstate.code.tex 2025-08-29 v3.1.11a (3.1.11a)
\pgflinewidth=\dimen192
)
(c:/texlive/2025/texmf-dist/tex/generic/pgf/basiclayer/pgfcoretransformations.c
ode.tex
File: pgfcoretransformations.code.tex 2025-08-29 v3.1.11a (3.1.11a)
\pgf@pt@x=\dimen193
\pgf@pt@y=\dimen194
\pgf@pt@temp=\dimen195
) (c:/texlive/2025/texmf-dist/tex/generic/pgf/basiclayer/pgfcorequick.code.tex
File: pgfcorequick.code.tex 2025-08-29 v3.1.11a (3.1.11a)
) (c:/texlive/2025/texmf-dist/tex/generic/pgf/basiclayer/pgfcoreobjects.code.te
x
File: pgfcoreobjects.code.tex 2025-08-29 v3.1.11a (3.1.11a)
)
(c:/texlive/2025/texmf-dist/tex/generic/pgf/basiclayer/pgfcorepathprocessing.co
de.tex
File: pgfcorepathprocessing.code.tex 2025-08-29 v3.1.11a (3.1.11a)
) (c:/texlive/2025/texmf-dist/tex/generic/pgf/basiclayer/pgfcorearrows.code.tex
File: pgfcorearrows.code.tex 2025-08-29 v3.1.11a (3.1.11a)
\pgfarrowsep=\dimen196
) (c:/texlive/2025/texmf-dist/tex/generic/pgf/basiclayer/pgfcoreshade.code.tex
File: pgfcoreshade.code.tex 2025-08-29 v3.1.11a (3.1.11a)
\pgf@max=\dimen197
\pgf@sys@shading@range@num=\count302
\pgf@shadingcount=\count303
) (c:/texlive/2025/texmf-dist/tex/generic/pgf/basiclayer/pgfcoreimage.code.tex
File: pgfcoreimage.code.tex 2025-08-29 v3.1.11a (3.1.11a)
)
(c:/texlive/2025/texmf-dist/tex/generic/pgf/basiclayer/pgfcoreexternal.code.tex
File: pgfcoreexternal.code.tex 2025-08-29 v3.1.11a (3.1.11a)
\pgfexternal@startupbox=\box58
) (c:/texlive/2025/texmf-dist/tex/generic/pgf/basiclayer/pgfcorelayers.code.tex
File: pgfcorelayers.code.tex 2025-08-29 v3.1.11a (3.1.11a)
)
(c:/texlive/2025/texmf-dist/tex/generic/pgf/basiclayer/pgfcoretransparency.code
.tex
File: pgfcoretransparency.code.tex 2025-08-29 v3.1.11a (3.1.11a)
)
(c:/texlive/2025/texmf-dist/tex/generic/pgf/basiclayer/pgfcorepatterns.code.tex
File: pgfcorepatterns.code.tex 2025-08-29 v3.1.11a (3.1.11a)
) (c:/texlive/2025/texmf-dist/tex/generic/pgf/basiclayer/pgfcorerdf.code.tex
File: pgfcorerdf.code.tex 2025-08-29 v3.1.11a (3.1.11a)
))) (c:/texlive/2025/texmf-dist/tex/generic/pgf/modules/pgfmoduleshapes.code.te
x
File: pgfmoduleshapes.code.tex 2025-08-29 v3.1.11a (3.1.11a)
\pgfnodeparttextbox=\box59
) (c:/texlive/2025/texmf-dist/tex/generic/pgf/modules/pgfmoduleplot.code.tex
File: pgfmoduleplot.code.tex 2025-08-29 v3.1.11a (3.1.11a)
)
(c:/texlive/2025/texmf-dist/tex/latex/pgf/compatibility/pgfcomp-version-0-65.st
y
Package: pgfcomp-version-0-65 2025-08-29 v3.1.11a (3.1.11a)
\pgf@nodesepstart=\dimen198
\pgf@nodesepend=\dimen199
)
(c:/texlive/2025/texmf-dist/tex/latex/pgf/compatibility/pgfcomp-version-1-18.st
y
Package: pgfcomp-version-1-18 2025-08-29 v3.1.11a (3.1.11a)
)) (c:/texlive/2025/texmf-dist/tex/latex/pgf/utilities/pgffor.sty (c:/texlive/2
025/texmf-dist/tex/latex/pgf/utilities/pgfkeys.sty (c:/texlive/2025/texmf-dist/
tex/generic/pgf/utilities/pgfkeys.code.tex)) (c:/texlive/2025/texmf-dist/tex/la
tex/pgf/math/pgfmath.sty (c:/texlive/2025/texmf-dist/tex/generic/pgf/math/pgfma
th.code.tex)) (c:/texlive/2025/texmf-dist/tex/generic/pgf/utilities/pgffor.code
.tex
Package: pgffor 2025-08-29 v3.1.11a (3.1.11a)
\pgffor@iter=\dimen256
\pgffor@skip=\dimen257
\pgffor@stack=\toks31
\pgffor@toks=\toks32
)) (c:/texlive/2025/texmf-dist/tex/generic/pgf/frontendlayer/tikz/tikz.code.tex
Package: tikz 2025-08-29 v3.1.11a (3.1.11a)

(c:/texlive/2025/texmf-dist/tex/generic/pgf/libraries/pgflibraryplothandlers.co
de.tex
File: pgflibraryplothandlers.code.tex 2025-08-29 v3.1.11a (3.1.11a)
\pgf@plot@mark@count=\count304
\pgfplotmarksize=\dimen258
)
\tikz@lastx=\dimen259
\tikz@lasty=\dimen260
\tikz@lastxsaved=\dimen261
\tikz@lastysaved=\dimen262
\tikz@lastmovetox=\dimen263
\tikz@lastmovetoy=\dimen264
\tikzleveldistance=\dimen265
\tikzsiblingdistance=\dimen266
\tikz@figbox=\box60
\tikz@figbox@bg=\box61
\tikz@tempbox=\box62
\tikz@tempbox@bg=\box63
\tikztreelevel=\count305
\tikznumberofchildren=\count306
\tikznumberofcurrentchild=\count307
\tikz@fig@count=\count308
(c:/texlive/2025/texmf-dist/tex/generic/pgf/modules/pgfmodulematrix.code.tex
File: pgfmodulematrix.code.tex 2025-08-29 v3.1.11a (3.1.11a)
\pgfmatrixcurrentrow=\count309
\pgfmatrixcurrentcolumn=\count310
\pgf@matrix@numberofcolumns=\count311
)
\tikz@expandcount=\count312

(c:/texlive/2025/texmf-dist/tex/generic/pgf/frontendlayer/tikz/libraries/tikzli
brarytopaths.code.tex
File: tikzlibrarytopaths.code.tex 2025-08-29 v3.1.11a (3.1.11a)
))) (c:/texlive/2025/texmf-dist/tex/latex/l3packages/xparse/xparse.sty (c:/texl
ive/2025/texmf-dist/tex/latex/l3kernel/expl3.sty
Package: expl3 2025-11-14 L3 programming layer (loader) 
(c:/texlive/2025/texmf-dist/tex/latex/l3backend/l3backend-pdftex.def
File: l3backend-pdftex.def 2025-10-09 L3 backend support: PDF output (pdfTeX)
\l__color_backend_stack_int=\count313
))
Package: xparse 2025-10-09 L3 Experimental document command parser
) (c:/texlive/2025/texmf-dist/tex/generic/simplekv/simplekv.sty (c:/texlive/202
5/texmf-dist/tex/generic/simplekv/simplekv.tex)
Package: simplekv 2025/06/15 v0.32 Simple keyval package (CT)
) (c:/texlive/2025/texmf-dist/tex/generic/xstring/xstring.sty (c:/texlive/2025/
texmf-dist/tex/generic/xstring/xstring.tex
\xs_counta=\count314
\xs_countb=\count315
)
Package: xstring 2023/08/22 v1.86 String manipulations (CT)
) (c:/texlive/2025/texmf-dist/tex/generic/listofitems/listofitems.sty (c:/texli
ve/2025/texmf-dist/tex/generic/listofitems/listofitems.tex
\loi_cnt_foreach_nest=\count316
\loi_nestcnt=\count317
)
Package: listofitems 2024/03/09 v1.65 Grab items in lists using user-specified 
sep char (CT)
)
(c:/texlive/2025/texmf-dist/tex/generic/pgf/frontendlayer/tikz/libraries/tikzli
brarycalc.code.tex
File: tikzlibrarycalc.code.tex 2025-08-29 v3.1.11a (3.1.11a)
)
(c:/texlive/2025/texmf-dist/tex/generic/pgf/frontendlayer/tikz/libraries/tikzli
braryshapes.geometric.code.tex
File: tikzlibraryshapes.geometric.code.tex 2025-08-29 v3.1.11a (3.1.11a)

(c:/texlive/2025/texmf-dist/tex/generic/pgf/libraries/shapes/pgflibraryshapes.g
eometric.code.tex
File: pgflibraryshapes.geometric.code.tex 2025-08-29 v3.1.11a (3.1.11a)
))
\TangBorder=\skip51
) (c:/texlive/2025/texmf-dist/tex/latex/amsmath/amsmath.sty
Package: amsmath 2025/07/09 v2.17z AMS math features
\@mathmargin=\skip52
For additional information on amsmath, use the `?' option.
(c:/texlive/2025/texmf-dist/tex/latex/amsmath/amstext.sty
Package: amstext 2024/11/17 v2.01 AMS text
(c:/texlive/2025/texmf-dist/tex/latex/amsmath/amsgen.sty
File: amsgen.sty 1999/11/30 v2.0 generic functions
\@emptytoks=\toks33
\ex@=\dimen267
)) (c:/texlive/2025/texmf-dist/tex/latex/amsmath/amsbsy.sty
Package: amsbsy 1999/11/29 v1.2d Bold Symbols
\pmbraise@=\dimen268
) (c:/texlive/2025/texmf-dist/tex/latex/amsmath/amsopn.sty
Package: amsopn 2022/04/08 v2.04 operator names
)
\inf@bad=\count318
LaTeX Info: Redefining \frac on input line 233.
\uproot@=\count319
\leftroot@=\count320
LaTeX Info: Redefining \overline on input line 398.
LaTeX Info: Redefining \colon on input line 409.
\classnum@=\count321
\DOTSCASE@=\count322
LaTeX Info: Redefining \ldots on input line 495.
LaTeX Info: Redefining \dots on input line 498.
LaTeX Info: Redefining \cdots on input line 619.
\Mathstrutbox@=\box64
\strutbox@=\box65
LaTeX Info: Redefining \big on input line 721.
LaTeX Info: Redefining \Big on input line 722.
LaTeX Info: Redefining \bigg on input line 723.
LaTeX Info: Redefining \Bigg on input line 724.
\big@size=\dimen269
LaTeX Font Info:    Redeclaring font encoding OML on input line 742.
LaTeX Font Info:    Redeclaring font encoding OMS on input line 743.
\macc@depth=\count323
LaTeX Info: Redefining \bmod on input line 904.
LaTeX Info: Redefining \pmod on input line 909.
LaTeX Info: Redefining \smash on input line 939.
LaTeX Info: Redefining \relbar on input line 969.
LaTeX Info: Redefining \Relbar on input line 970.
\c@MaxMatrixCols=\count324
\dotsspace@=\muskip17
\c@parentequation=\count325
\dspbrk@lvl=\count326
\tag@help=\toks34
\row@=\count327
\column@=\count328
\maxfields@=\count329
\andhelp@=\toks35
\eqnshift@=\dimen270
\alignsep@=\dimen271
\tagshift@=\dimen272
\tagwidth@=\dimen273
\totwidth@=\dimen274
\lineht@=\dimen275
\@envbody=\toks36
\multlinegap=\skip53
\multlinetaggap=\skip54
\mathdisplay@stack=\toks37
LaTeX Info: Redefining \[ on input line 2950.
LaTeX Info: Redefining \] on input line 2951.
) (c:/texlive/2025/texmf-dist/tex/latex/amsfonts/amssymb.sty
Package: amssymb 2013/01/14 v3.01 AMS font symbols
(c:/texlive/2025/texmf-dist/tex/latex/amsfonts/amsfonts.sty
Package: amsfonts 2013/01/14 v3.01 Basic AMSFonts support
\symAMSa=\mathgroup4
\symAMSb=\mathgroup5
LaTeX Font Info:    Redeclaring math symbol \hbar on input line 98.
LaTeX Font Info:    Overwriting math alphabet `\mathfrak' in version `bold'
(Font)                  U/euf/m/n --> U/euf/b/n on input line 106.
)) (c:/texlive/2025/texmf-dist/tex/latex/fontawesome5/fontawesome5.sty
Package: fontawesome5 2022/05/02 v5.15.4 Font Awesome 5
(c:/texlive/2025/texmf-dist/tex/latex/l3packages/l3keys2e/l3keys2e.sty
Package: l3keys2e 2025-10-09 LaTeX2e option processing using LaTeX3 keys
)
(c:/texlive/2025/texmf-dist/tex/latex/fontawesome5/fontawesome5-generic-helper.
sty
Package: fontawesome5-generic-helper 2022/05/02 v5.15.4 non-uTeX helper for fon
tawesome5
(c:/texlive/2025/texmf-dist/tex/latex/fontawesome5/fontawesome5-mapping.def))) 
(c:/texlive/2025/texmf-dist/tex/latex/enumitem/enumitem.sty
Package: enumitem 2025/02/06 v3.11 Customized lists
\labelindent=\skip55
\enit@outerparindent=\dimen276
\enit@toks=\toks38
\enit@inbox=\box66
\enit@count@id=\count330
\enitdp@description=\count331
) (c:/texlive/2025/texmf-dist/tex/latex/tabularray/tabularray.sty
Package: tabularray 2025-11-27 v2025C Typeset tabulars and arrays with LaTeX3
(c:/texlive/2025/texmf-dist/tex/latex/ninecolors/ninecolors.sty
Package: ninecolors 2022-02-13 v2022D Select colors with proper color contrast
)
\g__tblr_nohyper_int=\count332
\l__tblr_a_int=\count333
\l__tblr_c_int=\count334
\l__tblr_r_int=\count335
\l__tblr_d_dim=\dimen277
\l__tblr_h_dim=\dimen278
\l__tblr_o_dim=\dimen279
\l__tblr_p_dim=\dimen280
\l__tblr_q_dim=\dimen281
\l__tblr_r_dim=\dimen282
\l__tblr_s_dim=\dimen283
\l__tblr_t_dim=\dimen284
\l__tblr_v_dim=\dimen285
\l__tblr_w_dim=\dimen286
\l__tblr_a_box=\box67
\l__tblr_b_box=\box68
\l__tblr_c_box=\box69
\l__tblr_d_box=\box70
\c@tblrcount=\count336
\c@rownum=\count337
\c@colnum=\count338
\c@rowcount=\count339
\c@colcount=\count340
\abovesep=\dimen287
\belowsep=\dimen288
\leftsep=\dimen289
\rightsep=\dimen290
\gTblrLevelInt=\count341
\g__tblr_data_row_key_count_int=\count342
\g__tblr_data_column_key_count_int=\count343
\g__tblr_data_cell_key_count_int=\count344
\g__tblr_array_int=\count345
\l__tblr_key_count_int=\count346
\l__tblr_key_quotient_int=\count347
\l__tblr_key_quotient_two_int=\count348
\l__tblr_key_remainder_int=\count349
\g__tblr_data_str_value_count_int=\count350
\lTblrChildTotalInt=\count351
\lTblrChildHtotalInt=\count352
\lTblrChildVtotalInt=\count353
\l__child_diff_h_int=\count354
\l__child_diff_v_int=\count355
\l__child_sign_h_int=\count356
\l__child_sign_v_int=\count357
\l__child_step_int=\count358
\lTblrDefaultHruleWidthDim=\dimen291
\lTblrDefaultVruleWidthDim=\dimen292
\l__tblr_split_balance_int=\count359
\l__tblr_strut_dp_dim=\dimen293
\l__tblr_strut_ht_dim=\dimen294
\g__tblr_cell_wd_dim=\dimen295
\g__tblr_cell_ht_dim=\dimen296
\g__tblr_cell_head_dim=\dimen297
\g__tblr_cell_foot_dim=\dimen298
\l__tblr_measured_cell_box=\box71
\g__tblr_last_box=\box72
\l__tblr_temp_box=\box73
\l__tblr_column_target_dim=\dimen299
\l__tblr_hfuzz_dim=\dimen300
\l__tblr_caption_box=\box74
\l__tblr_caption_left_box=\box75
\lTblrRowHeadInt=\count360
\lTblrRowFootInt=\count361
\l__tblr_row_head_box=\box76
\l__tblr_row_foot_box=\box77
\l__tblr_row_head_foot_dim=\dimen301
\lTblrTableWidthDim=\dimen302
\l__tblr_table_firsthead_box=\box78
\l__tblr_table_middlehead_box=\box79
\l__tblr_table_lasthead_box=\box80
\l__tblr_table_firstfoot_box=\box81
\l__tblr_table_middlefoot_box=\box82
\l__tblr_table_lastfoot_box=\box83
\l__tblr_remain_height_dim=\dimen303
\l__tblr_next_rows_dim=\dimen304
\l__tblr_page_overfill_dim=\dimen305
\l__tblr_long_from_int=\count362
\l__tblr_long_to_int=\count363
\l__tblr_curr_i_int=\count364
\l__tblr_prev_i_int=\count365
\lTblrTablePageInt=\count366
\l__tblr_table_head_box=\box84
\l__tblr_table_foot_box=\box85
\l__tblr_table_head_foot_dim=\dimen306
\l__tblr_table_head_body_foot_dim=\dimen307
\l__tblr_table_box=\box86
\lTblrRowFirstInt=\count367
\lTblrRowLastInt=\count368
\l__tblr_cover_box_a_dim=\dimen308
\l__tblr_cover_box_b_dim=\dimen309
\l__tblr_table_hlines_box=\box87
\l__tblr_hline_box=\box88
\l__tblr_row_box=\box89
\l__tblr_col_o_wd_dim=\dimen310
\l__tblr_col_b_wd_dim=\dimen311
\l__tblr_hline_leftskip_dim=\dimen312
\l__tblr_hline_rightskip_dim=\dimen313
\l__tblr_row_ht_dim=\dimen314
\l__tblr_row_dp_dim=\dimen315
\l__tblr_row_abovesep_dim=\dimen316
\l__tblr_row_belowsep_dim=\dimen317
\l__tblr_row_vlines_box=\box90
\l__tblr_vline_box=\box91
\l__tblr_cell_box=\box92
\l__tblr_row_upper_dim=\dimen318
\l__tblr_row_lower_dim=\dimen319
\l__tblr_row_vpace_dim=\dimen320
\l__tblr_vline_aboveskip_dim=\dimen321
\l__tblr_vline_belowskip_dim=\dimen322
\lTblrCellRowSpanInt=\count369
\lTblrCellColSpanInt=\count370
\l__tblr_cell_wd_dim=\dimen323
\l__tblr_cell_ht_dim=\dimen324
\lTblrCellAboveBorderWidthDim=\dimen325
\lTblrCellBelowBorderWidthDim=\dimen326
\lTblrCellLeftBorderWidthDim=\dimen327
\lTblrCellRightBorderWidthDim=\dimen328
\l__tblr_diag_box=\box93
\l__tblr_cell_inner_wd_dim=\dimen329
\l__tblr_cell_inner_dp_dim=\dimen330
\l__tblr_cell_hanchor_dim=\dimen331
\l__tblr_last_cell_table_ht_dim=\dimen332
\l__tblr_last_cell_table_dp_dim=\dimen333
\l__tblr_last_vline_wd_dim=\dimen334
\l__tblr_tikz_node_box=\box94
) (c:/texlive/2025/texmf-dist/tex/latex/tools/multicol.sty
Package: multicol 2025/10/21 v2.0b multicolumn formatting (FMi)
\c@tracingmulticols=\count371
\mult@box=\box95
\multicol@leftmargin=\dimen335
\c@unbalance=\count372
\c@collectmore=\count373
\doublecol@number=\count374
\multicoltolerance=\count375
\multicolpretolerance=\count376
\full@width=\dimen336
\page@free=\dimen337
\premulticols=\dimen338
\postmulticols=\dimen339
\multicolsep=\skip56
\multicolbaselineskip=\skip57
\partial@page=\box96
\last@line=\box97
\mc@boxedresult=\box98
\maxbalancingoverflow=\dimen340
\mult@rightbox=\box99
\mult@grightbox=\box100
\mult@firstbox=\box101
\mult@gfirstbox=\box102
\@tempa=\box103
\@tempa=\box104
\@tempa=\box105
\@tempa=\box106
\@tempa=\box107
\@tempa=\box108
\@tempa=\box109
\@tempa=\box110
\@tempa=\box111
\@tempa=\box112
\@tempa=\box113
\@tempa=\box114
\@tempa=\box115
\@tempa=\box116
\@tempa=\box117
\@tempa=\box118
\@tempa=\box119
\@tempa=\box120
\@tempa=\box121
\@tempa=\box122
\@tempa=\box123
\@tempa=\box124
\@tempa=\box125
\@tempa=\box126
\@tempa=\box127
\@tempa=\box128
\@tempa=\box129
\@tempa=\box130
\@tempa=\box131
\@tempa=\box132
\@tempa=\box133
\@tempa=\box134
\@tempa=\box135
\@tempa=\box136
\@tempa=\box137
\@tempa=\box138
\c@minrows=\count377
\c@columnbadness=\count378
\c@finalcolumnbadness=\count379
\last@try=\dimen341
\multicolovershoot=\dimen342
\multicolundershoot=\dimen343
\mult@nat@firstbox=\box139
\colbreak@box=\box140
\mc@col@check@num=\count380
\g__mc_curr_col_int=\count381
) (c:/texlive/2025/texmf-dist/tex/latex/fancyvrb/fancyvrb.sty
Package: fancyvrb 2025/07/28 4.6 verbatim text (tvz,hv)
\FV@CodeLineNo=\count382
\FV@InFile=\read4
\FV@TabBox=\box141
\c@FancyVerbLine=\count383
\FV@StepNumber=\count384
\FV@OutFile=\write4
) (c:/texlive/2025/texmf-dist/tex/latex/fancyhdr/fancyhdr.sty
Package: fancyhdr 2025/02/07 v5.2 Extensive control of page headers and footers

\f@nch@headwidth=\skip58
\f@nch@offset@elh=\skip59
\f@nch@offset@erh=\skip60
\f@nch@offset@olh=\skip61
\f@nch@offset@orh=\skip62
\f@nch@offset@elf=\skip63
\f@nch@offset@erf=\skip64
\f@nch@offset@olf=\skip65
\f@nch@offset@orf=\skip66
\f@nch@height=\skip67
\f@nch@footalignment=\skip68
\f@nch@widthL=\skip69
\f@nch@widthC=\skip70
\f@nch@widthR=\skip71
\@temptokenb=\toks39
) (c:/texlive/2025/texmf-dist/tex/generic/hologo/hologo.sty
Package: hologo 2025-11-11 v1.16 A logo collection with bookmark support (HO)
(c:/texlive/2025/texmf-dist/tex/generic/ltxcmds/ltxcmds.sty
Package: ltxcmds 2023-12-04 v1.26 LaTeX kernel commands for general use (HO)
) (c:/texlive/2025/texmf-dist/tex/generic/infwarerr/infwarerr.sty
Package: infwarerr 2019/12/03 v1.5 Providing info/warning/error messages (HO)
) (c:/texlive/2025/texmf-dist/tex/latex/kvsetkeys/kvsetkeys.sty
Package: kvsetkeys 2022-10-05 v1.19 Key value parser (HO)
) (c:/texlive/2025/texmf-dist/tex/generic/kvdefinekeys/kvdefinekeys.sty
Package: kvdefinekeys 2019-12-19 v1.6 Define keys (HO)
) (c:/texlive/2025/texmf-dist/tex/generic/pdftexcmds/pdftexcmds.sty
Package: pdftexcmds 2020-06-27 v0.33 Utility functions of pdfTeX for LuaTeX (HO
)
(c:/texlive/2025/texmf-dist/tex/generic/iftex/iftex.sty
Package: iftex 2024/12/12 v1.0g TeX engine tests
)
Package pdftexcmds Info: \pdf@primitive is available.
Package pdftexcmds Info: \pdf@ifprimitive is available.
Package pdftexcmds Info: \pdfdraftmode found.
)) (c:/texlive/2025/texmf-dist/tex/latex/hyperref/hyperref.sty
Package: hyperref 2025-07-12 v7.01o Hypertext links for LaTeX
(c:/texlive/2025/texmf-dist/tex/generic/pdfescape/pdfescape.sty
Package: pdfescape 2019/12/09 v1.15 Implements pdfTeX's escape features (HO)
) (c:/texlive/2025/texmf-dist/tex/latex/hycolor/hycolor.sty
Package: hycolor 2020-01-27 v1.10 Color options for hyperref/bookmark (HO)
) (c:/texlive/2025/texmf-dist/tex/latex/hyperref/nameref.sty
Package: nameref 2025-06-21 v2.57 Cross-referencing by name of section
(c:/texlive/2025/texmf-dist/tex/latex/refcount/refcount.sty
Package: refcount 2019/12/15 v3.6 Data extraction from label references (HO)
) (c:/texlive/2025/texmf-dist/tex/generic/gettitlestring/gettitlestring.sty
Package: gettitlestring 2019/12/15 v1.6 Cleanup title references (HO)
(c:/texlive/2025/texmf-dist/tex/latex/kvoptions/kvoptions.sty
Package: kvoptions 2022-06-15 v3.15 Key value format for package options (HO)
))
\c@section@level=\count385
) (c:/texlive/2025/texmf-dist/tex/latex/etoolbox/etoolbox.sty
Package: etoolbox 2025/10/02 v2.5m e-TeX tools for LaTeX (JAW)
\etb@tempcnta=\count386
) (c:/texlive/2025/texmf-dist/tex/generic/stringenc/stringenc.sty
Package: stringenc 2019/11/29 v1.12 Convert strings between diff. encodings (HO
)
)
\@linkdim=\dimen344
\Hy@linkcounter=\count387
\Hy@pagecounter=\count388
(c:/texlive/2025/texmf-dist/tex/latex/hyperref/pd1enc.def
File: pd1enc.def 2025-07-12 v7.01o Hyperref: PDFDocEncoding definition (HO)
Now handling font encoding PD1 ...
... no UTF-8 mapping file for font encoding PD1
) (c:/texlive/2025/texmf-dist/tex/generic/intcalc/intcalc.sty
Package: intcalc 2019/12/15 v1.3 Expandable calculations with integers (HO)
)
\Hy@SavedSpaceFactor=\count389
(c:/texlive/2025/texmf-dist/tex/latex/hyperref/puenc.def
File: puenc.def 2025-07-12 v7.01o Hyperref: PDF Unicode definition (HO)
Now handling font encoding PU ...
... no UTF-8 mapping file for font encoding PU
)
Package hyperref Info: Hyper figures OFF on input line 4195.
Package hyperref Info: Link nesting OFF on input line 4200.
Package hyperref Info: Hyper index ON on input line 4203.
Package hyperref Info: Plain pages OFF on input line 4210.
Package hyperref Info: Backreferencing OFF on input line 4215.
Package hyperref Info: Implicit mode ON; LaTeX internals redefined.
Package hyperref Info: Bookmarks ON on input line 4462.
\c@Hy@tempcnt=\count390
(c:/texlive/2025/texmf-dist/tex/latex/url/url.sty
\Urlmuskip=\muskip18
Package: url 2013/09/16  ver 3.4  Verb mode for urls, etc.
)
LaTeX Info: Redefining \url on input line 4801.
\XeTeXLinkMargin=\dimen345
(c:/texlive/2025/texmf-dist/tex/generic/bitset/bitset.sty
Package: bitset 2019/12/09 v1.3 Handle bit-vector datatype (HO)
(c:/texlive/2025/texmf-dist/tex/generic/bigintcalc/bigintcalc.sty
Package: bigintcalc 2019/12/15 v1.5 Expandable calculations on big integers (HO
)
))
\Fld@menulength=\count391
\Field@Width=\dimen346
\Fld@charsize=\dimen347
Package hyperref Info: Hyper figures OFF on input line 6078.
Package hyperref Info: Link nesting OFF on input line 6083.
Package hyperref Info: Hyper index ON on input line 6086.
Package hyperref Info: backreferencing OFF on input line 6093.
Package hyperref Info: Link coloring OFF on input line 6098.
Package hyperref Info: Link coloring with OCG OFF on input line 6103.
Package hyperref Info: PDF/A mode OFF on input line 6108.
\Hy@abspage=\count392
\c@Item=\count393
\c@Hfootnote=\count394
)
Package hyperref Info: Driver (autodetected): hpdftex.
(c:/texlive/2025/texmf-dist/tex/latex/hyperref/hpdftex.def
File: hpdftex.def 2025-07-12 v7.01o Hyperref driver for pdfTeX
\Fld@listcount=\count395
\c@bookmark@seq@number=\count396
(c:/texlive/2025/texmf-dist/tex/latex/rerunfilecheck/rerunfilecheck.sty
Package: rerunfilecheck 2025-06-21 v1.11 Rerun checks for auxiliary files (HO)
(c:/texlive/2025/texmf-dist/tex/generic/uniquecounter/uniquecounter.sty
Package: uniquecounter 2019/12/15 v1.4 Provide unlimited unique counter (HO)
)
Package uniquecounter Info: New unique counter `rerunfilecheck' on input line 2
84.
)
\Hy@SectionHShift=\skip72
) (c:/texlive/2025/texmf-dist/tex/latex/geometry/geometry.sty
Package: geometry 2020/01/02 v5.9 Page Geometry
(c:/texlive/2025/texmf-dist/tex/generic/iftex/ifvtex.sty
Package: ifvtex 2019/10/25 v1.7 ifvtex legacy package. Use iftex instead.
)
\Gm@cnth=\count397
\Gm@cntv=\count398
\c@Gm@tempcnt=\count399
\Gm@bindingoffset=\dimen348
\Gm@wd@mp=\dimen349
\Gm@odd@mp=\dimen350
\Gm@even@mp=\dimen351
\Gm@layoutwidth=\dimen352
\Gm@layoutheight=\dimen353
\Gm@layouthoffset=\dimen354
\Gm@layoutvoffset=\dimen355
\Gm@dimlist=\toks40
) (c:/texlive/2025/texmf-dist/tex/latex/tcolorbox/tcolorbox.sty
Package: tcolorbox 2025/11/28 version 6.9.0 text color boxes
(c:/texlive/2025/texmf-dist/tex/latex/tools/verbatim.sty
Package: verbatim 2024-01-22 v1.5x LaTeX2e package for verbatim enhancements
\every@verbatim=\toks41
\verbatim@line=\toks42
\verbatim@in@stream=\read5
) (c:/texlive/2025/texmf-dist/tex/latex/environ/environ.sty
Package: environ 2014/05/04 v0.3 A new way to define environments
(c:/texlive/2025/texmf-dist/tex/latex/trimspaces/trimspaces.sty
Package: trimspaces 2009/09/17 v1.1 Trim spaces around a token list
))
\tcb@titlebox=\box142
\tcb@upperbox=\box143
\tcb@lowerbox=\box144
\tcb@phantombox=\box145
\c@tcbbreakpart=\count400
\c@tcblayer=\count401
\c@tcolorbox@number=\count402
\l__tcobox_tmpa_box=\box146
\l__tcobox_tmpa_dim=\dimen356
\tcb@temp=\box147
\tcb@temp=\box148
\tcb@temp=\box149
\tcb@temp=\box150
(c:/texlive/2025/texmf-dist/tex/latex/tcolorbox/tcbraster.code.tex
Library (tcolorbox): 'tcbraster.code.tex' version '6.9.0'
\c@tcbrastercolumn=\count403
\c@tcbrasterrow=\count404
\c@tcbrasternum=\count405
\c@tcbraster=\count406
) (c:/texlive/2025/texmf-dist/tex/latex/tcolorbox/tcbskins.code.tex
Library (tcolorbox): 'tcbskins.code.tex' version '6.9.0'
(c:/texlive/2025/texmf-dist/tex/latex/tikzfill/tikzfill.image.sty
Package: tikzfill.image 2023/08/08 v1.0.1 Image filling library for TikZ
(c:/texlive/2025/texmf-dist/tex/latex/tikzfill/tikzfill-common.sty
Package: tikzfill-common 2023/08/08 v1.0.1 Auxiliary code for tikzfill
) (c:/texlive/2025/texmf-dist/tex/latex/tikzfill/tikzlibraryfill.image.code.tex
File: tikzlibraryfill.image.code.tex 2023/08/08 v1.0.1 Image filling library
\l__tikzfill_img_box=\box151
)) (c:/texlive/2025/texmf-dist/tex/latex/tcolorbox/tcbskinsjigsaw.code.tex
Library (tcolorbox): 'tcbskinsjigsaw.code.tex' version '6.9.0'
)) (c:/texlive/2025/texmf-dist/tex/latex/tcolorbox/tcbbreakable.code.tex
Library (tcolorbox): 'tcbbreakable.code.tex' version '6.9.0'
(c:/texlive/2025/texmf-dist/tex/latex/pdfcol/pdfcol.sty
Package: pdfcol 2022-09-21 v1.7 Handle new color stacks for pdfTeX (HO)
)
Package pdfcol Info: New color stack `tcb@breakable' = 1 on input line 23.
\tcb@testbox=\box152
\tcb@totalupperbox=\box153
\tcb@totallowerbox=\box154
) (c:/texlive/2025/texmf-dist/tex/latex/tcolorbox/tcbhooks.code.tex
Library (tcolorbox): 'tcbhooks.code.tex' version '6.9.0'
) (c:/texlive/2025/texmf-dist/tex/latex/tcolorbox/tcbtheorems.code.tex
Library (tcolorbox): 'tcbtheorems.code.tex' version '6.9.0'
) (c:/texlive/2025/texmf-dist/tex/latex/tcolorbox/tcbfitting.code.tex
Library (tcolorbox): 'tcbfitting.code.tex' version '6.9.0'
\tcbfitdim=\dimen357
\tcb@lowerfitdim=\dimen358
\tcb@upperfitdim=\dimen359
\tcb@cur@hbadness=\count407
) (c:/texlive/2025/texmf-dist/tex/latex/tcolorbox/tcblistingsutf8.code.tex
Library (tcolorbox): 'tcblistingsutf8.code.tex' version '6.9.0'
(c:/texlive/2025/texmf-dist/tex/latex/tcolorbox/tcblistings.code.tex
Library (tcolorbox): 'tcblistings.code.tex' version '6.9.0'
(c:/texlive/2025/texmf-dist/tex/latex/listings/listings.sty
\lst@mode=\count408
\lst@gtempboxa=\box155
\lst@token=\toks43
\lst@length=\count409
\lst@currlwidth=\dimen360
\lst@column=\count410
\lst@pos=\count411
\lst@lostspace=\dimen361
\lst@width=\dimen362
\lst@newlines=\count412
\lst@lineno=\count413
\lst@maxwidth=\dimen363
(c:/texlive/2025/texmf-dist/tex/latex/listings/lstpatch.sty
File: lstpatch.sty 2025/11/14 1.11b (Carsten Heinz)
) (c:/texlive/2025/texmf-dist/tex/latex/listings/lstmisc.sty
File: lstmisc.sty 2025/11/14 1.11b (Carsten Heinz)
\c@lstnumber=\count414
\lst@skipnumbers=\count415
\lst@framebox=\box156
) (c:/texlive/2025/texmf-dist/tex/latex/listings/listings.cfg
File: listings.cfg 2025/11/14 1.11b listings configuration
))
Package: listings 2025/11/14 1.11b (Carsten Heinz)
==> First Aid for listings.sty no longer applied!
    Expected:
        2024/09/23 1.10c (Carsten Heinz)
    but found:
        2025/11/14 1.11b (Carsten Heinz)
    so I'm assuming it got fixed.
(c:/texlive/2025/texmf-dist/tex/latex/tcolorbox/tcblistingscore.code.tex
Library (tcolorbox): 'tcblistingscore.code.tex' version '6.9.0'
(c:/texlive/2025/texmf-dist/tex/latex/tcolorbox/tcbprocessing.code.tex
Library (tcolorbox): 'tcbprocessing.code.tex' version '6.9.0'
)
\c@tcblisting=\count416
)) (c:/texlive/2025/texmf-dist/tex/latex/listingsutf8/listingsutf8.sty
Package: listingsutf8 2019-12-10 v1.5 Allow UTF-8 in listings input (HO)
)) (c:/texlive/2025/texmf-dist/tex/latex/tcolorbox/tcbexternal.code.tex
Library (tcolorbox): 'tcbexternal.code.tex' version '6.9.0'
) (c:/texlive/2025/texmf-dist/tex/latex/tcolorbox/tcbmagazine.code.tex
Library (tcolorbox): 'tcbmagazine.code.tex' version '6.9.0'
) (c:/texlive/2025/texmf-dist/tex/latex/tcolorbox/tcbvignette.code.tex
Library (tcolorbox): 'tcbvignette.code.tex' version '6.9.0'

(c:/texlive/2025/texmf-dist/tex/generic/pgf/frontendlayer/tikz/libraries/tikzli
braryfadings.code.tex
File: tikzlibraryfadings.code.tex 2025-08-29 v3.1.11a (3.1.11a)

(c:/texlive/2025/texmf-dist/tex/generic/pgf/libraries/pgflibraryfadings.code.te
x
File: pgflibraryfadings.code.tex 2025-08-29 v3.1.11a (3.1.11a)
))) (c:/texlive/2025/texmf-dist/tex/latex/tcolorbox/tcbposter.code.tex
Library (tcolorbox): 'tcbposter.code.tex' version '6.9.0'
)) (c:/texlive/2025/texmf-dist/tex/latex/minted/minted2.sty
Package: minted2 2024/05/09 v2.9 Yet another Pygments shim for LaTeX
(c:/texlive/2025/texmf-dist/tex/latex/fvextra/fvextra.sty
Package: fvextra 2025/05/29 v1.13.2 fvextra - extensions and patches for fancyv
rb
(c:/texlive/2025/texmf-dist/tex/latex/upquote/upquote.sty
Package: upquote 2012/04/19 v1.3 upright-quote and grave-accent glyphs in verba
tim
(c:/texlive/2025/texmf-dist/tex/latex/base/textcomp.sty
Package: textcomp 2024/04/24 v2.1b Standard LaTeX package
)) (c:/texlive/2025/texmf-dist/tex/latex/lineno/lineno.sty
Package: lineno 2025/05/13 line numbers on paragraphs v5.5
\linenopenalty=\count417
\output=\toks44
\linenoprevgraf=\count418
\linenumbersep=\dimen364
\linenumberwidth=\dimen365
\c@linenumber=\count419
\c@pagewiselinenumber=\count420
\c@LN@truepage=\count421
\c@internallinenumber=\count422
\c@internallinenumbers=\count423
\quotelinenumbersep=\dimen366
\bframerule=\dimen367
\bframesep=\dimen368
\bframebox=\box157
\@LN@amsmath@ams@eqpen=\count424
)
\c@FancyVerbWriteLine=\count425
\c@FancyVerbBufferLine=\count426
\c@FV@TrueTabGroupLevel=\count427
\c@FV@TrueTabCounter=\count428
\FV@TabBox@Group=\box158
\FV@bgcolorstructbox=\box159
\FV@TmpLength=\skip73
\c@FV@HighlightLinesStart=\count429
\c@FV@HighlightLinesStop=\count430
\FV@LoopCount=\count431
\FV@NCharsBox=\box160
\FV@BreakIndent=\dimen369
\FV@BreakIndentNChars=\count432
\FV@BreakSymbolSepLeft=\dimen370
\FV@BreakSymbolSepLeftNChars=\count433
\FV@BreakSymbolSepRight=\dimen371
\FV@BreakSymbolSepRightNChars=\count434
\FV@BreakSymbolIndentLeft=\dimen372
\FV@BreakSymbolIndentLeftNChars=\count435
\FV@BreakSymbolIndentRight=\dimen373
\FV@BreakSymbolIndentRightNChars=\count436
\c@FancyVerbLineBreakLast=\count437
\FV@LineBox=\box161
\FV@LineIndentBox=\box162
\c@FV@BreakBufferDepth=\count438
\FV@LineWidth=\dimen374
) (c:/texlive/2025/texmf-dist/tex/latex/base/ifthen.sty
Package: ifthen 2024/03/16 v1.1e Standard LaTeX ifthen package (DPC)
) (c:/texlive/2025/texmf-dist/tex/latex/tools/shellesc.sty
Package: shellesc 2023/07/08 v1.0d unified shell escape interface for LaTeX
Package shellesc Info: Unrestricted shell escape enabled on input line 75.
) (c:/texlive/2025/texmf-dist/tex/latex/ifplatform/ifplatform.sty
Package: ifplatform 2017/10/13 v0.4a Testing for the operating system
(c:/texlive/2025/texmf-dist/tex/generic/catchfile/catchfile.sty
Package: catchfile 2019/12/09 v1.8 Catch the contents of a file (HO)
(c:/texlive/2025/texmf-dist/tex/generic/etexcmds/etexcmds.sty
Package: etexcmds 2019/12/15 v1.7 Avoid name clashes with e-TeX commands (HO)
)) (c:/texlive/2025/texmf-dist/tex/generic/iftex/ifluatex.sty
Package: ifluatex 2019/10/25 v1.5 ifluatex legacy package. Use iftex instead.
)) (c:/texlive/2025/texmf-dist/tex/latex/framed/framed.sty
Package: framed 2011/10/22 v 0.96: framed or shaded text with page breaks
\OuterFrameSep=\skip74
\fb@frw=\dimen375
\fb@frh=\dimen376
\FrameRule=\dimen377
\FrameSep=\dimen378
) (c:/texlive/2025/texmf-dist/tex/latex/float/float.sty
Package: float 2001/11/08 v1.3d Float enhancements (AL)
\c@float@type=\count439
\float@exts=\toks45
\float@box=\box163
\@float@everytoks=\toks46
\@floatcapt=\box164
)
\minted@appexistsfile=\read6
\minted@bgbox=\box165
\minted@code=\write5
\c@minted@FancyVerbLineTemp=\count440
\c@minted@pygmentizecounter=\count441
\@float@every@listing=\toks47
\c@listing=\count442
)
runsystem(if not exist _minted-TangramTikz-doc-fr mkdir _minted-TangramTikz-doc
-fr)...executed.

(c:/texlive/2025/texmf-dist/tex/latex/tcolorbox/tcbminted.code.tex
Library (tcolorbox): 'tcbminted.code.tex' version '6.9.0'
)
Package french3.ldf Info: Setting StandardItemizeEnv=true for
(french3.ldf)             compatibility with enumitem package,
(french3.ldf)             reported on input line 74.
Package french3.ldf Info: Setting StandardEnumerateEnv=true for
(french3.ldf)             compatibility with enumitem package,
(french3.ldf)             reported on input line 74.
runsystem(for ^%i in (pygmentize.exe pygmentize.bat pygmentize.cmd) do set > Ta
ngramTikz-doc-fr.aex <nul: /p x=^%~$PATH:i>> TangramTikz-doc-fr.aex)...executed
.

runsystem(del TangramTikz-doc-fr.aex)...executed.

(./TangramTikz-doc-fr.aux
Package babel Info: 'french' activates 'french' shorthands.
(babel)             Reported on input line 11.
)
\openout1 = `TangramTikz-doc-fr.aux'.

LaTeX Font Info:    Checking defaults for OML/cmm/m/it on input line 74.
LaTeX Font Info:    ... okay on input line 74.
LaTeX Font Info:    Checking defaults for OMS/cmsy/m/n on input line 74.
LaTeX Font Info:    ... okay on input line 74.
LaTeX Font Info:    Checking defaults for OT1/cmr/m/n on input line 74.
LaTeX Font Info:    ... okay on input line 74.
LaTeX Font Info:    Checking defaults for T1/cmr/m/n on input line 74.
LaTeX Font Info:    ... okay on input line 74.
LaTeX Font Info:    Checking defaults for TS1/cmr/m/n on input line 74.
LaTeX Font Info:    ... okay on input line 74.
LaTeX Font Info:    Checking defaults for OMX/cmex/m/n on input line 74.
LaTeX Font Info:    ... okay on input line 74.
LaTeX Font Info:    Checking defaults for U/cmr/m/n on input line 74.
LaTeX Font Info:    ... okay on input line 74.
LaTeX Font Info:    Checking defaults for PD1/pdf/m/n on input line 74.
LaTeX Font Info:    ... okay on input line 74.
LaTeX Font Info:    Checking defaults for PU/pdf/m/n on input line 74.
LaTeX Font Info:    ... okay on input line 74.
LaTeX Info: Redefining \degres on input line 74.
(c:/texlive/2025/texmf-dist/tex/context/base/mkii/supp-pdf.mkii
[Loading MPS to PDF converter (version 2006.09.02).]
\scratchcounter=\count443
\scratchdimen=\dimen379
\scratchbox=\box166
\nofMPsegments=\count444
\nofMParguments=\count445
\everyMPshowfont=\toks48
\MPscratchCnt=\count446
\MPscratchDim=\dimen380
\MPnumerator=\count447
\makeMPintoPDFobject=\count448
\everyMPtoPDFconversion=\toks49
) (c:/texlive/2025/texmf-dist/tex/latex/epstopdf-pkg/epstopdf-base.sty
Package: epstopdf-base 2020-01-24 v2.11 Base part for package epstopdf
Package epstopdf-base Info: Redefining graphics rule for `.eps' on input line 4
85.
(c:/texlive/2025/texmf-dist/tex/latex/latexconfig/epstopdf-sys.cfg
File: epstopdf-sys.cfg 2010/07/13 v1.3 Configuration of (r)epstopdf for TeX Liv
e
))
Package hyperref Info: Link coloring OFF on input line 74.
(./TangramTikz-doc-fr.out) (./TangramTikz-doc-fr.out)
\@outlinefile=\write6
\openout6 = `TangramTikz-doc-fr.out'.

*geometry* driver: auto-detecting
*geometry* detected driver: pdftex
*geometry* verbose mode - [ preamble ] result:
* driver: pdftex
* paper: <default>
* layout: <same size as paper>
* layoutoffset:(h,v)=(0.0pt,0.0pt)
* modes: 
* h-part:(L,W,R)=(42.67912pt, 528.93675pt, 42.67912pt)
* v-part:(T,H,B)=(42.67912pt, 709.61174pt, 42.67912pt)
* \paperwidth=614.295pt
* \paperheight=794.96999pt
* \textwidth=528.93675pt
* \textheight=709.61174pt
* \oddsidemargin=-29.59087pt
* \evensidemargin=-29.59087pt
* \topmargin=-66.59087pt
* \headheight=12.0pt
* \headsep=25.0pt
* \topskip=10.0pt
* \footskip=30.0pt
* \marginparwidth=65.0pt
* \marginparsep=11.0pt
* \columnsep=10.0pt
* \skip\footins=9.0pt plus 4.0pt minus 2.0pt
* \hoffset=0.0pt
* \voffset=0.0pt
* \mag=1000
* \@twocolumnfalse
* \@twosidefalse
* \@mparswitchfalse
* \@reversemarginfalse
* (1in=72.27pt=25.4mm, 1cm=28.453pt)

\c@lstlisting=\count449
LaTeX Font Info:    Trying to load font information for U+msa on input line 86.

(c:/texlive/2025/texmf-dist/tex/latex/amsfonts/umsa.fd
File: umsa.fd 2013/01/14 v3.01 AMS symbols A
)
LaTeX Font Info:    Trying to load font information for U+msb on input line 86.

(c:/texlive/2025/texmf-dist/tex/latex/amsfonts/umsb.fd
File: umsb.fd 2013/01/14 v3.01 AMS symbols B
)
Missing character: There is no ] in font nullfont!
Missing character: There is no ] in font nullfont!
Missing character: There is no ] in font nullfont!
[1

{c:/texlive/2025/texmf-var/fonts/map/pdftex/updmap/pdftex.map}{c:/texlive/2025/
texmf-dist/fonts/enc/dvips/cm-super/cm-super-t1.enc}] (./TangramTikz-doc-fr.toc
)
\tf@toc=\write7
\openout7 = `TangramTikz-doc-fr.toc'.

LaTeX Font Info:    Trying to load font information for U+fontawesomefree0 on i
nput line 176.
(c:/texlive/2025/texmf-dist/tex/latex/fontawesome5/ufontawesomefree0.fd) [2{c:/
texlive/2025/texmf-dist/fonts/enc/dvips/fontawesome5/fa5free0.enc}]
\g__tcobox_out_iow=\write8
\openout8 = `TangramTikz-doc-fr.listing'.

(./_minted-TangramTikz-doc-fr/colorful.pygstyle)
(./_minted-TangramTikz-doc-fr/A066F92FA4123B61555516234714669F6C92D2DBA0A3ADE4C
FF923A230684278.pygtex
LaTeX Font Info:    Font shape `T1/cmtt/bx/n' in size <8> not available
(Font)              Font shape `T1/cmtt/m/n' tried instead on input line 2.
)
\openout8 = `TangramTikz-doc-fr.listing'.


(./_minted-TangramTikz-doc-fr/36734B27A5833A568C48C93D6D0D555E6C92D2DBA0A3ADE4C
FF923A230684278.pygtex)
\openout8 = `TangramTikz-doc-fr.listing'.


(./_minted-TangramTikz-doc-fr/29357ADDFA06E905C1822BC882FB836B6C92D2DBA0A3ADE4C
FF923A230684278.pygtex) [3{c:/texlive/2025/texmf-dist/fonts/enc/dvips/cm-super/
cm-super-ts1.enc}] [4]
\openout8 = `TangramTikz-doc-fr.listing'.


(./_minted-TangramTikz-doc-fr/7CF62B4F8A4D39CFA4FFD3CC7CAC69056C92D2DBA0A3ADE4C
FF923A230684278.pygtex)
\openout8 = `TangramTikz-doc-fr.listing'.


(./_minted-TangramTikz-doc-fr/7525F77276B972AC3BD25F42445318476C92D2DBA0A3ADE4C
FF923A230684278.pygtex)
\openout8 = `TangramTikz-doc-fr.listing'.


(./_minted-TangramTikz-doc-fr/6EC0B39D403EC3FEF393F00CD059F0EC6C92D2DBA0A3ADE4C
FF923A230684278.pygtex) (./TangramTikz-doc-fr.listing) [5]
\openout8 = `TangramTikz-doc-fr.listing'.


(./_minted-TangramTikz-doc-fr/36734B27A5833A568C48C93D6D0D555E6C92D2DBA0A3ADE4C
FF923A230684278.pygtex)
\openout8 = `TangramTikz-doc-fr.listing'.


(./_minted-TangramTikz-doc-fr/F45F35CC180F276D41C6C83C014958D76C92D2DBA0A3ADE4C
FF923A230684278.pygtex) (./TangramTikz-doc-fr.listing) [6]
\openout8 = `TangramTikz-doc-fr.listing'.


(./_minted-TangramTikz-doc-fr/A67C22240012256D79B81ED20595EB986C92D2DBA0A3ADE4C
FF923A230684278.pygtex)
\openout8 = `TangramTikz-doc-fr.listing'.


(./_minted-TangramTikz-doc-fr/F5AB5602F744572E4F8FCD99780E05E96C92D2DBA0A3ADE4C
FF923A230684278.pygtex) (./TangramTikz-doc-fr.listing)
Missing character: There is no ] in font nullfont!
\openout8 = `TangramTikz-doc-fr.listing'.


(./_minted-TangramTikz-doc-fr/2BB2D0321392695ED52943CB4AA6D4196C92D2DBA0A3ADE4C
FF923A230684278.pygtex) (./TangramTikz-doc-fr.listing
Missing character: There is no ] in font nullfont!
)
\openout8 = `TangramTikz-doc-fr.listing'.


(./_minted-TangramTikz-doc-fr/05DEA48884310FA58C637CD4203115CC6C92D2DBA0A3ADE4C
FF923A230684278.pygtex) (./TangramTikz-doc-fr.listing)
Missing character: There is no ] in font nullfont!
\openout8 = `TangramTikz-doc-fr.listing'.


(./_minted-TangramTikz-doc-fr/45559E92F5728AFD7D41547D6FE6D29C6C92D2DBA0A3ADE4C
FF923A230684278.pygtex) [7]
\openout8 = `TangramTikz-doc-fr.listing'.


(./_minted-TangramTikz-doc-fr/C875BF41CA8243C86AA55DED5CC077026C92D2DBA0A3ADE4C
FF923A230684278.pygtex) (./TangramTikz-doc-fr.listing
Missing character: There is no ] in font nullfont!
Missing character: There is no ] in font nullfont!
Missing character: There is no ] in font nullfont!
Missing character: There is no ] in font nullfont!
Missing character: There is no ] in font nullfont!
) [8]
\openout8 = `TangramTikz-doc-fr.listing'.


(./_minted-TangramTikz-doc-fr/CFC626068F2055DEFC97DC56BBFAC6A06C92D2DBA0A3ADE4C
FF923A230684278.pygtex) (./TangramTikz-doc-fr.listing
Missing character: There is no ] in font nullfont!
Missing character: There is no ] in font nullfont!
Missing character: There is no ] in font nullfont!
)
\openout8 = `TangramTikz-doc-fr.listing'.


(./_minted-TangramTikz-doc-fr/860085A139AA9D9A5F629F234B9F1D4B6C92D2DBA0A3ADE4C
FF923A230684278.pygtex) (./TangramTikz-doc-fr.listing
Missing character: There is no ] in font nullfont!
Missing character: There is no ] in font nullfont!
)
\openout8 = `TangramTikz-doc-fr.listing'.


(./_minted-TangramTikz-doc-fr/E9F30D19D886E21D67AD082321E3FA076C92D2DBA0A3ADE4C
FF923A230684278.pygtex) (./TangramTikz-doc-fr.listing
Missing character: There is no ] in font nullfont!
Missing character: There is no ] in font nullfont!
)
\openout8 = `TangramTikz-doc-fr.listing'.


(./_minted-TangramTikz-doc-fr/00E3BF1BF690418C9E35622F865AAAED6C92D2DBA0A3ADE4C
FF923A230684278.pygtex) (./TangramTikz-doc-fr.listing
Missing character: There is no ] in font nullfont!
Missing character: There is no ] in font nullfont!
) [9]
\openout8 = `TangramTikz-doc-fr.listing'.


(./_minted-TangramTikz-doc-fr/DC560DEE165086B9E691F558A007BFA46C92D2DBA0A3ADE4C
FF923A230684278.pygtex) (./TangramTikz-doc-fr.listing
Missing character: There is no ] in font nullfont!
Missing character: There is no ] in font nullfont!
)
\openout8 = `TangramTikz-doc-fr.listing'.


(./_minted-TangramTikz-doc-fr/449F227C6B87AA90060EB03710590AD66C92D2DBA0A3ADE4C
FF923A230684278.pygtex) (./TangramTikz-doc-fr.listing
Missing character: There is no ] in font nullfont!
Missing character: There is no ] in font nullfont!
)
\openout8 = `TangramTikz-doc-fr.listing'.


(./_minted-TangramTikz-doc-fr/592ADAF932B7031B3E528456A8A53FB26C92D2DBA0A3ADE4C
FF923A230684278.pygtex) (./TangramTikz-doc-fr.listing
Missing character: There is no ] in font nullfont!
Missing character: There is no ] in font nullfont!
) [10]
\openout8 = `TangramTikz-doc-fr.listing'.


(./_minted-TangramTikz-doc-fr/6CD84141704FE24F8C0ACCDA70BBCDB76C92D2DBA0A3ADE4C
FF923A230684278.pygtex) (./TangramTikz-doc-fr.listing
Missing character: There is no ] in font nullfont!
Missing character: There is no ] in font nullfont!
)
\openout8 = `TangramTikz-doc-fr.listing'.


(./_minted-TangramTikz-doc-fr/2B7511A5B9CA2DB3C63F6A8319A1C93A6C92D2DBA0A3ADE4C
FF923A230684278.pygtex) (./TangramTikz-doc-fr.listing
Missing character: There is no ] in font nullfont!
Missing character: There is no ] in font nullfont!
)
\openout8 = `TangramTikz-doc-fr.listing'.


(./_minted-TangramTikz-doc-fr/13FEFDF63EDF0D53D4A1DD8E7B3CD9B86C92D2DBA0A3ADE4C
FF923A230684278.pygtex) (./TangramTikz-doc-fr.listing
Missing character: There is no ] in font nullfont!
Missing character: There is no ] in font nullfont!
)
\openout8 = `TangramTikz-doc-fr.listing'.


(./_minted-TangramTikz-doc-fr/B5EC872FE7D567A22969FF84420C89726C92D2DBA0A3ADE4C
FF923A230684278.pygtex) (./TangramTikz-doc-fr.listing
Missing character: There is no ] in font nullfont!
Missing character: There is no ] in font nullfont!
) [11]
\openout8 = `TangramTikz-doc-fr.listing'.


(./_minted-TangramTikz-doc-fr/A925C376A226AD286108A2AE9AB0206E6C92D2DBA0A3ADE4C
FF923A230684278.pygtex) (./TangramTikz-doc-fr.listing
Missing character: There is no ] in font nullfont!
Missing character: There is no ] in font nullfont!
)
\openout8 = `TangramTikz-doc-fr.listing'.


(./_minted-TangramTikz-doc-fr/9AE592038863DB1395483668A0E3309F6C92D2DBA0A3ADE4C
FF923A230684278.pygtex) (./TangramTikz-doc-fr.listing
Missing character: There is no ] in font nullfont!
Missing character: There is no ] in font nullfont!
)
\openout8 = `TangramTikz-doc-fr.listing'.


(./_minted-TangramTikz-doc-fr/6AFEABE605C75B2DDB222E71B82C33456C92D2DBA0A3ADE4C
FF923A230684278.pygtex) (./TangramTikz-doc-fr.listing
Missing character: There is no ] in font nullfont!
Missing character: There is no ] in font nullfont!
) [12]
\openout8 = `TangramTikz-doc-fr.listing'.


(./_minted-TangramTikz-doc-fr/B3B3C4C97E0CFCC2BB70E08F895B88886C92D2DBA0A3ADE4C
FF923A230684278.pygtex) (./TangramTikz-doc-fr.listing
Missing character: There is no ] in font nullfont!
Missing character: There is no ] in font nullfont!
)
\openout8 = `TangramTikz-doc-fr.listing'.


(./_minted-TangramTikz-doc-fr/E1B2A558427827F5FCB535E0D94307046C92D2DBA0A3ADE4C
FF923A230684278.pygtex) (./TangramTikz-doc-fr.listing
Missing character: There is no ] in font nullfont!
Missing character: There is no ] in font nullfont!
)
Overfull \hbox (2.59573pt too wide) in paragraph at lines 1--644
[][] [] [] 
 []

\openout8 = `TangramTikz-doc-fr.listing'.


(./_minted-TangramTikz-doc-fr/ED776B5B1A69D93C3E3D7DB1ED87524D6C92D2DBA0A3ADE4C
FF923A230684278.pygtex) (./TangramTikz-doc-fr.listing
Missing character: There is no ] in font nullfont!
Missing character: There is no ] in font nullfont!
) [13]
\openout8 = `TangramTikz-doc-fr.listing'.


(./_minted-TangramTikz-doc-fr/D50639EB507ED6588D4BC9461D21B8B26C92D2DBA0A3ADE4C
FF923A230684278.pygtex) (./TangramTikz-doc-fr.listing
Missing character: There is no ] in font nullfont!
Missing character: There is no ] in font nullfont!
)
\openout8 = `TangramTikz-doc-fr.listing'.


(./_minted-TangramTikz-doc-fr/0E7E53B107A502CC6C167FC49BC5230D6C92D2DBA0A3ADE4C
FF923A230684278.pygtex) (./TangramTikz-doc-fr.listing
Missing character: There is no ] in font nullfont!
Missing character: There is no ] in font nullfont!
)
\openout8 = `TangramTikz-doc-fr.listing'.


(./_minted-TangramTikz-doc-fr/D6FCE12DFD1F55010ACDF3E0D5A27FFE6C92D2DBA0A3ADE4C
FF923A230684278.pygtex) (./TangramTikz-doc-fr.listing
Missing character: There is no ] in font nullfont!
Missing character: There is no ] in font nullfont!
) [14]
\openout8 = `TangramTikz-doc-fr.listing'.


(./_minted-TangramTikz-doc-fr/D9F09DE2FF7BED5BC9FB21D60D14CC7C6C92D2DBA0A3ADE4C
FF923A230684278.pygtex) (./TangramTikz-doc-fr.listing
Missing character: There is no ] in font nullfont!
Missing character: There is no ] in font nullfont!
)
\openout8 = `TangramTikz-doc-fr.listing'.


(./_minted-TangramTikz-doc-fr/4900DD28D71589E9CEA0C93F5C92C6F86C92D2DBA0A3ADE4C
FF923A230684278.pygtex) (./TangramTikz-doc-fr.listing
Missing character: There is no ] in font nullfont!
Missing character: There is no ] in font nullfont!
)
\openout8 = `TangramTikz-doc-fr.listing'.


(./_minted-TangramTikz-doc-fr/7A34DFA2FD11C699986C15730DA4A2106C92D2DBA0A3ADE4C
FF923A230684278.pygtex) (./TangramTikz-doc-fr.listing
Missing character: There is no ] in font nullfont!
Missing character: There is no ] in font nullfont!
) [15]
\openout8 = `TangramTikz-doc-fr.listing'.


(./_minted-TangramTikz-doc-fr/B9F6B28AC6B80C3DA3C110A16126E57A6C92D2DBA0A3ADE4C
FF923A230684278.pygtex) (./TangramTikz-doc-fr.listing
Missing character: There is no ] in font nullfont!
Missing character: There is no ] in font nullfont!
)
\openout8 = `TangramTikz-doc-fr.listing'.


(./_minted-TangramTikz-doc-fr/A2A428EC2D4FC81A1CEB5CFEF9AD8B046C92D2DBA0A3ADE4C
FF923A230684278.pygtex) (./TangramTikz-doc-fr.listing
Missing character: There is no ] in font nullfont!
Missing character: There is no ] in font nullfont!
)
\openout8 = `TangramTikz-doc-fr.listing'.


(./_minted-TangramTikz-doc-fr/DC71E3E5564A5753007D00BAC0BA13696C92D2DBA0A3ADE4C
FF923A230684278.pygtex) (./TangramTikz-doc-fr.listing
Missing character: There is no ] in font nullfont!
Missing character: There is no ] in font nullfont!
) [16]
\openout8 = `TangramTikz-doc-fr.listing'.


(./_minted-TangramTikz-doc-fr/74117E596E86C830DBCD33BC01DC04426C92D2DBA0A3ADE4C
FF923A230684278.pygtex) (./TangramTikz-doc-fr.listing
Missing character: There is no ] in font nullfont!
Missing character: There is no ] in font nullfont!
)
\openout8 = `TangramTikz-doc-fr.listing'.


(./_minted-TangramTikz-doc-fr/929FDEC4724C75F1EB520C97171E743B6C92D2DBA0A3ADE4C
FF923A230684278.pygtex) (./TangramTikz-doc-fr.listing
Missing character: There is no ] in font nullfont!
Missing character: There is no ] in font nullfont!
)
Underfull \hbox (badness 10000) in paragraph at lines 1--716
[][] []
 []

\openout8 = `TangramTikz-doc-fr.listing'.


(./_minted-TangramTikz-doc-fr/490ABC257FA92A830F1FB5C151AD89206C92D2DBA0A3ADE4C
FF923A230684278.pygtex) (./TangramTikz-doc-fr.listing
Missing character: There is no ] in font nullfont!
Missing character: There is no ] in font nullfont!
) [17]
\openout8 = `TangramTikz-doc-fr.listing'.


(./_minted-TangramTikz-doc-fr/956F1E6EB195BA657236E524EFC347D36C92D2DBA0A3ADE4C
FF923A230684278.pygtex) (./TangramTikz-doc-fr.listing
Missing character: There is no ] in font nullfont!
Missing character: There is no ] in font nullfont!
)
\openout8 = `TangramTikz-doc-fr.listing'.


(./_minted-TangramTikz-doc-fr/3B08B3FB9F5DD5B0C6C7F2BC7DB699536C92D2DBA0A3ADE4C
FF923A230684278.pygtex) (./TangramTikz-doc-fr.listing
Missing character: There is no ] in font nullfont!
Missing character: There is no ] in font nullfont!
)
\openout8 = `TangramTikz-doc-fr.listing'.


(./_minted-TangramTikz-doc-fr/AAC3805BA6659D53CF39AD3EDAC06E856C92D2DBA0A3ADE4C
FF923A230684278.pygtex) (./TangramTikz-doc-fr.listing
Missing character: There is no ] in font nullfont!
Missing character: There is no ] in font nullfont!
) [18]
\openout8 = `TangramTikz-doc-fr.listing'.


(./_minted-TangramTikz-doc-fr/433C3D5C120611194A9911DD0EED93176C92D2DBA0A3ADE4C
FF923A230684278.pygtex) (./TangramTikz-doc-fr.listing
Missing character: There is no ] in font nullfont!
Missing character: There is no ] in font nullfont!
)
\openout8 = `TangramTikz-doc-fr.listing'.


(./_minted-TangramTikz-doc-fr/2DACCAEFB1043980937899BD5822CDCC6C92D2DBA0A3ADE4C
FF923A230684278.pygtex) (./TangramTikz-doc-fr.listing
Missing character: There is no ] in font nullfont!
Missing character: There is no ] in font nullfont!
)
\openout8 = `TangramTikz-doc-fr.listing'.


(./_minted-TangramTikz-doc-fr/414A2FF3FA49031B37C1F7D808CE46576C92D2DBA0A3ADE4C
FF923A230684278.pygtex) (./TangramTikz-doc-fr.listing
Missing character: There is no ] in font nullfont!
Missing character: There is no ] in font nullfont!
)
\openout8 = `TangramTikz-doc-fr.listing'.


(./_minted-TangramTikz-doc-fr/44C25610CCF260D194F0EEC22E018F256C92D2DBA0A3ADE4C
FF923A230684278.pygtex) (./TangramTikz-doc-fr.listing
Missing character: There is no ] in font nullfont!
Missing character: There is no ] in font nullfont!
) [19]
\openout8 = `TangramTikz-doc-fr.listing'.


(./_minted-TangramTikz-doc-fr/B61568AFAAA543AABE8FCB2421DE4A496C92D2DBA0A3ADE4C
FF923A230684278.pygtex) (./TangramTikz-doc-fr.listing
Missing character: There is no ] in font nullfont!
Missing character: There is no ] in font nullfont!
)
\openout8 = `TangramTikz-doc-fr.listing'.


(./_minted-TangramTikz-doc-fr/64C4F62904A596CE33B0D6B58182919D6C92D2DBA0A3ADE4C
FF923A230684278.pygtex) (./TangramTikz-doc-fr.listing
Missing character: There is no T in font nullfont!
Missing character: There is no a in font nullfont!
Missing character: There is no n in font nullfont!
Missing character: There is no g in font nullfont!
Missing character: There is no P in font nullfont!
Missing character: There is no a in font nullfont!
Missing character: There is no r in font nullfont!
Missing character: There is no a in font nullfont!
Missing character: There is no ] in font nullfont!
Missing character: There is no T in font nullfont!
Missing character: There is no a in font nullfont!
Missing character: There is no n in font nullfont!
Missing character: There is no g in font nullfont!
Missing character: There is no P in font nullfont!
Missing character: There is no a in font nullfont!
Missing character: There is no r in font nullfont!
Missing character: There is no a in font nullfont!
Missing character: There is no ] in font nullfont!
)
\openout8 = `TangramTikz-doc-fr.listing'.


(./_minted-TangramTikz-doc-fr/952B72D67910BED9BD382CEF3364D5C66C92D2DBA0A3ADE4C
FF923A230684278.pygtex) (./TangramTikz-doc-fr.listing
Missing character: There is no ] in font nullfont!
Missing character: There is no ] in font nullfont!
)
\openout8 = `TangramTikz-doc-fr.listing'.


(./_minted-TangramTikz-doc-fr/F508B4C7F11439356F526FF7501A39756C92D2DBA0A3ADE4C
FF923A230684278.pygtex) (./TangramTikz-doc-fr.listing
Missing character: There is no ] in font nullfont!
Missing character: There is no ] in font nullfont!
) [20]
\openout8 = `TangramTikz-doc-fr.listing'.


(./_minted-TangramTikz-doc-fr/11263386EA5CDB6E92D0FBC7936AFC8C6C92D2DBA0A3ADE4C
FF923A230684278.pygtex) (./TangramTikz-doc-fr.listing
Missing character: There is no ] in font nullfont!
Missing character: There is no ] in font nullfont!
)
\openout8 = `TangramTikz-doc-fr.listing'.


(./_minted-TangramTikz-doc-fr/6932833F8CB89CBC7B5EDDBAF656B7816C92D2DBA0A3ADE4C
FF923A230684278.pygtex) (./TangramTikz-doc-fr.listing
Missing character: There is no ] in font nullfont!
Missing character: There is no ] in font nullfont!
)
\openout8 = `TangramTikz-doc-fr.listing'.


(./_minted-TangramTikz-doc-fr/31FE0358024C1B829897403464F4EF356C92D2DBA0A3ADE4C
FF923A230684278.pygtex) (./TangramTikz-doc-fr.listing
Missing character: There is no ] in font nullfont!
Missing character: There is no ] in font nullfont!
)
\openout8 = `TangramTikz-doc-fr.listing'.


(./_minted-TangramTikz-doc-fr/4970AED73DE74EA9A2D2437C2EBB4D426C92D2DBA0A3ADE4C
FF923A230684278.pygtex) (./TangramTikz-doc-fr.listing
Missing character: There is no ] in font nullfont!
Missing character: There is no ] in font nullfont!
) [21]
\openout8 = `TangramTikz-doc-fr.listing'.


(./_minted-TangramTikz-doc-fr/F44EE74FB2065BE53E141F664D249C536C92D2DBA0A3ADE4C
FF923A230684278.pygtex) (./TangramTikz-doc-fr.listing
Missing character: There is no ] in font nullfont!
Missing character: There is no ] in font nullfont!
) [22] [23] (./TangramTikz-doc-fr.aux)
 ***********
LaTeX2e <2025-11-01>
L3 programming layer <2025-11-14>
 ***********
Package rerunfilecheck Info: File `TangramTikz-doc-fr.out' has not changed.
(rerunfilecheck)             Checksum: 32319E39999BCC438CDF59747E4C5971;2928.
 ) 
Here is how much of TeX's memory you used:
 41988 strings out of 467538
 897856 string characters out of 5423725
 1430958 words of memory out of 5000000
 69954 multiletter control sequences out of 15000+600000
 658490 words of font info for 115 fonts, out of 8000000 for 9000
 1141 hyphenation exceptions out of 8191
 117i,11n,121p,482b,1425s stack positions out of 10000i,1000n,20000p,200000b,200000s
<c:/texlive/2025/texmf-dist/fonts/type1/public/fontawesome5/FontAwesome5Free-
Regular.pfb><c:/texlive/2025/texmf-dist/fonts/type1/public/amsfonts/cm/cmmi12.p
fb><c:/texlive/2025/texmf-dist/fonts/type1/public/amsfonts/cm/cmss12.pfb><c:/te
xlive/2025/texmf-dist/fonts/type1/public/amsfonts/cm/cmsy10.pfb><c:/texlive/202
5/texmf-dist/fonts/type1/public/amsfonts/symbols/msam10.pfb><c:/texlive/2025/te
xmf-dist/fonts/type1/public/cm-super/sfbx1000.pfb><c:/texlive/2025/texmf-dist/f
onts/type1/public/cm-super/sfbx1200.pfb><c:/texlive/2025/texmf-dist/fonts/type1
/public/cm-super/sfbx1440.pfb><c:/texlive/2025/texmf-dist/fonts/type1/public/cm
-super/sfbx2074.pfb><c:/texlive/2025/texmf-dist/fonts/type1/public/cm-super/sfi
t0800.pfb><c:/texlive/2025/texmf-dist/fonts/type1/public/cm-super/sfrm1000.pfb>
<c:/texlive/2025/texmf-dist/fonts/type1/public/cm-super/sfrm1728.pfb><c:/texliv
e/2025/texmf-dist/fonts/type1/public/cm-super/sfsi2074.pfb><c:/texlive/2025/tex
mf-dist/fonts/type1/public/cm-super/sfss0900.pfb><c:/texlive/2025/texmf-dist/fo
nts/type1/public/cm-super/sfss1000.pfb><c:/texlive/2025/texmf-dist/fonts/type1/
public/cm-super/sfss1200.pfb><c:/texlive/2025/texmf-dist/fonts/type1/public/cm-
super/sfss1440.pfb><c:/texlive/2025/texmf-dist/fonts/type1/public/cm-super/sfss
2074.pfb><c:/texlive/2025/texmf-dist/fonts/type1/public/cm-super/sfsx0900.pfb><
c:/texlive/2025/texmf-dist/fonts/type1/public/cm-super/sfsx1000.pfb><c:/texlive
/2025/texmf-dist/fonts/type1/public/cm-super/sfti0900.pfb><c:/texlive/2025/texm
f-dist/fonts/type1/public/cm-super/sfti1000.pfb><c:/texlive/2025/texmf-dist/fon
ts/type1/public/cm-super/sfti1728.pfb><c:/texlive/2025/texmf-dist/fonts/type1/p
ublic/cm-super/sftt0800.pfb><c:/texlive/2025/texmf-dist/fonts/type1/public/cm-s
uper/sftt0900.pfb><c:/texlive/2025/texmf-dist/fonts/type1/public/cm-super/sftt1
000.pfb><c:/texlive/2025/texmf-dist/fonts/type1/public/cm-super/sftt1440.pfb><c
:/texlive/2025/texmf-dist/fonts/type1/public/cm-super/sftt2488.pfb>
Output written on TangramTikz-doc-fr.pdf (23 pages, 498370 bytes).
PDF statistics:
 416 PDF objects out of 1000 (max. 8388607)
 305 compressed objects within 4 object streams
 43 named destinations out of 1000 (max. 500000)
 285 words of extra memory for PDF output out of 10000 (max. 10000000)

