This is pdfTeX, Version 3.141592653-2.6-1.40.28 (TeX Live 2025) (preloaded format=pdflatex 2025.12.7)  7 DEC 2025 15:15
entering extended mode
 \write18 enabled.
 %&-line parsing enabled.
**TangramTikz-doc-en.tex
(./TangramTikz-doc-en.tex
LaTeX2e <2025-11-01>
L3 programming layer <2025-11-14>
(c:/texlive/2025/texmf-dist/tex/latex/base/article.cls
Document Class: article 2025/01/22 v1.4n Standard LaTeX document class
(c:/texlive/2025/texmf-dist/tex/latex/base/size10.clo
File: size10.clo 2025/01/22 v1.4n Standard LaTeX file (size option)
)
\c@part=\count275
\c@section=\count276
\c@subsection=\count277
\c@subsubsection=\count278
\c@paragraph=\count279
\c@subparagraph=\count280
\c@figure=\count281
\c@table=\count282
\abovecaptionskip=\skip49
\belowcaptionskip=\skip50
\bibindent=\dimen148
) (c:/texlive/2025/texmf-dist/tex/generic/babel/babel.sty
Package: babel 2025/11/23 v25.16 The multilingual framework for LuaLaTeX, pdfLa
TeX and XeLaTeX
\babel@savecnt=\count283
LaTeX Encoding Info:    Redeclaring text command \ij (encoding OT1) on input li
ne 2050.
LaTeX Encoding Info:    Redeclaring text command \IJ (encoding OT1) on input li
ne 2052.
LaTeX Encoding Info:    Redeclaring text command \ij (encoding T1) on input lin
e 2054.
LaTeX Encoding Info:    Redeclaring text command \IJ (encoding T1) on input lin
e 2055.
LaTeX Encoding Info:    Ignoring declaration for text command \ij (encoding ?) 
on input line 2056.
LaTeX Encoding Info:    Ignoring declaration for text command \IJ (encoding ?) 
on input line 2058.
LaTeX Encoding Info:    Ignoring declaration for text command \SS (encoding ?) 
on input line 2083.
\U@D=\dimen149
\l@unhyphenated=\language90
(c:/texlive/2025/texmf-dist/tex/generic/babel/txtbabel.def)
\bbl@readstream=\read2
\bbl@dirlevel=\count284
(c:/texlive/2025/texmf-dist/tex/generic/babel/locale/en/babel-english.tex)
Package babel Info: Importing font and identification data for english
(babel)             from babel-en.ini. Reported on input line 4298.
(c:/texlive/2025/texmf-dist/tex/generic/babel-english/english.ldf
Language: english 2017/06/06 v3.3r English support from the babel system
Package babel Info: Hyphen rules for 'canadian' set to \l@english
(babel)             (\language0). Reported on input line 102.
Package babel Info: Hyphen rules for 'australian' set to \l@ukenglish
(babel)             (\language22). Reported on input line 105.
Package babel Info: Hyphen rules for 'newzealand' set to \l@ukenglish
(babel)             (\language22). Reported on input line 108.
)) (c:/texlive/2025/texmf-dist/tex/latex/base/inputenc.sty
Package: inputenc 2024/02/08 v1.3d Input encoding file
\inpenc@prehook=\toks17
\inpenc@posthook=\toks18
) (c:/texlive/2025/texmf-dist/tex/latex/base/fontenc.sty
Package: fontenc 2025/07/18 v2.1d Standard LaTeX package
) (c:/Users/cpier/OneDrive/latex/tex/latex/tangramtikz/tex/TangramTikz.sty
Package: TangramTikz 2025/12/07 v0.2.3 Tangram Puzzles with TikZ
(c:/texlive/2025/texmf-dist/tex/latex/pgf/frontendlayer/tikz.sty (c:/texlive/20
25/texmf-dist/tex/latex/pgf/basiclayer/pgf.sty (c:/texlive/2025/texmf-dist/tex/
latex/pgf/utilities/pgfrcs.sty (c:/texlive/2025/texmf-dist/tex/generic/pgf/util
ities/pgfutil-common.tex
\pgfutil@everybye=\toks19
\pgfutil@tempdima=\dimen150
\pgfutil@tempdimb=\dimen151
) (c:/texlive/2025/texmf-dist/tex/generic/pgf/utilities/pgfutil-latex.def
\pgfutil@abb=\box53
) (c:/texlive/2025/texmf-dist/tex/generic/pgf/utilities/pgfrcs.code.tex (c:/tex
live/2025/texmf-dist/tex/generic/pgf/pgf.revision.tex)
Package: pgfrcs 2025-08-29 v3.1.11a (3.1.11a)
))
Package: pgf 2025-08-29 v3.1.11a (3.1.11a)
(c:/texlive/2025/texmf-dist/tex/latex/pgf/basiclayer/pgfcore.sty (c:/texlive/20
25/texmf-dist/tex/latex/graphics/graphicx.sty
Package: graphicx 2024/12/31 v1.2e Enhanced LaTeX Graphics (DPC,SPQR)
(c:/texlive/2025/texmf-dist/tex/latex/graphics/keyval.sty
Package: keyval 2022/05/29 v1.15 key=value parser (DPC)
\KV@toks@=\toks20
) (c:/texlive/2025/texmf-dist/tex/latex/graphics/graphics.sty
Package: graphics 2024/08/06 v1.4g Standard LaTeX Graphics (DPC,SPQR)
(c:/texlive/2025/texmf-dist/tex/latex/graphics/trig.sty
Package: trig 2023/12/02 v1.11 sin cos tan (DPC)
) (c:/texlive/2025/texmf-dist/tex/latex/graphics-cfg/graphics.cfg
File: graphics.cfg 2016/06/04 v1.11 sample graphics configuration
)
Package graphics Info: Driver file: pdftex.def on input line 106.
(c:/texlive/2025/texmf-dist/tex/latex/graphics-def/pdftex.def
File: pdftex.def 2025/09/29 v1.2d Graphics/color driver for pdftex
))
\Gin@req@height=\dimen152
\Gin@req@width=\dimen153
) (c:/texlive/2025/texmf-dist/tex/latex/pgf/systemlayer/pgfsys.sty (c:/texlive/
2025/texmf-dist/tex/generic/pgf/systemlayer/pgfsys.code.tex
Package: pgfsys 2025-08-29 v3.1.11a (3.1.11a)
(c:/texlive/2025/texmf-dist/tex/generic/pgf/utilities/pgfkeys.code.tex
\pgfkeys@pathtoks=\toks21
\pgfkeys@temptoks=\toks22

(c:/texlive/2025/texmf-dist/tex/generic/pgf/utilities/pgfkeyslibraryfiltered.co
de.tex
\pgfkeys@tmptoks=\toks23
))
\pgf@x=\dimen154
\pgf@y=\dimen155
\pgf@xa=\dimen156
\pgf@ya=\dimen157
\pgf@xb=\dimen158
\pgf@yb=\dimen159
\pgf@xc=\dimen160
\pgf@yc=\dimen161
\pgf@xd=\dimen162
\pgf@yd=\dimen163
\w@pgf@writea=\write3
\r@pgf@reada=\read3
\c@pgf@counta=\count285
\c@pgf@countb=\count286
\c@pgf@countc=\count287
\c@pgf@countd=\count288
\t@pgf@toka=\toks24
\t@pgf@tokb=\toks25
\t@pgf@tokc=\toks26
\pgf@sys@id@count=\count289
(c:/texlive/2025/texmf-dist/tex/generic/pgf/systemlayer/pgf.cfg
File: pgf.cfg 2025-08-29 v3.1.11a (3.1.11a)
)
Driver file for pgf: pgfsys-pdftex.def
(c:/texlive/2025/texmf-dist/tex/generic/pgf/systemlayer/pgfsys-pdftex.def
File: pgfsys-pdftex.def 2025-08-29 v3.1.11a (3.1.11a)
(c:/texlive/2025/texmf-dist/tex/generic/pgf/systemlayer/pgfsys-common-pdf.def
File: pgfsys-common-pdf.def 2025-08-29 v3.1.11a (3.1.11a)
)))
(c:/texlive/2025/texmf-dist/tex/generic/pgf/systemlayer/pgfsyssoftpath.code.tex
File: pgfsyssoftpath.code.tex 2025-08-29 v3.1.11a (3.1.11a)
\pgfsyssoftpath@smallbuffer@items=\count290
\pgfsyssoftpath@bigbuffer@items=\count291
)
(c:/texlive/2025/texmf-dist/tex/generic/pgf/systemlayer/pgfsysprotocol.code.tex
File: pgfsysprotocol.code.tex 2025-08-29 v3.1.11a (3.1.11a)
)) (c:/texlive/2025/texmf-dist/tex/latex/xcolor/xcolor.sty
Package: xcolor 2024/09/29 v3.02 LaTeX color extensions (UK)
(c:/texlive/2025/texmf-dist/tex/latex/graphics-cfg/color.cfg
File: color.cfg 2016/01/02 v1.6 sample color configuration
)
Package xcolor Info: Driver file: pdftex.def on input line 274.
(c:/texlive/2025/texmf-dist/tex/latex/graphics/mathcolor.ltx)
Package xcolor Info: Model `cmy' substituted by `cmy0' on input line 1349.
Package xcolor Info: Model `hsb' substituted by `rgb' on input line 1353.
Package xcolor Info: Model `RGB' extended on input line 1365.
Package xcolor Info: Model `HTML' substituted by `rgb' on input line 1367.
Package xcolor Info: Model `Hsb' substituted by `hsb' on input line 1368.
Package xcolor Info: Model `tHsb' substituted by `hsb' on input line 1369.
Package xcolor Info: Model `HSB' substituted by `hsb' on input line 1370.
Package xcolor Info: Model `Gray' substituted by `gray' on input line 1371.
Package xcolor Info: Model `wave' substituted by `hsb' on input line 1372.
) (c:/texlive/2025/texmf-dist/tex/generic/pgf/basiclayer/pgfcore.code.tex
Package: pgfcore 2025-08-29 v3.1.11a (3.1.11a)
(c:/texlive/2025/texmf-dist/tex/generic/pgf/math/pgfmath.code.tex (c:/texlive/2
025/texmf-dist/tex/generic/pgf/math/pgfmathutil.code.tex) (c:/texlive/2025/texm
f-dist/tex/generic/pgf/math/pgfmathparser.code.tex
\pgfmath@dimen=\dimen164
\pgfmath@count=\count292
\pgfmath@box=\box54
\pgfmath@toks=\toks27
\pgfmath@stack@operand=\toks28
\pgfmath@stack@operation=\toks29
) (c:/texlive/2025/texmf-dist/tex/generic/pgf/math/pgfmathfunctions.code.tex)
(c:/texlive/2025/texmf-dist/tex/generic/pgf/math/pgfmathfunctions.basic.code.te
x)
(c:/texlive/2025/texmf-dist/tex/generic/pgf/math/pgfmathfunctions.trigonometric
.code.tex)
(c:/texlive/2025/texmf-dist/tex/generic/pgf/math/pgfmathfunctions.random.code.t
ex)
(c:/texlive/2025/texmf-dist/tex/generic/pgf/math/pgfmathfunctions.comparison.co
de.tex)
(c:/texlive/2025/texmf-dist/tex/generic/pgf/math/pgfmathfunctions.base.code.tex
)
(c:/texlive/2025/texmf-dist/tex/generic/pgf/math/pgfmathfunctions.round.code.te
x)
(c:/texlive/2025/texmf-dist/tex/generic/pgf/math/pgfmathfunctions.misc.code.tex
)
(c:/texlive/2025/texmf-dist/tex/generic/pgf/math/pgfmathfunctions.integerarithm
etics.code.tex) (c:/texlive/2025/texmf-dist/tex/generic/pgf/math/pgfmathcalc.co
de.tex) (c:/texlive/2025/texmf-dist/tex/generic/pgf/math/pgfmathfloat.code.tex
\c@pgfmathroundto@lastzeros=\count293
)) (c:/texlive/2025/texmf-dist/tex/generic/pgf/math/pgfint.code.tex) (c:/texliv
e/2025/texmf-dist/tex/generic/pgf/basiclayer/pgfcorepoints.code.tex
File: pgfcorepoints.code.tex 2025-08-29 v3.1.11a (3.1.11a)
\pgf@picminx=\dimen165
\pgf@picmaxx=\dimen166
\pgf@picminy=\dimen167
\pgf@picmaxy=\dimen168
\pgf@pathminx=\dimen169
\pgf@pathmaxx=\dimen170
\pgf@pathminy=\dimen171
\pgf@pathmaxy=\dimen172
\pgf@xx=\dimen173
\pgf@xy=\dimen174
\pgf@yx=\dimen175
\pgf@yy=\dimen176
\pgf@zx=\dimen177
\pgf@zy=\dimen178
)
(c:/texlive/2025/texmf-dist/tex/generic/pgf/basiclayer/pgfcorepathconstruct.cod
e.tex
File: pgfcorepathconstruct.code.tex 2025-08-29 v3.1.11a (3.1.11a)
\pgf@path@lastx=\dimen179
\pgf@path@lasty=\dimen180
)
(c:/texlive/2025/texmf-dist/tex/generic/pgf/basiclayer/pgfcorepathusage.code.te
x
File: pgfcorepathusage.code.tex 2025-08-29 v3.1.11a (3.1.11a)
\pgf@shorten@end@additional=\dimen181
\pgf@shorten@start@additional=\dimen182
) (c:/texlive/2025/texmf-dist/tex/generic/pgf/basiclayer/pgfcorescopes.code.tex
File: pgfcorescopes.code.tex 2025-08-29 v3.1.11a (3.1.11a)
\pgfpic=\box55
\pgf@hbox=\box56
\pgf@layerbox@main=\box57
\pgf@picture@serial@count=\count294
)
(c:/texlive/2025/texmf-dist/tex/generic/pgf/basiclayer/pgfcoregraphicstate.code
.tex
File: pgfcoregraphicstate.code.tex 2025-08-29 v3.1.11a (3.1.11a)
\pgflinewidth=\dimen183
)
(c:/texlive/2025/texmf-dist/tex/generic/pgf/basiclayer/pgfcoretransformations.c
ode.tex
File: pgfcoretransformations.code.tex 2025-08-29 v3.1.11a (3.1.11a)
\pgf@pt@x=\dimen184
\pgf@pt@y=\dimen185
\pgf@pt@temp=\dimen186
) (c:/texlive/2025/texmf-dist/tex/generic/pgf/basiclayer/pgfcorequick.code.tex
File: pgfcorequick.code.tex 2025-08-29 v3.1.11a (3.1.11a)
) (c:/texlive/2025/texmf-dist/tex/generic/pgf/basiclayer/pgfcoreobjects.code.te
x
File: pgfcoreobjects.code.tex 2025-08-29 v3.1.11a (3.1.11a)
)
(c:/texlive/2025/texmf-dist/tex/generic/pgf/basiclayer/pgfcorepathprocessing.co
de.tex
File: pgfcorepathprocessing.code.tex 2025-08-29 v3.1.11a (3.1.11a)
) (c:/texlive/2025/texmf-dist/tex/generic/pgf/basiclayer/pgfcorearrows.code.tex
File: pgfcorearrows.code.tex 2025-08-29 v3.1.11a (3.1.11a)
\pgfarrowsep=\dimen187
) (c:/texlive/2025/texmf-dist/tex/generic/pgf/basiclayer/pgfcoreshade.code.tex
File: pgfcoreshade.code.tex 2025-08-29 v3.1.11a (3.1.11a)
\pgf@max=\dimen188
\pgf@sys@shading@range@num=\count295
\pgf@shadingcount=\count296
) (c:/texlive/2025/texmf-dist/tex/generic/pgf/basiclayer/pgfcoreimage.code.tex
File: pgfcoreimage.code.tex 2025-08-29 v3.1.11a (3.1.11a)
)
(c:/texlive/2025/texmf-dist/tex/generic/pgf/basiclayer/pgfcoreexternal.code.tex
File: pgfcoreexternal.code.tex 2025-08-29 v3.1.11a (3.1.11a)
\pgfexternal@startupbox=\box58
) (c:/texlive/2025/texmf-dist/tex/generic/pgf/basiclayer/pgfcorelayers.code.tex
File: pgfcorelayers.code.tex 2025-08-29 v3.1.11a (3.1.11a)
)
(c:/texlive/2025/texmf-dist/tex/generic/pgf/basiclayer/pgfcoretransparency.code
.tex
File: pgfcoretransparency.code.tex 2025-08-29 v3.1.11a (3.1.11a)
)
(c:/texlive/2025/texmf-dist/tex/generic/pgf/basiclayer/pgfcorepatterns.code.tex
File: pgfcorepatterns.code.tex 2025-08-29 v3.1.11a (3.1.11a)
) (c:/texlive/2025/texmf-dist/tex/generic/pgf/basiclayer/pgfcorerdf.code.tex
File: pgfcorerdf.code.tex 2025-08-29 v3.1.11a (3.1.11a)
))) (c:/texlive/2025/texmf-dist/tex/generic/pgf/modules/pgfmoduleshapes.code.te
x
File: pgfmoduleshapes.code.tex 2025-08-29 v3.1.11a (3.1.11a)
\pgfnodeparttextbox=\box59
) (c:/texlive/2025/texmf-dist/tex/generic/pgf/modules/pgfmoduleplot.code.tex
File: pgfmoduleplot.code.tex 2025-08-29 v3.1.11a (3.1.11a)
)
(c:/texlive/2025/texmf-dist/tex/latex/pgf/compatibility/pgfcomp-version-0-65.st
y
Package: pgfcomp-version-0-65 2025-08-29 v3.1.11a (3.1.11a)
\pgf@nodesepstart=\dimen189
\pgf@nodesepend=\dimen190
)
(c:/texlive/2025/texmf-dist/tex/latex/pgf/compatibility/pgfcomp-version-1-18.st
y
Package: pgfcomp-version-1-18 2025-08-29 v3.1.11a (3.1.11a)
)) (c:/texlive/2025/texmf-dist/tex/latex/pgf/utilities/pgffor.sty (c:/texlive/2
025/texmf-dist/tex/latex/pgf/utilities/pgfkeys.sty (c:/texlive/2025/texmf-dist/
tex/generic/pgf/utilities/pgfkeys.code.tex)) (c:/texlive/2025/texmf-dist/tex/la
tex/pgf/math/pgfmath.sty (c:/texlive/2025/texmf-dist/tex/generic/pgf/math/pgfma
th.code.tex)) (c:/texlive/2025/texmf-dist/tex/generic/pgf/utilities/pgffor.code
.tex
Package: pgffor 2025-08-29 v3.1.11a (3.1.11a)
\pgffor@iter=\dimen191
\pgffor@skip=\dimen192
\pgffor@stack=\toks30
\pgffor@toks=\toks31
)) (c:/texlive/2025/texmf-dist/tex/generic/pgf/frontendlayer/tikz/tikz.code.tex
Package: tikz 2025-08-29 v3.1.11a (3.1.11a)

(c:/texlive/2025/texmf-dist/tex/generic/pgf/libraries/pgflibraryplothandlers.co
de.tex
File: pgflibraryplothandlers.code.tex 2025-08-29 v3.1.11a (3.1.11a)
\pgf@plot@mark@count=\count297
\pgfplotmarksize=\dimen193
)
\tikz@lastx=\dimen194
\tikz@lasty=\dimen195
\tikz@lastxsaved=\dimen196
\tikz@lastysaved=\dimen197
\tikz@lastmovetox=\dimen198
\tikz@lastmovetoy=\dimen199
\tikzleveldistance=\dimen256
\tikzsiblingdistance=\dimen257
\tikz@figbox=\box60
\tikz@figbox@bg=\box61
\tikz@tempbox=\box62
\tikz@tempbox@bg=\box63
\tikztreelevel=\count298
\tikznumberofchildren=\count299
\tikznumberofcurrentchild=\count300
\tikz@fig@count=\count301
(c:/texlive/2025/texmf-dist/tex/generic/pgf/modules/pgfmodulematrix.code.tex
File: pgfmodulematrix.code.tex 2025-08-29 v3.1.11a (3.1.11a)
\pgfmatrixcurrentrow=\count302
\pgfmatrixcurrentcolumn=\count303
\pgf@matrix@numberofcolumns=\count304
)
\tikz@expandcount=\count305

(c:/texlive/2025/texmf-dist/tex/generic/pgf/frontendlayer/tikz/libraries/tikzli
brarytopaths.code.tex
File: tikzlibrarytopaths.code.tex 2025-08-29 v3.1.11a (3.1.11a)
))) (c:/texlive/2025/texmf-dist/tex/latex/l3packages/xparse/xparse.sty (c:/texl
ive/2025/texmf-dist/tex/latex/l3kernel/expl3.sty
Package: expl3 2025-11-14 L3 programming layer (loader) 
(c:/texlive/2025/texmf-dist/tex/latex/l3backend/l3backend-pdftex.def
File: l3backend-pdftex.def 2025-10-09 L3 backend support: PDF output (pdfTeX)
\l__color_backend_stack_int=\count306
))
Package: xparse 2025-10-09 L3 Experimental document command parser
) (c:/texlive/2025/texmf-dist/tex/generic/simplekv/simplekv.sty (c:/texlive/202
5/texmf-dist/tex/generic/simplekv/simplekv.tex)
Package: simplekv 2025/06/15 v0.32 Simple keyval package (CT)
) (c:/texlive/2025/texmf-dist/tex/generic/xstring/xstring.sty (c:/texlive/2025/
texmf-dist/tex/generic/xstring/xstring.tex
\xs_counta=\count307
\xs_countb=\count308
)
Package: xstring 2023/08/22 v1.86 String manipulations (CT)
) (c:/texlive/2025/texmf-dist/tex/generic/listofitems/listofitems.sty (c:/texli
ve/2025/texmf-dist/tex/generic/listofitems/listofitems.tex
\loi_cnt_foreach_nest=\count309
\loi_nestcnt=\count310
)
Package: listofitems 2024/03/09 v1.65 Grab items in lists using user-specified 
sep char (CT)
)
(c:/texlive/2025/texmf-dist/tex/generic/pgf/frontendlayer/tikz/libraries/tikzli
brarycalc.code.tex
File: tikzlibrarycalc.code.tex 2025-08-29 v3.1.11a (3.1.11a)
)
(c:/texlive/2025/texmf-dist/tex/generic/pgf/frontendlayer/tikz/libraries/tikzli
braryshapes.geometric.code.tex
File: tikzlibraryshapes.geometric.code.tex 2025-08-29 v3.1.11a (3.1.11a)

(c:/texlive/2025/texmf-dist/tex/generic/pgf/libraries/shapes/pgflibraryshapes.g
eometric.code.tex
File: pgflibraryshapes.geometric.code.tex 2025-08-29 v3.1.11a (3.1.11a)
))
\TangBorder=\skip51
) (c:/texlive/2025/texmf-dist/tex/latex/amsmath/amsmath.sty
Package: amsmath 2025/07/09 v2.17z AMS math features
\@mathmargin=\skip52
For additional information on amsmath, use the `?' option.
(c:/texlive/2025/texmf-dist/tex/latex/amsmath/amstext.sty
Package: amstext 2024/11/17 v2.01 AMS text
(c:/texlive/2025/texmf-dist/tex/latex/amsmath/amsgen.sty
File: amsgen.sty 1999/11/30 v2.0 generic functions
\@emptytoks=\toks32
\ex@=\dimen258
)) (c:/texlive/2025/texmf-dist/tex/latex/amsmath/amsbsy.sty
Package: amsbsy 1999/11/29 v1.2d Bold Symbols
\pmbraise@=\dimen259
) (c:/texlive/2025/texmf-dist/tex/latex/amsmath/amsopn.sty
Package: amsopn 2022/04/08 v2.04 operator names
)
\inf@bad=\count311
LaTeX Info: Redefining \frac on input line 233.
\uproot@=\count312
\leftroot@=\count313
LaTeX Info: Redefining \overline on input line 398.
LaTeX Info: Redefining \colon on input line 409.
\classnum@=\count314
\DOTSCASE@=\count315
LaTeX Info: Redefining \ldots on input line 495.
LaTeX Info: Redefining \dots on input line 498.
LaTeX Info: Redefining \cdots on input line 619.
\Mathstrutbox@=\box64
\strutbox@=\box65
LaTeX Info: Redefining \big on input line 721.
LaTeX Info: Redefining \Big on input line 722.
LaTeX Info: Redefining \bigg on input line 723.
LaTeX Info: Redefining \Bigg on input line 724.
\big@size=\dimen260
LaTeX Font Info:    Redeclaring font encoding OML on input line 742.
LaTeX Font Info:    Redeclaring font encoding OMS on input line 743.
\macc@depth=\count316
LaTeX Info: Redefining \bmod on input line 904.
LaTeX Info: Redefining \pmod on input line 909.
LaTeX Info: Redefining \smash on input line 939.
LaTeX Info: Redefining \relbar on input line 969.
LaTeX Info: Redefining \Relbar on input line 970.
\c@MaxMatrixCols=\count317
\dotsspace@=\muskip17
\c@parentequation=\count318
\dspbrk@lvl=\count319
\tag@help=\toks33
\row@=\count320
\column@=\count321
\maxfields@=\count322
\andhelp@=\toks34
\eqnshift@=\dimen261
\alignsep@=\dimen262
\tagshift@=\dimen263
\tagwidth@=\dimen264
\totwidth@=\dimen265
\lineht@=\dimen266
\@envbody=\toks35
\multlinegap=\skip53
\multlinetaggap=\skip54
\mathdisplay@stack=\toks36
LaTeX Info: Redefining \[ on input line 2950.
LaTeX Info: Redefining \] on input line 2951.
) (c:/texlive/2025/texmf-dist/tex/latex/amsfonts/amssymb.sty
Package: amssymb 2013/01/14 v3.01 AMS font symbols
(c:/texlive/2025/texmf-dist/tex/latex/amsfonts/amsfonts.sty
Package: amsfonts 2013/01/14 v3.01 Basic AMSFonts support
\symAMSa=\mathgroup4
\symAMSb=\mathgroup5
LaTeX Font Info:    Redeclaring math symbol \hbar on input line 98.
LaTeX Font Info:    Overwriting math alphabet `\mathfrak' in version `bold'
(Font)                  U/euf/m/n --> U/euf/b/n on input line 106.
)) (c:/texlive/2025/texmf-dist/tex/latex/fontawesome5/fontawesome5.sty
Package: fontawesome5 2022/05/02 v5.15.4 Font Awesome 5
(c:/texlive/2025/texmf-dist/tex/latex/l3packages/l3keys2e/l3keys2e.sty
Package: l3keys2e 2025-10-09 LaTeX2e option processing using LaTeX3 keys
)
(c:/texlive/2025/texmf-dist/tex/latex/fontawesome5/fontawesome5-generic-helper.
sty
Package: fontawesome5-generic-helper 2022/05/02 v5.15.4 non-uTeX helper for fon
tawesome5
(c:/texlive/2025/texmf-dist/tex/latex/fontawesome5/fontawesome5-mapping.def))) 
(c:/texlive/2025/texmf-dist/tex/latex/enumitem/enumitem.sty
Package: enumitem 2025/02/06 v3.11 Customized lists
\labelindent=\skip55
\enit@outerparindent=\dimen267
\enit@toks=\toks37
\enit@inbox=\box66
\enit@count@id=\count323
\enitdp@description=\count324
) (c:/texlive/2025/texmf-dist/tex/latex/tabularray/tabularray.sty
Package: tabularray 2025-11-27 v2025C Typeset tabulars and arrays with LaTeX3
(c:/texlive/2025/texmf-dist/tex/latex/ninecolors/ninecolors.sty
Package: ninecolors 2022-02-13 v2022D Select colors with proper color contrast
)
\g__tblr_nohyper_int=\count325
\l__tblr_a_int=\count326
\l__tblr_c_int=\count327
\l__tblr_r_int=\count328
\l__tblr_d_dim=\dimen268
\l__tblr_h_dim=\dimen269
\l__tblr_o_dim=\dimen270
\l__tblr_p_dim=\dimen271
\l__tblr_q_dim=\dimen272
\l__tblr_r_dim=\dimen273
\l__tblr_s_dim=\dimen274
\l__tblr_t_dim=\dimen275
\l__tblr_v_dim=\dimen276
\l__tblr_w_dim=\dimen277
\l__tblr_a_box=\box67
\l__tblr_b_box=\box68
\l__tblr_c_box=\box69
\l__tblr_d_box=\box70
\c@tblrcount=\count329
\c@rownum=\count330
\c@colnum=\count331
\c@rowcount=\count332
\c@colcount=\count333
\abovesep=\dimen278
\belowsep=\dimen279
\leftsep=\dimen280
\rightsep=\dimen281
\gTblrLevelInt=\count334
\g__tblr_data_row_key_count_int=\count335
\g__tblr_data_column_key_count_int=\count336
\g__tblr_data_cell_key_count_int=\count337
\g__tblr_array_int=\count338
\l__tblr_key_count_int=\count339
\l__tblr_key_quotient_int=\count340
\l__tblr_key_quotient_two_int=\count341
\l__tblr_key_remainder_int=\count342
\g__tblr_data_str_value_count_int=\count343
\lTblrChildTotalInt=\count344
\lTblrChildHtotalInt=\count345
\lTblrChildVtotalInt=\count346
\l__child_diff_h_int=\count347
\l__child_diff_v_int=\count348
\l__child_sign_h_int=\count349
\l__child_sign_v_int=\count350
\l__child_step_int=\count351
\lTblrDefaultHruleWidthDim=\dimen282
\lTblrDefaultVruleWidthDim=\dimen283
\l__tblr_split_balance_int=\count352
\l__tblr_strut_dp_dim=\dimen284
\l__tblr_strut_ht_dim=\dimen285
\g__tblr_cell_wd_dim=\dimen286
\g__tblr_cell_ht_dim=\dimen287
\g__tblr_cell_head_dim=\dimen288
\g__tblr_cell_foot_dim=\dimen289
\l__tblr_measured_cell_box=\box71
\g__tblr_last_box=\box72
\l__tblr_temp_box=\box73
\l__tblr_column_target_dim=\dimen290
\l__tblr_hfuzz_dim=\dimen291
\l__tblr_caption_box=\box74
\l__tblr_caption_left_box=\box75
\lTblrRowHeadInt=\count353
\lTblrRowFootInt=\count354
\l__tblr_row_head_box=\box76
\l__tblr_row_foot_box=\box77
\l__tblr_row_head_foot_dim=\dimen292
\lTblrTableWidthDim=\dimen293
\l__tblr_table_firsthead_box=\box78
\l__tblr_table_middlehead_box=\box79
\l__tblr_table_lasthead_box=\box80
\l__tblr_table_firstfoot_box=\box81
\l__tblr_table_middlefoot_box=\box82
\l__tblr_table_lastfoot_box=\box83
\l__tblr_remain_height_dim=\dimen294
\l__tblr_next_rows_dim=\dimen295
\l__tblr_page_overfill_dim=\dimen296
\l__tblr_long_from_int=\count355
\l__tblr_long_to_int=\count356
\l__tblr_curr_i_int=\count357
\l__tblr_prev_i_int=\count358
\lTblrTablePageInt=\count359
\l__tblr_table_head_box=\box84
\l__tblr_table_foot_box=\box85
\l__tblr_table_head_foot_dim=\dimen297
\l__tblr_table_head_body_foot_dim=\dimen298
\l__tblr_table_box=\box86
\lTblrRowFirstInt=\count360
\lTblrRowLastInt=\count361
\l__tblr_cover_box_a_dim=\dimen299
\l__tblr_cover_box_b_dim=\dimen300
\l__tblr_table_hlines_box=\box87
\l__tblr_hline_box=\box88
\l__tblr_row_box=\box89
\l__tblr_col_o_wd_dim=\dimen301
\l__tblr_col_b_wd_dim=\dimen302
\l__tblr_hline_leftskip_dim=\dimen303
\l__tblr_hline_rightskip_dim=\dimen304
\l__tblr_row_ht_dim=\dimen305
\l__tblr_row_dp_dim=\dimen306
\l__tblr_row_abovesep_dim=\dimen307
\l__tblr_row_belowsep_dim=\dimen308
\l__tblr_row_vlines_box=\box90
\l__tblr_vline_box=\box91
\l__tblr_cell_box=\box92
\l__tblr_row_upper_dim=\dimen309
\l__tblr_row_lower_dim=\dimen310
\l__tblr_row_vpace_dim=\dimen311
\l__tblr_vline_aboveskip_dim=\dimen312
\l__tblr_vline_belowskip_dim=\dimen313
\lTblrCellRowSpanInt=\count362
\lTblrCellColSpanInt=\count363
\l__tblr_cell_wd_dim=\dimen314
\l__tblr_cell_ht_dim=\dimen315
\lTblrCellAboveBorderWidthDim=\dimen316
\lTblrCellBelowBorderWidthDim=\dimen317
\lTblrCellLeftBorderWidthDim=\dimen318
\lTblrCellRightBorderWidthDim=\dimen319
\l__tblr_diag_box=\box93
\l__tblr_cell_inner_wd_dim=\dimen320
\l__tblr_cell_inner_dp_dim=\dimen321
\l__tblr_cell_hanchor_dim=\dimen322
\l__tblr_last_cell_table_ht_dim=\dimen323
\l__tblr_last_cell_table_dp_dim=\dimen324
\l__tblr_last_vline_wd_dim=\dimen325
\l__tblr_tikz_node_box=\box94
) (c:/texlive/2025/texmf-dist/tex/latex/tools/multicol.sty
Package: multicol 2025/10/21 v2.0b multicolumn formatting (FMi)
\c@tracingmulticols=\count364
\mult@box=\box95
\multicol@leftmargin=\dimen326
\c@unbalance=\count365
\c@collectmore=\count366
\doublecol@number=\count367
\multicoltolerance=\count368
\multicolpretolerance=\count369
\full@width=\dimen327
\page@free=\dimen328
\premulticols=\dimen329
\postmulticols=\dimen330
\multicolsep=\skip56
\multicolbaselineskip=\skip57
\partial@page=\box96
\last@line=\box97
\mc@boxedresult=\box98
\maxbalancingoverflow=\dimen331
\mult@rightbox=\box99
\mult@grightbox=\box100
\mult@firstbox=\box101
\mult@gfirstbox=\box102
\@tempa=\box103
\@tempa=\box104
\@tempa=\box105
\@tempa=\box106
\@tempa=\box107
\@tempa=\box108
\@tempa=\box109
\@tempa=\box110
\@tempa=\box111
\@tempa=\box112
\@tempa=\box113
\@tempa=\box114
\@tempa=\box115
\@tempa=\box116
\@tempa=\box117
\@tempa=\box118
\@tempa=\box119
\@tempa=\box120
\@tempa=\box121
\@tempa=\box122
\@tempa=\box123
\@tempa=\box124
\@tempa=\box125
\@tempa=\box126
\@tempa=\box127
\@tempa=\box128
\@tempa=\box129
\@tempa=\box130
\@tempa=\box131
\@tempa=\box132
\@tempa=\box133
\@tempa=\box134
\@tempa=\box135
\@tempa=\box136
\@tempa=\box137
\@tempa=\box138
\c@minrows=\count370
\c@columnbadness=\count371
\c@finalcolumnbadness=\count372
\last@try=\dimen332
\multicolovershoot=\dimen333
\multicolundershoot=\dimen334
\mult@nat@firstbox=\box139
\colbreak@box=\box140
\mc@col@check@num=\count373
\g__mc_curr_col_int=\count374
) (c:/texlive/2025/texmf-dist/tex/latex/fancyvrb/fancyvrb.sty
Package: fancyvrb 2025/07/28 4.6 verbatim text (tvz,hv)
\FV@CodeLineNo=\count375
\FV@InFile=\read4
\FV@TabBox=\box141
\c@FancyVerbLine=\count376
\FV@StepNumber=\count377
\FV@OutFile=\write4
) (c:/texlive/2025/texmf-dist/tex/latex/fancyhdr/fancyhdr.sty
Package: fancyhdr 2025/02/07 v5.2 Extensive control of page headers and footers

\f@nch@headwidth=\skip58
\f@nch@offset@elh=\skip59
\f@nch@offset@erh=\skip60
\f@nch@offset@olh=\skip61
\f@nch@offset@orh=\skip62
\f@nch@offset@elf=\skip63
\f@nch@offset@erf=\skip64
\f@nch@offset@olf=\skip65
\f@nch@offset@orf=\skip66
\f@nch@height=\skip67
\f@nch@footalignment=\skip68
\f@nch@widthL=\skip69
\f@nch@widthC=\skip70
\f@nch@widthR=\skip71
\@temptokenb=\toks38
) (c:/texlive/2025/texmf-dist/tex/generic/hologo/hologo.sty
Package: hologo 2025-11-11 v1.16 A logo collection with bookmark support (HO)
(c:/texlive/2025/texmf-dist/tex/generic/ltxcmds/ltxcmds.sty
Package: ltxcmds 2023-12-04 v1.26 LaTeX kernel commands for general use (HO)
) (c:/texlive/2025/texmf-dist/tex/generic/infwarerr/infwarerr.sty
Package: infwarerr 2019/12/03 v1.5 Providing info/warning/error messages (HO)
) (c:/texlive/2025/texmf-dist/tex/latex/kvsetkeys/kvsetkeys.sty
Package: kvsetkeys 2022-10-05 v1.19 Key value parser (HO)
) (c:/texlive/2025/texmf-dist/tex/generic/kvdefinekeys/kvdefinekeys.sty
Package: kvdefinekeys 2019-12-19 v1.6 Define keys (HO)
) (c:/texlive/2025/texmf-dist/tex/generic/pdftexcmds/pdftexcmds.sty
Package: pdftexcmds 2020-06-27 v0.33 Utility functions of pdfTeX for LuaTeX (HO
)
(c:/texlive/2025/texmf-dist/tex/generic/iftex/iftex.sty
Package: iftex 2024/12/12 v1.0g TeX engine tests
)
Package pdftexcmds Info: \pdf@primitive is available.
Package pdftexcmds Info: \pdf@ifprimitive is available.
Package pdftexcmds Info: \pdfdraftmode found.
)) (c:/texlive/2025/texmf-dist/tex/latex/tools/xspace.sty
Package: xspace 2014/10/28 v1.13 Space after command names (DPC,MH)
) (c:/texlive/2025/texmf-dist/tex/latex/hyperref/hyperref.sty
Package: hyperref 2025-07-12 v7.01o Hypertext links for LaTeX
(c:/texlive/2025/texmf-dist/tex/generic/pdfescape/pdfescape.sty
Package: pdfescape 2019/12/09 v1.15 Implements pdfTeX's escape features (HO)
) (c:/texlive/2025/texmf-dist/tex/latex/hycolor/hycolor.sty
Package: hycolor 2020-01-27 v1.10 Color options for hyperref/bookmark (HO)
) (c:/texlive/2025/texmf-dist/tex/latex/hyperref/nameref.sty
Package: nameref 2025-06-21 v2.57 Cross-referencing by name of section
(c:/texlive/2025/texmf-dist/tex/latex/refcount/refcount.sty
Package: refcount 2019/12/15 v3.6 Data extraction from label references (HO)
) (c:/texlive/2025/texmf-dist/tex/generic/gettitlestring/gettitlestring.sty
Package: gettitlestring 2019/12/15 v1.6 Cleanup title references (HO)
(c:/texlive/2025/texmf-dist/tex/latex/kvoptions/kvoptions.sty
Package: kvoptions 2022-06-15 v3.15 Key value format for package options (HO)
))
\c@section@level=\count378
) (c:/texlive/2025/texmf-dist/tex/latex/etoolbox/etoolbox.sty
Package: etoolbox 2025/10/02 v2.5m e-TeX tools for LaTeX (JAW)
\etb@tempcnta=\count379
) (c:/texlive/2025/texmf-dist/tex/generic/stringenc/stringenc.sty
Package: stringenc 2019/11/29 v1.12 Convert strings between diff. encodings (HO
)
)
\@linkdim=\dimen335
\Hy@linkcounter=\count380
\Hy@pagecounter=\count381
(c:/texlive/2025/texmf-dist/tex/latex/hyperref/pd1enc.def
File: pd1enc.def 2025-07-12 v7.01o Hyperref: PDFDocEncoding definition (HO)
Now handling font encoding PD1 ...
... no UTF-8 mapping file for font encoding PD1
) (c:/texlive/2025/texmf-dist/tex/generic/intcalc/intcalc.sty
Package: intcalc 2019/12/15 v1.3 Expandable calculations with integers (HO)
)
\Hy@SavedSpaceFactor=\count382
(c:/texlive/2025/texmf-dist/tex/latex/hyperref/puenc.def
File: puenc.def 2025-07-12 v7.01o Hyperref: PDF Unicode definition (HO)
Now handling font encoding PU ...
... no UTF-8 mapping file for font encoding PU
)
Package hyperref Info: Hyper figures OFF on input line 4195.
Package hyperref Info: Link nesting OFF on input line 4200.
Package hyperref Info: Hyper index ON on input line 4203.
Package hyperref Info: Plain pages OFF on input line 4210.
Package hyperref Info: Backreferencing OFF on input line 4215.
Package hyperref Info: Implicit mode ON; LaTeX internals redefined.
Package hyperref Info: Bookmarks ON on input line 4462.
\c@Hy@tempcnt=\count383
(c:/texlive/2025/texmf-dist/tex/latex/url/url.sty
\Urlmuskip=\muskip18
Package: url 2013/09/16  ver 3.4  Verb mode for urls, etc.
)
LaTeX Info: Redefining \url on input line 4801.
\XeTeXLinkMargin=\dimen336
(c:/texlive/2025/texmf-dist/tex/generic/bitset/bitset.sty
Package: bitset 2019/12/09 v1.3 Handle bit-vector datatype (HO)
(c:/texlive/2025/texmf-dist/tex/generic/bigintcalc/bigintcalc.sty
Package: bigintcalc 2019/12/15 v1.5 Expandable calculations on big integers (HO
)
))
\Fld@menulength=\count384
\Field@Width=\dimen337
\Fld@charsize=\dimen338
Package hyperref Info: Hyper figures OFF on input line 6078.
Package hyperref Info: Link nesting OFF on input line 6083.
Package hyperref Info: Hyper index ON on input line 6086.
Package hyperref Info: backreferencing OFF on input line 6093.
Package hyperref Info: Link coloring OFF on input line 6098.
Package hyperref Info: Link coloring with OCG OFF on input line 6103.
Package hyperref Info: PDF/A mode OFF on input line 6108.
\Hy@abspage=\count385
\c@Item=\count386
\c@Hfootnote=\count387
)
Package hyperref Info: Driver (autodetected): hpdftex.
(c:/texlive/2025/texmf-dist/tex/latex/hyperref/hpdftex.def
File: hpdftex.def 2025-07-12 v7.01o Hyperref driver for pdfTeX
\Fld@listcount=\count388
\c@bookmark@seq@number=\count389
(c:/texlive/2025/texmf-dist/tex/latex/rerunfilecheck/rerunfilecheck.sty
Package: rerunfilecheck 2025-06-21 v1.11 Rerun checks for auxiliary files (HO)
(c:/texlive/2025/texmf-dist/tex/generic/uniquecounter/uniquecounter.sty
Package: uniquecounter 2019/12/15 v1.4 Provide unlimited unique counter (HO)
)
Package uniquecounter Info: New unique counter `rerunfilecheck' on input line 2
84.
)
\Hy@SectionHShift=\skip72
) (c:/texlive/2025/texmf-dist/tex/latex/geometry/geometry.sty
Package: geometry 2020/01/02 v5.9 Page Geometry
(c:/texlive/2025/texmf-dist/tex/generic/iftex/ifvtex.sty
Package: ifvtex 2019/10/25 v1.7 ifvtex legacy package. Use iftex instead.
)
\Gm@cnth=\count390
\Gm@cntv=\count391
\c@Gm@tempcnt=\count392
\Gm@bindingoffset=\dimen339
\Gm@wd@mp=\dimen340
\Gm@odd@mp=\dimen341
\Gm@even@mp=\dimen342
\Gm@layoutwidth=\dimen343
\Gm@layoutheight=\dimen344
\Gm@layouthoffset=\dimen345
\Gm@layoutvoffset=\dimen346
\Gm@dimlist=\toks39
) (c:/texlive/2025/texmf-dist/tex/latex/tcolorbox/tcolorbox.sty
Package: tcolorbox 2025/11/28 version 6.9.0 text color boxes
(c:/texlive/2025/texmf-dist/tex/latex/tools/verbatim.sty
Package: verbatim 2024-01-22 v1.5x LaTeX2e package for verbatim enhancements
\every@verbatim=\toks40
\verbatim@line=\toks41
\verbatim@in@stream=\read5
) (c:/texlive/2025/texmf-dist/tex/latex/environ/environ.sty
Package: environ 2014/05/04 v0.3 A new way to define environments
(c:/texlive/2025/texmf-dist/tex/latex/trimspaces/trimspaces.sty
Package: trimspaces 2009/09/17 v1.1 Trim spaces around a token list
))
\tcb@titlebox=\box142
\tcb@upperbox=\box143
\tcb@lowerbox=\box144
\tcb@phantombox=\box145
\c@tcbbreakpart=\count393
\c@tcblayer=\count394
\c@tcolorbox@number=\count395
\l__tcobox_tmpa_box=\box146
\l__tcobox_tmpa_dim=\dimen347
\tcb@temp=\box147
\tcb@temp=\box148
\tcb@temp=\box149
\tcb@temp=\box150
(c:/texlive/2025/texmf-dist/tex/latex/tcolorbox/tcbraster.code.tex
Library (tcolorbox): 'tcbraster.code.tex' version '6.9.0'
\c@tcbrastercolumn=\count396
\c@tcbrasterrow=\count397
\c@tcbrasternum=\count398
\c@tcbraster=\count399
) (c:/texlive/2025/texmf-dist/tex/latex/tcolorbox/tcbskins.code.tex
Library (tcolorbox): 'tcbskins.code.tex' version '6.9.0'
(c:/texlive/2025/texmf-dist/tex/latex/tikzfill/tikzfill.image.sty
Package: tikzfill.image 2023/08/08 v1.0.1 Image filling library for TikZ
(c:/texlive/2025/texmf-dist/tex/latex/tikzfill/tikzfill-common.sty
Package: tikzfill-common 2023/08/08 v1.0.1 Auxiliary code for tikzfill
) (c:/texlive/2025/texmf-dist/tex/latex/tikzfill/tikzlibraryfill.image.code.tex
File: tikzlibraryfill.image.code.tex 2023/08/08 v1.0.1 Image filling library
\l__tikzfill_img_box=\box151
)) (c:/texlive/2025/texmf-dist/tex/latex/tcolorbox/tcbskinsjigsaw.code.tex
Library (tcolorbox): 'tcbskinsjigsaw.code.tex' version '6.9.0'
)) (c:/texlive/2025/texmf-dist/tex/latex/tcolorbox/tcbbreakable.code.tex
Library (tcolorbox): 'tcbbreakable.code.tex' version '6.9.0'
(c:/texlive/2025/texmf-dist/tex/latex/pdfcol/pdfcol.sty
Package: pdfcol 2022-09-21 v1.7 Handle new color stacks for pdfTeX (HO)
)
Package pdfcol Info: New color stack `tcb@breakable' = 1 on input line 23.
\tcb@testbox=\box152
\tcb@totalupperbox=\box153
\tcb@totallowerbox=\box154
) (c:/texlive/2025/texmf-dist/tex/latex/tcolorbox/tcbhooks.code.tex
Library (tcolorbox): 'tcbhooks.code.tex' version '6.9.0'
) (c:/texlive/2025/texmf-dist/tex/latex/tcolorbox/tcbtheorems.code.tex
Library (tcolorbox): 'tcbtheorems.code.tex' version '6.9.0'
) (c:/texlive/2025/texmf-dist/tex/latex/tcolorbox/tcbfitting.code.tex
Library (tcolorbox): 'tcbfitting.code.tex' version '6.9.0'
\tcbfitdim=\dimen348
\tcb@lowerfitdim=\dimen349
\tcb@upperfitdim=\dimen350
\tcb@cur@hbadness=\count400
) (c:/texlive/2025/texmf-dist/tex/latex/tcolorbox/tcblistingsutf8.code.tex
Library (tcolorbox): 'tcblistingsutf8.code.tex' version '6.9.0'
(c:/texlive/2025/texmf-dist/tex/latex/tcolorbox/tcblistings.code.tex
Library (tcolorbox): 'tcblistings.code.tex' version '6.9.0'
(c:/texlive/2025/texmf-dist/tex/latex/listings/listings.sty
\lst@mode=\count401
\lst@gtempboxa=\box155
\lst@token=\toks42
\lst@length=\count402
\lst@currlwidth=\dimen351
\lst@column=\count403
\lst@pos=\count404
\lst@lostspace=\dimen352
\lst@width=\dimen353
\lst@newlines=\count405
\lst@lineno=\count406
\lst@maxwidth=\dimen354
(c:/texlive/2025/texmf-dist/tex/latex/listings/lstpatch.sty
File: lstpatch.sty 2025/11/14 1.11b (Carsten Heinz)
) (c:/texlive/2025/texmf-dist/tex/latex/listings/lstmisc.sty
File: lstmisc.sty 2025/11/14 1.11b (Carsten Heinz)
\c@lstnumber=\count407
\lst@skipnumbers=\count408
\lst@framebox=\box156
) (c:/texlive/2025/texmf-dist/tex/latex/listings/listings.cfg
File: listings.cfg 2025/11/14 1.11b listings configuration
))
Package: listings 2025/11/14 1.11b (Carsten Heinz)
==> First Aid for listings.sty no longer applied!
    Expected:
        2024/09/23 1.10c (Carsten Heinz)
    but found:
        2025/11/14 1.11b (Carsten Heinz)
    so I'm assuming it got fixed.
(c:/texlive/2025/texmf-dist/tex/latex/tcolorbox/tcblistingscore.code.tex
Library (tcolorbox): 'tcblistingscore.code.tex' version '6.9.0'
(c:/texlive/2025/texmf-dist/tex/latex/tcolorbox/tcbprocessing.code.tex
Library (tcolorbox): 'tcbprocessing.code.tex' version '6.9.0'
)
\c@tcblisting=\count409
)) (c:/texlive/2025/texmf-dist/tex/latex/listingsutf8/listingsutf8.sty
Package: listingsutf8 2019-12-10 v1.5 Allow UTF-8 in listings input (HO)
)) (c:/texlive/2025/texmf-dist/tex/latex/tcolorbox/tcbexternal.code.tex
Library (tcolorbox): 'tcbexternal.code.tex' version '6.9.0'
) (c:/texlive/2025/texmf-dist/tex/latex/tcolorbox/tcbmagazine.code.tex
Library (tcolorbox): 'tcbmagazine.code.tex' version '6.9.0'
) (c:/texlive/2025/texmf-dist/tex/latex/tcolorbox/tcbvignette.code.tex
Library (tcolorbox): 'tcbvignette.code.tex' version '6.9.0'

(c:/texlive/2025/texmf-dist/tex/generic/pgf/frontendlayer/tikz/libraries/tikzli
braryfadings.code.tex
File: tikzlibraryfadings.code.tex 2025-08-29 v3.1.11a (3.1.11a)

(c:/texlive/2025/texmf-dist/tex/generic/pgf/libraries/pgflibraryfadings.code.te
x
File: pgflibraryfadings.code.tex 2025-08-29 v3.1.11a (3.1.11a)
))) (c:/texlive/2025/texmf-dist/tex/latex/tcolorbox/tcbposter.code.tex
Library (tcolorbox): 'tcbposter.code.tex' version '6.9.0'
)) (c:/texlive/2025/texmf-dist/tex/latex/minted/minted2.sty
Package: minted2 2024/05/09 v2.9 Yet another Pygments shim for LaTeX
(c:/texlive/2025/texmf-dist/tex/latex/fvextra/fvextra.sty
Package: fvextra 2025/05/29 v1.13.2 fvextra - extensions and patches for fancyv
rb
(c:/texlive/2025/texmf-dist/tex/latex/upquote/upquote.sty
Package: upquote 2012/04/19 v1.3 upright-quote and grave-accent glyphs in verba
tim
(c:/texlive/2025/texmf-dist/tex/latex/base/textcomp.sty
Package: textcomp 2024/04/24 v2.1b Standard LaTeX package
)) (c:/texlive/2025/texmf-dist/tex/latex/lineno/lineno.sty
Package: lineno 2025/05/13 line numbers on paragraphs v5.5
\linenopenalty=\count410
\output=\toks43
\linenoprevgraf=\count411
\linenumbersep=\dimen355
\linenumberwidth=\dimen356
\c@linenumber=\count412
\c@pagewiselinenumber=\count413
\c@LN@truepage=\count414
\c@internallinenumber=\count415
\c@internallinenumbers=\count416
\quotelinenumbersep=\dimen357
\bframerule=\dimen358
\bframesep=\dimen359
\bframebox=\box157
\@LN@amsmath@ams@eqpen=\count417
)
\c@FancyVerbWriteLine=\count418
\c@FancyVerbBufferLine=\count419
\c@FV@TrueTabGroupLevel=\count420
\c@FV@TrueTabCounter=\count421
\FV@TabBox@Group=\box158
\FV@bgcolorstructbox=\box159
\FV@TmpLength=\skip73
\c@FV@HighlightLinesStart=\count422
\c@FV@HighlightLinesStop=\count423
\FV@LoopCount=\count424
\FV@NCharsBox=\box160
\FV@BreakIndent=\dimen360
\FV@BreakIndentNChars=\count425
\FV@BreakSymbolSepLeft=\dimen361
\FV@BreakSymbolSepLeftNChars=\count426
\FV@BreakSymbolSepRight=\dimen362
\FV@BreakSymbolSepRightNChars=\count427
\FV@BreakSymbolIndentLeft=\dimen363
\FV@BreakSymbolIndentLeftNChars=\count428
\FV@BreakSymbolIndentRight=\dimen364
\FV@BreakSymbolIndentRightNChars=\count429
\c@FancyVerbLineBreakLast=\count430
\FV@LineBox=\box161
\FV@LineIndentBox=\box162
\c@FV@BreakBufferDepth=\count431
\FV@LineWidth=\dimen365
) (c:/texlive/2025/texmf-dist/tex/latex/base/ifthen.sty
Package: ifthen 2024/03/16 v1.1e Standard LaTeX ifthen package (DPC)
) (c:/texlive/2025/texmf-dist/tex/latex/tools/shellesc.sty
Package: shellesc 2023/07/08 v1.0d unified shell escape interface for LaTeX
Package shellesc Info: Unrestricted shell escape enabled on input line 75.
) (c:/texlive/2025/texmf-dist/tex/latex/ifplatform/ifplatform.sty
Package: ifplatform 2017/10/13 v0.4a Testing for the operating system
(c:/texlive/2025/texmf-dist/tex/generic/catchfile/catchfile.sty
Package: catchfile 2019/12/09 v1.8 Catch the contents of a file (HO)
(c:/texlive/2025/texmf-dist/tex/generic/etexcmds/etexcmds.sty
Package: etexcmds 2019/12/15 v1.7 Avoid name clashes with e-TeX commands (HO)
)) (c:/texlive/2025/texmf-dist/tex/generic/iftex/ifluatex.sty
Package: ifluatex 2019/10/25 v1.5 ifluatex legacy package. Use iftex instead.
)) (c:/texlive/2025/texmf-dist/tex/latex/framed/framed.sty
Package: framed 2011/10/22 v 0.96: framed or shaded text with page breaks
\OuterFrameSep=\skip74
\fb@frw=\dimen366
\fb@frh=\dimen367
\FrameRule=\dimen368
\FrameSep=\dimen369
) (c:/texlive/2025/texmf-dist/tex/latex/float/float.sty
Package: float 2001/11/08 v1.3d Float enhancements (AL)
\c@float@type=\count432
\float@exts=\toks44
\float@box=\box163
\@float@everytoks=\toks45
\@floatcapt=\box164
)
\minted@appexistsfile=\read6
\minted@bgbox=\box165
\minted@code=\write5
\c@minted@FancyVerbLineTemp=\count433
\c@minted@pygmentizecounter=\count434
\@float@every@listing=\toks46
\c@listing=\count435
)
runsystem(if not exist _minted-TangramTikz-doc-en mkdir _minted-TangramTikz-doc
-en)...executed.

(c:/texlive/2025/texmf-dist/tex/latex/tcolorbox/tcbminted.code.tex
Library (tcolorbox): 'tcbminted.code.tex' version '6.9.0'
)
runsystem(for ^%i in (pygmentize.exe pygmentize.bat pygmentize.cmd) do set > Ta
ngramTikz-doc-en.aex <nul: /p x=^%~$PATH:i>> TangramTikz-doc-en.aex)...executed
.

runsystem(del TangramTikz-doc-en.aex)...executed.

(./TangramTikz-doc-en.aux)
\openout1 = `TangramTikz-doc-en.aux'.

LaTeX Font Info:    Checking defaults for OML/cmm/m/it on input line 75.
LaTeX Font Info:    ... okay on input line 75.
LaTeX Font Info:    Checking defaults for OMS/cmsy/m/n on input line 75.
LaTeX Font Info:    ... okay on input line 75.
LaTeX Font Info:    Checking defaults for OT1/cmr/m/n on input line 75.
LaTeX Font Info:    ... okay on input line 75.
LaTeX Font Info:    Checking defaults for T1/cmr/m/n on input line 75.
LaTeX Font Info:    ... okay on input line 75.
LaTeX Font Info:    Checking defaults for TS1/cmr/m/n on input line 75.
LaTeX Font Info:    ... okay on input line 75.
LaTeX Font Info:    Checking defaults for OMX/cmex/m/n on input line 75.
LaTeX Font Info:    ... okay on input line 75.
LaTeX Font Info:    Checking defaults for U/cmr/m/n on input line 75.
LaTeX Font Info:    ... okay on input line 75.
LaTeX Font Info:    Checking defaults for PD1/pdf/m/n on input line 75.
LaTeX Font Info:    ... okay on input line 75.
LaTeX Font Info:    Checking defaults for PU/pdf/m/n on input line 75.
LaTeX Font Info:    ... okay on input line 75.
(c:/texlive/2025/texmf-dist/tex/context/base/mkii/supp-pdf.mkii
[Loading MPS to PDF converter (version 2006.09.02).]
\scratchcounter=\count436
\scratchdimen=\dimen370
\scratchbox=\box166
\nofMPsegments=\count437
\nofMParguments=\count438
\everyMPshowfont=\toks47
\MPscratchCnt=\count439
\MPscratchDim=\dimen371
\MPnumerator=\count440
\makeMPintoPDFobject=\count441
\everyMPtoPDFconversion=\toks48
) (c:/texlive/2025/texmf-dist/tex/latex/epstopdf-pkg/epstopdf-base.sty
Package: epstopdf-base 2020-01-24 v2.11 Base part for package epstopdf
Package epstopdf-base Info: Redefining graphics rule for `.eps' on input line 4
85.
(c:/texlive/2025/texmf-dist/tex/latex/latexconfig/epstopdf-sys.cfg
File: epstopdf-sys.cfg 2010/07/13 v1.3 Configuration of (r)epstopdf for TeX Liv
e
))
Package hyperref Info: Link coloring OFF on input line 75.
(./TangramTikz-doc-en.out) (./TangramTikz-doc-en.out)
\@outlinefile=\write6
\openout6 = `TangramTikz-doc-en.out'.

*geometry* driver: auto-detecting
*geometry* detected driver: pdftex
*geometry* verbose mode - [ preamble ] result:
* driver: pdftex
* paper: <default>
* layout: <same size as paper>
* layoutoffset:(h,v)=(0.0pt,0.0pt)
* modes: 
* h-part:(L,W,R)=(42.67912pt, 528.93675pt, 42.67912pt)
* v-part:(T,H,B)=(42.67912pt, 709.61174pt, 42.67912pt)
* \paperwidth=614.295pt
* \paperheight=794.96999pt
* \textwidth=528.93675pt
* \textheight=709.61174pt
* \oddsidemargin=-29.59087pt
* \evensidemargin=-29.59087pt
* \topmargin=-66.59087pt
* \headheight=12.0pt
* \headsep=25.0pt
* \topskip=10.0pt
* \footskip=30.0pt
* \marginparwidth=65.0pt
* \marginparsep=11.0pt
* \columnsep=10.0pt
* \skip\footins=9.0pt plus 4.0pt minus 2.0pt
* \hoffset=0.0pt
* \voffset=0.0pt
* \mag=1000
* \@twocolumnfalse
* \@twosidefalse
* \@mparswitchfalse
* \@reversemarginfalse
* (1in=72.27pt=25.4mm, 1cm=28.453pt)

\c@lstlisting=\count442
LaTeX Font Info:    Trying to load font information for U+msa on input line 87.

(c:/texlive/2025/texmf-dist/tex/latex/amsfonts/umsa.fd
File: umsa.fd 2013/01/14 v3.01 AMS symbols A
)
LaTeX Font Info:    Trying to load font information for U+msb on input line 87.

(c:/texlive/2025/texmf-dist/tex/latex/amsfonts/umsb.fd
File: umsb.fd 2013/01/14 v3.01 AMS symbols B
)
Missing character: There is no ] in font nullfont!
[1

{c:/texlive/2025/texmf-var/fonts/map/pdftex/updmap/pdftex.map}{c:/texlive/2025/
texmf-dist/fonts/enc/dvips/cm-super/cm-super-t1.enc}] (./TangramTikz-doc-en.toc
)
\tf@toc=\write7
\openout7 = `TangramTikz-doc-en.toc'.

LaTeX Font Info:    Trying to load font information for U+fontawesomefree0 on i
nput line 177.
(c:/texlive/2025/texmf-dist/tex/latex/fontawesome5/ufontawesomefree0.fd) [2{c:/
texlive/2025/texmf-dist/fonts/enc/dvips/fontawesome5/fa5free0.enc}]
\g__tcobox_out_iow=\write8
\openout8 = `TangramTikz-doc-en.listing'.

(./_minted-TangramTikz-doc-en/colorful.pygstyle)
(./_minted-TangramTikz-doc-en/A066F92FA4123B61555516234714669F4C71692C7E42A4EFA
7892203B81292E7.pygtex
LaTeX Font Info:    Font shape `T1/cmtt/bx/n' in size <8> not available
(Font)              Font shape `T1/cmtt/m/n' tried instead on input line 2.
)
\openout8 = `TangramTikz-doc-en.listing'.


(./_minted-TangramTikz-doc-en/CCFBD23D3EBFC9EAC580630A1CD6F6EE4C71692C7E42A4EFA
7892203B81292E7.pygtex)
\openout8 = `TangramTikz-doc-en.listing'.


(./_minted-TangramTikz-doc-en/E5B1BB4F9DA6A6C8AEC8AF2257D818B54C71692C7E42A4EFA
7892203B81292E7.pygtex) [3{c:/texlive/2025/texmf-dist/fonts/enc/dvips/cm-super/
cm-super-ts1.enc}] [4]
\openout8 = `TangramTikz-doc-en.listing'.


(./_minted-TangramTikz-doc-en/38A9A7FE0F5E5F961595A748C0D161D94C71692C7E42A4EFA
7892203B81292E7.pygtex)
\openout8 = `TangramTikz-doc-en.listing'.


(./_minted-TangramTikz-doc-en/40B2487AECEFF588EBEDA19DBB696ECF4C71692C7E42A4EFA
7892203B81292E7.pygtex)
\openout8 = `TangramTikz-doc-en.listing'.


(./_minted-TangramTikz-doc-en/0DB919D0D9C9C159ADE5074C464A2FAF4C71692C7E42A4EFA
7892203B81292E7.pygtex) (./TangramTikz-doc-en.listing) [5]
\openout8 = `TangramTikz-doc-en.listing'.


(./_minted-TangramTikz-doc-en/F6840A8530E4A0CDB8ED9A5184E95BAA4C71692C7E42A4EFA
7892203B81292E7.pygtex)
\openout8 = `TangramTikz-doc-en.listing'.


(./_minted-TangramTikz-doc-en/358D60C62E7C889C50E20FEC64564E794C71692C7E42A4EFA
7892203B81292E7.pygtex) (./TangramTikz-doc-en.listing) [6]
\openout8 = `TangramTikz-doc-en.listing'.


(./_minted-TangramTikz-doc-en/C5ECC7D4194C5D33347B057B10A7B6134C71692C7E42A4EFA
7892203B81292E7.pygtex)
\openout8 = `TangramTikz-doc-en.listing'.


(./_minted-TangramTikz-doc-en/D7ABEE58066311C4DB5A320B1DBED1BF4C71692C7E42A4EFA
7892203B81292E7.pygtex) (./TangramTikz-doc-en.listing)
Missing character: There is no ] in font nullfont!
\openout8 = `TangramTikz-doc-en.listing'.


(./_minted-TangramTikz-doc-en/BB9219600CDE5A8590A1F6FB575FC32F4C71692C7E42A4EFA
7892203B81292E7.pygtex) (./TangramTikz-doc-en.listing
Missing character: There is no ] in font nullfont!
)
\openout8 = `TangramTikz-doc-en.listing'.


(./_minted-TangramTikz-doc-en/D37F697DA0EED196430D7D2A6C8827E04C71692C7E42A4EFA
7892203B81292E7.pygtex) (./TangramTikz-doc-en.listing)
\openout8 = `TangramTikz-doc-en.listing'.


(./_minted-TangramTikz-doc-en/45559E92F5728AFD7D41547D6FE6D29C4C71692C7E42A4EFA
7892203B81292E7.pygtex) [7]
\openout8 = `TangramTikz-doc-en.listing'.


(./_minted-TangramTikz-doc-en/F2B9E55DEC5A4E4B7B78B783B8D2BEF24C71692C7E42A4EFA
7892203B81292E7.pygtex) (./TangramTikz-doc-en.listing
Missing character: There is no ] in font nullfont!
Missing character: There is no ] in font nullfont!
Missing character: There is no ] in font nullfont!
Missing character: There is no ] in font nullfont!
Missing character: There is no ] in font nullfont!
) [8]
\openout8 = `TangramTikz-doc-en.listing'.


(./_minted-TangramTikz-doc-en/1D6736149F7D3304E4F0CB279BF7361D4C71692C7E42A4EFA
7892203B81292E7.pygtex) (./TangramTikz-doc-en.listing
Missing character: There is no ] in font nullfont!
Missing character: There is no ] in font nullfont!
Missing character: There is no ] in font nullfont!
)
\openout8 = `TangramTikz-doc-en.listing'.


(./_minted-TangramTikz-doc-en/B0DA55DC25D9B93917BA5B03312625954C71692C7E42A4EFA
7892203B81292E7.pygtex) (./TangramTikz-doc-en.listing
Missing character: There is no ] in font nullfont!
Missing character: There is no ] in font nullfont!
)
\openout8 = `TangramTikz-doc-en.listing'.


(./_minted-TangramTikz-doc-en/915E3B75F2EE72F66A545D2C043ADD624C71692C7E42A4EFA
7892203B81292E7.pygtex) (./TangramTikz-doc-en.listing
Missing character: There is no ] in font nullfont!
Missing character: There is no ] in font nullfont!
)
\openout8 = `TangramTikz-doc-en.listing'.


(./_minted-TangramTikz-doc-en/3F17327C71F637A3E06F94903B6C2F734C71692C7E42A4EFA
7892203B81292E7.pygtex) (./TangramTikz-doc-en.listing
Missing character: There is no ] in font nullfont!
Missing character: There is no ] in font nullfont!
) [9]
\openout8 = `TangramTikz-doc-en.listing'.


(./_minted-TangramTikz-doc-en/EB2CD5C3E1ADAA7BDAD9FEA6A35ACDE44C71692C7E42A4EFA
7892203B81292E7.pygtex) (./TangramTikz-doc-en.listing
Missing character: There is no ] in font nullfont!
Missing character: There is no ] in font nullfont!
)
\openout8 = `TangramTikz-doc-en.listing'.


(./_minted-TangramTikz-doc-en/A159C5D016EB899549C52C7451A3DD5B4C71692C7E42A4EFA
7892203B81292E7.pygtex) (./TangramTikz-doc-en.listing
Missing character: There is no ] in font nullfont!
Missing character: There is no ] in font nullfont!
)
\openout8 = `TangramTikz-doc-en.listing'.


(./_minted-TangramTikz-doc-en/8503D0AED8321EB16ADB052AF9DDF4454C71692C7E42A4EFA
7892203B81292E7.pygtex) (./TangramTikz-doc-en.listing
Missing character: There is no ] in font nullfont!
Missing character: There is no ] in font nullfont!
) [10]
\openout8 = `TangramTikz-doc-en.listing'.


(./_minted-TangramTikz-doc-en/DC737736BD519835E7146A67934203D34C71692C7E42A4EFA
7892203B81292E7.pygtex) (./TangramTikz-doc-en.listing
Missing character: There is no ] in font nullfont!
Missing character: There is no ] in font nullfont!
)
\openout8 = `TangramTikz-doc-en.listing'.


(./_minted-TangramTikz-doc-en/A11A7A75B2BF5ABE6AAEA8BAD2ADF1E94C71692C7E42A4EFA
7892203B81292E7.pygtex) (./TangramTikz-doc-en.listing
Missing character: There is no ] in font nullfont!
Missing character: There is no ] in font nullfont!
)
\openout8 = `TangramTikz-doc-en.listing'.


(./_minted-TangramTikz-doc-en/DE4694E697C9E939F16D631A2F2A0D804C71692C7E42A4EFA
7892203B81292E7.pygtex) (./TangramTikz-doc-en.listing
Missing character: There is no ] in font nullfont!
Missing character: There is no ] in font nullfont!
)
\openout8 = `TangramTikz-doc-en.listing'.


(./_minted-TangramTikz-doc-en/476E1446E9F6F2DFA4A97EE087330A494C71692C7E42A4EFA
7892203B81292E7.pygtex) (./TangramTikz-doc-en.listing
Missing character: There is no ] in font nullfont!
Missing character: There is no ] in font nullfont!
) [11]
\openout8 = `TangramTikz-doc-en.listing'.


(./_minted-TangramTikz-doc-en/1952B7BC6BC04F31D6BBB3B7141E41B64C71692C7E42A4EFA
7892203B81292E7.pygtex) (./TangramTikz-doc-en.listing
Missing character: There is no ] in font nullfont!
Missing character: There is no ] in font nullfont!
)
\openout8 = `TangramTikz-doc-en.listing'.


(./_minted-TangramTikz-doc-en/3AA5D6BCD5322148BD565687D5C15CF94C71692C7E42A4EFA
7892203B81292E7.pygtex) (./TangramTikz-doc-en.listing
Missing character: There is no ] in font nullfont!
Missing character: There is no ] in font nullfont!
)
\openout8 = `TangramTikz-doc-en.listing'.


(./_minted-TangramTikz-doc-en/DFFF132ECE9AFF34880F5D86662DB83A4C71692C7E42A4EFA
7892203B81292E7.pygtex) (./TangramTikz-doc-en.listing
Missing character: There is no ] in font nullfont!
Missing character: There is no ] in font nullfont!
) [12]
\openout8 = `TangramTikz-doc-en.listing'.


(./_minted-TangramTikz-doc-en/1D0235DA1846878946D0A46963581C744C71692C7E42A4EFA
7892203B81292E7.pygtex) (./TangramTikz-doc-en.listing
Missing character: There is no ] in font nullfont!
Missing character: There is no ] in font nullfont!
)
\openout8 = `TangramTikz-doc-en.listing'.


(./_minted-TangramTikz-doc-en/B28B4C11CD1AF4F5FF5AEFF84F9358FC4C71692C7E42A4EFA
7892203B81292E7.pygtex) (./TangramTikz-doc-en.listing
Missing character: There is no ] in font nullfont!
Missing character: There is no ] in font nullfont!
)
Overfull \hbox (2.59573pt too wide) in paragraph at lines 1--642
[][] [] [] 
 []

\openout8 = `TangramTikz-doc-en.listing'.


(./_minted-TangramTikz-doc-en/D1C73A98CA341F4E283084BAA1D5F3E44C71692C7E42A4EFA
7892203B81292E7.pygtex) (./TangramTikz-doc-en.listing
Missing character: There is no ] in font nullfont!
Missing character: There is no ] in font nullfont!
) [13]
\openout8 = `TangramTikz-doc-en.listing'.


(./_minted-TangramTikz-doc-en/7300B15D11A8253CD95A85CCD371FF1C4C71692C7E42A4EFA
7892203B81292E7.pygtex) (./TangramTikz-doc-en.listing
Missing character: There is no ] in font nullfont!
Missing character: There is no ] in font nullfont!
)
\openout8 = `TangramTikz-doc-en.listing'.


(./_minted-TangramTikz-doc-en/D11F0DDB8261ACD997256F6B53CD6C734C71692C7E42A4EFA
7892203B81292E7.pygtex) (./TangramTikz-doc-en.listing
Missing character: There is no ] in font nullfont!
Missing character: There is no ] in font nullfont!
)
\openout8 = `TangramTikz-doc-en.listing'.


(./_minted-TangramTikz-doc-en/CEFFF7FB812842D2FB20874B8AC6DDC14C71692C7E42A4EFA
7892203B81292E7.pygtex) (./TangramTikz-doc-en.listing
Missing character: There is no ] in font nullfont!
Missing character: There is no ] in font nullfont!
) [14]
\openout8 = `TangramTikz-doc-en.listing'.


(./_minted-TangramTikz-doc-en/78CCB5B6A5983F379A58FB3D61E4ED3B4C71692C7E42A4EFA
7892203B81292E7.pygtex) (./TangramTikz-doc-en.listing
Missing character: There is no ] in font nullfont!
Missing character: There is no ] in font nullfont!
)
\openout8 = `TangramTikz-doc-en.listing'.


(./_minted-TangramTikz-doc-en/88480041B3599A66482E7B391328A2694C71692C7E42A4EFA
7892203B81292E7.pygtex) (./TangramTikz-doc-en.listing
Missing character: There is no ] in font nullfont!
Missing character: There is no ] in font nullfont!
)
\openout8 = `TangramTikz-doc-en.listing'.


(./_minted-TangramTikz-doc-en/72FED7A6AF515462244757A489725C364C71692C7E42A4EFA
7892203B81292E7.pygtex) (./TangramTikz-doc-en.listing
Missing character: There is no ] in font nullfont!
Missing character: There is no ] in font nullfont!
) [15]
\openout8 = `TangramTikz-doc-en.listing'.


(./_minted-TangramTikz-doc-en/C8219C12C43752ED65DD03A098AC7EBD4C71692C7E42A4EFA
7892203B81292E7.pygtex) (./TangramTikz-doc-en.listing
Missing character: There is no ] in font nullfont!
Missing character: There is no ] in font nullfont!
)
\openout8 = `TangramTikz-doc-en.listing'.


(./_minted-TangramTikz-doc-en/7C3163DB3585F2FC8B9FEF32F28294374C71692C7E42A4EFA
7892203B81292E7.pygtex) (./TangramTikz-doc-en.listing
Missing character: There is no ] in font nullfont!
Missing character: There is no ] in font nullfont!
)
\openout8 = `TangramTikz-doc-en.listing'.


(./_minted-TangramTikz-doc-en/05189F278A39AD9499C137D0CFE7B72A4C71692C7E42A4EFA
7892203B81292E7.pygtex) (./TangramTikz-doc-en.listing
Missing character: There is no ] in font nullfont!
Missing character: There is no ] in font nullfont!
) [16]
\openout8 = `TangramTikz-doc-en.listing'.


(./_minted-TangramTikz-doc-en/4761057EA4B688EB58B75EFF1BCA5C944C71692C7E42A4EFA
7892203B81292E7.pygtex) (./TangramTikz-doc-en.listing
Missing character: There is no ] in font nullfont!
Missing character: There is no ] in font nullfont!
)
\openout8 = `TangramTikz-doc-en.listing'.


(./_minted-TangramTikz-doc-en/3C2638C28665E26C33F8F10D59E02B664C71692C7E42A4EFA
7892203B81292E7.pygtex) (./TangramTikz-doc-en.listing
Missing character: There is no ] in font nullfont!
Missing character: There is no ] in font nullfont!
)
Underfull \hbox (badness 10000) in paragraph at lines 1--714
[][] []
 []

\openout8 = `TangramTikz-doc-en.listing'.


(./_minted-TangramTikz-doc-en/5BDE9E351F58CDEFD2FAB1BBEAD5478D4C71692C7E42A4EFA
7892203B81292E7.pygtex) (./TangramTikz-doc-en.listing
Missing character: There is no ] in font nullfont!
Missing character: There is no ] in font nullfont!
) [17]
\openout8 = `TangramTikz-doc-en.listing'.


(./_minted-TangramTikz-doc-en/D39335A4F57FF75277B80D48F28490734C71692C7E42A4EFA
7892203B81292E7.pygtex) (./TangramTikz-doc-en.listing
Missing character: There is no ] in font nullfont!
Missing character: There is no ] in font nullfont!
)
\openout8 = `TangramTikz-doc-en.listing'.


(./_minted-TangramTikz-doc-en/3FF35D38C8559B91E48CF1A480EDC40D4C71692C7E42A4EFA
7892203B81292E7.pygtex) (./TangramTikz-doc-en.listing
Missing character: There is no ] in font nullfont!
Missing character: There is no ] in font nullfont!
)
\openout8 = `TangramTikz-doc-en.listing'.


(./_minted-TangramTikz-doc-en/ACD8505A79140BDBDEB510AD078725FA4C71692C7E42A4EFA
7892203B81292E7.pygtex) (./TangramTikz-doc-en.listing
Missing character: There is no ] in font nullfont!
Missing character: There is no ] in font nullfont!
) [18]
\openout8 = `TangramTikz-doc-en.listing'.


(./_minted-TangramTikz-doc-en/B369F476DB36F14014E8E987F17BF2D64C71692C7E42A4EFA
7892203B81292E7.pygtex) (./TangramTikz-doc-en.listing
Missing character: There is no ] in font nullfont!
Missing character: There is no ] in font nullfont!
)
\openout8 = `TangramTikz-doc-en.listing'.


(./_minted-TangramTikz-doc-en/223675AF6ADDC4690AA847E4191156EB4C71692C7E42A4EFA
7892203B81292E7.pygtex) (./TangramTikz-doc-en.listing
Missing character: There is no ] in font nullfont!
Missing character: There is no ] in font nullfont!
)
\openout8 = `TangramTikz-doc-en.listing'.


(./_minted-TangramTikz-doc-en/8358CB01009F8E56DE246589307934A74C71692C7E42A4EFA
7892203B81292E7.pygtex) (./TangramTikz-doc-en.listing
Missing character: There is no ] in font nullfont!
Missing character: There is no ] in font nullfont!
)
\openout8 = `TangramTikz-doc-en.listing'.


(./_minted-TangramTikz-doc-en/797DADED780239563F0D3DDF4E19C86D4C71692C7E42A4EFA
7892203B81292E7.pygtex) (./TangramTikz-doc-en.listing
Missing character: There is no ] in font nullfont!
Missing character: There is no ] in font nullfont!
) [19]
\openout8 = `TangramTikz-doc-en.listing'.


(./_minted-TangramTikz-doc-en/23459E254F97C3DD0B8403F8543D3D534C71692C7E42A4EFA
7892203B81292E7.pygtex) (./TangramTikz-doc-en.listing
Missing character: There is no ] in font nullfont!
Missing character: There is no ] in font nullfont!
)
\openout8 = `TangramTikz-doc-en.listing'.


(./_minted-TangramTikz-doc-en/AEDFF66B3F356A64A21FDCA182C2F47B4C71692C7E42A4EFA
7892203B81292E7.pygtex) (./TangramTikz-doc-en.listing
Missing character: There is no T in font nullfont!
Missing character: There is no a in font nullfont!
Missing character: There is no n in font nullfont!
Missing character: There is no g in font nullfont!
Missing character: There is no P in font nullfont!
Missing character: There is no a in font nullfont!
Missing character: There is no r in font nullfont!
Missing character: There is no a in font nullfont!
Missing character: There is no ] in font nullfont!
Missing character: There is no T in font nullfont!
Missing character: There is no a in font nullfont!
Missing character: There is no n in font nullfont!
Missing character: There is no g in font nullfont!
Missing character: There is no P in font nullfont!
Missing character: There is no a in font nullfont!
Missing character: There is no r in font nullfont!
Missing character: There is no a in font nullfont!
Missing character: There is no ] in font nullfont!
)
\openout8 = `TangramTikz-doc-en.listing'.


(./_minted-TangramTikz-doc-en/F09F8B1EBF698FB6311C6407D9431FD94C71692C7E42A4EFA
7892203B81292E7.pygtex) (./TangramTikz-doc-en.listing
Missing character: There is no ] in font nullfont!
Missing character: There is no ] in font nullfont!
Missing character: There is no ] in font nullfont!
)
\openout8 = `TangramTikz-doc-en.listing'.


(./_minted-TangramTikz-doc-en/D156948F8C13A8C67EB01BC0982E000D4C71692C7E42A4EFA
7892203B81292E7.pygtex) (./TangramTikz-doc-en.listing
Missing character: There is no ] in font nullfont!
Missing character: There is no ] in font nullfont!
) [20]
\openout8 = `TangramTikz-doc-en.listing'.


(./_minted-TangramTikz-doc-en/49AA125B40C762B1FE2A6D181C9BC4454C71692C7E42A4EFA
7892203B81292E7.pygtex) (./TangramTikz-doc-en.listing
Missing character: There is no ] in font nullfont!
Missing character: There is no ] in font nullfont!
)
\openout8 = `TangramTikz-doc-en.listing'.


(./_minted-TangramTikz-doc-en/6C722EF8846DA1F505A2E44CA1A03E474C71692C7E42A4EFA
7892203B81292E7.pygtex) (./TangramTikz-doc-en.listing
Missing character: There is no ] in font nullfont!
Missing character: There is no ] in font nullfont!
)
\openout8 = `TangramTikz-doc-en.listing'.


(./_minted-TangramTikz-doc-en/6DBB312BABB316A15141AA5698E6ED724C71692C7E42A4EFA
7892203B81292E7.pygtex) (./TangramTikz-doc-en.listing
Missing character: There is no ] in font nullfont!
Missing character: There is no ] in font nullfont!
)
\openout8 = `TangramTikz-doc-en.listing'.


(./_minted-TangramTikz-doc-en/423E941B549A0CD4FDDB8A9B63B103D84C71692C7E42A4EFA
7892203B81292E7.pygtex) (./TangramTikz-doc-en.listing
Missing character: There is no ] in font nullfont!
Missing character: There is no ] in font nullfont!
) [21]
\openout8 = `TangramTikz-doc-en.listing'.


(./_minted-TangramTikz-doc-en/FA62E7119B7BFA69162C131588D4EC154C71692C7E42A4EFA
7892203B81292E7.pygtex) (./TangramTikz-doc-en.listing
Missing character: There is no ] in font nullfont!
Missing character: There is no ] in font nullfont!
) [22] [23] (./TangramTikz-doc-en.aux)
 ***********
LaTeX2e <2025-11-01>
L3 programming layer <2025-11-14>
 ***********
Package rerunfilecheck Info: File `TangramTikz-doc-en.out' has not changed.
(rerunfilecheck)             Checksum: 7520D6DE36ABA9A362342A4B51703AD3;2570.
 ) 
Here is how much of TeX's memory you used:
 41235 strings out of 467538
 883387 string characters out of 5423725
 1419622 words of memory out of 5000000
 69200 multiletter control sequences out of 15000+600000
 660863 words of font info for 119 fonts, out of 8000000 for 9000
 1141 hyphenation exceptions out of 8191
 117i,11n,121p,482b,1420s stack positions out of 10000i,1000n,20000p,200000b,200000s
<c:/texlive/2025/texmf-dist/fonts/type1/public/fontawesome5/FontAwesome5Free-
Regular.pfb><c:/texlive/2025/texmf-dist/fonts/type1/public/amsfonts/cm/cmmi12.p
fb><c:/texlive/2025/texmf-dist/fonts/type1/public/amsfonts/cm/cmss12.pfb><c:/te
xlive/2025/texmf-dist/fonts/type1/public/amsfonts/cm/cmsy10.pfb><c:/texlive/202
5/texmf-dist/fonts/type1/public/amsfonts/symbols/msam10.pfb><c:/texlive/2025/te
xmf-dist/fonts/type1/public/cm-super/sfbx1000.pfb><c:/texlive/2025/texmf-dist/f
onts/type1/public/cm-super/sfbx1200.pfb><c:/texlive/2025/texmf-dist/fonts/type1
/public/cm-super/sfbx1440.pfb><c:/texlive/2025/texmf-dist/fonts/type1/public/cm
-super/sfbx2074.pfb><c:/texlive/2025/texmf-dist/fonts/type1/public/cm-super/sfi
t0800.pfb><c:/texlive/2025/texmf-dist/fonts/type1/public/cm-super/sfrm1000.pfb>
<c:/texlive/2025/texmf-dist/fonts/type1/public/cm-super/sfrm1728.pfb><c:/texliv
e/2025/texmf-dist/fonts/type1/public/cm-super/sfsi2074.pfb><c:/texlive/2025/tex
mf-dist/fonts/type1/public/cm-super/sfss0900.pfb><c:/texlive/2025/texmf-dist/fo
nts/type1/public/cm-super/sfss1000.pfb><c:/texlive/2025/texmf-dist/fonts/type1/
public/cm-super/sfss1200.pfb><c:/texlive/2025/texmf-dist/fonts/type1/public/cm-
super/sfss1440.pfb><c:/texlive/2025/texmf-dist/fonts/type1/public/cm-super/sfss
2074.pfb><c:/texlive/2025/texmf-dist/fonts/type1/public/cm-super/sfsx0900.pfb><
c:/texlive/2025/texmf-dist/fonts/type1/public/cm-super/sfsx1000.pfb><c:/texlive
/2025/texmf-dist/fonts/type1/public/cm-super/sfti0900.pfb><c:/texlive/2025/texm
f-dist/fonts/type1/public/cm-super/sfti1000.pfb><c:/texlive/2025/texmf-dist/fon
ts/type1/public/cm-super/sfti1728.pfb><c:/texlive/2025/texmf-dist/fonts/type1/p
ublic/cm-super/sftt0800.pfb><c:/texlive/2025/texmf-dist/fonts/type1/public/cm-s
uper/sftt0900.pfb><c:/texlive/2025/texmf-dist/fonts/type1/public/cm-super/sftt1
000.pfb><c:/texlive/2025/texmf-dist/fonts/type1/public/cm-super/sftt1440.pfb><c
:/texlive/2025/texmf-dist/fonts/type1/public/cm-super/sftt2488.pfb><c:/texlive/
2025/texmf-dist/fonts/type1/public/cm-super/sfxc0700.pfb>
Output written on TangramTikz-doc-en.pdf (23 pages, 512025 bytes).
PDF statistics:
 425 PDF objects out of 1000 (max. 8388607)
 311 compressed objects within 4 object streams
 43 named destinations out of 1000 (max. 500000)
 285 words of extra memory for PDF output out of 10000 (max. 10000000)

