\BOOKMARK [1][-]{section.1}{\376\377\000H\000i\000s\000t\000o\000r\000i\000q\000u\000e}{}% 1
\BOOKMARK [1][-]{section.2}{\376\377\000L\000e\000\040\000p\000a\000c\000k\000a\000g\000e\000\040\000c\000u\000s\000t\000o\000m\000e\000n\000v\000s}{}% 2
\BOOKMARK [2][-]{subsection.2.1}{\376\377\000I\000d\000\351\000e}{section.2}% 3
\BOOKMARK [2][-]{subsection.2.2}{\376\377\000C\000h\000a\000r\000g\000e\000m\000e\000n\000t}{section.2}% 4
\BOOKMARK [2][-]{subsection.2.3}{\376\377\000S\000o\000u\000s\000-\000p\000a\000c\000k\000a\000g\000e\000\040\000c\000u\000s\000t\000o\000m\000e\000n\000v\000s\000-\000t\000i\000k\000z\000p\000i\000c\000t\000o\000s\000\040\000\050\000v\0000\000.\0002\0000\000b\000\051}{section.2}% 5
\BOOKMARK [2][-]{subsection.2.4}{\376\377\000S\000o\000u\000s\000-\000p\000a\000c\000k\000a\000g\000e\000\040\000c\000u\000s\000t\000o\000m\000e\000n\000v\000s\000-\000e\000x\000a\000m\000s\000\040\000\050\000v\0000\000.\0001\000.\0005\000\051}{section.2}% 6
\BOOKMARK [2][-]{subsection.2.5}{\376\377\000S\000o\000u\000s\000-\000p\000a\000c\000k\000a\000g\000e\000\040\000c\000u\000s\000t\000o\000m\000e\000n\000v\000s\000-\000i\000c\000o\000n\000s\000\040\000\050\000v\0000\000.\0001\000.\0005\000\051}{section.2}% 7
\BOOKMARK [2][-]{subsection.2.6}{\376\377\000S\000o\000u\000s\000-\000p\000a\000c\000k\000a\000g\000e\000\040\000c\000u\000s\000t\000o\000m\000e\000n\000v\000s\000-\000m\000a\000t\000h\000p\000i\000c\000t\000o\000s\000\040\000\050\000v\0000\000.\0001\000c\000\051}{section.2}% 8
\BOOKMARK [2][-]{subsection.2.7}{\376\377\000S\000o\000u\000s\000-\000p\000a\000c\000k\000a\000g\000e\000\040\000c\000u\000s\000t\000o\000m\000e\000n\000v\000s\000-\000m\000a\000c\000r\000o\000s\000\040\000\050\000v\0000\000.\0001\000.\0000\000\051}{section.2}% 9
\BOOKMARK [1][-]{section.3}{\376\377\000P\000r\000\351\000s\000e\000n\000t\000a\000t\000i\000o\000n\000\040\000d\000e\000\040\000r\000\351\000p\000o\000n\000s\000e\000s\000\040\000\340\000\040\000u\000n\000\040\000Q\000C\000M}{}% 10
\BOOKMARK [2][-]{subsection.3.1}{\376\377\000P\000r\000i\000n\000c\000i\000p\000e}{section.3}% 11
\BOOKMARK [2][-]{subsection.3.2}{\376\377\000E\000x\000e\000m\000p\000l\000e\000s}{section.3}% 12
\BOOKMARK [1][-]{section.4}{\376\377\000E\000n\000v\000i\000r\000o\000n\000n\000e\000m\000e\000n\000t\000\040\000C\000e\000n\000t\000r\000a\000g\000e}{}% 13
\BOOKMARK [2][-]{subsection.4.1}{\376\377\000P\000r\000i\000n\000c\000i\000p\000e}{section.4}% 14
\BOOKMARK [2][-]{subsection.4.2}{\376\377\000E\000x\000e\000m\000p\000l\000e\000s}{section.4}% 15
\BOOKMARK [1][-]{section.5}{\376\377\000E\000n\000v\000i\000r\000o\000n\000n\000e\000m\000e\000n\000t\000\040\000m\000u\000l\000t\000i\000-\000c\000o\000l\000o\000n\000n\000e\000s}{}% 16
\BOOKMARK [2][-]{subsection.5.1}{\376\377\000P\000r\000i\000n\000c\000i\000p\000e}{section.5}% 17
\BOOKMARK [2][-]{subsection.5.2}{\376\377\000E\000x\000e\000m\000p\000l\000e\000s}{section.5}% 18
\BOOKMARK [1][-]{section.6}{\376\377\000\311\000n\000u\000m\000\351\000r\000a\000t\000i\000o\000n\000\040\000a\000v\000e\000c\000\040\000c\000h\000o\000i\000x\000\040\000d\000e\000s\000\040\000i\000t\000e\000m\000s\000,\000\040\000p\000a\000r\000m\000i\000\040\000u\000n\000e\000\040\000l\000i\000s\000t\000e}{}% 19
\BOOKMARK [2][-]{subsection.6.1}{\376\377\000P\000r\000i\000n\000c\000i\000p\000e\000\040\000e\000t\000\040\000f\000o\000n\000c\000t\000i\000o\000n\000n\000e\000m\000e\000n\000t}{section.6}% 20
\BOOKMARK [2][-]{subsection.6.2}{\376\377\000E\000x\000e\000m\000p\000l\000e\000s}{section.6}% 21
\BOOKMARK [1][-]{section.7}{\376\377\000T\000a\000b\000l\000e\000a\000u\000\040\000d\000e\000\040\000c\000o\000m\000p\000\351\000t\000e\000n\000c\000e\000s}{}% 22
\BOOKMARK [2][-]{subsection.7.1}{\376\377\000P\000r\000i\000n\000c\000i\000p\000e\000\040\000e\000t\000\040\000f\000o\000n\000c\000t\000i\000o\000n\000n\000e\000m\000e\000n\000t}{section.7}% 23
\BOOKMARK [2][-]{subsection.7.2}{\376\377\000\311\000l\000\351\000m\000e\000n\000t\000s\000\040\000p\000r\000\351\000d\000\351\000f\000i\000n\000i\000s}{section.7}% 24
\BOOKMARK [2][-]{subsection.7.3}{\376\377\000E\000x\000e\000m\000p\000l\000e\000s}{section.7}% 25
\BOOKMARK [1][-]{section.8}{\376\377\000C\000r\000a\000y\000o\000n\000\040\000d\000e\000\040\000c\000o\000m\000p\000\351\000t\000e\000n\000c\000e\000s}{}% 26
\BOOKMARK [2][-]{subsection.8.1}{\376\377\000P\000r\000i\000n\000c\000i\000p\000e\000\040\000e\000t\000\040\000f\000o\000n\000c\000t\000i\000o\000n\000n\000e\000m\000e\000n\000t}{section.8}% 27
\BOOKMARK [2][-]{subsection.8.2}{\376\377\000L\000a\000\040\000c\000o\000m\000m\000a\000n\000d\000e}{section.8}% 28
\BOOKMARK [2][-]{subsection.8.3}{\376\377\000E\000x\000e\000m\000p\000l\000e\000s}{section.8}% 29
\BOOKMARK [1][-]{section.9}{\376\377\000R\000o\000u\000e\000\040\000d\000e\000\040\000c\000o\000m\000p\000\351\000t\000e\000n\000c\000e\000s}{}% 30
\BOOKMARK [2][-]{subsection.9.1}{\376\377\000P\000r\000i\000n\000c\000i\000p\000e\000\040\000e\000t\000\040\000f\000o\000n\000c\000t\000i\000o\000n\000n\000e\000m\000e\000n\000t}{section.9}% 31
\BOOKMARK [2][-]{subsection.9.2}{\376\377\000L\000a\000\040\000c\000o\000m\000m\000a\000n\000d\000e\000\040\000e\000t\000\040\000l\000'\000e\000n\000v\000i\000r\000o\000n\000n\000e\000m\000e\000n\000t}{section.9}% 32
\BOOKMARK [2][-]{subsection.9.3}{\376\377\000E\000x\000e\000m\000p\000l\000e\000s}{section.9}% 33
\BOOKMARK [2][-]{subsection.9.4}{\376\377\000\253\000\040\000S\000p\000e\000e\000d\000-\000o\000-\000m\000e\000t\000e\000r\000\040\000\273}{section.9}% 34
\BOOKMARK [1][-]{section.10}{\376\377\000B\000a\000r\000r\000e\000s\000\040\000d\000e\000\040\000n\000i\000v\000e\000a\000u}{}% 35
\BOOKMARK [2][-]{subsection.10.1}{\376\377\000P\000r\000i\000n\000c\000i\000p\000e\000\040\000e\000t\000\040\000f\000o\000n\000c\000t\000i\000o\000n\000n\000e\000m\000e\000n\000t}{section.10}% 36
\BOOKMARK [2][-]{subsection.10.2}{\376\377\000L\000a\000\040\000c\000o\000m\000m\000a\000n\000d\000e}{section.10}% 37
\BOOKMARK [1][-]{section.11}{\376\377\000P\000i\000c\000t\000o\000C\000i\000b\000l\000e}{}% 38
\BOOKMARK [2][-]{subsection.11.1}{\376\377\000P\000r\000i\000n\000c\000i\000p\000e\000\040\000e\000t\000\040\000f\000o\000n\000c\000t\000i\000o\000n\000n\000e\000m\000e\000n\000t}{section.11}% 39
\BOOKMARK [2][-]{subsection.11.2}{\376\377\000L\000a\000\040\000c\000o\000m\000m\000a\000n\000d\000e}{section.11}% 40
\BOOKMARK [1][-]{section.12}{\376\377\000B\000a\000n\000d\000e\000a\000u\000\040\000d\000e\000\040\000s\000c\000o\000r\000e}{}% 41
\BOOKMARK [2][-]{subsection.12.1}{\376\377\000P\000r\000i\000n\000c\000i\000p\000e\000\040\000e\000t\000\040\000f\000o\000n\000c\000t\000i\000o\000n\000n\000e\000m\000e\000n\000t}{section.12}% 42
\BOOKMARK [2][-]{subsection.12.2}{\376\377\000L\000a\000\040\000c\000o\000m\000m\000a\000n\000d\000e}{section.12}% 43
\BOOKMARK [1][-]{section.13}{\376\377\000F\000e\000n\000\352\000t\000r\000e\000\040\000t\000y\000p\000e\000\040\000c\000o\000n\000v\000e\000r\000s\000a\000t\000i\000o\000n\000\040\000i\000n\000s\000t\000a\000n\000t\000a\000n\000\351\000e}{}% 44
\BOOKMARK [2][-]{subsection.13.1}{\376\377\000P\000r\000i\000n\000c\000i\000p\000e\000\040\000e\000t\000\040\000f\000o\000n\000c\000t\000i\000o\000n\000n\000e\000m\000e\000n\000t}{section.13}% 45
\BOOKMARK [2][-]{subsection.13.2}{\376\377\000L\000'\000e\000n\000v\000i\000r\000o\000n\000n\000e\000m\000e\000n\000t}{section.13}% 46
\BOOKMARK [2][-]{subsection.13.3}{\376\377\000L\000e\000s\000\040\000c\000o\000m\000m\000a\000n\000d\000e\000s\000\040\000d\000e\000\040\000c\000r\000\351\000a\000t\000i\000o\000n\000\040\000d\000e\000s\000\040\000b\000u\000l\000l\000e\000s}{section.13}% 47
\BOOKMARK [2][-]{subsection.13.4}{\376\377\000E\000x\000e\000m\000p\000l\000e\000s}{section.13}% 48
\BOOKMARK [2][-]{subsection.13.5}{\376\377\000S\000t\000y\000l\000e\000\040\000W\000h\000a\000t\000s\000A\000p\000p}{section.13}% 49
\BOOKMARK [1][-]{section.14}{\376\377\000T\000i\000t\000r\000e\000\040\000d\000'\000e\000x\000e\000r\000c\000i\000c\000e\000s}{}% 50
\BOOKMARK [2][-]{subsection.14.1}{\376\377\000P\000r\000i\000n\000c\000i\000p\000e\000\040\000e\000t\000\040\000d\000\351\000f\000i\000n\000i\000t\000i\000o\000n\000\040\000d\000u\000\040\000s\000t\000y\000l\000e\000\040\000g\000l\000o\000b\000a\000l}{section.14}% 51
\BOOKMARK [2][-]{subsection.14.2}{\376\377\000O\000p\000t\000i\000o\000n\000s\000\040\000d\000e\000\040\000p\000e\000r\000s\000o\000n\000n\000a\000l\000i\000s\000a\000t\000i\000o\000n\000s}{section.14}% 52
\BOOKMARK [2][-]{subsection.14.3}{\376\377\000E\000x\000e\000m\000p\000l\000e\000s}{section.14}% 53
\BOOKMARK [1][-]{section.15}{\376\377\000B\000o\000\356\000t\000e\000s\000\040\000d\000i\000v\000e\000r\000s}{}% 54
\BOOKMARK [2][-]{subsection.15.1}{\376\377\000I\000n\000t\000r\000o\000d\000u\000c\000t\000i\000o\000n}{section.15}% 55
\BOOKMARK [2][-]{subsection.15.2}{\376\377\000'\000P\000e\000t\000i\000t\000e\000s\000'\000\040\000b\000o\000\356\000t\000e\000s}{section.15}% 56
\BOOKMARK [3][-]{subsubsection.15.2.1}{\376\377\000N\000u\000m\000\351\000r\000o\000s\000\040\000e\000n\000c\000e\000r\000c\000l\000\351\000s}{subsection.15.2}% 57
\BOOKMARK [3][-]{subsubsection.15.2.2}{\376\377\000B\000o\000\356\000t\000e\000\040\000a\000r\000r\000o\000n\000d\000i\000e\000,\000\040\000p\000e\000t\000i\000t\000e\000\040\000b\000o\000\356\000t\000e\000\040\000t\000y\000p\000e\000\040\000m\000a\000r\000k\000e\000r}{subsection.15.2}% 58
\BOOKMARK [3][-]{subsubsection.15.2.3}{\376\377\000N\000u\000m\000\351\000r\000o\000\040\000t\000y\000p\000e\000\040\000'\000b\000o\000\356\000t\000e\000'}{subsection.15.2}% 59
\BOOKMARK [2][-]{subsection.15.3}{\376\377\000B\000o\000\356\000t\000e\000s\000\040\000d\000e\000\040\000'\000t\000i\000t\000r\000e\000s\000'}{section.15}% 60
\BOOKMARK [3][-]{subsubsection.15.3.1}{\376\377\000T\000i\000t\000r\000e\000s\000\040\000d\000e\000\040\000s\000u\000j\000e\000t\000s\000\040\000d\000'\000e\000x\000a\000m\000e\000n\000s\000,\000\040\000t\000i\000t\000r\000e\000s\000\040\000d\000'\000e\000x\000e\000r\000c\000i\000c\000e\000s}{subsection.15.3}% 61
\BOOKMARK [3][-]{subsubsection.15.3.2}{\376\377\000B\000a\000n\000n\000i\000\350\000r\000e\000\040\000d\000e\000\040\000t\000i\000t\000r\000e}{subsection.15.3}% 62
\BOOKMARK [3][-]{subsubsection.15.3.3}{\376\377\000B\000o\000\356\000t\000e\000\040\000a\000v\000e\000c\000\040\000o\000r\000n\000e\000m\000e\000n\000t\000s}{subsection.15.3}% 63
\BOOKMARK [3][-]{subsubsection.15.3.4}{\376\377\000T\000i\000t\000r\000e\000\040\000'\000b\000i\000c\000o\000l\000o\000r\000e\000'}{subsection.15.3}% 64
\BOOKMARK [2][-]{subsection.15.4}{\376\377\000B\000o\000\356\000t\000e\000s\000\040\000d\000e\000\040\000p\000r\000\351\000s\000e\000n\000t\000a\000t\000i\000o\000n}{section.15}% 65
\BOOKMARK [2][-]{subsection.15.5}{\376\377\000V\000i\000g\000n\000e\000t\000t\000e\000s}{section.15}% 66
\BOOKMARK [2][-]{subsection.15.6}{\376\377\000P\000a\000n\000n\000e\000a\000u\000x\000\040\000a\000u\000t\000o\000r\000o\000u\000t\000i\000e\000r\000s}{section.15}% 67
\BOOKMARK [2][-]{subsection.15.7}{\376\377\000A\000f\000f\000i\000c\000h\000e\000t\000t\000e\000s\000\040\000d\000e\000\040\000s\000o\000l\000d\000e\000s}{section.15}% 68
\BOOKMARK [2][-]{subsection.15.8}{\376\377\000B\000o\000\356\000t\000e\000s\000\040\000d\000i\000v\000e\000r\000s\000e\000s}{section.15}% 69
\BOOKMARK [3][-]{subsubsection.15.8.1}{\376\377\000B\000o\000\356\000t\000e\000\040\000t\000y\000p\000e\000\040\000m\000e\000s\000s\000a\000g\000e\000\040\000d\000e\000\040\000f\000o\000r\000u\000m}{subsection.15.8}% 70
\BOOKMARK [3][-]{subsubsection.15.8.2}{\376\377\000B\000o\000\356\000t\000e\000\040\000t\000y\000p\000e\000\040\000'\000t\000a\000b\000l\000e\000a\000u\000\040\000b\000l\000a\000n\000c\000'}{subsection.15.8}% 71
\BOOKMARK [3][-]{subsubsection.15.8.3}{\376\377\000B\000o\000\356\000t\000e\000\040\000t\000y\000p\000e\000\040\000'\000f\000e\000u\000i\000l\000l\000e\000\040\000p\000e\000r\000f\000o\000r\000\351\000e\000'}{subsection.15.8}% 72
\BOOKMARK [1][-]{section.16}{\376\377\000C\000l\000a\000v\000i\000e\000r\000\040\000f\000r\000a\000n\000\347\000a\000i\000s}{}% 73
\BOOKMARK [2][-]{subsection.16.1}{\376\377\000I\000n\000t\000r\000o\000d\000u\000c\000t\000i\000o\000n}{section.16}% 74
\BOOKMARK [2][-]{subsection.16.2}{\376\377\000L\000i\000s\000t\000e\000\040\000d\000e\000s\000\040\000t\000o\000u\000c\000h\000e\000s}{section.16}% 75
\BOOKMARK [2][-]{subsection.16.3}{\376\377\000C\000l\000\351\000s\000\040\000d\000e\000\040\000p\000e\000r\000s\000o\000n\000n\000a\000l\000i\000s\000a\000t\000i\000o\000n\000s}{section.16}% 76
\BOOKMARK [1][-]{section.17}{\376\377\000P\000a\000t\000c\000h\000s\000\040\000d\000i\000v\000e\000r\000s}{}% 77
\BOOKMARK [2][-]{subsection.17.1}{\376\377\000G\000\351\000r\000e\000r\000\040\000l\000'\000e\000s\000p\000a\000c\000e\000m\000e\000n\000t\000\040\000v\000e\000r\000t\000i\000c\000a\000l\000\040\000d\000u\000\040\000m\000o\000d\000e\000\040\000h\000o\000r\000s\000-\000l\000i\000g\000n\000e}{section.17}% 78
\BOOKMARK [2][-]{subsection.17.2}{\376\377\000Q\000u\000e\000l\000q\000u\000e\000s\000\040\000a\000j\000o\000u\000t\000s\000\040\000a\000u\000\040\000p\000a\000c\000k\000a\000g\000e\000\040\000p\000a\000s\000-\000t\000a\000b\000l\000e\000u\000r}{section.17}% 79
\BOOKMARK [2][-]{subsection.17.3}{\376\377\000I\000n\000s\000e\000r\000t\000i\000o\000n\000\040\000d\000'\000i\000m\000a\000g\000e\000s\000\040\000a\000v\000e\000c\000\040\000r\000e\000m\000p\000l\000i\000s\000s\000a\000g\000e\000\040\000d\000e\000\040\000l\000'\000e\000s\000p\000a\000c\000e\000\040\000v\000e\000r\000t\000i\000c\000a\000l\000\040\000\050\000c\000u\000s\000t\000o\000m\000e\000n\000v\000s\000-\000m\000a\000c\000r\000o\000s\000\051}{section.17}% 80
\BOOKMARK [2][-]{subsection.17.4}{\376\377\000G\000r\000i\000l\000l\000e\000\040\000a\000u\000t\000o\000m\000a\000t\000i\000q\000u\000e\000\040\000p\000o\000u\000r\000\040\000l\000e\000s\000\040\000e\000n\000v\000i\000r\000o\000n\000n\000e\000m\000e\000n\000t\000s\000\040\000t\000i\000k\000z\000p\000i\000c\000t\000u\000r\000e}{section.17}% 81
\BOOKMARK [2][-]{subsection.17.5}{\376\377\000F\000l\000\350\000c\000h\000e\000\040\000\351\000v\000a\000s\000\351\000e\000,\000\040\000e\000n\000\040\000T\000i\000k\000Z}{section.17}% 82
\BOOKMARK [2][-]{subsection.17.6}{\376\377\000A\000n\000n\000o\000t\000e\000r\000\040\000u\000n\000e\000\040\000i\000m\000a\000g\000e}{section.17}% 83
\BOOKMARK [2][-]{subsection.17.7}{\376\377\000T\000r\000a\000v\000a\000i\000l\000l\000e\000r\000\040\000s\000u\000r\000\040\000d\000e\000s\000\040\000l\000o\000n\000g\000u\000e\000u\000r\000s\000\040\000\050\000c\000u\000s\000t\000o\000m\000e\000n\000v\000s\000-\000m\000a\000c\000r\000o\000s\000\051}{section.17}% 84
