\BOOKMARK [1][-]{section.1}{\376\377\000H\000i\000s\000t\000o\000r\000y}{}% 1
\BOOKMARK [1][-]{section.2}{\376\377\000T\000h\000e\000\040\000p\000a\000c\000k\000a\000g\000e\000\040\000c\000u\000s\000t\000o\000m\000e\000n\000v\000s}{}% 2
\BOOKMARK [2][-]{subsection.2.1}{\376\377\000I\000d\000e\000a}{section.2}% 3
\BOOKMARK [2][-]{subsection.2.2}{\376\377\000L\000o\000a\000d\000i\000n\000g}{section.2}% 4
\BOOKMARK [2][-]{subsection.2.3}{\376\377\000S\000u\000b\000p\000a\000c\000k\000a\000g\000e\000\040\000c\000u\000s\000t\000o\000m\000e\000n\000v\000s\000-\000t\000i\000k\000z\000p\000i\000c\000t\000o\000s\000\040\000\050\000v\0000\000.\0002\0000\000b\000\051}{section.2}% 5
\BOOKMARK [2][-]{subsection.2.4}{\376\377\000S\000u\000b\000p\000a\000c\000k\000a\000g\000e\000\040\000c\000u\000s\000t\000o\000m\000e\000n\000v\000s\000-\000i\000c\000o\000n\000s\000\040\000\050\000v\0000\000.\0001\000.\0005\000\051}{section.2}% 6
\BOOKMARK [1][-]{section.3}{\376\377\000A\000n\000s\000w\000e\000r\000s\000\040\000f\000o\000r\000\040\000a\000\040\000M\000C\000Q}{}% 7
\BOOKMARK [2][-]{subsection.3.1}{\376\377\000I\000d\000e\000a}{section.3}% 8
\BOOKMARK [2][-]{subsection.3.2}{\376\377\000E\000x\000a\000m\000p\000l\000e\000s}{section.3}% 9
\BOOKMARK [1][-]{section.4}{\376\377\000L\000i\000s\000t\000\040\000w\000i\000t\000h\000\040\000p\000i\000c\000k\000e\000d\000\040\000e\000l\000e\000m\000e\000n\000t\000s\000\040\000\050\000r\000a\000n\000d\000o\000m\000\040\000o\000r\000\040\000n\000o\000t\000\051}{}% 10
\BOOKMARK [2][-]{subsection.4.1}{\376\377\000G\000l\000o\000b\000a\000l\000\040\000u\000s\000e}{section.4}% 11
\BOOKMARK [2][-]{subsection.4.2}{\376\377\000E\000x\000a\000m\000p\000l\000e\000s}{section.4}% 12
\BOOKMARK [1][-]{section.5}{\376\377\000P\000e\000n\000c\000i\000l\000\040\000o\000f\000\040\000s\000k\000i\000l\000l\000s}{}% 13
\BOOKMARK [2][-]{subsection.5.1}{\376\377\000G\000l\000o\000b\000a\000l\000\040\000u\000s\000e}{section.5}% 14
\BOOKMARK [2][-]{subsection.5.2}{\376\377\000T\000h\000e\000\040\000m\000a\000c\000r\000o}{section.5}% 15
\BOOKMARK [2][-]{subsection.5.3}{\376\377\000E\000x\000a\000m\000p\000l\000e\000s}{section.5}% 16
\BOOKMARK [1][-]{section.6}{\376\377\000S\000c\000o\000r\000e\000\040\000b\000a\000n\000n\000e\000r}{}% 17
\BOOKMARK [2][-]{subsection.6.1}{\376\377\000G\000l\000o\000b\000a\000l\000\040\000u\000s\000e}{section.6}% 18
\BOOKMARK [2][-]{subsection.6.2}{\376\377\000T\000h\000e\000\040\000m\000a\000c\000r\000o}{section.6}% 19
\BOOKMARK [1][-]{section.7}{\376\377\000S\000M\000S\000\040\000c\000o\000n\000v\000e\000r\000s\000a\000t\000i\000o\000n}{}% 20
\BOOKMARK [2][-]{subsection.7.1}{\376\377\000G\000l\000o\000b\000a\000l\000\040\000u\000s\000e}{section.7}% 21
\BOOKMARK [2][-]{subsection.7.2}{\376\377\000T\000h\000e\000\040\000e\000n\000v\000i\000r\000o\000n\000m\000e\000n\000t}{section.7}% 22
\BOOKMARK [2][-]{subsection.7.3}{\376\377\000M\000a\000c\000r\000o\000s\000\040\000f\000o\000r\000\040\000t\000h\000e\000\040\000b\000u\000b\000b\000l\000e\000s}{section.7}% 23
\BOOKMARK [2][-]{subsection.7.4}{\376\377\000E\000x\000a\000m\000p\000l\000e\000s}{section.7}% 24
\BOOKMARK [2][-]{subsection.7.5}{\376\377\000S\000t\000y\000l\000e\000\040\000W\000h\000a\000t\000s\000A\000p\000p}{section.7}% 25
\BOOKMARK [1][-]{section.8}{\376\377\000T\000i\000t\000l\000e\000\040\000b\000a\000n\000n\000e\000r}{}% 26
\BOOKMARK [2][-]{subsection.8.1}{\376\377\000G\000l\000o\000b\000a\000l\000\040\000u\000s\000a\000g\000e}{section.8}% 27
\BOOKMARK [2][-]{subsection.8.2}{\376\377\000E\000x\000a\000m\000p\000l\000e\000s}{section.8}% 28
\BOOKMARK [1][-]{section.9}{\376\377\000V\000a\000r\000i\000o\000u\000s\000\040\000c\000o\000m\000m\000a\000n\000d\000s}{}% 29
\BOOKMARK [2][-]{subsection.9.1}{\376\377\000D\000i\000f\000f\000i\000c\000u\000l\000t\000y\000\040\000l\000e\000v\000e\000l\000s\000\040\000w\000i\000t\000h\000\040\000s\000t\000a\000r\000s\000\040\000\050\000f\000o\000n\000t\000a\000w\000e\000s\000o\000m\000e\0005\000\051}{section.9}% 30
\BOOKMARK [2][-]{subsection.9.2}{\376\377\000D\000i\000f\000f\000i\000c\000u\000l\000t\000y\000\040\000l\000e\000v\000e\000l\000s\000\040\000w\000i\000t\000h\000\040\000s\000t\000a\000r\000s\000\040\000\050\000t\000i\000k\000z\000\051}{section.9}% 31
\BOOKMARK [2][-]{subsection.9.3}{\376\377\000F\000l\000a\000r\000e\000d\000\040\000a\000r\000r\000o\000w}{section.9}% 32
\BOOKMARK [2][-]{subsection.9.4}{\376\377\000S\000m\000a\000l\000l\000\040\000m\000a\000r\000k\000e\000r\000b\000o\000x}{section.9}% 33
\BOOKMARK [2][-]{subsection.9.5}{\376\377\000A\000n\000n\000o\000t\000a\000t\000e\000\040\000a\000n\000\040\000i\000m\000a\000g\000e}{section.9}% 34
\BOOKMARK [2][-]{subsection.9.6}{\376\377\000L\000e\000n\000g\000t\000h\000s}{section.9}% 35
\BOOKMARK [1][-]{section.10}{\376\377\000S\000m\000a\000l\000l\000\040\000d\000e\000c\000o\000r\000a\000t\000e\000d\000\040\000b\000o\000x\000e\000s}{}% 36
\BOOKMARK [2][-]{subsection.10.1}{\376\377\000O\000r\000n\000e\000m\000e\000n\000t\000s\000\040\000b\000o\000x}{section.10}% 37
\BOOKMARK [2][-]{subsection.10.2}{\376\377\000P\000o\000s\000t\000\040\000'\000f\000o\000r\000u\000m\000'\000\040\000b\000o\000x}{section.10}% 38
\BOOKMARK [2][-]{subsection.10.3}{\376\377\000'\000B\000o\000x\000'\000\040\000s\000t\000y\000l\000e\000\040\000n\000u\000m\000b\000e\000r}{section.10}% 39
\BOOKMARK [2][-]{subsection.10.4}{\376\377\000'\000B\000o\000x\000'\000\040\000n\000o\000t\000e\000b\000o\000o\000k}{section.10}% 40
