This is LuaHBTeX, Version 1.22.0 (TeX Live 2025)  (format=lualatex 2025.12.31)  17 JAN 2026 10:58
 system commands enabled.
**customenvs-doc-en.tex
(./customenvs-doc-en.tex
LaTeX2e <2025-11-01>
L3 programming layer <2025-12-29>
Lua module: luaotfload 2024-12-03 v3.29 Lua based OpenType font support
Lua module: lualibs 2023-07-13 v2.76 ConTeXt Lua standard libraries.
Lua module: lualibs-extended 2023-07-13 v2.76 ConTeXt Lua libraries -- extended 
collection.
luaotfload | conf : Root cache directory is "C:/texlive/2025/texmf-var/luatex-ca
che/generic/names".
luaotfload | init : Loading fontloader "fontloader-2023-12-28.lua" from kpse-res
olved path "c:/texlive/2025/texmf-dist/tex/luatex/luaotfload/fontloader-2023-12-
28.lua".
Lua-only attribute luaotfload@noligature = 1
luaotfload | init : Context OpenType loader version 3.134
Inserting `luaotfload.node_processor' in `pre_linebreak_filter'.
Inserting `luaotfload.node_processor' in `hpack_filter'.
Inserting `luaotfload.glyph_stream' in `glyph_stream_provider'.
Inserting `luaotfload.define_font' in `define_font'.
Lua-only attribute luaotfload_color_attribute = 2
luaotfload | conf : Root cache directory is "C:/texlive/2025/texmf-var/luatex-ca
che/generic/names".
Inserting `luaotfload.harf.strip_prefix' in `find_opentype_file'.
Inserting `luaotfload.harf.strip_prefix' in `find_truetype_file'.
Removing  `luaotfload.glyph_stream' from `glyph_stream_provider'.
Inserting `luaotfload.harf.glyphstream' in `glyph_stream_provider'.
Inserting `luaotfload.harf.finalize_vlist' in `post_linebreak_filter'.
Inserting `luaotfload.harf.finalize_hlist' in `hpack_filter'.
Inserting `luaotfload.cleanup_files' in `wrapup_run'.
Inserting `luaotfload.harf.finalize_unicode' in `finish_pdffile'.
Inserting `luaotfload.glyphinfo' in `glyph_info'.
Lua-only attribute luaotfload.letterspace_done = 3
Inserting `luaotfload.aux.set_sscale_dimens' in `luaotfload.patch_font'.
Inserting `luaotfload.aux.set_font_index' in `luaotfload.patch_font'.
Inserting `luaotfload.aux.patch_cambria_domh' in `luaotfload.patch_font'.
Inserting `luaotfload.aux.fixup_fontdata' in `luaotfload.patch_font_unsafe'.
Inserting `luaotfload.aux.set_capheight' in `luaotfload.patch_font'.
Inserting `luaotfload.aux.set_xheight' in `luaotfload.patch_font'.
Inserting `luaotfload.rewrite_fontname' in `luaotfload.patch_font'.
Inserting `tracingstacklevels' in `input_level_string'. (c:/texlive/2025/texmf-
dist/tex/latex/base/article.cls
Document Class: article 2025/01/22 v1.4n Standard LaTeX document class
(c:/texlive/2025/texmf-dist/tex/latex/base/size11.clo
File: size11.clo 2025/01/22 v1.4n Standard LaTeX file (size option)
luaotfload | db : Font names database loaded from C:/texlive/2025/texmf-var/luat
ex-cache/generic/names/luaotfload-names.luc.gz)
\c@part=\count273
\c@section=\count274
\c@subsection=\count275
\c@subsubsection=\count276
\c@paragraph=\count277
\c@subparagraph=\count278
\c@figure=\count279
\c@table=\count280
\abovecaptionskip=\skip49
\belowcaptionskip=\skip50
\bibindent=\dimen147
) (c:/texlive/2025/texmf-dist/tex/latex/cabin/cabin.sty
Package: cabin 2023/09/25 (Bob Tennent) Supports Cabin fonts for all LaTeX engi
nes.
(c:/texlive/2025/texmf-dist/tex/generic/iftex/ifxetex.sty
Package: ifxetex 2019/10/25 v0.7 ifxetex legacy package. Use iftex instead.
(c:/texlive/2025/texmf-dist/tex/generic/iftex/iftex.sty
Package: iftex 2024/12/12 v1.0g TeX engine tests
)) (c:/texlive/2025/texmf-dist/tex/generic/iftex/ifluatex.sty
Package: ifluatex 2019/10/25 v1.5 ifluatex legacy package. Use iftex instead.
) (c:/texlive/2025/texmf-dist/tex/latex/xkeyval/xkeyval.sty
Package: xkeyval 2025/11/04 v2.10 package option processing (HA)
(c:/texlive/2025/texmf-dist/tex/generic/xkeyval/xkeyval.tex (c:/texlive/2025/te
xmf-dist/tex/generic/xkeyval/xkvutils.tex
\XKV@toks=\toks17
\XKV@tempa@toks=\toks18
\XKV@tempb@toks=\toks19
(c:/texlive/2025/texmf-dist/tex/generic/xkeyval/keyval.tex))
\XKV@depth=\count281
File: xkeyval.tex 2014/12/03 v2.7a key=value parser (HA)
)) (c:/texlive/2025/texmf-dist/tex/latex/base/textcomp.sty
Package: textcomp 2024/04/24 v2.1b Standard LaTeX package
) (c:/texlive/2025/texmf-dist/tex/latex/fontspec/fontspec.sty (c:/texlive/2025/
texmf-dist/tex/latex/l3packages/xparse/xparse.sty (c:/texlive/2025/texmf-dist/t
ex/latex/l3kernel/expl3.sty
Package: expl3 2025-12-29 L3 programming layer (loader) 
(c:/texlive/2025/texmf-dist/tex/latex/l3backend/l3backend-luatex.def
File: l3backend-luatex.def 2025-10-09 L3 backend support: PDF output (LuaTeX)
\l__color_backend_stack_int=\count282
Inserting `l3color' in `luaotfload.parse_color'.))
Package: xparse 2025-10-09 L3 Experimental document command parser
)
Package: fontspec 2025/09/29 v2.9g Font selection for XeLaTeX and LuaLaTeX
Lua module: fontspec 2025/09/29 v2.9g Font selection for XeLaTeX and LuaLaTeX (c:/texlive/2025/texmf-dist/tex/latex/fontspec/fontspec-luatex.sty
Package: fontspec-luatex 2025/09/29 v2.9g Font selection for XeLaTeX and LuaLaT
eX
\l__fontspec_script_int=\count283
\l__fontspec_language_int=\count284
\l__fontspec_strnum_int=\count285
\l__fontspec_tmp_int=\count286
\l__fontspec_tmpa_int=\count287
\l__fontspec_tmpb_int=\count288
\l__fontspec_tmpc_int=\count289
\l__fontspec_em_int=\count290
\l__fontspec_emdef_int=\count291
\l__fontspec_strong_int=\count292
\l__fontspec_strongdef_int=\count293
\l__fontspec_tmpa_dim=\dimen148
\l__fontspec_tmpb_dim=\dimen149
\l__fontspec_tmpc_dim=\dimen150
(c:/texlive/2025/texmf-dist/tex/latex/base/fontenc.sty
Package: fontenc 2025/07/18 v2.1d Standard LaTeX package
) (c:/texlive/2025/texmf-dist/tex/latex/fontspec/fontspec.cfg)))

Package fontspec Info: 
(fontspec)             Cabin-Regular scale = 1.


Package fontspec Info: 
(fontspec)             Cabin-Regular scale = 1.


Package fontspec Info: 
(fontspec)             Cabin-Regular scale = 1.


Package fontspec Info: 
(fontspec)             Cabin-Bold scale = 1.


Package fontspec Info: 
(fontspec)             Cabin-Bold scale = 1.


Package fontspec Info: 
(fontspec)             Cabin-Italic scale = 1.


Package fontspec Info: 
(fontspec)             Cabin-Italic scale = 1.


Package fontspec Info: 
(fontspec)             Cabin-BoldItalic scale = 1.


Package fontspec Info: 
(fontspec)             Cabin-BoldItalic scale = 1.


Package fontspec Info: 
(fontspec)             Font family 'Cabin(0)' created for font 'Cabin' with
(fontspec)             options [Ligatures = TeX,Scale = 1,Extension =
(fontspec)             .otf,Ligatures=TeX,UprightFont = *-Regular,ItalicFont =
(fontspec)             *-Italic,BoldFont = *-Bold,BoldItalicFont =
(fontspec)             *-BoldItalic].
(fontspec)              
(fontspec)              This font family consists of the following NFSS
(fontspec)             series/shapes:
(fontspec)              
(fontspec)             - 'normal' (m/n) with NFSS spec.:
(fontspec)             <->s*[1]"[Cabin-Regular.otf]:mode=node;script=latn;langu
age=dflt;+tlig;"
(fontspec)             - 'small caps'  (m/sc) with NFSS spec.:
(fontspec)             <->s*[1]"[Cabin-Regular.otf]:mode=node;script=latn;langu
age=dflt;+tlig;+smcp;"
(fontspec)             - 'bold' (b/n) with NFSS spec.:
(fontspec)             <->s*[1]"[Cabin-Bold.otf]:mode=node;script=latn;language
=dflt;+tlig;"
(fontspec)             - 'bold small caps'  (b/sc) with NFSS spec.:
(fontspec)             <->s*[1]"[Cabin-Bold.otf]:mode=node;script=latn;language
=dflt;+tlig;+smcp;"
(fontspec)             - 'italic' (m/it) with NFSS spec.:
(fontspec)             <->s*[1]"[Cabin-Italic.otf]:mode=node;script=latn;langua
ge=dflt;+tlig;"
(fontspec)             - 'italic small caps'  (m/scit) with NFSS spec.:
(fontspec)             <->s*[1]"[Cabin-Italic.otf]:mode=node;script=latn;langua
ge=dflt;+tlig;+smcp;"
(fontspec)             - 'bold italic' (b/it) with NFSS spec.:
(fontspec)             <->s*[1]"[Cabin-BoldItalic.otf]:mode=node;script=latn;la
nguage=dflt;+tlig;"
(fontspec)             - 'bold italic small caps'  (b/scit) with NFSS spec.:
(fontspec)             <->s*[1]"[Cabin-BoldItalic.otf]:mode=node;script=latn;la
nguage=dflt;+tlig;+smcp;"


Package fontspec Info: 
(fontspec)             Cabin-Regular scale = 1.


Package fontspec Info: 
(fontspec)             Cabin-Regular scale = 1.


Package fontspec Info: 
(fontspec)             Cabin-Regular scale = 1.


Package fontspec Info: 
(fontspec)             Cabin-Bold scale = 1.


Package fontspec Info: 
(fontspec)             Cabin-Bold scale = 1.


Package fontspec Info: 
(fontspec)             Cabin-Italic scale = 1.


Package fontspec Info: 
(fontspec)             Cabin-Italic scale = 1.


Package fontspec Info: 
(fontspec)             Cabin-BoldItalic scale = 1.


Package fontspec Info: 
(fontspec)             Cabin-BoldItalic scale = 1.


Package fontspec Info: 
(fontspec)             Font family 'Cabin(1)' created for font 'Cabin' with
(fontspec)             options [Ligatures = TeX,Scale = 1,Extension =
(fontspec)             .otf,UprightFont = *-Regular,ItalicFont =
(fontspec)             *-Italic,BoldFont = *-Bold,BoldItalicFont =
(fontspec)             *-BoldItalic].
(fontspec)              
(fontspec)              This font family consists of the following NFSS
(fontspec)             series/shapes:
(fontspec)              
(fontspec)             - 'normal' (m/n) with NFSS spec.:
(fontspec)             <->s*[1]"[Cabin-Regular.otf]:mode=node;script=latn;langu
age=dflt;+tlig;"
(fontspec)             - 'small caps'  (m/sc) with NFSS spec.:
(fontspec)             <->s*[1]"[Cabin-Regular.otf]:mode=node;script=latn;langu
age=dflt;+tlig;+smcp;"
(fontspec)             - 'bold' (b/n) with NFSS spec.:
(fontspec)             <->s*[1]"[Cabin-Bold.otf]:mode=node;script=latn;language
=dflt;+tlig;"
(fontspec)             - 'bold small caps'  (b/sc) with NFSS spec.:
(fontspec)             <->s*[1]"[Cabin-Bold.otf]:mode=node;script=latn;language
=dflt;+tlig;+smcp;"
(fontspec)             - 'italic' (m/it) with NFSS spec.:
(fontspec)             <->s*[1]"[Cabin-Italic.otf]:mode=node;script=latn;langua
ge=dflt;+tlig;"
(fontspec)             - 'italic small caps'  (m/scit) with NFSS spec.:
(fontspec)             <->s*[1]"[Cabin-Italic.otf]:mode=node;script=latn;langua
ge=dflt;+tlig;+smcp;"
(fontspec)             - 'bold italic' (b/it) with NFSS spec.:
(fontspec)             <->s*[1]"[Cabin-BoldItalic.otf]:mode=node;script=latn;la
nguage=dflt;+tlig;"
(fontspec)             - 'bold italic small caps'  (b/scit) with NFSS spec.:
(fontspec)             <->s*[1]"[Cabin-BoldItalic.otf]:mode=node;script=latn;la
nguage=dflt;+tlig;+smcp;"


Package fontspec Info: 
(fontspec)             CabinCondensed-RegularCondensed scale = 1.


Package fontspec Info: 
(fontspec)             CabinCondensed-RegularCondensed scale = 1.


Package fontspec Info: 
(fontspec)             CabinCondensed-BoldCondensed scale = 1.


Package fontspec Info: 
(fontspec)             CabinCondensed-ItalicCondensed scale = 1.


Package fontspec Info: 
(fontspec)             CabinCondensed-BoldItalicCondensed scale = 1.


Package fontspec Info: 
(fontspec)             Font family 'CabinCondensed(0)' created for font
(fontspec)             'CabinCondensed' with options [Ligatures = TeX,Scale =
(fontspec)             1,Extension = .otf,UprightFont =
(fontspec)             *-RegularCondensed,ItalicFont =
(fontspec)             *-ItalicCondensed,BoldFont =
(fontspec)             *-BoldCondensed,BoldItalicFont =
(fontspec)             *-BoldItalicCondensed].
(fontspec)              
(fontspec)              This font family consists of the following NFSS
(fontspec)             series/shapes:
(fontspec)              
(fontspec)             - 'normal' (m/n) with NFSS spec.:
(fontspec)             <->s*[1]"[CabinCondensed-RegularCondensed.otf]:mode=node
;script=latn;language=dflt;+tlig;"
(fontspec)             - 'bold' (b/n) with NFSS spec.:
(fontspec)             <->s*[1]"[CabinCondensed-BoldCondensed.otf]:mode=node;sc
ript=latn;language=dflt;+tlig;"
(fontspec)             - 'italic' (m/it) with NFSS spec.:
(fontspec)             <->s*[1]"[CabinCondensed-ItalicCondensed.otf]:mode=node;
script=latn;language=dflt;+tlig;"
(fontspec)             - 'bold italic' (b/it) with NFSS spec.:
(fontspec)             <->s*[1]"[CabinCondensed-BoldItalicCondensed.otf]:mode=n
ode;script=latn;language=dflt;+tlig;"

) (c:/Users/cpier/OneDrive/latex/tex/latex/customenvs/tex/customenvs.sty
Package: customenvs 2026/01/17 0.42f Custom classic environments

(c:/Users/cpier/OneDrive/latex/tex/latex/customenvs/tex/customenvs-tikzpictos.s
ty
Package: customenvs-tikzpictos 2025/11/19 0.20c Small pictograms, made with tik
z
(c:/texlive/2025/texmf-dist/tex/generic/xint/xintexpr.sty (c:/texlive/2025/texm
f-dist/tex/generic/xint/xintfrac.sty (c:/texlive/2025/texmf-dist/tex/generic/xi
nt/xint.sty (c:/texlive/2025/texmf-dist/tex/generic/xint/xintcore.sty (c:/texli
ve/2025/texmf-dist/tex/generic/xint/xintkernel.sty
Package: xintkernel 2025/09/06 v1.4o Paraphernalia for the xint packages (JFB)
\xint_c_x^v=\count294
\xint_c_x^viii=\count295
\xint_c_x^ix=\count296
\xint_c_x^viii_mone=\count297
\xint_c_nine_x^viii=\count298
\xint_c_xi_e_viii_mone=\count299
\xint_c_xii_e_viii=\count300
\xint_c_ii^xv=\count301
\xint_c_ii^xvi=\count302
\xint_c_ii^xxi=\count303
)
Package: xintcore 2025/09/06 v1.4o Expandable arithmetic on big integers (JFB)
)
Package: xint 2025/09/06 v1.4o Expandable operations on big integers (JFB)
)
Package: xintfrac 2025/09/06 v1.4o Expandable operations on fractions (JFB)
) (c:/texlive/2025/texmf-dist/tex/generic/xint/xinttools.sty
Package: xinttools 2025/09/06 v1.4o Expandable and non-expandable utilities (JF
B)
\XINT_toks=\toks20
) (c:/texlive/2025/texmf-dist/tex/generic/xint/xintbinhex.sty
Package: xintbinhex 2025/09/06 v1.4o Expandable radix conversions (2, 8, 10, an
d 16) (JFB)
)
Package: xintexpr 2025/09/06 v1.4o Expandable expression parser (JFB)
(c:/texlive/2025/texmf-dist/tex/generic/xint/xinttrig.sty
Package: xinttrig 2025/09/06 v1.4o Trigonometrical functions for xintexpr (JFB)

) (c:/texlive/2025/texmf-dist/tex/generic/xint/xintlog.sty
Package: xintlog 2025/09/06 v1.4o Logarithms and exponentials for xintexpr (JFB
)
(c:/texlive/2025/texmf-dist/tex/generic/poormanlog/poormanlog.sty
Package: poormanlog 2022/05/25 v0.07 base 10 log and pow with 9 digits (JFB)
(c:/texlive/2025/texmf-dist/tex/generic/poormanlog/poormanlog.tex)))) (c:/texli
ve/2025/texmf-dist/tex/generic/simplekv/simplekv.sty (c:/texlive/2025/texmf-dis
t/tex/generic/simplekv/simplekv.tex)
Package: simplekv 2025/06/15 v0.32 Simple keyval package (CT)
) (c:/texlive/2025/texmf-dist/tex/generic/xstring/xstring.sty (c:/texlive/2025/
texmf-dist/tex/generic/xstring/xstring.tex
\xs_counta=\count304
\xs_countb=\count305
)
Package: xstring 2023/08/22 v1.86 String manipulations (CT)
) (c:/texlive/2025/texmf-dist/tex/generic/listofitems/listofitems.sty (c:/texli
ve/2025/texmf-dist/tex/generic/listofitems/listofitems.tex
\loi_cnt_foreach_nest=\count306
\loi_nestcnt=\count307
)
Package: listofitems 2024/03/09 v1.65 Grab items in lists using user-specified 
sep char (CT)
) (c:/texlive/2025/texmf-dist/tex/latex/base/ifthen.sty
Package: ifthen 2024/03/16 v1.1e Standard LaTeX ifthen package (DPC)
) (c:/texlive/2025/texmf-dist/tex/latex/tools/calc.sty
Package: calc 2025/03/01 v4.3b Infix arithmetic (KKT,FJ)
\calc@Acount=\count308
\calc@Bcount=\count309
\calc@Adimen=\dimen151
\calc@Bdimen=\dimen152
\calc@Askip=\skip51
\calc@Bskip=\skip52
LaTeX Info: Redefining \setlength on input line 86.
LaTeX Info: Redefining \addtolength on input line 87.
\calc@Ccount=\count310
\calc@Cskip=\skip53
) (c:/texlive/2025/texmf-dist/tex/latex/pgf/frontendlayer/tikz.sty (c:/texlive/
2025/texmf-dist/tex/latex/pgf/basiclayer/pgf.sty (c:/texlive/2025/texmf-dist/te
x/latex/pgf/utilities/pgfrcs.sty (c:/texlive/2025/texmf-dist/tex/generic/pgf/ut
ilities/pgfutil-common.tex
\pgfutil@everybye=\toks21
\pgfutil@tempdima=\dimen153
\pgfutil@tempdimb=\dimen154
) (c:/texlive/2025/texmf-dist/tex/generic/pgf/utilities/pgfutil-latex.def
\pgfutil@abb=\box53
) (c:/texlive/2025/texmf-dist/tex/generic/pgf/utilities/pgfrcs.code.tex (c:/tex
live/2025/texmf-dist/tex/generic/pgf/pgf.revision.tex)
Package: pgfrcs 2025-08-29 v3.1.11a (3.1.11a)
))
Package: pgf 2025-08-29 v3.1.11a (3.1.11a)
(c:/texlive/2025/texmf-dist/tex/latex/pgf/basiclayer/pgfcore.sty (c:/texlive/20
25/texmf-dist/tex/latex/graphics/graphicx.sty
Package: graphicx 2024/12/31 v1.2e Enhanced LaTeX Graphics (DPC,SPQR)
(c:/texlive/2025/texmf-dist/tex/latex/graphics/graphics.sty
Package: graphics 2024/08/06 v1.4g Standard LaTeX Graphics (DPC,SPQR)
(c:/texlive/2025/texmf-dist/tex/latex/graphics/trig.sty
Package: trig 2023/12/02 v1.11 sin cos tan (DPC)
) (c:/texlive/2025/texmf-dist/tex/latex/graphics-cfg/graphics.cfg
File: graphics.cfg 2016/06/04 v1.11 sample graphics configuration
)
Package graphics Info: Driver file: luatex.def on input line 106.
(c:/texlive/2025/texmf-dist/tex/latex/graphics-def/luatex.def
File: luatex.def 2025/09/29 v1.2f Graphics/color driver for luatex
))
\Gin@req@height=\dimen155
\Gin@req@width=\dimen156
) (c:/texlive/2025/texmf-dist/tex/latex/pgf/systemlayer/pgfsys.sty (c:/texlive/
2025/texmf-dist/tex/generic/pgf/systemlayer/pgfsys.code.tex
Package: pgfsys 2025-08-29 v3.1.11a (3.1.11a)
(c:/texlive/2025/texmf-dist/tex/generic/pgf/utilities/pgfkeys.code.tex
\pgfkeys@pathtoks=\toks22
\pgfkeys@temptoks=\toks23

(c:/texlive/2025/texmf-dist/tex/generic/pgf/utilities/pgfkeyslibraryfiltered.co
de.tex
\pgfkeys@tmptoks=\toks24
))
\pgf@x=\dimen157
\pgf@y=\dimen158
\pgf@xa=\dimen159
\pgf@ya=\dimen160
\pgf@xb=\dimen161
\pgf@yb=\dimen162
\pgf@xc=\dimen163
\pgf@yc=\dimen164
\pgf@xd=\dimen165
\pgf@yd=\dimen166
\w@pgf@writea=\write3
\r@pgf@reada=\read2
\c@pgf@counta=\count311
\c@pgf@countb=\count312
\c@pgf@countc=\count313
\c@pgf@countd=\count314
\t@pgf@toka=\toks25
\t@pgf@tokb=\toks26
\t@pgf@tokc=\toks27
\pgf@sys@id@count=\count315
(c:/texlive/2025/texmf-dist/tex/generic/pgf/systemlayer/pgf.cfg
File: pgf.cfg 2025-08-29 v3.1.11a (3.1.11a)
)
Driver file for pgf: pgfsys-luatex.def
(c:/texlive/2025/texmf-dist/tex/generic/pgf/systemlayer/pgfsys-luatex.def
File: pgfsys-luatex.def 2025-08-29 v3.1.11a (3.1.11a)
(c:/texlive/2025/texmf-dist/tex/generic/pgf/systemlayer/pgfsys-common-pdf.def
File: pgfsys-common-pdf.def 2025-08-29 v3.1.11a (3.1.11a)
)))
(c:/texlive/2025/texmf-dist/tex/generic/pgf/systemlayer/pgfsyssoftpath.code.tex
File: pgfsyssoftpath.code.tex 2025-08-29 v3.1.11a (3.1.11a)
\pgfsyssoftpath@smallbuffer@items=\count316
\pgfsyssoftpath@bigbuffer@items=\count317
)
(c:/texlive/2025/texmf-dist/tex/generic/pgf/systemlayer/pgfsysprotocol.code.tex
File: pgfsysprotocol.code.tex 2025-08-29 v3.1.11a (3.1.11a)
)) (c:/texlive/2025/texmf-dist/tex/latex/xcolor/xcolor.sty
Package: xcolor 2024/09/29 v3.02 LaTeX color extensions (UK)
(c:/texlive/2025/texmf-dist/tex/latex/graphics-cfg/color.cfg
File: color.cfg 2016/01/02 v1.6 sample color configuration
)
Package xcolor Info: Driver file: luatex.def on input line 274.
(c:/texlive/2025/texmf-dist/tex/latex/graphics/mathcolor.ltx)
Package xcolor Info: Model `cmy' substituted by `cmy0' on input line 1349.
Package xcolor Info: Model `hsb' substituted by `rgb' on input line 1353.
Package xcolor Info: Model `RGB' extended on input line 1365.
Package xcolor Info: Model `HTML' substituted by `rgb' on input line 1367.
Package xcolor Info: Model `Hsb' substituted by `hsb' on input line 1368.
Package xcolor Info: Model `tHsb' substituted by `hsb' on input line 1369.
Package xcolor Info: Model `HSB' substituted by `hsb' on input line 1370.
Package xcolor Info: Model `Gray' substituted by `gray' on input line 1371.
Package xcolor Info: Model `wave' substituted by `hsb' on input line 1372.
) (c:/texlive/2025/texmf-dist/tex/generic/pgf/basiclayer/pgfcore.code.tex
Package: pgfcore 2025-08-29 v3.1.11a (3.1.11a)
(c:/texlive/2025/texmf-dist/tex/generic/pgf/math/pgfmath.code.tex (c:/texlive/2
025/texmf-dist/tex/generic/pgf/math/pgfmathutil.code.tex) (c:/texlive/2025/texm
f-dist/tex/generic/pgf/math/pgfmathparser.code.tex
\pgfmath@dimen=\dimen167
\pgfmath@count=\count318
\pgfmath@box=\box54
\pgfmath@toks=\toks28
\pgfmath@stack@operand=\toks29
\pgfmath@stack@operation=\toks30
) (c:/texlive/2025/texmf-dist/tex/generic/pgf/math/pgfmathfunctions.code.tex)
(c:/texlive/2025/texmf-dist/tex/generic/pgf/math/pgfmathfunctions.basic.code.te
x)
(c:/texlive/2025/texmf-dist/tex/generic/pgf/math/pgfmathfunctions.trigonometric
.code.tex)
(c:/texlive/2025/texmf-dist/tex/generic/pgf/math/pgfmathfunctions.random.code.t
ex)
(c:/texlive/2025/texmf-dist/tex/generic/pgf/math/pgfmathfunctions.comparison.co
de.tex)
(c:/texlive/2025/texmf-dist/tex/generic/pgf/math/pgfmathfunctions.base.code.tex
)
(c:/texlive/2025/texmf-dist/tex/generic/pgf/math/pgfmathfunctions.round.code.te
x)
(c:/texlive/2025/texmf-dist/tex/generic/pgf/math/pgfmathfunctions.misc.code.tex
)
(c:/texlive/2025/texmf-dist/tex/generic/pgf/math/pgfmathfunctions.integerarithm
etics.code.tex) (c:/texlive/2025/texmf-dist/tex/generic/pgf/math/pgfmathcalc.co
de.tex) (c:/texlive/2025/texmf-dist/tex/generic/pgf/math/pgfmathfloat.code.tex
\c@pgfmathroundto@lastzeros=\count319
)) (c:/texlive/2025/texmf-dist/tex/generic/pgf/math/pgfint.code.tex) (c:/texliv
e/2025/texmf-dist/tex/generic/pgf/basiclayer/pgfcorepoints.code.tex
File: pgfcorepoints.code.tex 2025-08-29 v3.1.11a (3.1.11a)
\pgf@picminx=\dimen168
\pgf@picmaxx=\dimen169
\pgf@picminy=\dimen170
\pgf@picmaxy=\dimen171
\pgf@pathminx=\dimen172
\pgf@pathmaxx=\dimen173
\pgf@pathminy=\dimen174
\pgf@pathmaxy=\dimen175
\pgf@xx=\dimen176
\pgf@xy=\dimen177
\pgf@yx=\dimen178
\pgf@yy=\dimen179
\pgf@zx=\dimen180
\pgf@zy=\dimen181
)
(c:/texlive/2025/texmf-dist/tex/generic/pgf/basiclayer/pgfcorepathconstruct.cod
e.tex
File: pgfcorepathconstruct.code.tex 2025-08-29 v3.1.11a (3.1.11a)
\pgf@path@lastx=\dimen182
\pgf@path@lasty=\dimen183
)
(c:/texlive/2025/texmf-dist/tex/generic/pgf/basiclayer/pgfcorepathusage.code.te
x
File: pgfcorepathusage.code.tex 2025-08-29 v3.1.11a (3.1.11a)
\pgf@shorten@end@additional=\dimen184
\pgf@shorten@start@additional=\dimen185
) (c:/texlive/2025/texmf-dist/tex/generic/pgf/basiclayer/pgfcorescopes.code.tex
File: pgfcorescopes.code.tex 2025-08-29 v3.1.11a (3.1.11a)
\pgfpic=\box55
\pgf@hbox=\box56
\pgf@layerbox@main=\box57
\pgf@picture@serial@count=\count320
)
(c:/texlive/2025/texmf-dist/tex/generic/pgf/basiclayer/pgfcoregraphicstate.code
.tex
File: pgfcoregraphicstate.code.tex 2025-08-29 v3.1.11a (3.1.11a)
\pgflinewidth=\dimen186
)
(c:/texlive/2025/texmf-dist/tex/generic/pgf/basiclayer/pgfcoretransformations.c
ode.tex
File: pgfcoretransformations.code.tex 2025-08-29 v3.1.11a (3.1.11a)
\pgf@pt@x=\dimen187
\pgf@pt@y=\dimen188
\pgf@pt@temp=\dimen189
) (c:/texlive/2025/texmf-dist/tex/generic/pgf/basiclayer/pgfcorequick.code.tex
File: pgfcorequick.code.tex 2025-08-29 v3.1.11a (3.1.11a)
) (c:/texlive/2025/texmf-dist/tex/generic/pgf/basiclayer/pgfcoreobjects.code.te
x
File: pgfcoreobjects.code.tex 2025-08-29 v3.1.11a (3.1.11a)
)
(c:/texlive/2025/texmf-dist/tex/generic/pgf/basiclayer/pgfcorepathprocessing.co
de.tex
File: pgfcorepathprocessing.code.tex 2025-08-29 v3.1.11a (3.1.11a)
) (c:/texlive/2025/texmf-dist/tex/generic/pgf/basiclayer/pgfcorearrows.code.tex
File: pgfcorearrows.code.tex 2025-08-29 v3.1.11a (3.1.11a)
\pgfarrowsep=\dimen190
) (c:/texlive/2025/texmf-dist/tex/generic/pgf/basiclayer/pgfcoreshade.code.tex
File: pgfcoreshade.code.tex 2025-08-29 v3.1.11a (3.1.11a)
\pgf@max=\dimen191
\pgf@sys@shading@range@num=\count321
\pgf@shadingcount=\count322
) (c:/texlive/2025/texmf-dist/tex/generic/pgf/basiclayer/pgfcoreimage.code.tex
File: pgfcoreimage.code.tex 2025-08-29 v3.1.11a (3.1.11a)
)
(c:/texlive/2025/texmf-dist/tex/generic/pgf/basiclayer/pgfcoreexternal.code.tex
File: pgfcoreexternal.code.tex 2025-08-29 v3.1.11a (3.1.11a)
\pgfexternal@startupbox=\box58
) (c:/texlive/2025/texmf-dist/tex/generic/pgf/basiclayer/pgfcorelayers.code.tex
File: pgfcorelayers.code.tex 2025-08-29 v3.1.11a (3.1.11a)
)
(c:/texlive/2025/texmf-dist/tex/generic/pgf/basiclayer/pgfcoretransparency.code
.tex
File: pgfcoretransparency.code.tex 2025-08-29 v3.1.11a (3.1.11a)
)
(c:/texlive/2025/texmf-dist/tex/generic/pgf/basiclayer/pgfcorepatterns.code.tex
File: pgfcorepatterns.code.tex 2025-08-29 v3.1.11a (3.1.11a)
) (c:/texlive/2025/texmf-dist/tex/generic/pgf/basiclayer/pgfcorerdf.code.tex
File: pgfcorerdf.code.tex 2025-08-29 v3.1.11a (3.1.11a)
))) (c:/texlive/2025/texmf-dist/tex/generic/pgf/modules/pgfmoduleshapes.code.te
x
File: pgfmoduleshapes.code.tex 2025-08-29 v3.1.11a (3.1.11a)
\pgfnodeparttextbox=\box59
) (c:/texlive/2025/texmf-dist/tex/generic/pgf/modules/pgfmoduleplot.code.tex
File: pgfmoduleplot.code.tex 2025-08-29 v3.1.11a (3.1.11a)
)
(c:/texlive/2025/texmf-dist/tex/latex/pgf/compatibility/pgfcomp-version-0-65.st
y
Package: pgfcomp-version-0-65 2025-08-29 v3.1.11a (3.1.11a)
\pgf@nodesepstart=\dimen192
\pgf@nodesepend=\dimen193
)
(c:/texlive/2025/texmf-dist/tex/latex/pgf/compatibility/pgfcomp-version-1-18.st
y
Package: pgfcomp-version-1-18 2025-08-29 v3.1.11a (3.1.11a)
)) (c:/texlive/2025/texmf-dist/tex/latex/pgf/utilities/pgffor.sty (c:/texlive/2
025/texmf-dist/tex/latex/pgf/utilities/pgfkeys.sty (c:/texlive/2025/texmf-dist/
tex/generic/pgf/utilities/pgfkeys.code.tex)) (c:/texlive/2025/texmf-dist/tex/la
tex/pgf/math/pgfmath.sty (c:/texlive/2025/texmf-dist/tex/generic/pgf/math/pgfma
th.code.tex)) (c:/texlive/2025/texmf-dist/tex/generic/pgf/utilities/pgffor.code
.tex
Package: pgffor 2025-08-29 v3.1.11a (3.1.11a)
\pgffor@iter=\dimen194
\pgffor@skip=\dimen195
\pgffor@stack=\toks31
\pgffor@toks=\toks32
)) (c:/texlive/2025/texmf-dist/tex/generic/pgf/frontendlayer/tikz/tikz.code.tex
Package: tikz 2025-08-29 v3.1.11a (3.1.11a)

(c:/texlive/2025/texmf-dist/tex/generic/pgf/libraries/pgflibraryplothandlers.co
de.tex
File: pgflibraryplothandlers.code.tex 2025-08-29 v3.1.11a (3.1.11a)
\pgf@plot@mark@count=\count323
\pgfplotmarksize=\dimen196
)
\tikz@lastx=\dimen197
\tikz@lasty=\dimen198
\tikz@lastxsaved=\dimen199
\tikz@lastysaved=\dimen256
\tikz@lastmovetox=\dimen257
\tikz@lastmovetoy=\dimen258
\tikzleveldistance=\dimen259
\tikzsiblingdistance=\dimen260
\tikz@figbox=\box60
\tikz@figbox@bg=\box61
\tikz@tempbox=\box62
\tikz@tempbox@bg=\box63
\tikztreelevel=\count324
\tikznumberofchildren=\count325
\tikznumberofcurrentchild=\count326
\tikz@fig@count=\count327
(c:/texlive/2025/texmf-dist/tex/generic/pgf/modules/pgfmodulematrix.code.tex
File: pgfmodulematrix.code.tex 2025-08-29 v3.1.11a (3.1.11a)
\pgfmatrixcurrentrow=\count328
\pgfmatrixcurrentcolumn=\count329
\pgf@matrix@numberofcolumns=\count330
)
\tikz@expandcount=\count331

(c:/texlive/2025/texmf-dist/tex/generic/pgf/frontendlayer/tikz/libraries/tikzli
brarytopaths.code.tex
File: tikzlibrarytopaths.code.tex 2025-08-29 v3.1.11a (3.1.11a)
)))
(c:/texlive/2025/texmf-dist/tex/generic/pgf/frontendlayer/tikz/libraries/tikzli
braryshapes.geometric.code.tex
File: tikzlibraryshapes.geometric.code.tex 2025-08-29 v3.1.11a (3.1.11a)

(c:/texlive/2025/texmf-dist/tex/generic/pgf/libraries/shapes/pgflibraryshapes.g
eometric.code.tex
File: pgflibraryshapes.geometric.code.tex 2025-08-29 v3.1.11a (3.1.11a)
)) (c:/texlive/2025/texmf-dist/tex/latex/tikz-bbox/pgflibrarybbox.code.tex (c:/
texlive/2025/texmf-dist/tex/generic/pgf/libraries/pgflibraryfpu.code.tex))
(c:/texlive/2025/texmf-dist/tex/generic/pgf/frontendlayer/tikz/libraries/tikzli
brarycalc.code.tex
File: tikzlibrarycalc.code.tex 2025-08-29 v3.1.11a (3.1.11a)
) (c:/texlive/2025/texmf-dist/tex/latex/tcolorbox/tcolorbox.sty
Package: tcolorbox 2025/11/28 version 6.9.0 text color boxes
(c:/texlive/2025/texmf-dist/tex/latex/tools/verbatim.sty
Package: verbatim 2024-01-22 v1.5x LaTeX2e package for verbatim enhancements
\every@verbatim=\toks33
\verbatim@line=\toks34
\verbatim@in@stream=\read3
) (c:/texlive/2025/texmf-dist/tex/latex/environ/environ.sty
Package: environ 2014/05/04 v0.3 A new way to define environments
(c:/texlive/2025/texmf-dist/tex/latex/trimspaces/trimspaces.sty
Package: trimspaces 2009/09/17 v1.1 Trim spaces around a token list
)
\@envbody=\toks35
) (c:/texlive/2025/texmf-dist/tex/latex/etoolbox/etoolbox.sty
Package: etoolbox 2025/10/02 v2.5m e-TeX tools for LaTeX (JAW)
\etb@tempcnta=\count332
)
\tcb@titlebox=\box64
\tcb@upperbox=\box65
\tcb@lowerbox=\box66
\tcb@phantombox=\box67
\c@tcbbreakpart=\count333
\c@tcblayer=\count334
\c@tcolorbox@number=\count335
\l__tcobox_tmpa_box=\box68
\l__tcobox_tmpa_dim=\dimen261
\tcb@temp=\box69
\tcb@temp=\box70
\tcb@temp=\box71
\tcb@temp=\box72
) (c:/texlive/2025/texmf-dist/tex/latex/tcolorbox/tcbskins.code.tex
Library (tcolorbox): 'tcbskins.code.tex' version '6.9.0'
(c:/texlive/2025/texmf-dist/tex/latex/tikzfill/tikzfill.image.sty
Package: tikzfill.image 2023/08/08 v1.0.1 Image filling library for TikZ
(c:/texlive/2025/texmf-dist/tex/latex/tikzfill/tikzfill-common.sty
Package: tikzfill-common 2023/08/08 v1.0.1 Auxiliary code for tikzfill
) (c:/texlive/2025/texmf-dist/tex/latex/tikzfill/tikzlibraryfill.image.code.tex
File: tikzlibraryfill.image.code.tex 2023/08/08 v1.0.1 Image filling library
\l__tikzfill_img_box=\box73
)) (c:/texlive/2025/texmf-dist/tex/latex/tcolorbox/tcbskinsjigsaw.code.tex
Library (tcolorbox): 'tcbskinsjigsaw.code.tex' version '6.9.0'
))
\pictotmphauteuretoiles=\skip54
\pictotmpprofondeuretoiles=\skip55
\pictotmpoffsetetoiles=\skip56
\pictotmphauteurgradniv=\skip57
\totheightarrowbullseye=\skip58
\depthbullseye=\skip59
\unittkzbattery=\skip60
\tmpheightofcharstkzbattery=\skip61
\tmpdepthofcharstkzbattery=\skip62
\tmpraisevofkzbattery=\skip63
\pictowifitotheight=\skip64
\pictowifidepth=\skip65
\pictoskillheight=\skip66
\pictoskilldepth=\skip67
\pictopillheight=\skip68
\pictopilldepth=\skip69
\pictotrafficheight=\skip70
\pictotrafficdepth=\skip71
\tmptotalheightcurrenttext=\skip72
\tmpdepthcurrenttext=\skip73
\clippyunit=\skip74
\clippydepthunit=\skip75
\dragonb@total@height=\skip76
\dragonb@depth=\skip77
\difficultylevelsoffset=\skip78
\dragonbradar@total@height=\skip79
\dragonbradar@depth=\skip80
\tmpmystampbox=\box74
\radius@stamp@approved=\skip81
\width@text@vstretch@stamp@approved=\skip82

(c:/texlive/2025/texmf-dist/tex/generic/pgf/frontendlayer/tikz/libraries/tikzli
brarydecorations.code.tex
(c:/texlive/2025/texmf-dist/tex/generic/pgf/modules/pgfmoduledecorations.code.t
ex
\pgfdecoratedcompleteddistance=\dimen262
\pgfdecoratedremainingdistance=\dimen263
\pgfdecoratedinputsegmentcompleteddistance=\dimen264
\pgfdecoratedinputsegmentremainingdistance=\dimen265
\pgf@decorate@distancetomove=\dimen266
\pgf@decorate@repeatstate=\count336
\pgfdecorationsegmentamplitude=\dimen267
\pgfdecorationsegmentlength=\dimen268
)
\tikz@lib@dec@box=\box75
)
(c:/texlive/2025/texmf-dist/tex/generic/pgf/frontendlayer/tikz/libraries/tikzli
brarydecorations.text.code.tex
(c:/texlive/2025/texmf-dist/tex/generic/pgf/libraries/decorations/pgflibrarydec
orations.text.code.tex
\pgf@lib@dec@text@box=\box76
)
\tikz@lib@dec@te@box=\box77
)
\mylensmallstamp=\skip83
\mylensmallstampxinnerseptop=\skip84
\mylensmallstampxinnersepbottom=\skip85
\mylensmallstamptxtheight=\skip86
\mylensmallstamplogoheight=\skip87
\mylensmallstampbottomtxtheight=\skip88
\mylensmallstamptoptxtheight=\skip89
\mylensmallstamptxtlogoheight=\skip90
\tkzRingsHeight=\skip91
\tkzRingsDepth=\skip92
\tkzRingsFullHeight=\skip93
(c:/texlive/2025/texmf-dist/tex/latex/tikz-3dplot/tikz-3dplot.sty
(c:/texlive/2025/texmf-dist/tex/generic/pgf/frontendlayer/tikz/libraries/tikzli
brary3d.code.tex
File: tikzlibrary3d.code.tex 2025-08-29 v3.1.11a (3.1.11a)
)
(c:/texlive/2025/texmf-dist/tex/generic/pgf/frontendlayer/tikz/libraries/tikzli
braryarrows.code.tex
File: tikzlibraryarrows.code.tex 2025-08-29 v3.1.11a (3.1.11a)

(c:/texlive/2025/texmf-dist/tex/generic/pgf/libraries/pgflibraryarrows.code.tex
File: pgflibraryarrows.code.tex 2025-08-29 v3.1.11a (3.1.11a)
\arrowsize=\dimen269
)))
\tikrcfixedheight=\skip94
\tikrcfixedwidth=\skip95
\tikrcusedheight=\skip96
\tikrcusedwidth=\skip97
\tikrcuseddepth=\skip98
\widthprogressbartikz=\skip99
\depthprogressbartikz=\skip100
\heightprogressbartikz=\skip101
\tkzhairgkheight=\skip102
\tkzhairgkfullheight=\skip103
\tkzhairgkdepth=\skip104
\tkzdecothreedimheight=\skip105
\tkzdecothreedimdepth=\skip106
\tkzquestionblockheight=\skip107
\tkzquestionblockdepth=\skip108
\tkzbrickblockheight=\skip109
\tkzbrickblockdepth=\skip110
\tkzsimpleblockheight=\skip111
\tkzsimpleblockdepth=\skip112
\tkzchibihamsterheight=\skip113
\tkzchibihamsterdepth=\skip114
\tkzspidercabheight=\skip115
\tkzspidercabdepth=\skip116
\tkzdonutheight=\skip117
\tkzdonutdepth=\skip118

(c:/texlive/2025/texmf-dist/tex/generic/pgf/frontendlayer/tikz/libraries/tikzli
braryshadings.code.tex
File: tikzlibraryshadings.code.tex 2025-08-29 v3.1.11a (3.1.11a)

(c:/texlive/2025/texmf-dist/tex/generic/pgf/libraries/pgflibraryshadings.code.t
ex
File: pgflibraryshadings.code.tex 2025-08-29 v3.1.11a (3.1.11a)
))
\tkzpoolballheight=\skip119
\tkzpoolballdepth=\skip120
\tmptkzexclaheight=\skip121
\tmptkzexcladepth=\skip122
) (c:/Users/cpier/OneDrive/latex/tex/latex/customenvs/tex/customenvs-exams.sty
Package: customenvs-exams 2025/11/08 0.1.5 customenvs for exam documents
(c:/texlive/2025/texmf-dist/tex/latex/varwidth/varwidth.sty
Package: varwidth 2009/03/30 ver 0.92;  Variable-width minipages
\@vwid@box=\box78
\sift@deathcycles=\count337
\@vwid@loff=\dimen270
\@vwid@roff=\dimen271
)
==> First Aid for varwidth.sty applied!
(c:/texlive/2025/texmf-dist/tex/latex/tabularray/tabularray.sty
Package: tabularray 2025-11-27 v2025C Typeset tabulars and arrays with LaTeX3
(c:/texlive/2025/texmf-dist/tex/latex/ninecolors/ninecolors.sty
Package: ninecolors 2022-02-13 v2022D Select colors with proper color contrast
)
\g__tblr_nohyper_int=\count338
\l__tblr_a_int=\count339
\l__tblr_c_int=\count340
\l__tblr_r_int=\count341
\l__tblr_d_dim=\dimen272
\l__tblr_h_dim=\dimen273
\l__tblr_o_dim=\dimen274
\l__tblr_p_dim=\dimen275
\l__tblr_q_dim=\dimen276
\l__tblr_r_dim=\dimen277
\l__tblr_s_dim=\dimen278
\l__tblr_t_dim=\dimen279
\l__tblr_v_dim=\dimen280
\l__tblr_w_dim=\dimen281
\l__tblr_a_box=\box79
\l__tblr_b_box=\box80
\l__tblr_c_box=\box81
\l__tblr_d_box=\box82
\c@tblrcount=\count342
\c@rownum=\count343
\c@colnum=\count344
\c@rowcount=\count345
\c@colcount=\count346
\abovesep=\dimen282
\belowsep=\dimen283
\leftsep=\dimen284
\rightsep=\dimen285
\gTblrLevelInt=\count347
\g__tblr_data_row_key_count_int=\count348
\g__tblr_data_column_key_count_int=\count349
\g__tblr_data_cell_key_count_int=\count350
\g__tblr_array_int=\count351
\l__tblr_key_count_int=\count352
\l__tblr_key_quotient_int=\count353
\l__tblr_key_quotient_two_int=\count354
\l__tblr_key_remainder_int=\count355
\g__tblr_data_str_value_count_int=\count356
\lTblrChildTotalInt=\count357
\lTblrChildHtotalInt=\count358
\lTblrChildVtotalInt=\count359
\l__child_diff_h_int=\count360
\l__child_diff_v_int=\count361
\l__child_sign_h_int=\count362
\l__child_sign_v_int=\count363
\l__child_step_int=\count364
\lTblrDefaultHruleWidthDim=\dimen286
\lTblrDefaultVruleWidthDim=\dimen287
\l__tblr_split_balance_int=\count365
\l__tblr_strut_dp_dim=\dimen288
\l__tblr_strut_ht_dim=\dimen289
\g__tblr_cell_wd_dim=\dimen290
\g__tblr_cell_ht_dim=\dimen291
\g__tblr_cell_head_dim=\dimen292
\g__tblr_cell_foot_dim=\dimen293
\l__tblr_measured_cell_box=\box83
\g__tblr_last_box=\box84
\l__tblr_temp_box=\box85
\l__tblr_column_target_dim=\dimen294
\l__tblr_hfuzz_dim=\dimen295
\l__tblr_caption_box=\box86
\l__tblr_caption_left_box=\box87
\lTblrRowHeadInt=\count366
\lTblrRowFootInt=\count367
\l__tblr_row_head_box=\box88
\l__tblr_row_foot_box=\box89
\l__tblr_row_head_foot_dim=\dimen296
\lTblrTableWidthDim=\dimen297
\l__tblr_table_firsthead_box=\box90
\l__tblr_table_middlehead_box=\box91
\l__tblr_table_lasthead_box=\box92
\l__tblr_table_firstfoot_box=\box93
\l__tblr_table_middlefoot_box=\box94
\l__tblr_table_lastfoot_box=\box95
\l__tblr_remain_height_dim=\dimen298
\l__tblr_next_rows_dim=\dimen299
\l__tblr_page_overfill_dim=\dimen300
\l__tblr_long_from_int=\count368
\l__tblr_long_to_int=\count369
\l__tblr_curr_i_int=\count370
\l__tblr_prev_i_int=\count371
\lTblrTablePageInt=\count372
\l__tblr_table_head_box=\box96
\l__tblr_table_foot_box=\box97
\l__tblr_table_head_foot_dim=\dimen301
\l__tblr_table_head_body_foot_dim=\dimen302
\l__tblr_table_box=\box98
\lTblrRowFirstInt=\count373
\lTblrRowLastInt=\count374
\l__tblr_cover_box_a_dim=\dimen303
\l__tblr_cover_box_b_dim=\dimen304
\l__tblr_table_hlines_box=\box99
\l__tblr_hline_box=\box100
\l__tblr_row_box=\box101
\l__tblr_col_o_wd_dim=\dimen305
\l__tblr_col_b_wd_dim=\dimen306
\l__tblr_hline_leftskip_dim=\dimen307
\l__tblr_hline_rightskip_dim=\dimen308
\l__tblr_row_ht_dim=\dimen309
\l__tblr_row_dp_dim=\dimen310
\l__tblr_row_abovesep_dim=\dimen311
\l__tblr_row_belowsep_dim=\dimen312
\l__tblr_row_vlines_box=\box102
\l__tblr_vline_box=\box103
\l__tblr_cell_box=\box104
\l__tblr_row_upper_dim=\dimen313
\l__tblr_row_lower_dim=\dimen314
\l__tblr_row_vpace_dim=\dimen315
\l__tblr_vline_aboveskip_dim=\dimen316
\l__tblr_vline_belowskip_dim=\dimen317
\lTblrCellRowSpanInt=\count375
\lTblrCellColSpanInt=\count376
\l__tblr_cell_wd_dim=\dimen318
\l__tblr_cell_ht_dim=\dimen319
\lTblrCellAboveBorderWidthDim=\dimen320
\lTblrCellBelowBorderWidthDim=\dimen321
\lTblrCellLeftBorderWidthDim=\dimen322
\lTblrCellRightBorderWidthDim=\dimen323
\l__tblr_diag_box=\box105
\l__tblr_cell_inner_wd_dim=\dimen324
\l__tblr_cell_inner_dp_dim=\dimen325
\l__tblr_cell_hanchor_dim=\dimen326
\l__tblr_last_cell_table_ht_dim=\dimen327
\l__tblr_last_cell_table_dp_dim=\dimen328
\l__tblr_last_vline_wd_dim=\dimen329
\l__tblr_tikz_node_box=\box106
) (c:/texlive/2025/texmf-dist/tex/generic/randomlist/randomlist.sty
Package: randomlist 2017/09/11 v1.3 Package for random list (JCC, CT)
(c:/texlive/2025/texmf-dist/tex/generic/randomlist/randomlist.tex
\RL@random=\count377
\RL@random@a=\count378
\RL@random@b=\count379
\@ListOfList=\toks36
\RL@counti=\count380
\RL@countii=\count381
\RL@countiii=\count382
\RL@hdle=\read4
)) (c:/texlive/2025/texmf-dist/tex/latex/tcolorbox/tcbbreakable.code.tex
Library (tcolorbox): 'tcbbreakable.code.tex' version '6.9.0'
(c:/texlive/2025/texmf-dist/tex/latex/pdfcol/pdfcol.sty
Package: pdfcol 2022-09-21 v1.7 Handle new color stacks for pdfTeX (HO)
(c:/texlive/2025/texmf-dist/tex/generic/ltxcmds/ltxcmds.sty
Package: ltxcmds 2023-12-04 v1.26 LaTeX kernel commands for general use (HO)
) (c:/texlive/2025/texmf-dist/tex/generic/infwarerr/infwarerr.sty
Package: infwarerr 2019/12/03 v1.5 Providing info/warning/error messages (HO)
))
Package pdfcol Info: New color stack `tcb@breakable' = 1 on input line 23.
\tcb@testbox=\box107
\tcb@totalupperbox=\box108
\tcb@totallowerbox=\box109
)
\cetmpheigheststring=\skip123
\cetmpheigheststringelt=\skip124
\my@cetmp@height@box=\box110
\c@numeroblocexo=\count383
\hauteurnumerocercle=\skip125
\eptraitblocexo=\skip126
\eptraitblocexospace=\skip127
\tcboxcalloutbarleftmargin=\skip128
\tcboxcalloutbarbarwidth=\skip129
(c:/texlive/2025/texmf-dist/tex/latex/tcolorbox/tcbraster.code.tex
Library (tcolorbox): 'tcbraster.code.tex' version '6.9.0'
\c@tcbrastercolumn=\count384
\c@tcbrasterrow=\count385
\c@tcbrasternum=\count386
\c@tcbraster=\count387
)
\c@tmprasterheight=\count388
\tmptitreexoboite=\skip130
) (c:/Users/cpier/OneDrive/latex/tex/latex/customenvs/tex/customenvs-icons.sty
Package: customenvs-icons 2025/11/08 v0.1.5 Subpackage customenvs-icons
\customenvsIconsDefaultTotalHeight=\skip131
\customenvsIconsDefaultHeight=\skip132
\customenvsIconsNormalHeight=\skip133
\customenvsIconsDefaultDepth=\skip134
) (c:/Users/cpier/OneDrive/latex/tex/latex/customenvs/tex/customenvs-macros.sty
Package: customenvs-macros 2025/12/22 0.1.2 Small macros, for several usages
\tmp@includegraphics@vfill@offset=\skip135
\tmpwideststring=\skip136
\tmpwideststringelt=\skip137
\my@tmp@width@box=\box111
\tmpheigheststring=\skip138
\tmpheigheststringelt=\skip139
\my@tmp@height@box=\box112
\my@var@height@of=\skip140
\my@var@width@of=\skip141
\my@fixed@height@of=\skip142
\my@fixed@width@of=\skip143
\tmp@box@to@fit@h=\box113
\tmp@box@to@fit@v=\box114
)
(c:/Users/cpier/OneDrive/latex/tex/latex/customenvs/tex/customenvs-mathpictos.s
ty
Package: customenvs-mathpictos 2025/11/08 v0.1c Pictograms math
\l__cemaththeme_pageoffset_int=\count389
\l__cemaththeme_mainpage_int=\count390
) (c:/texlive/2025/texmf-dist/tex/latex/enumitem/enumitem.sty
Package: enumitem 2025/02/06 v3.11 Customized lists
\enitkv@toks@=\toks37
\labelindent=\skip144
\enit@outerparindent=\dimen330
\enit@toks=\toks38
\enit@inbox=\box115
\enit@count@id=\count391
\enitdp@description=\count392
) (c:/texlive/2025/texmf-dist/tex/latex/twemojis/twemojis.sty
Package: twemojis 2022/03/30 v1.3.1 LaTeX twemojis (twemoji v14.0.1)
\twemojiDefaultHeight=\skip145
) (c:/texlive/2025/texmf-dist/tex/latex/tools/multicol.sty
Package: multicol 2025/10/21 v2.0b multicolumn formatting (FMi)
\c@tracingmulticols=\count393
\mult@box=\box116
\multicol@leftmargin=\dimen331
\c@unbalance=\count394
\c@collectmore=\count395
\doublecol@number=\count396
\multicoltolerance=\count397
\multicolpretolerance=\count398
\full@width=\dimen332
\page@free=\dimen333
\premulticols=\dimen334
\postmulticols=\dimen335
\multicolsep=\skip146
\multicolbaselineskip=\skip147
\partial@page=\box117
\last@line=\box118
\mc@boxedresult=\box119
\maxbalancingoverflow=\dimen336
\mult@rightbox=\box120
\mult@grightbox=\box121
\mult@firstbox=\box122
\mult@gfirstbox=\box123
\@tempa=\box124
\@tempa=\box125
\@tempa=\box126
\@tempa=\box127
\@tempa=\box128
\@tempa=\box129
\@tempa=\box130
\@tempa=\box131
\@tempa=\box132
\@tempa=\box133
\@tempa=\box134
\@tempa=\box135
\@tempa=\box136
\@tempa=\box137
\@tempa=\box138
\@tempa=\box139
\@tempa=\box140
\@tempa=\box141
\@tempa=\box142
\@tempa=\box143
\@tempa=\box144
\@tempa=\box145
\@tempa=\box146
\@tempa=\box147
\@tempa=\box148
\@tempa=\box149
\@tempa=\box150
\@tempa=\box151
\@tempa=\box152
\@tempa=\box153
\@tempa=\box154
\@tempa=\box155
\@tempa=\box156
\@tempa=\box157
\@tempa=\box158
\@tempa=\box159
\c@minrows=\count399
\c@columnbadness=\count400
\c@finalcolumnbadness=\count401
\last@try=\dimen337
\multicolovershoot=\dimen338
\multicolundershoot=\dimen339
\mult@nat@firstbox=\box160
\colbreak@box=\box161
\mc@col@check@num=\count402
\g__mc_curr_col_int=\count403
) (c:/texlive/2025/texmf-dist/tex/latex/oberdiek/settobox.sty
Package: settobox 2016/05/16 v1.5 Assign box dimensions to length registers (HO
)
) (c:/texlive/2025/texmf-dist/tex/latex/adjustbox/adjustbox.sty
Package: adjustbox 2025/02/26 v1.3c Adjusting TeX boxes (trim, clip, ...)
(c:/texlive/2025/texmf-dist/tex/latex/adjustbox/adjcalc.sty
Package: adjcalc 2012/05/16 v1.1 Provides advanced setlength with multiple back
-ends (calc, etex, pgfmath)
) (c:/texlive/2025/texmf-dist/tex/latex/adjustbox/trimclip.sty
Package: trimclip 2025/02/21 v1.2a Trim and clip general TeX material
(c:/texlive/2025/texmf-dist/tex/latex/collectbox/collectbox.sty
Package: collectbox 2022/10/17 v0.4c Collect macro arguments as boxes
\collectedbox=\box162
)
\tc@llx=\dimen340
\tc@lly=\dimen341
\tc@urx=\dimen342
\tc@ury=\dimen343
Package trimclip Info: Using driver 'tc-luatex.def'.
(c:/texlive/2025/texmf-dist/tex/latex/adjustbox/tc-luatex.def
File: tc-luatex.def 2025/02/26 v1.1 Clipping driver for luatex
(c:/texlive/2025/texmf-dist/tex/latex/adjustbox/tc-pdftex.def
File: tc-pdftex.def 2025/02/26 v2.3 Clipping driver for pdftex
)))
\adjbox@Width=\dimen344
\adjbox@Height=\dimen345
\adjbox@Depth=\dimen346
\adjbox@Totalheight=\dimen347
\adjbox@pwidth=\dimen348
\adjbox@pheight=\dimen349
\adjbox@pdepth=\dimen350
\adjbox@ptotalheight=\dimen351
(c:/texlive/2025/texmf-dist/tex/latex/ifoddpage/ifoddpage.sty
Package: ifoddpage 2022/10/18 v1.2 Conditionals for odd/even page detection
\c@checkoddpage=\count404
)) (c:/Users/cpier/OneDrive/latex/tex/latex/inlinegraphicx/tex/inlinegraphicx.s
ty
Package: inlinegraphicx 2025-08-25 v0.2.0 Insert inline graphicx with LaTeX3
\g_totheight_inlinegraphicx_dim=\dimen352
\g_depth_inlinegraphicx_dim=\dimen353
\g_inlinedepthgraphicx_scale_dim=\dimen354
)
(c:/texlive/2025/texmf-dist/tex/generic/pgf/frontendlayer/tikz/libraries/tikzli
brarydecorations.pathmorphing.code.tex
(c:/texlive/2025/texmf-dist/tex/generic/pgf/libraries/decorations/pgflibrarydec
orations.pathmorphing.code.tex))
(c:/texlive/2025/texmf-dist/tex/generic/pgf/frontendlayer/tikz/libraries/tikzli
brarypositioning.code.tex
File: tikzlibrarypositioning.code.tex 2025-08-29 v3.1.11a (3.1.11a)
)
(c:/texlive/2025/texmf-dist/tex/generic/pgf/frontendlayer/tikz/libraries/tikzli
braryshapes.misc.code.tex
File: tikzlibraryshapes.misc.code.tex 2025-08-29 v3.1.11a (3.1.11a)

(c:/texlive/2025/texmf-dist/tex/generic/pgf/libraries/shapes/pgflibraryshapes.m
isc.code.tex
File: pgflibraryshapes.misc.code.tex 2025-08-29 v3.1.11a (3.1.11a)
))
(c:/texlive/2025/texmf-dist/tex/generic/pgf/frontendlayer/tikz/libraries/tikzli
brarybabel.code.tex
File: tikzlibrarybabel.code.tex 2025-08-29 v3.1.11a (3.1.11a)
) (c:/texlive/2025/texmf-dist/tex/latex/fontawesome5/fontawesome5.sty
Package: fontawesome5 2022/05/02 v5.15.4 Font Awesome 5
(c:/texlive/2025/texmf-dist/tex/latex/l3packages/l3keys2e/l3keys2e.sty
Package: l3keys2e 2025-10-09 LaTeX2e option processing using LaTeX3 keys
)
(c:/texlive/2025/texmf-dist/tex/latex/fontawesome5/fontawesome5-utex-helper.sty
Package: fontawesome5-utex-helper 2022/05/02 v5.15.4 uTeX helper for fontawesom
e5
(c:/texlive/2025/texmf-dist/tex/luatex/luatexbase/luatexbase.sty
Package: luatexbase 2015/10/04 v1.3 luatexbase interface to LuaTeX 
(c:/texlive/2025/texmf-dist/tex/luatex/ctablestack/ctablestack.sty
Package: ctablestack 2015/10/01 v1.0 Catcode table stable support
\@catcodetablestackcnt=\count405
)
\CatcodeTableOther=\catcodetable14
\CatcodeTableExpl=\catcodetable15
)
LaTeX Font Info:    Trying to load font information for TU+fontawesomefree on i
nput line 69.
(c:/texlive/2025/texmf-dist/tex/latex/fontawesome5/tufontawesomefree.fd)
LaTeX Font Info:    Trying to load font information for TU+fontawesomebrands on
 input line 70.
(c:/texlive/2025/texmf-dist/tex/latex/fontawesome5/tufontawesomebrands.fd)))
\centeraltbef=\skip148
\centeraltbeh=\skip149
\largstarsempty=\skip150
\largstarsmid=\skip151
\largstarfull=\skip152
\largmaxstars=\skip153
\tmphauteuretoiles=\skip154
\tmpprofondeuretoiles=\skip155
\tmpoffsetetoiles=\skip156
\c@numeroexo=\count406
\eptraitexo=\skip157
\eptraitexospace=\skip158
\tmp@image@hauteur@totale=\skip159
\tmp@image@profondeur=\skip160
\tmptitreexohauteurtotale=\skip161
\tmptitreexoprofondeur=\skip162
\c@numeroexoalt=\count407
\tmpheightbox=\skip163
\WidthofSMS=\skip164
\HeightofSMS=\skip165
\OffsetofSMS=\skip166
\WidthofSMSavatar=\skip167
\MarginofSMSavatar=\skip168
\tmpheightnbcircbox=\skip169
\tmpdepthnbcircbox=\skip170
\tmp@tkzbanner@autowidthtype=\skip171
\tmp@tkzbanner@autowidthnum=\skip172
\tmp@tkzbanner@marginoffsetbanner=\skip173
\tmp@tkzbanner@autowidth=\skip174

(c:/texlive/2025/texmf-dist/tex/generic/pgf/libraries/pgflibraryarrows.meta.cod
e.tex
File: pgflibraryarrows.meta.code.tex 2025-08-29 v3.1.11a (3.1.11a)
\pgfarrowinset=\dimen355
\pgfarrowlength=\dimen356
\pgfarrowwidth=\dimen357
\pgfarrowlinewidth=\dimen358
)
\PanoTorouteStretch=\skip175
\PanoTorouteOffsetArrow=\skip176
\tmphautbannsold=\skip177
\tmphautbannsoldextra=\skip178
\tmplargbannsold=\skip179
\tmplargasold=\skip180
\tmplargbsold=\skip181
\tmplargtotsold=\skip182
\tmpoffsetbannsold=\skip183
\tmphautlignesol=\skip184
\tmphautsoles=\skip185
\skilwheelradius=\skip186
\tmphauteurgradniv=\skip187
\tmphauteurspeedom=\skip188
\tmpmybox=\box163
\tmpmywidthbox=\skip189
\tmpmytotheightbox=\skip190
\tmpfixedwidth=\skip191
\tmp@tkzbanneralt@height=\skip192
\tmp@tkzbanneralt@autowidthtype=\skip193
\tmp@tkzbanneralt@autowidthnum=\skip194
\tmp@tkzbanneralt@marginoffsetbanner=\skip195
\tmp@tkzbanneralt@autowidth=\skip196
\tmp@tkzbanneralt@txtheight=\skip197
\tmp@tkzbanneralt@txtmarginhblock=\skip198
\tmp@tkzbanneralt@txtheightsmall=\skip199
\tmp@tkzbanneralt@txtheightbig=\skip256
\tmp@tkzbanneralt@titlewidth=\skip257
\WidthofWa=\skip258
\HeightofWa=\skip259
\HeightMarginDate=\skip260
\l_tikz_ornaments_linewidth_dim=\dimen359
\l_tikz_ornaments_vsize_dim=\dimen360
\l_tikz_ornaments_hsize_dim=\dimen361
\l_tikz_ornaments_border_dim=\dimen362
\g_tcbox_forum_post_offset_dim=\dimen363
\g_tcbox_forum_post_heightpseudo_dim=\dimen364
\g_tcbox_forum_post_left_margin=\dimen365
\g_tcbox_forum_post_width_avatar_dim=\dimen366
\g_tcbox_forum_post_trideco_dim=\dimen367
\stylejrtitleheight=\skip261
\stylejrheighttextleft=\skip262
\stylejrheighttextright=\skip263
\stylejrwidthleftpart=\skip264
\stylejrmargincenter=\skip265
\stylejrwidthrightpart=\skip266
\stylejrvoffsetrightpart=\skip267
\tcboardwidth=\skip268
\tcboardbottomwidth=\skip269
\tcboardpenwidth=\skip270
\tcboardpenheight=\skip271
\tcboardthick=\skip272
\tmpheightboxnumber=\skip273
\tmpshadowoffsetboxnumber=\skip274
\tmpwidthboxnumber=\skip275
\tikzkeyboardfullwidth=\skip276
\tikzkeyboardlw=\skip277
\tikzkeyboardgap=\skip278
\tikzkeyboardfnwidth=\skip279
\tikzkeyboardsize=\skip280
\tikzkeyboardmidwidth=\skip281
\tikzkeyboardbackspace=\skip282
\tikzkeyboardstar=\skip283
\tikzkeyboardenter=\skip284
\tikzkeyboardrightmaj=\skip285
\tikzkeyboardspace=\skip286
\tikzkeyboardarrows=\skip287
\tcboxspiraleradius=\skip288
\tcboxspiralehsep=\skip289
) (c:/texlive/2025/texmf-dist/tex/latex/tools/xspace.sty
Package: xspace 2014/10/28 v1.13 Space after command names (DPC,MH)
) (c:/texlive/2025/texmf-dist/tex/latex/tools/tabularx.sty
Package: tabularx 2023/12/11 v2.12a `tabularx' package (DPC)
(c:/texlive/2025/texmf-dist/tex/latex/tools/array.sty
Package: array 2025/09/25 v2.6n Tabular extension package (FMi)
\col@sep=\dimen368
\ar@mcellbox=\box164
\extrarowheight=\dimen369
\NC@list=\toks39
\extratabsurround=\skip290
\backup@length=\skip291
\ar@cellbox=\box165
)
\TX@col@width=\dimen370
\TX@old@table=\dimen371
\TX@old@col=\dimen372
\TX@target=\dimen373
\TX@delta=\dimen374
\TX@cols=\count408
\TX@ftn=\toks40
) (c:/texlive/2025/texmf-dist/tex/generic/soul/soul.sty
Package: soul 2023-06-14 v3.1 Permit use of UTF-8 characters in soul (HO)
(c:/texlive/2025/texmf-dist/tex/generic/soul/soul-ori.sty
Package: soul-ori 2023-06-14 v3.1 letterspacing/underlining (mf)
\SOUL@word=\toks41
\SOUL@lasttoken=\toks42
\SOUL@syllable=\toks43
\SOUL@cmds=\toks44
\SOUL@buffer=\toks45
\SOUL@token=\toks46
\SOUL@syllgoal=\dimen375
\SOUL@syllwidth=\dimen376
\SOUL@charkern=\dimen377
\SOUL@hyphkern=\dimen378
\SOUL@dimen=\dimen379
\SOUL@dimeni=\dimen380
\SOUL@minus=\count409
\SOUL@comma=\count410
\SOUL@apo=\count411
\SOUL@grave=\count412
\SOUL@spaceskip=\skip292
\SOUL@ttwidth=\dimen381
\SOUL@uldp=\dimen382
\SOUL@ulht=\dimen383
) (c:/texlive/2025/texmf-dist/tex/generic/etexcmds/etexcmds.sty
Package: etexcmds 2019/12/15 v1.7 Avoid name clashes with e-TeX commands (HO)
)) (c:/texlive/2025/texmf-dist/tex/latex/codehigh/codehigh.sty
Package: codehigh 2025-02-21 v2025C Highlight codes and demos with l3regex and 
lpeg
(c:/texlive/2025/texmf-dist/tex/generic/catchfile/catchfile.sty
Package: catchfile 2019/12/09 v1.8 Catch the contents of a file (HO)
)
\l__cdhh_a_int=\count413
\l__cdhh_b_int=\count414
\l__cdhh_main_boxsep_dim=\dimen384
\g__cdhh_code_box=\box166
\g__cdhh_demo_box=\box167
\l__cdhh_latex_rule_count_int=\count415
\l__cdhh_latex/math_rule_count_int=\count416
\l__cdhh_latex/table_rule_count_int=\count417
\l__cdhh_latex/latex2_rule_count_int=\count418
\l__cdhh_latex/latex3_rule_count_int=\count419
\l__cdhh_item_count_int=\count420
) (c:/texlive/2025/texmf-dist/tex/latex/lipsum/lipsum.sty
Package: lipsum 2021-09-20 v2.7 150 paragraphs of Lorem Ipsum dummy text
\g__lipsum_par_int=\count421
\l__lipsum_a_int=\count422
\l__lipsum_b_int=\count423
(c:/texlive/2025/texmf-dist/tex/latex/lipsum/lipsum.ltd.tex)) (c:/texlive/2025/
texmf-dist/tex/latex/fancyvrb/fancyvrb.sty
Package: fancyvrb 2025/07/28 4.6 verbatim text (tvz,hv)
\FV@CodeLineNo=\count424
\FV@InFile=\read5
\FV@TabBox=\box168
\c@FancyVerbLine=\count425
\FV@StepNumber=\count426
\FV@OutFile=\write4
) (c:/texlive/2025/texmf-dist/tex/latex/fancyhdr/fancyhdr.sty
Package: fancyhdr 2025/02/07 v5.2 Extensive control of page headers and footers

\f@nch@headwidth=\skip293
\f@nch@offset@elh=\skip294
\f@nch@offset@erh=\skip295
\f@nch@offset@olh=\skip296
\f@nch@offset@orh=\skip297
\f@nch@offset@elf=\skip298
\f@nch@offset@erf=\skip299
\f@nch@offset@olf=\skip300
\f@nch@offset@orf=\skip301
\f@nch@height=\skip302
\f@nch@footalignment=\skip303
\f@nch@widthL=\skip304
\f@nch@widthC=\skip305
\f@nch@widthR=\skip306
\@temptokenb=\toks47
) (c:/texlive/2025/texmf-dist/tex/generic/hologo/hologo.sty
Package: hologo 2025-11-11 v1.16 A logo collection with bookmark support (HO)
(c:/texlive/2025/texmf-dist/tex/latex/kvsetkeys/kvsetkeys.sty
Package: kvsetkeys 2022-10-05 v1.19 Key value parser (HO)
) (c:/texlive/2025/texmf-dist/tex/generic/kvdefinekeys/kvdefinekeys.sty
Package: kvdefinekeys 2019-12-19 v1.6 Define keys (HO)
) (c:/texlive/2025/texmf-dist/tex/generic/pdftexcmds/pdftexcmds.sty
Package: pdftexcmds 2020-06-27 v0.33 Utility functions of pdfTeX for LuaTeX (HO
)
Package pdftexcmds Info: \pdf@primitive is available.
Package pdftexcmds Info: \pdf@ifprimitive is available.
Package pdftexcmds Info: \pdfdraftmode found.
\pdftexcmds@toks=\toks48
)) (c:/texlive/2025/texmf-dist/tex/latex/hyperref/hyperref.sty
Package: hyperref 2025-07-12 v7.01o Hypertext links for LaTeX
(c:/texlive/2025/texmf-dist/tex/generic/pdfescape/pdfescape.sty
Package: pdfescape 2019/12/09 v1.15 Implements pdfTeX's escape features (HO)
) (c:/texlive/2025/texmf-dist/tex/latex/hycolor/hycolor.sty
Package: hycolor 2020-01-27 v1.10 Color options for hyperref/bookmark (HO)
) (c:/texlive/2025/texmf-dist/tex/latex/hyperref/nameref.sty
Package: nameref 2025-06-21 v2.57 Cross-referencing by name of section
(c:/texlive/2025/texmf-dist/tex/latex/refcount/refcount.sty
Package: refcount 2019/12/15 v3.6 Data extraction from label references (HO)
) (c:/texlive/2025/texmf-dist/tex/generic/gettitlestring/gettitlestring.sty
Package: gettitlestring 2019/12/15 v1.6 Cleanup title references (HO)
(c:/texlive/2025/texmf-dist/tex/latex/kvoptions/kvoptions.sty
Package: kvoptions 2022-06-15 v3.15 Key value format for package options (HO)
))
\c@section@level=\count427
) (c:/texlive/2025/texmf-dist/tex/generic/stringenc/stringenc.sty
Package: stringenc 2019/11/29 v1.12 Convert strings between diff. encodings (HO
)
)
\@linkdim=\dimen385
\Hy@linkcounter=\count428
\Hy@pagecounter=\count429
(c:/texlive/2025/texmf-dist/tex/latex/hyperref/pd1enc.def
File: pd1enc.def 2025-07-12 v7.01o Hyperref: PDFDocEncoding definition (HO)
) (c:/texlive/2025/texmf-dist/tex/generic/intcalc/intcalc.sty
Package: intcalc 2019/12/15 v1.3 Expandable calculations with integers (HO)
)
\Hy@SavedSpaceFactor=\count430
(c:/texlive/2025/texmf-dist/tex/latex/hyperref/puenc.def
File: puenc.def 2025-07-12 v7.01o Hyperref: PDF Unicode definition (HO)
)
Package hyperref Info: Hyper figures OFF on input line 4195.
Package hyperref Info: Link nesting OFF on input line 4200.
Package hyperref Info: Hyper index ON on input line 4203.
Package hyperref Info: Plain pages OFF on input line 4210.
Package hyperref Info: Backreferencing OFF on input line 4215.
Package hyperref Info: Implicit mode ON; LaTeX internals redefined.
Package hyperref Info: Bookmarks ON on input line 4462.
\c@Hy@tempcnt=\count431
(c:/texlive/2025/texmf-dist/tex/latex/url/url.sty
\Urlmuskip=\muskip17
Package: url 2013/09/16  ver 3.4  Verb mode for urls, etc.
)
LaTeX Info: Redefining \url on input line 4801.
\XeTeXLinkMargin=\dimen386
(c:/texlive/2025/texmf-dist/tex/generic/bitset/bitset.sty
Package: bitset 2019/12/09 v1.3 Handle bit-vector datatype (HO)
(c:/texlive/2025/texmf-dist/tex/generic/bigintcalc/bigintcalc.sty
Package: bigintcalc 2019/12/15 v1.5 Expandable calculations on big integers (HO
)
))
\Fld@menulength=\count432
\Field@Width=\dimen387
\Fld@charsize=\dimen388
Package hyperref Info: Hyper figures OFF on input line 6078.
Package hyperref Info: Link nesting OFF on input line 6083.
Package hyperref Info: Hyper index ON on input line 6086.
Package hyperref Info: backreferencing OFF on input line 6093.
Package hyperref Info: Link coloring OFF on input line 6098.
Package hyperref Info: Link coloring with OCG OFF on input line 6103.
Package hyperref Info: PDF/A mode OFF on input line 6108.
\Hy@abspage=\count433
\c@Item=\count434
\c@Hfootnote=\count435
)
Package hyperref Info: Driver (autodetected): hluatex.
(c:/texlive/2025/texmf-dist/tex/latex/hyperref/hluatex.def
File: hluatex.def 2025-07-12 v7.01o Hyperref driver for luaTeX
\Fld@listcount=\count436
\c@bookmark@seq@number=\count437
(c:/texlive/2025/texmf-dist/tex/latex/rerunfilecheck/rerunfilecheck.sty
Package: rerunfilecheck 2025-06-21 v1.11 Rerun checks for auxiliary files (HO)
(c:/texlive/2025/texmf-dist/tex/generic/uniquecounter/uniquecounter.sty
Package: uniquecounter 2019/12/15 v1.4 Provide unlimited unique counter (HO)
)
Package uniquecounter Info: New unique counter `rerunfilecheck' on input line 2
84.
)
\Hy@SectionHShift=\skip307
) (c:/texlive/2025/texmf-dist/tex/latex/geometry/geometry.sty
Package: geometry 2020/01/02 v5.9 Page Geometry
(c:/texlive/2025/texmf-dist/tex/generic/iftex/ifvtex.sty
Package: ifvtex 2019/10/25 v1.7 ifvtex legacy package. Use iftex instead.
)
\Gm@cnth=\count438
\Gm@cntv=\count439
\c@Gm@tempcnt=\count440
\Gm@bindingoffset=\dimen389
\Gm@wd@mp=\dimen390
\Gm@odd@mp=\dimen391
\Gm@even@mp=\dimen392
\Gm@layoutwidth=\dimen393
\Gm@layoutheight=\dimen394
\Gm@layouthoffset=\dimen395
\Gm@layoutvoffset=\dimen396
\Gm@dimlist=\toks49
) (c:/texlive/2025/texmf-dist/tex/latex/contour/contour.sty
Package: contour 2004/11/18 v2.14 Print contoured text (HH, MH)
\con@length=\skip308
Loading configuration file `contour.cfg'.
(c:/texlive/2025/texmf-dist/tex/latex/contour/contour.cfg
File: contour.cfg 2004/11/18 v2.14 Print contoured text (HH, MH)
)
contour: Using driver file `dvips.cnt'.
(c:/texlive/2025/texmf-dist/tex/latex/contour/dvips.cnt
File: dvips.cnt 2004/11/18 v2.14 Print contoured text (HH, MH)
)) (c:/texlive/2025/texmf-dist/tex/generic/babel/babel.sty
Package: babel 2025/12/30 v25.18 The multilingual framework for LuaLaTeX, pdfLa
TeX and XeLaTeX
(c:/texlive/2025/texmf-dist/tex/generic/babel/luababel.def
\bbl@readstream=\read6
\l@dumylang=\language2
Package babel Info: Non-standard hyphenation setup on input line 118.
\l@nohyphenation=\language3
\l@german-x-2024-02-28=\language4
\l@ngerman-x-2024-02-28=\language5
\l@afrikaans=\language6
\l@albanian=\language7
\l@ancientgreek=\language8
\l@ibycus=\language9
\l@arabic=\language10
\l@armenian=\language11
\l@basque=\language12
\l@belarusian=\language13
\l@bulgarian=\language14
\l@catalan=\language15
\l@pinyin=\language16
\l@churchslavonic=\language17
\l@coptic=\language18
\l@croatian=\language19
\l@czech=\language20
\l@danish=\language21
\l@dutch=\language22
\l@ukenglish=\language23
\l@usenglishmax=\language24
\l@esperanto=\language25
\l@estonian=\language26
\l@ethiopic=\language27
\l@farsi=\language28
\l@finnish=\language29
\l@schoolfinnish=\language30
\l@french=\language31
\l@friulan=\language32
\l@galician=\language33
\l@georgian=\language34
\l@german=\language35
\l@ngerman=\language36
\l@swissgerman=\language37
\l@greek=\language38
\l@monogreek=\language39
\l@hebrew=\language40
\l@hungarian=\language41
\l@icelandic=\language42
\l@assamese=\language43
\l@bengali=\language44
\l@gujarati=\language45
\l@hindi=\language46
\l@kannada=\language47
\l@malayalam=\language48
\l@marathi=\language49
\l@oriya=\language50
\l@pali=\language51
\l@panjabi=\language52
\l@tamil=\language53
\l@telugu=\language54
\l@indonesian=\language55
\l@interlingua=\language56
\l@irish=\language57
\l@italian=\language58
\l@kurmanji=\language59
\l@classiclatin=\language60
\l@latin=\language61
\l@liturgicallatin=\language62
\l@latvian=\language63
\l@lithuanian=\language64
\l@macedonian=\language65
\l@mongolian=\language66
\l@mongolianlmc=\language67
\l@bokmal=\language68
\l@nynorsk=\language69
\l@occitan=\language70
\l@piedmontese=\language71
\l@polish=\language72
\l@portuguese=\language73
\l@romanian=\language74
\l@romansh=\language75
\l@russian=\language76
\l@sanskrit=\language77
\l@serbian=\language78
\l@serbianc=\language79
\l@slovak=\language80
\l@slovenian=\language81
\l@spanish=\language82
\l@swedish=\language83
\l@thai=\language84
\l@turkish=\language85
\l@turkmen=\language86
\l@ukrainian=\language87
\l@uppersorbian=\language88
\l@vietnamese=\language89
\l@welsh=\language90
\babelcatcodetablenum=\catcodetable16
\bbl@pattcodes=\catcodetable17
)
\babel@savecnt=\count441
LaTeX Encoding Info:    Redeclaring text command \ij (encoding OT1) on input li
ne 2068.
LaTeX Encoding Info:    Redeclaring text command \IJ (encoding OT1) on input li
ne 2070.
LaTeX Encoding Info:    Redeclaring text command \ij (encoding T1) on input lin
e 2072.
LaTeX Encoding Info:    Redeclaring text command \IJ (encoding T1) on input lin
e 2073.
LaTeX Encoding Info:    Ignoring declaration for text command \ij (encoding ?) 
on input line 2074.
LaTeX Encoding Info:    Ignoring declaration for text command \IJ (encoding ?) 
on input line 2076.
LaTeX Encoding Info:    Ignoring declaration for text command \SS (encoding ?) 
on input line 2101.
\U@D=\dimen397
\l@unhyphenated=\language91
(c:/texlive/2025/texmf-dist/tex/generic/babel/luababel.def
\bbl@attr@locale=\attribute4
) (c:/texlive/2025/texmf-dist/tex/generic/babel/locale/en/babel-english.tex)
Package babel Info: Importing font and identification data for english
(babel)             from babel-en.ini. Reported on input line 4321.
(c:/texlive/2025/texmf-dist/tex/generic/babel-english/english.ldf
Language: english 2017/06/06 v3.3r English support from the babel system
Package babel Info: Hyphen rules for 'canadian' set to \l@english
(babel)             (\language0). Reported on input line 102.
Package babel Info: Hyphen rules for 'australian' set to \l@ukenglish
(babel)             (\language23). Reported on input line 105.
Package babel Info: Hyphen rules for 'newzealand' set to \l@ukenglish
(babel)             (\language23). Reported on input line 108.
)) (./customenvs-doc-en.aux)
\openout1 = customenvs-doc-en.aux

LaTeX Font Info:    Checking defaults for OML/cmm/m/it on input line 49.
LaTeX Font Info:    ... okay on input line 49.
LaTeX Font Info:    Checking defaults for OMS/cmsy/m/n on input line 49.
LaTeX Font Info:    ... okay on input line 49.
LaTeX Font Info:    Checking defaults for OT1/cmr/m/n on input line 49.
LaTeX Font Info:    ... okay on input line 49.
LaTeX Font Info:    Checking defaults for T1/cmr/m/n on input line 49.
LaTeX Font Info:    ... okay on input line 49.
LaTeX Font Info:    Checking defaults for TS1/cmr/m/n on input line 49.
LaTeX Font Info:    ... okay on input line 49.
LaTeX Font Info:    Checking defaults for TU/lmr/m/n on input line 49.
LaTeX Font Info:    ... okay on input line 49.
LaTeX Font Info:    Checking defaults for OMX/cmex/m/n on input line 49.
LaTeX Font Info:    ... okay on input line 49.
LaTeX Font Info:    Checking defaults for U/cmr/m/n on input line 49.
LaTeX Font Info:    ... okay on input line 49.
LaTeX Font Info:    Checking defaults for PD1/pdf/m/n on input line 49.
LaTeX Font Info:    ... okay on input line 49.
LaTeX Font Info:    Checking defaults for PU/pdf/m/n on input line 49.
LaTeX Font Info:    ... okay on input line 49.

Package fontspec Info: 
(fontspec)             Adjusting the maths setup (use [no-math] to avoid
(fontspec)             this).

\symlegacymaths=\mathgroup4
LaTeX Font Info:    Overwriting symbol font `legacymaths' in version `bold'
(Font)                  OT1/cmr/m/n --> OT1/cmr/bx/n on input line 49.
LaTeX Font Info:    Redeclaring math accent \acute on input line 49.
LaTeX Font Info:    Redeclaring math accent \grave on input line 49.
LaTeX Font Info:    Redeclaring math accent \ddot on input line 49.
LaTeX Font Info:    Redeclaring math accent \tilde on input line 49.
LaTeX Font Info:    Redeclaring math accent \bar on input line 49.
LaTeX Font Info:    Redeclaring math accent \breve on input line 49.
LaTeX Font Info:    Redeclaring math accent \check on input line 49.
LaTeX Font Info:    Redeclaring math accent \hat on input line 49.
LaTeX Font Info:    Redeclaring math accent \dot on input line 49.
LaTeX Font Info:    Redeclaring math accent \mathring on input line 49.
LaTeX Font Info:    Redeclaring math symbol \colon on input line 49.
LaTeX Font Info:    Redeclaring math symbol \Gamma on input line 49.
LaTeX Font Info:    Redeclaring math symbol \Delta on input line 49.
LaTeX Font Info:    Redeclaring math symbol \Theta on input line 49.
LaTeX Font Info:    Redeclaring math symbol \Lambda on input line 49.
LaTeX Font Info:    Redeclaring math symbol \Xi on input line 49.
LaTeX Font Info:    Redeclaring math symbol \Pi on input line 49.
LaTeX Font Info:    Redeclaring math symbol \Sigma on input line 49.
LaTeX Font Info:    Redeclaring math symbol \Upsilon on input line 49.
LaTeX Font Info:    Redeclaring math symbol \Phi on input line 49.
LaTeX Font Info:    Redeclaring math symbol \Psi on input line 49.
LaTeX Font Info:    Redeclaring math symbol \Omega on input line 49.
LaTeX Font Info:    Redeclaring math symbol \mathdollar on input line 49.
LaTeX Font Info:    Redeclaring symbol font `operators' on input line 49.
LaTeX Font Info:    Encoding `OT1' has changed to `TU' for symbol font
(Font)              `operators' in the math version `normal' on input line 49.
LaTeX Font Info:    Overwriting symbol font `operators' in version `normal'
(Font)                  OT1/cmr/m/n --> TU/lmr/m/n on input line 49.
LaTeX Font Info:    Encoding `OT1' has changed to `TU' for symbol font
(Font)              `operators' in the math version `bold' on input line 49.
LaTeX Font Info:    Overwriting symbol font `operators' in version `bold'
(Font)                  OT1/cmr/bx/n --> TU/lmr/m/n on input line 49.
LaTeX Font Info:    Overwriting symbol font `operators' in version `normal'
(Font)                  TU/lmr/m/n --> TU/lmr/m/n on input line 49.
LaTeX Font Info:    Overwriting math alphabet `\mathit' in version `normal'
(Font)                  OT1/cmr/m/it --> TU/lmr/m/it on input line 49.
LaTeX Font Info:    Overwriting math alphabet `\mathbf' in version `normal'
(Font)                  OT1/cmr/bx/n --> TU/lmr/b/n on input line 49.
LaTeX Font Info:    Overwriting math alphabet `\mathsf' in version `normal'
(Font)                  OT1/cmss/m/n --> TU/Cabin(0)/m/n on input line 49.
LaTeX Font Info:    Overwriting math alphabet `\mathtt' in version `normal'
(Font)                  OT1/cmtt/m/n --> TU/lmtt/m/n on input line 49.
LaTeX Font Info:    Overwriting symbol font `operators' in version `bold'
(Font)                  TU/lmr/m/n --> TU/lmr/b/n on input line 49.
LaTeX Font Info:    Overwriting math alphabet `\mathit' in version `bold'
(Font)                  OT1/cmr/bx/it --> TU/lmr/b/it on input line 49.
LaTeX Font Info:    Overwriting math alphabet `\mathsf' in version `bold'
(Font)                  OT1/cmss/bx/n --> TU/Cabin(0)/b/n on input line 49.
LaTeX Font Info:    Overwriting math alphabet `\mathtt' in version `bold'
(Font)                  OT1/cmtt/m/n --> TU/lmtt/b/n on input line 49.
(c:/texlive/2025/texmf-dist/tex/context/base/mkii/supp-pdf.mkii
[Loading MPS to PDF converter (version 2006.09.02).]
\scratchcounter=\count442
\scratchdimen=\dimen398
\scratchbox=\box169
\nofMPsegments=\count443
\nofMParguments=\count444
\everyMPshowfont=\toks50
\MPscratchCnt=\count445
\MPscratchDim=\dimen399
\MPnumerator=\count446
\makeMPintoPDFobject=\count447
\everyMPtoPDFconversion=\toks51
) (c:/texlive/2025/texmf-dist/tex/latex/epstopdf-pkg/epstopdf-base.sty
Package: epstopdf-base 2020-01-24 v2.11 Base part for package epstopdf
Package epstopdf-base Info: Redefining graphics rule for `.eps' on input line 4
85.
(c:/texlive/2025/texmf-dist/tex/latex/latexconfig/epstopdf-sys.cfg
File: epstopdf-sys.cfg 2010/07/13 v1.3 Configuration of (r)epstopdf for TeX Liv
e
))
Package hyperref Info: Link coloring OFF on input line 49.
(./customenvs-doc-en.out) (./customenvs-doc-en.out)
\@outlinefile=\write5

\openout5 = customenvs-doc-en.out
*geometry* driver: auto-detecting
*geometry* detected driver: luatex
*geometry* verbose mode - [ preamble ] result:
* driver: luatex
* paper: a4paper
* layout: <same size as paper>
* layoutoffset:(h,v)=(0.0pt,0.0pt)
* modes: 
* h-part:(L,W,R)=(42.67912pt, 512.14963pt, 42.67912pt)
* v-part:(T,H,B)=(42.67912pt, 759.6886pt, 42.67912pt)
* \paperwidth=597.50787pt
* \paperheight=845.04684pt
* \textwidth=512.14963pt
* \textheight=759.6886pt
* \oddsidemargin=-29.59087pt
* \evensidemargin=-29.59087pt
* \topmargin=-66.59087pt
* \headheight=12.0pt
* \headsep=25.0pt
* \topskip=11.0pt
* \footskip=30.0pt
* \marginparwidth=50.0pt
* \marginparsep=10.0pt
* \columnsep=10.0pt
* \skip\footins=10.0pt plus 4.0pt minus 2.0pt
* \hoffset=0.0pt
* \voffset=0.0pt
* \mag=1000
* \@twocolumnfalse
* \@twosidefalse
* \@mparswitchfalse
* \@reversemarginfalse
* (1in=72.27pt=25.4mm, 1cm=28.453pt)

LaTeX Font Info:    External font `cmex10' loaded for size
(Font)              <10.95> on input line 60.
LaTeX Font Info:    External font `cmex10' loaded for size
(Font)              <8> on input line 60.
LaTeX Font Info:    External font `cmex10' loaded for size
(Font)              <6> on input line 60.
LaTeX Font Info:    External font `cmex10' loaded for size
(Font)              <9> on input line 79.
LaTeX Font Info:    External font `cmex10' loaded for size
(Font)              <5> on input line 79.
(./customenvs-doc-en.toc [1

{c:/texlive/2025/texmf-var/fonts/map/pdftex/updmap/pdftex.map}])
\tf@toc=\write6

\openout6 = customenvs-doc-en.toc
LaTeX Font Info:    Font shape `TU/Cabin(0)/m/n' will be
(Font)              scaled to size 10.95pt on input line 120.
LaTeX Font Info:    Font shape `TU/Cabin(0)/m/n' will be
(Font)              scaled to size 10.0pt on input line 198.
[2] [3] [4]
LaTeX Font Info:    Font shape `TU/Cabin(0)/m/n' will be
(Font)              scaled to size 14.4pt on input line 294.
LaTeX Font Info:    Font shape `TU/Cabin(0)/b/n' will be
(Font)              scaled to size 14.4pt on input line 294.
[5
Missing character: There is no ] (U+005D) in font nullfont!
Missing character: There is no ] (U+005D) in font nullfont!
Missing character: There is no ] (U+005D) in font nullfont!
Missing character: There is no ] (U+005D) in font nullfont!
Missing character: There is no ] (U+005D) in font nullfont!
Missing character: There is no ] (U+005D) in font nullfont!
Missing character: There is no ] (U+005D) in font nullfont!
Missing character: There is no ] (U+005D) in font nullfont!
Missing character: There is no ] (U+005D) in font nullfont!
]
<ce-educationvectors-all.pdf, id=255, page=32, 803.0pt x 803.0pt>
File: ce-educationvectors-all.pdf Graphic file (type pdf)
<use ce-educationvectors-all.pdf, page 32>
Package luatex.def Info: ce-educationvectors-all.pdf , page32 used on input lin
e 320.
(luatex.def)             Requested size: 21.83444pt x 21.84465pt.
File: ce-educationvectors-all.pdf Graphic file (type pdf)
<use ce-educationvectors-all.pdf, page 32>
Package luatex.def Info: ce-educationvectors-all.pdf , page32 used on input lin
e 320.
(luatex.def)             Requested size: 16.98235pt x 16.99304pt.
<ce-designvectors-all.pdf, id=256, page=2, 497.86pt x 497.86pt>
File: ce-designvectors-all.pdf Graphic file (type pdf)
<use ce-designvectors-all.pdf, page 2>
Package luatex.def Info: ce-designvectors-all.pdf , page2 used on input line 32
4.
(luatex.def)             Requested size: 56.89944pt x 56.9055pt.
<ce-mathsymbols-all.pdf, id=257, page=44, 602.25pt x 602.25pt>
File: ce-mathsymbols-all.pdf Graphic file (type pdf)
<use ce-mathsymbols-all.pdf, page 44>
Package luatex.def Info: ce-mathsymbols-all.pdf , page44 used on input line 328
.
(luatex.def)             Requested size: 72.26688pt x 72.26999pt.
[6<c:/Users/cpier/OneDrive/latex/tex/latex/customenvs/tex/ce-educationvectors-al
l.pdf><c:/Users/cpier/OneDrive/latex/tex/latex/customenvs/tex/ce-designvectors-a
ll.pdf><c:/Users/cpier/OneDrive/latex/tex/latex/customenvs/tex/ce-mathsymbols-al
l.pdf>] [7] [8] [9] [10]
LaTeX Font Info:    Font shape `TU/Cabin(0)/b/n' will be
(Font)              scaled to size 10.95pt on input line 567.
[11] [12] [13]
<android.png, id=329, 410.53375pt x 481.8pt>
File: android.png Graphic file (type png)
<use android.png>
Package luatex.def Info: android.png  used on input line 700.
(luatex.def)             Requested size: 5.78815pt x 6.8pt.
LaTeX Font Info:    Font shape `TU/Cabin(0)/m/n' will be
(Font)              scaled to size 8.0pt on input line 700.
File: android.png Graphic file (type png)
<use android.png>
Package luatex.def Info: android.png  used on input line 700.
(luatex.def)             Requested size: 5.78815pt x 6.8pt.
File: android.png Graphic file (type png)
<use android.png>
Package luatex.def Info: android.png  used on input line 700.
(luatex.def)             Requested size: 5.78815pt x 6.8pt.
LaTeX Font Info:    External font `cmex10' loaded for size
(Font)              <7> on input line 700.
LaTeX Font Info:    Font shape `TU/Cabin(0)/m/n' will be
(Font)              scaled to size 7.0pt on input line 700.
LaTeX Font Info:    Font shape `TU/Cabin(0)/m/n' will be
(Font)              scaled to size 5.0pt on input line 700.
File: android.png Graphic file (type png)
<use android.png>
Package luatex.def Info: android.png  used on input line 700.
(luatex.def)             Requested size: 5.78815pt x 6.8pt.
File: android.png Graphic file (type png)
<use android.png>
Package luatex.def Info: android.png  used on input line 700.
(luatex.def)             Requested size: 12.12128pt x 14.22636pt.
LaTeX Font Info:    Font shape `TU/Cabin(0)/m/n' will be
(Font)              scaled to size 12.0pt on input line 700.
LaTeX Font Info:    Font shape `TU/Cabin(0)/b/n' will be
(Font)              scaled to size 12.0pt on input line 700.
LaTeX Font Info:    Font shape `TU/Cabin(0)/m/n' will be
(Font)              scaled to size 6.0pt on input line 700.
[14] [15<c:/Users/cpier/OneDrive/latex/tex/latex/divers/logos/android.png>]
Overfull \hbox (3.18137pt too wide) in paragraph at lines 716--717
\TU/lmr/m/n/10.95 Un style type \TU/lmr/m/it/10.95 What-sApp \TU/lmr/m/n/10.95 
est égale-ment disponible, avec un fonc-tion-nement sim-i-laire à celui prése
nté précédem-
 []

Missing character: There is no 	 (U+0009) in font [lmmono10-regular]:!
Missing character: There is no 	 (U+0009) in font [lmmono10-regular]:!
Missing character: There is no 	 (U+0009) in font [lmmono10-regular]:!
Missing character: There is no 	 (U+0009) in font [lmmono10-regular]:!
Missing character: There is no 	 (U+0009) in font [lmmono10-regular]:!
Missing character: There is no 	 (U+0009) in font [lmmono10-regular]:!
Missing character: There is no 	 (U+0009) in font [lmmono10-regular]:!
Missing character: There is no 	 (U+0009) in font [lmmono10-regular]:!
Missing character: There is no 	 (U+0009) in font [lmmono10-regular]:!
Missing character: There is no 	 (U+0009) in font [lmmono10-regular]:!
Missing character: There is no 	 (U+0009) in font [lmmono10-regular]:!
Missing character: There is no 	 (U+0009) in font [lmmono10-regular]:!
Missing character: There is no 	 (U+0009) in font [lmmono10-regular]:!
Missing character: There is no 	 (U+0009) in font [lmmono10-regular]:!
Missing character: There is no 	 (U+0009) in font [lmmono10-regular]:!
Missing character: There is no 	 (U+0009) in font [lmmono10-regular]:!
Missing character: There is no 	 (U+0009) in font [lmmono10-regular]:!
Missing character: There is no 	 (U+0009) in font [lmmono10-regular]:!
Missing character: There is no 	 (U+0009) in font [lmmono10-regular]:!
Missing character: There is no 	 (U+0009) in font [lmmono10-regular]:!
Missing character: There is no 	 (U+0009) in font [lmmono10-regular]:!
Missing character: There is no 	 (U+0009) in font [lmmono10-regular]:!
Missing character: There is no 	 (U+0009) in font [lmmono10-regular]:!
Missing character: There is no 	 (U+0009) in font [lmmono10-regular]:!
Missing character: There is no 	 (U+0009) in font [lmmono10-regular]:!
Missing character: There is no 	 (U+0009) in font [lmmono10-regular]:!
Missing character: There is no 	 (U+0009) in font [lmmono10-regular]:!
Missing character: There is no 	 (U+0009) in font [lmmono10-regular]:!
Missing character: There is no 	 (U+0009) in font [lmmono10-regular]:!
Missing character: There is no 	 (U+0009) in font [lmmono10-regular]:!
Missing character: There is no 	 (U+0009) in font [lmmono10-regular]:!
Missing character: There is no 	 (U+0009) in font [lmmono10-regular]:!
[16]
Missing character: There is no 	 (U+0009) in font [lmmono10-regular]:!
Missing character: There is no 	 (U+0009) in font [lmmono10-regular]:!
Missing character: There is no 	 (U+0009) in font [lmmono10-regular]:!
Missing character: There is no 	 (U+0009) in font [lmmono10-regular]:!
Missing character: There is no 	 (U+0009) in font [lmmono10-regular]:!
Missing character: There is no 	 (U+0009) in font [lmmono10-regular]:!
Missing character: There is no 	 (U+0009) in font [lmmono10-regular]:!
Missing character: There is no 	 (U+0009) in font [lmmono10-regular]:!
Missing character: There is no 	 (U+0009) in font [lmmono10-regular]:!
Missing character: There is no 	 (U+0009) in font [lmmono10-regular]:!
Missing character: There is no 	 (U+0009) in font [lmmono10-regular]:!
Missing character: There is no 	 (U+0009) in font [lmmono10-regular]:!
Missing character: There is no 	 (U+0009) in font [lmmono10-regular]:!
Missing character: There is no 	 (U+0009) in font [lmmono10-regular]:!
Missing character: There is no 	 (U+0009) in font [lmmono10-regular]:!
Missing character: There is no 	 (U+0009) in font [lmmono10-regular]:!
Missing character: There is no 	 (U+0009) in font [lmmono10-regular]:!
Missing character: There is no 	 (U+0009) in font [lmmono10-regular]:!
Missing character: There is no 	 (U+0009) in font [lmmono10-regular]:!
Missing character: There is no 	 (U+0009) in font [lmmono10-regular]:!
Missing character: There is no 	 (U+0009) in font [lmmono10-regular]:!
Missing character: There is no 	 (U+0009) in font [lmmono10-regular]:!
Missing character: There is no 	 (U+0009) in font [lmmono10-regular]:!
Missing character: There is no 	 (U+0009) in font [lmmono10-regular]:!
Missing character: There is no 	 (U+0009) in font [lmmono10-regular]:!
Missing character: There is no 	 (U+0009) in font [lmmono10-regular]:!
Missing character: There is no 	 (U+0009) in font [lmmono10-regular]:!
Missing character: There is no 	 (U+0009) in font [lmmono10-regular]:!
Missing character: There is no 	 (U+0009) in font [lmmono10-regular]:!
Missing character: There is no 	 (U+0009) in font [lmmono10-regular]:!
Missing character: There is no 	 (U+0009) in font [lmmono10-regular]:!
Missing character: There is no 	 (U+0009) in font [lmmono10-regular]:!
<avatar.png, id=359, 658.46pt x 658.46pt>
File: avatar.png Graphic file (type png)
<use avatar.png>
Package luatex.def Info: avatar.png  used on input line 758.
(luatex.def)             Requested size: 14.21689pt x 14.22636pt.
[17
Missing character: There is no 	 (U+0009) in font [lmmono10-regular]:!
Missing character: There is no 	 (U+0009) in font [lmmono10-regular]:!
Missing character: There is no 	 (U+0009) in font [lmmono10-regular]:!
Missing character: There is no 	 (U+0009) in font [lmmono10-regular]:!
Missing character: There is no 	 (U+0009) in font [lmmono10-regular]:!
Missing character: There is no 	 (U+0009) in font [lmmono10-regular]:!
Missing character: There is no 	 (U+0009) in font [lmmono10-regular]:!
Missing character: There is no 	 (U+0009) in font [lmmono10-regular]:!
Missing character: There is no 	 (U+0009) in font [lmmono10-regular]:!
Missing character: There is no 	 (U+0009) in font [lmmono10-regular]:!
Missing character: There is no 	 (U+0009) in font [lmmono10-regular]:!
Missing character: There is no 	 (U+0009) in font [lmmono10-regular]:!
Missing character: There is no 	 (U+0009) in font [lmmono10-regular]:!
Missing character: There is no 	 (U+0009) in font [lmmono10-regular]:!
Missing character: There is no 	 (U+0009) in font [lmmono10-regular]:!
Missing character: There is no 	 (U+0009) in font [lmmono10-regular]:!
<c:/Users/cpier/OneDrive/latex/tex/latex/divers/logos/avatar.png>] [18] [19] [2
0]
<example-image.png, id=385, 401.5pt x 301.125pt>
File: example-image.png Graphic file (type png)
<use example-image.png>
Package luatex.def Info: example-image.png  used on input line 1056.
(luatex.def)             Requested size: 151.75064pt x 113.81102pt.
contour: Using 16 copies for `$\pi $' on input line 1056.
contour: Using 16 copies for `Pythagore' on input line 1056.
[21]
Underfull \hbox (badness 10000) in paragraph at lines 1064--1064
[][]  [][]\TU/lmtt/m/n/10.95 \draw[][] (IMGTEST.north west) node[][][[][]draw,th
ick,red,inner sep=0.5mm,below
 []


Underfull \hbox (badness 10000) detected at line 1064
[][]  [][]\TU/lmtt/m/n/10.95 \draw[][] (IMGTEST.north west) node[][][[][]draw,th
ick,red,inner sep=0.5mm,below
 []

<example-image-golden.pdf, id=393, 324.82053pt x 200.75pt>
File: example-image-golden.pdf Graphic file (type pdf)
<use example-image-golden.pdf>
Package luatex.def Info: example-image-golden.pdf  used on input line 1064.
(luatex.def)             Requested size: 230.20288pt x 142.26378pt.
LaTeX Font Info:    Font shape `TU/lmtt/bx/n' in size <24.88> not available
(Font)              Font shape `TU/lmtt/b/n' tried instead on input line 1064.
LaTeX Font Info:    Font shape `TU/Cabin(0)/m/n' will be
(Font)              scaled to size 17.28pt on input line 1064.
LaTeX Font Info:    Font shape `TU/Cabin(0)/b/n' will be
(Font)              scaled to size 17.28pt on input line 1064.

Overfull \hbox (5.74026pt too wide) in paragraph at lines 1064--1064
[][][][][][] 
 []

[22<c:/texlive/2025/texmf-dist/tex/latex/mwe/example-image.png><c:/texlive/2025/
texmf-dist/tex/latex/mwe/example-image-golden.pdf>]
\mytmpboxwidth=\skip309
LaTeX Font Info:    External font `cmex10' loaded for size
(Font)              <12> on input line 1123.
\mytmpboxwidthdelta=\skip310
\mytmpboxheight=\skip311
\mytmpboxtotheight=\skip312
\mytmpboxdepth=\skip313
[23] [24] (c:/texlive/2025/texmf-dist/tex/generic/hyph-utf8/loadhyph/loadhyph-l
a.tex UTF-8 Latin hyphenation patterns (c:/texlive/2025/texmf-dist/tex/generic/
hyph-utf8/patterns/tex/hyph-la.tex)) [25]
<vectorlogo-ctanlion.pdf, id=440, 1582.38725pt x 1399.19963pt>
File: vectorlogo-ctanlion.pdf Graphic file (type pdf)
<use vectorlogo-ctanlion.pdf>
Package luatex.def Info: vectorlogo-ctanlion.pdf  used on input line 1231.
(luatex.def)             Requested size: 29.91597pt x 26.46516pt.
LaTeX Font Info:    Font shape `TU/Cabin(0)/b/n' will be
(Font)              scaled to size 8.0pt on input line 1231.
Missing character: There is no 	 (U+0009) in font [lmmono10-regular]:!
Missing character: There is no 	 (U+0009) in font [lmmono10-regular]:!
Missing character: There is no 	 (U+0009) in font [lmmono10-regular]:!
Missing character: There is no 	 (U+0009) in font [lmmono10-regular]:!
Missing character: There is no 	 (U+0009) in font [lmmono10-regular]:!
Missing character: There is no 	 (U+0009) in font [lmmono10-regular]:!
Missing character: There is no 	 (U+0009) in font [lmmono10-regular]:!
Missing character: There is no 	 (U+0009) in font [lmmono10-regular]:!
File: vectorlogo-ctanlion.pdf Graphic file (type pdf)
<use vectorlogo-ctanlion.pdf>
Package luatex.def Info: vectorlogo-ctanlion.pdf  used on input line 1263.
(luatex.def)             Requested size: 29.91597pt x 26.46516pt.
LaTeX Font Info:    Font shape `TU/lmtt/bx/n' in size <10.95> not available
(Font)              Font shape `TU/lmtt/b/n' tried instead on input line 1263.
LaTeX Font Info:    Font shape `TU/lmtt/bx/n' in size <8> not available
(Font)              Font shape `TU/lmtt/b/n' tried instead on input line 1263.
[26
Missing character: There is no 	 (U+0009) in font [lmmono10-regular]:!
Missing character: There is no 	 (U+0009) in font [lmmono10-regular]:!
<c:/Users/cpier/OneDrive/latex/tex/latex/vectorlogos/tex/vectorlogo-ctanlion.pdf
>]
LaTeX Font Info:    Font shape `TU/CabinCondensed(0)/m/n' will be
(Font)              scaled to size 10.95pt on input line 1299.
LaTeX Font Info:    Font shape `TU/CabinCondensed(0)/b/n' will be
(Font)              scaled to size 10.95pt on input line 1299.
[27] [28] [29] (./customenvs-doc-en.aux)
 ***********
LaTeX2e <2025-11-01>
L3 programming layer <2025-12-29>
 ***********
Package rerunfilecheck Info: File `customenvs-doc-en.out' has not changed.
(rerunfilecheck)             Checksum: AE9EABAEA413DA3498664BFDE17B0AFD;5484.
)

Here is how much of LuaTeX's memory you used:
 64829 strings out of 476081
 195335,2848258 words of node,token memory allocated
 17071 words of node memory still in use:
   50 hlist, 4 vlist, 1 rule, 110 disc, 7 local_par, 4 math, 238 glue, 39 kern, 
9 penalty, 1100 glyph, 1269 attribute, 112 glue_spec, 636 attribute_list, 2 writ
e, 310 pdf_literal, 84 pdf_colorstack nodes
   avail lists: 1:61,2:29983,3:9676,4:1851,5:892,6:175,7:6156,8:118,9:2438,10:32
,11:334,12:13
 86057 multiletter control sequences out of 65536+600000
 104 fonts using 9903559 bytes
 132i,14n,149p,2827b,2282s stack positions out of 10000i,1000n,20000p,200000b,200000s

warning  (pdf backend): unreferenced destination with name 'matoc'
<c:/texlive/2025/texmf-dist/fonts/opentype/impallari/cabin/CabinCondensed-BoldCo
ndensed.otf><c:/texlive/2025/texmf-dist/fonts/opentype/public/lm/lmmonolt10-bold
.otf><c:/texlive/2025/texmf-dist/fonts/opentype/public/lm/lmroman6-regular.otf><
c:/texlive/2025/texmf-dist/fonts/opentype/public/fontawesome5/FontAwesome5Brands
-Regular-400.otf><c:/texlive/2025/texmf-dist/fonts/opentype/public/fontawesome5/
FontAwesome5Free-Solid-900.otf><c:/texlive/2025/texmf-dist/fonts/opentype/public
/lm/lmroman9-regular.otf><c:/texlive/2025/texmf-dist/fonts/opentype/public/lm/lm
roman17-regular.otf><c:/texlive/2025/texmf-dist/fonts/opentype/impallari/cabin/C
abin-Bold.otf><c:/texlive/2025/texmf-dist/fonts/opentype/public/lm/lmroman10-ita
lic.otf><c:/texlive/2025/texmf-dist/fonts/opentype/public/fontawesome5/FontAweso
me5Free-Regular-400.otf><c:/texlive/2025/texmf-dist/fonts/opentype/impallari/cab
in/Cabin-Regular.otf><c:/texlive/2025/texmf-dist/fonts/opentype/public/lm/lmroma
n10-regular.otf><c:/texlive/2025/texmf-dist/fonts/opentype/public/lm/lmroman10-b
old.otf><c:/texlive/2025/texmf-dist/fonts/opentype/public/lm/lmroman12-bold.otf>
<c:/texlive/2025/texmf-dist/fonts/opentype/public/lm/lmmono9-regular.otf><c:/tex
live/2025/texmf-dist/fonts/opentype/public/lm/lmmono10-regular.otf><c:/texlive/2
025/texmf-dist/fonts/opentype/public/lm/lmroman12-regular.otf><c:/texlive/2025/t
exmf-dist/fonts/opentype/public/lm/lmmono12-regular.otf><c:/texlive/2025/texmf-d
ist/fonts/type1/public/amsfonts/cm/cmex10.pfb><c:/texlive/2025/texmf-dist/fonts/
type1/public/amsfonts/cm/cmmi10.pfb><c:/texlive/2025/texmf-dist/fonts/type1/publ
ic/amsfonts/cm/cmmi8.pfb><c:/texlive/2025/texmf-dist/fonts/type1/public/amsfonts
/cm/cmr10.pfb><c:/texlive/2025/texmf-dist/fonts/type1/public/amsfonts/cm/cmr12.p
fb><c:/texlive/2025/texmf-dist/fonts/type1/public/amsfonts/cm/cmr8.pfb><c:/texli
ve/2025/texmf-dist/fonts/type1/public/amsfonts/cm/cmsy10.pfb><c:/texlive/2025/te
xmf-dist/fonts/type1/public/amsfonts/cm/cmsy7.pfb><c:/texlive/2025/texmf-dist/fo
nts/type1/public/amsfonts/cm/cmsy8.pfb>
Output written on customenvs-doc-en.pdf (29 pages, 1194901 bytes).

PDF statistics: 611 PDF objects out of 1000 (max. 8388607)
 494 compressed objects within 5 object streams
 83 named destinations out of 1000 (max. 131072)
 386 words of extra memory for PDF output out of 10000 (max. 100000000)

