This is pdfTeX, Version 3.141592653-2.6-1.40.28 (TeX Live 2025) (preloaded format=pdflatex 2026.1.1)  13 JAN 2026 12:43
entering extended mode
 \write18 enabled.
 %&-line parsing enabled.
**WriteOnGrid-doc-fr.tex
(./WriteOnGrid-doc-fr.tex
LaTeX2e <2025-11-01>
L3 programming layer <2025-12-29>
(c:/texlive/2025/texmf-dist/tex/latex/base/article.cls
Document Class: article 2025/01/22 v1.4n Standard LaTeX document class
(c:/texlive/2025/texmf-dist/tex/latex/base/size10.clo
File: size10.clo 2025/01/22 v1.4n Standard LaTeX file (size option)
)
\c@part=\count275
\c@section=\count276
\c@subsection=\count277
\c@subsubsection=\count278
\c@paragraph=\count279
\c@subparagraph=\count280
\c@figure=\count281
\c@table=\count282
\abovecaptionskip=\skip49
\belowcaptionskip=\skip50
\bibindent=\dimen148
) (c:/texlive/2025/texmf-dist/tex/generic/babel/babel.sty
Package: babel 2025/12/30 v25.18 The multilingual framework for LuaLaTeX, pdfLa
TeX and XeLaTeX
\babel@savecnt=\count283
LaTeX Encoding Info:    Redeclaring text command \ij (encoding OT1) on input li
ne 2068.
LaTeX Encoding Info:    Redeclaring text command \IJ (encoding OT1) on input li
ne 2070.
LaTeX Encoding Info:    Redeclaring text command \ij (encoding T1) on input lin
e 2072.
LaTeX Encoding Info:    Redeclaring text command \IJ (encoding T1) on input lin
e 2073.
LaTeX Encoding Info:    Ignoring declaration for text command \ij (encoding ?) 
on input line 2074.
LaTeX Encoding Info:    Ignoring declaration for text command \IJ (encoding ?) 
on input line 2076.
LaTeX Encoding Info:    Ignoring declaration for text command \SS (encoding ?) 
on input line 2101.
\U@D=\dimen149
\l@unhyphenated=\language90
(c:/texlive/2025/texmf-dist/tex/generic/babel/txtbabel.def)
\bbl@readstream=\read2
\bbl@dirlevel=\count284
(c:/texlive/2025/texmf-dist/tex/generic/babel/locale/fr/babel-french.tex)
Package babel Info: Importing font and identification data for french
(babel)             from babel-fr.ini. Reported on input line 4321.
(c:/texlive/2025/texmf-dist/tex/generic/babel-french/french.ldf
Language: french 2025-08-15 v4.0e French support from the babel system
(c:/texlive/2025/texmf-dist/tex/generic/babel-french/french3.ldf
Language: french 2025-08-15 v3.7e French support from the babel system
\FB@stdchar=\count285
Package babel Info: Making : an active character on input line 273.
Package babel Info: Making ; an active character on input line 274.
Package babel Info: Making ! an active character on input line 275.
Package babel Info: Making ? an active character on input line 276.
\FBguill@level=\count286
\FBold@everypar=\toks17
\FB@Mht=\dimen150
\mc@charclass=\count287
\mc@charfam=\count288
\mc@charslot=\count289
\std@mcc=\count290
\dec@mcc=\count291
\FB@pardim=\dimen151
\listindentFB=\dimen152
\descindentFB=\dimen153
\labelindentFB=\dimen154
\labelwidthFB=\dimen155
\leftmarginFB=\dimen156
\parindentFFN=\dimen157
\FBfnindent=\dimen158
))) (c:/texlive/2025/texmf-dist/tex/latex/carlisle/scalefnt.sty) (c:/texlive/20
25/texmf-dist/tex/latex/base/inputenc.sty
Package: inputenc 2024/02/08 v1.3d Input encoding file
\inpenc@prehook=\toks18
\inpenc@posthook=\toks19
) (c:/texlive/2025/texmf-dist/tex/latex/base/fontenc.sty
Package: fontenc 2025/07/18 v2.1d Standard LaTeX package
) (c:/Users/cpier/OneDrive/latex/tex/latex/writeongrid/tex/WriteOnGrid.sty
Package: WriteOnGrid 2026/01/13 v0.1.9 package to write on grid lines
(c:/texlive/2025/texmf-dist/tex/latex/pgf/frontendlayer/tikz.sty (c:/texlive/20
25/texmf-dist/tex/latex/pgf/basiclayer/pgf.sty (c:/texlive/2025/texmf-dist/tex/
latex/pgf/utilities/pgfrcs.sty (c:/texlive/2025/texmf-dist/tex/generic/pgf/util
ities/pgfutil-common.tex
\pgfutil@everybye=\toks20
\pgfutil@tempdima=\dimen159
\pgfutil@tempdimb=\dimen160
) (c:/texlive/2025/texmf-dist/tex/generic/pgf/utilities/pgfutil-latex.def
\pgfutil@abb=\box53
) (c:/texlive/2025/texmf-dist/tex/generic/pgf/utilities/pgfrcs.code.tex (c:/tex
live/2025/texmf-dist/tex/generic/pgf/pgf.revision.tex)
Package: pgfrcs 2025-08-29 v3.1.11a (3.1.11a)
))
Package: pgf 2025-08-29 v3.1.11a (3.1.11a)
(c:/texlive/2025/texmf-dist/tex/latex/pgf/basiclayer/pgfcore.sty (c:/texlive/20
25/texmf-dist/tex/latex/graphics/graphicx.sty
Package: graphicx 2024/12/31 v1.2e Enhanced LaTeX Graphics (DPC,SPQR)
(c:/texlive/2025/texmf-dist/tex/latex/graphics/keyval.sty
Package: keyval 2022/05/29 v1.15 key=value parser (DPC)
\KV@toks@=\toks21
) (c:/texlive/2025/texmf-dist/tex/latex/graphics/graphics.sty
Package: graphics 2024/08/06 v1.4g Standard LaTeX Graphics (DPC,SPQR)
(c:/texlive/2025/texmf-dist/tex/latex/graphics/trig.sty
Package: trig 2023/12/02 v1.11 sin cos tan (DPC)
) (c:/texlive/2025/texmf-dist/tex/latex/graphics-cfg/graphics.cfg
File: graphics.cfg 2016/06/04 v1.11 sample graphics configuration
)
Package graphics Info: Driver file: pdftex.def on input line 106.
(c:/texlive/2025/texmf-dist/tex/latex/graphics-def/pdftex.def
File: pdftex.def 2025/09/29 v1.2d Graphics/color driver for pdftex
))
\Gin@req@height=\dimen161
\Gin@req@width=\dimen162
) (c:/texlive/2025/texmf-dist/tex/latex/pgf/systemlayer/pgfsys.sty (c:/texlive/
2025/texmf-dist/tex/generic/pgf/systemlayer/pgfsys.code.tex
Package: pgfsys 2025-08-29 v3.1.11a (3.1.11a)
(c:/texlive/2025/texmf-dist/tex/generic/pgf/utilities/pgfkeys.code.tex
\pgfkeys@pathtoks=\toks22
\pgfkeys@temptoks=\toks23

(c:/texlive/2025/texmf-dist/tex/generic/pgf/utilities/pgfkeyslibraryfiltered.co
de.tex
\pgfkeys@tmptoks=\toks24
))
\pgf@x=\dimen163
\pgf@y=\dimen164
\pgf@xa=\dimen165
\pgf@ya=\dimen166
\pgf@xb=\dimen167
\pgf@yb=\dimen168
\pgf@xc=\dimen169
\pgf@yc=\dimen170
\pgf@xd=\dimen171
\pgf@yd=\dimen172
\w@pgf@writea=\write3
\r@pgf@reada=\read3
\c@pgf@counta=\count292
\c@pgf@countb=\count293
\c@pgf@countc=\count294
\c@pgf@countd=\count295
\t@pgf@toka=\toks25
\t@pgf@tokb=\toks26
\t@pgf@tokc=\toks27
\pgf@sys@id@count=\count296
(c:/texlive/2025/texmf-dist/tex/generic/pgf/systemlayer/pgf.cfg
File: pgf.cfg 2025-08-29 v3.1.11a (3.1.11a)
)
Driver file for pgf: pgfsys-pdftex.def
(c:/texlive/2025/texmf-dist/tex/generic/pgf/systemlayer/pgfsys-pdftex.def
File: pgfsys-pdftex.def 2025-08-29 v3.1.11a (3.1.11a)
(c:/texlive/2025/texmf-dist/tex/generic/pgf/systemlayer/pgfsys-common-pdf.def
File: pgfsys-common-pdf.def 2025-08-29 v3.1.11a (3.1.11a)
)))
(c:/texlive/2025/texmf-dist/tex/generic/pgf/systemlayer/pgfsyssoftpath.code.tex
File: pgfsyssoftpath.code.tex 2025-08-29 v3.1.11a (3.1.11a)
\pgfsyssoftpath@smallbuffer@items=\count297
\pgfsyssoftpath@bigbuffer@items=\count298
)
(c:/texlive/2025/texmf-dist/tex/generic/pgf/systemlayer/pgfsysprotocol.code.tex
File: pgfsysprotocol.code.tex 2025-08-29 v3.1.11a (3.1.11a)
)) (c:/texlive/2025/texmf-dist/tex/latex/xcolor/xcolor.sty
Package: xcolor 2024/09/29 v3.02 LaTeX color extensions (UK)
(c:/texlive/2025/texmf-dist/tex/latex/graphics-cfg/color.cfg
File: color.cfg 2016/01/02 v1.6 sample color configuration
)
Package xcolor Info: Driver file: pdftex.def on input line 274.
(c:/texlive/2025/texmf-dist/tex/latex/graphics/mathcolor.ltx)
Package xcolor Info: Model `cmy' substituted by `cmy0' on input line 1349.
Package xcolor Info: Model `hsb' substituted by `rgb' on input line 1353.
Package xcolor Info: Model `RGB' extended on input line 1365.
Package xcolor Info: Model `HTML' substituted by `rgb' on input line 1367.
Package xcolor Info: Model `Hsb' substituted by `hsb' on input line 1368.
Package xcolor Info: Model `tHsb' substituted by `hsb' on input line 1369.
Package xcolor Info: Model `HSB' substituted by `hsb' on input line 1370.
Package xcolor Info: Model `Gray' substituted by `gray' on input line 1371.
Package xcolor Info: Model `wave' substituted by `hsb' on input line 1372.
) (c:/texlive/2025/texmf-dist/tex/generic/pgf/basiclayer/pgfcore.code.tex
Package: pgfcore 2025-08-29 v3.1.11a (3.1.11a)
(c:/texlive/2025/texmf-dist/tex/generic/pgf/math/pgfmath.code.tex (c:/texlive/2
025/texmf-dist/tex/generic/pgf/math/pgfmathutil.code.tex) (c:/texlive/2025/texm
f-dist/tex/generic/pgf/math/pgfmathparser.code.tex
\pgfmath@dimen=\dimen173
\pgfmath@count=\count299
\pgfmath@box=\box54
\pgfmath@toks=\toks28
\pgfmath@stack@operand=\toks29
\pgfmath@stack@operation=\toks30
) (c:/texlive/2025/texmf-dist/tex/generic/pgf/math/pgfmathfunctions.code.tex)
(c:/texlive/2025/texmf-dist/tex/generic/pgf/math/pgfmathfunctions.basic.code.te
x)
(c:/texlive/2025/texmf-dist/tex/generic/pgf/math/pgfmathfunctions.trigonometric
.code.tex)
(c:/texlive/2025/texmf-dist/tex/generic/pgf/math/pgfmathfunctions.random.code.t
ex)
(c:/texlive/2025/texmf-dist/tex/generic/pgf/math/pgfmathfunctions.comparison.co
de.tex)
(c:/texlive/2025/texmf-dist/tex/generic/pgf/math/pgfmathfunctions.base.code.tex
)
(c:/texlive/2025/texmf-dist/tex/generic/pgf/math/pgfmathfunctions.round.code.te
x)
(c:/texlive/2025/texmf-dist/tex/generic/pgf/math/pgfmathfunctions.misc.code.tex
)
(c:/texlive/2025/texmf-dist/tex/generic/pgf/math/pgfmathfunctions.integerarithm
etics.code.tex) (c:/texlive/2025/texmf-dist/tex/generic/pgf/math/pgfmathcalc.co
de.tex) (c:/texlive/2025/texmf-dist/tex/generic/pgf/math/pgfmathfloat.code.tex
\c@pgfmathroundto@lastzeros=\count300
)) (c:/texlive/2025/texmf-dist/tex/generic/pgf/math/pgfint.code.tex) (c:/texliv
e/2025/texmf-dist/tex/generic/pgf/basiclayer/pgfcorepoints.code.tex
File: pgfcorepoints.code.tex 2025-08-29 v3.1.11a (3.1.11a)
\pgf@picminx=\dimen174
\pgf@picmaxx=\dimen175
\pgf@picminy=\dimen176
\pgf@picmaxy=\dimen177
\pgf@pathminx=\dimen178
\pgf@pathmaxx=\dimen179
\pgf@pathminy=\dimen180
\pgf@pathmaxy=\dimen181
\pgf@xx=\dimen182
\pgf@xy=\dimen183
\pgf@yx=\dimen184
\pgf@yy=\dimen185
\pgf@zx=\dimen186
\pgf@zy=\dimen187
)
(c:/texlive/2025/texmf-dist/tex/generic/pgf/basiclayer/pgfcorepathconstruct.cod
e.tex
File: pgfcorepathconstruct.code.tex 2025-08-29 v3.1.11a (3.1.11a)
\pgf@path@lastx=\dimen188
\pgf@path@lasty=\dimen189
)
(c:/texlive/2025/texmf-dist/tex/generic/pgf/basiclayer/pgfcorepathusage.code.te
x
File: pgfcorepathusage.code.tex 2025-08-29 v3.1.11a (3.1.11a)
\pgf@shorten@end@additional=\dimen190
\pgf@shorten@start@additional=\dimen191
) (c:/texlive/2025/texmf-dist/tex/generic/pgf/basiclayer/pgfcorescopes.code.tex
File: pgfcorescopes.code.tex 2025-08-29 v3.1.11a (3.1.11a)
\pgfpic=\box55
\pgf@hbox=\box56
\pgf@layerbox@main=\box57
\pgf@picture@serial@count=\count301
)
(c:/texlive/2025/texmf-dist/tex/generic/pgf/basiclayer/pgfcoregraphicstate.code
.tex
File: pgfcoregraphicstate.code.tex 2025-08-29 v3.1.11a (3.1.11a)
\pgflinewidth=\dimen192
)
(c:/texlive/2025/texmf-dist/tex/generic/pgf/basiclayer/pgfcoretransformations.c
ode.tex
File: pgfcoretransformations.code.tex 2025-08-29 v3.1.11a (3.1.11a)
\pgf@pt@x=\dimen193
\pgf@pt@y=\dimen194
\pgf@pt@temp=\dimen195
) (c:/texlive/2025/texmf-dist/tex/generic/pgf/basiclayer/pgfcorequick.code.tex
File: pgfcorequick.code.tex 2025-08-29 v3.1.11a (3.1.11a)
) (c:/texlive/2025/texmf-dist/tex/generic/pgf/basiclayer/pgfcoreobjects.code.te
x
File: pgfcoreobjects.code.tex 2025-08-29 v3.1.11a (3.1.11a)
)
(c:/texlive/2025/texmf-dist/tex/generic/pgf/basiclayer/pgfcorepathprocessing.co
de.tex
File: pgfcorepathprocessing.code.tex 2025-08-29 v3.1.11a (3.1.11a)
) (c:/texlive/2025/texmf-dist/tex/generic/pgf/basiclayer/pgfcorearrows.code.tex
File: pgfcorearrows.code.tex 2025-08-29 v3.1.11a (3.1.11a)
\pgfarrowsep=\dimen196
) (c:/texlive/2025/texmf-dist/tex/generic/pgf/basiclayer/pgfcoreshade.code.tex
File: pgfcoreshade.code.tex 2025-08-29 v3.1.11a (3.1.11a)
\pgf@max=\dimen197
\pgf@sys@shading@range@num=\count302
\pgf@shadingcount=\count303
) (c:/texlive/2025/texmf-dist/tex/generic/pgf/basiclayer/pgfcoreimage.code.tex
File: pgfcoreimage.code.tex 2025-08-29 v3.1.11a (3.1.11a)
)
(c:/texlive/2025/texmf-dist/tex/generic/pgf/basiclayer/pgfcoreexternal.code.tex
File: pgfcoreexternal.code.tex 2025-08-29 v3.1.11a (3.1.11a)
\pgfexternal@startupbox=\box58
) (c:/texlive/2025/texmf-dist/tex/generic/pgf/basiclayer/pgfcorelayers.code.tex
File: pgfcorelayers.code.tex 2025-08-29 v3.1.11a (3.1.11a)
)
(c:/texlive/2025/texmf-dist/tex/generic/pgf/basiclayer/pgfcoretransparency.code
.tex
File: pgfcoretransparency.code.tex 2025-08-29 v3.1.11a (3.1.11a)
)
(c:/texlive/2025/texmf-dist/tex/generic/pgf/basiclayer/pgfcorepatterns.code.tex
File: pgfcorepatterns.code.tex 2025-08-29 v3.1.11a (3.1.11a)
) (c:/texlive/2025/texmf-dist/tex/generic/pgf/basiclayer/pgfcorerdf.code.tex
File: pgfcorerdf.code.tex 2025-08-29 v3.1.11a (3.1.11a)
))) (c:/texlive/2025/texmf-dist/tex/generic/pgf/modules/pgfmoduleshapes.code.te
x
File: pgfmoduleshapes.code.tex 2025-08-29 v3.1.11a (3.1.11a)
\pgfnodeparttextbox=\box59
) (c:/texlive/2025/texmf-dist/tex/generic/pgf/modules/pgfmoduleplot.code.tex
File: pgfmoduleplot.code.tex 2025-08-29 v3.1.11a (3.1.11a)
)
(c:/texlive/2025/texmf-dist/tex/latex/pgf/compatibility/pgfcomp-version-0-65.st
y
Package: pgfcomp-version-0-65 2025-08-29 v3.1.11a (3.1.11a)
\pgf@nodesepstart=\dimen198
\pgf@nodesepend=\dimen199
)
(c:/texlive/2025/texmf-dist/tex/latex/pgf/compatibility/pgfcomp-version-1-18.st
y
Package: pgfcomp-version-1-18 2025-08-29 v3.1.11a (3.1.11a)
)) (c:/texlive/2025/texmf-dist/tex/latex/pgf/utilities/pgffor.sty (c:/texlive/2
025/texmf-dist/tex/latex/pgf/utilities/pgfkeys.sty (c:/texlive/2025/texmf-dist/
tex/generic/pgf/utilities/pgfkeys.code.tex)) (c:/texlive/2025/texmf-dist/tex/la
tex/pgf/math/pgfmath.sty (c:/texlive/2025/texmf-dist/tex/generic/pgf/math/pgfma
th.code.tex)) (c:/texlive/2025/texmf-dist/tex/generic/pgf/utilities/pgffor.code
.tex
Package: pgffor 2025-08-29 v3.1.11a (3.1.11a)
\pgffor@iter=\dimen256
\pgffor@skip=\dimen257
\pgffor@stack=\toks31
\pgffor@toks=\toks32
)) (c:/texlive/2025/texmf-dist/tex/generic/pgf/frontendlayer/tikz/tikz.code.tex
Package: tikz 2025-08-29 v3.1.11a (3.1.11a)

(c:/texlive/2025/texmf-dist/tex/generic/pgf/libraries/pgflibraryplothandlers.co
de.tex
File: pgflibraryplothandlers.code.tex 2025-08-29 v3.1.11a (3.1.11a)
\pgf@plot@mark@count=\count304
\pgfplotmarksize=\dimen258
)
\tikz@lastx=\dimen259
\tikz@lasty=\dimen260
\tikz@lastxsaved=\dimen261
\tikz@lastysaved=\dimen262
\tikz@lastmovetox=\dimen263
\tikz@lastmovetoy=\dimen264
\tikzleveldistance=\dimen265
\tikzsiblingdistance=\dimen266
\tikz@figbox=\box60
\tikz@figbox@bg=\box61
\tikz@tempbox=\box62
\tikz@tempbox@bg=\box63
\tikztreelevel=\count305
\tikznumberofchildren=\count306
\tikznumberofcurrentchild=\count307
\tikz@fig@count=\count308
(c:/texlive/2025/texmf-dist/tex/generic/pgf/modules/pgfmodulematrix.code.tex
File: pgfmodulematrix.code.tex 2025-08-29 v3.1.11a (3.1.11a)
\pgfmatrixcurrentrow=\count309
\pgfmatrixcurrentcolumn=\count310
\pgf@matrix@numberofcolumns=\count311
)
\tikz@expandcount=\count312

(c:/texlive/2025/texmf-dist/tex/generic/pgf/frontendlayer/tikz/libraries/tikzli
brarytopaths.code.tex
File: tikzlibrarytopaths.code.tex 2025-08-29 v3.1.11a (3.1.11a)
))) (c:/texlive/2025/texmf-dist/tex/generic/simplekv/simplekv.sty (c:/texlive/2
025/texmf-dist/tex/generic/simplekv/simplekv.tex)
Package: simplekv 2025/06/15 v0.32 Simple keyval package (CT)
) (c:/texlive/2025/texmf-dist/tex/generic/xstring/xstring.sty (c:/texlive/2025/
texmf-dist/tex/generic/xstring/xstring.tex
\xs_counta=\count313
\xs_countb=\count314
)
Package: xstring 2023/08/22 v1.86 String manipulations (CT)
)
(c:/texlive/2025/texmf-dist/tex/generic/pgf/frontendlayer/tikz/libraries/tikzli
brarycalc.code.tex
File: tikzlibrarycalc.code.tex 2025-08-29 v3.1.11a (3.1.11a)
)
(c:/texlive/2025/texmf-dist/tex/generic/pgf/frontendlayer/tikz/libraries/tikzli
brarypositioning.code.tex
File: tikzlibrarypositioning.code.tex 2025-08-29 v3.1.11a (3.1.11a)
)
\c@lgquadri=\count315
(c:/texlive/2025/texmf-dist/tex/latex/setspace/setspace.sty
Package: setspace 2022/12/04 v6.7b set line spacing
))
(c:/texlive/2025/texmf-dist/tex/generic/pgf/frontendlayer/tikz/libraries/tikzli
brarydecorations.pathreplacing.code.tex
(c:/texlive/2025/texmf-dist/tex/generic/pgf/frontendlayer/tikz/libraries/tikzli
brarydecorations.code.tex
(c:/texlive/2025/texmf-dist/tex/generic/pgf/modules/pgfmoduledecorations.code.t
ex
\pgfdecoratedcompleteddistance=\dimen267
\pgfdecoratedremainingdistance=\dimen268
\pgfdecoratedinputsegmentcompleteddistance=\dimen269
\pgfdecoratedinputsegmentremainingdistance=\dimen270
\pgf@decorate@distancetomove=\dimen271
\pgf@decorate@repeatstate=\count316
\pgfdecorationsegmentamplitude=\dimen272
\pgfdecorationsegmentlength=\dimen273
)
\tikz@lib@dec@box=\box64
)
(c:/texlive/2025/texmf-dist/tex/generic/pgf/libraries/decorations/pgflibrarydec
orations.pathreplacing.code.tex)) (c:/texlive/2025/texmf-dist/tex/latex/amsmath
/amsmath.sty
Package: amsmath 2025/07/09 v2.17z AMS math features
\@mathmargin=\skip51
For additional information on amsmath, use the `?' option.
(c:/texlive/2025/texmf-dist/tex/latex/amsmath/amstext.sty
Package: amstext 2024/11/17 v2.01 AMS text
(c:/texlive/2025/texmf-dist/tex/latex/amsmath/amsgen.sty
File: amsgen.sty 1999/11/30 v2.0 generic functions
\@emptytoks=\toks33
\ex@=\dimen274
)) (c:/texlive/2025/texmf-dist/tex/latex/amsmath/amsbsy.sty
Package: amsbsy 1999/11/29 v1.2d Bold Symbols
\pmbraise@=\dimen275
) (c:/texlive/2025/texmf-dist/tex/latex/amsmath/amsopn.sty
Package: amsopn 2022/04/08 v2.04 operator names
)
\inf@bad=\count317
LaTeX Info: Redefining \frac on input line 233.
\uproot@=\count318
\leftroot@=\count319
LaTeX Info: Redefining \overline on input line 398.
LaTeX Info: Redefining \colon on input line 409.
\classnum@=\count320
\DOTSCASE@=\count321
LaTeX Info: Redefining \ldots on input line 495.
LaTeX Info: Redefining \dots on input line 498.
LaTeX Info: Redefining \cdots on input line 619.
\Mathstrutbox@=\box65
\strutbox@=\box66
LaTeX Info: Redefining \big on input line 721.
LaTeX Info: Redefining \Big on input line 722.
LaTeX Info: Redefining \bigg on input line 723.
LaTeX Info: Redefining \Bigg on input line 724.
\big@size=\dimen276
LaTeX Font Info:    Redeclaring font encoding OML on input line 742.
LaTeX Font Info:    Redeclaring font encoding OMS on input line 743.
\macc@depth=\count322
LaTeX Info: Redefining \bmod on input line 904.
LaTeX Info: Redefining \pmod on input line 909.
LaTeX Info: Redefining \smash on input line 939.
LaTeX Info: Redefining \relbar on input line 969.
LaTeX Info: Redefining \Relbar on input line 970.
\c@MaxMatrixCols=\count323
\dotsspace@=\muskip17
\c@parentequation=\count324
\dspbrk@lvl=\count325
\tag@help=\toks34
\row@=\count326
\column@=\count327
\maxfields@=\count328
\andhelp@=\toks35
\eqnshift@=\dimen277
\alignsep@=\dimen278
\tagshift@=\dimen279
\tagwidth@=\dimen280
\totwidth@=\dimen281
\lineht@=\dimen282
\@envbody=\toks36
\multlinegap=\skip52
\multlinetaggap=\skip53
\mathdisplay@stack=\toks37
LaTeX Info: Redefining \[ on input line 2950.
LaTeX Info: Redefining \] on input line 2951.
) (c:/texlive/2025/texmf-dist/tex/latex/amsfonts/amssymb.sty
Package: amssymb 2013/01/14 v3.01 AMS font symbols
(c:/texlive/2025/texmf-dist/tex/latex/amsfonts/amsfonts.sty
Package: amsfonts 2013/01/14 v3.01 Basic AMSFonts support
\symAMSa=\mathgroup4
\symAMSb=\mathgroup5
LaTeX Font Info:    Redeclaring math symbol \hbar on input line 98.
LaTeX Font Info:    Overwriting math alphabet `\mathfrak' in version `bold'
(Font)                  U/euf/m/n --> U/euf/b/n on input line 106.
)) (c:/texlive/2025/texmf-dist/tex/latex/fontawesome5/fontawesome5.sty (c:/texl
ive/2025/texmf-dist/tex/latex/l3kernel/expl3.sty
Package: expl3 2025-12-29 L3 programming layer (loader) 
(c:/texlive/2025/texmf-dist/tex/latex/l3backend/l3backend-pdftex.def
File: l3backend-pdftex.def 2025-10-09 L3 backend support: PDF output (pdfTeX)
\l__color_backend_stack_int=\count329
))
Package: fontawesome5 2022/05/02 v5.15.4 Font Awesome 5
(c:/texlive/2025/texmf-dist/tex/latex/l3packages/l3keys2e/l3keys2e.sty
Package: l3keys2e 2025-10-09 LaTeX2e option processing using LaTeX3 keys
) (c:/texlive/2025/texmf-dist/tex/latex/l3packages/xparse/xparse.sty
Package: xparse 2025-10-09 L3 Experimental document command parser
)
(c:/texlive/2025/texmf-dist/tex/latex/fontawesome5/fontawesome5-generic-helper.
sty
Package: fontawesome5-generic-helper 2022/05/02 v5.15.4 non-uTeX helper for fon
tawesome5
(c:/texlive/2025/texmf-dist/tex/latex/fontawesome5/fontawesome5-mapping.def))) 
(c:/texlive/2025/texmf-dist/tex/latex/enumitem/enumitem.sty
Package: enumitem 2025/02/06 v3.11 Customized lists
\labelindent=\skip54
\enit@outerparindent=\dimen283
\enit@toks=\toks38
\enit@inbox=\box67
\enit@count@id=\count330
\enitdp@description=\count331
) (c:/texlive/2025/texmf-dist/tex/latex/frcursive/frcursive.sty
Package: frcursive 2004/02/01 v1.2 support package for French Cursive
\seyesThickness=\skip55
\seyes@box=\box68
\seyes@ln=\skip56
) (c:/texlive/2025/texmf-dist/tex/latex/lipsum/lipsum.sty
Package: lipsum 2021-09-20 v2.7 150 paragraphs of Lorem Ipsum dummy text
\g__lipsum_par_int=\count332
\l__lipsum_a_int=\count333
\l__lipsum_b_int=\count334
(c:/texlive/2025/texmf-dist/tex/latex/lipsum/lipsum.ltd.tex)) (c:/texlive/2025/
texmf-dist/tex/latex/tabularray/tabularray.sty
Package: tabularray 2025-11-27 v2025C Typeset tabulars and arrays with LaTeX3
(c:/texlive/2025/texmf-dist/tex/latex/ninecolors/ninecolors.sty
Package: ninecolors 2022-02-13 v2022D Select colors with proper color contrast
)
\g__tblr_nohyper_int=\count335
\l__tblr_a_int=\count336
\l__tblr_c_int=\count337
\l__tblr_r_int=\count338
\l__tblr_d_dim=\dimen284
\l__tblr_h_dim=\dimen285
\l__tblr_o_dim=\dimen286
\l__tblr_p_dim=\dimen287
\l__tblr_q_dim=\dimen288
\l__tblr_r_dim=\dimen289
\l__tblr_s_dim=\dimen290
\l__tblr_t_dim=\dimen291
\l__tblr_v_dim=\dimen292
\l__tblr_w_dim=\dimen293
\l__tblr_a_box=\box69
\l__tblr_b_box=\box70
\l__tblr_c_box=\box71
\l__tblr_d_box=\box72
\c@tblrcount=\count339
\c@rownum=\count340
\c@colnum=\count341
\c@rowcount=\count342
\c@colcount=\count343
\abovesep=\dimen294
\belowsep=\dimen295
\leftsep=\dimen296
\rightsep=\dimen297
\gTblrLevelInt=\count344
\g__tblr_data_row_key_count_int=\count345
\g__tblr_data_column_key_count_int=\count346
\g__tblr_data_cell_key_count_int=\count347
\g__tblr_array_int=\count348
\l__tblr_key_count_int=\count349
\l__tblr_key_quotient_int=\count350
\l__tblr_key_quotient_two_int=\count351
\l__tblr_key_remainder_int=\count352
\g__tblr_data_str_value_count_int=\count353
\lTblrChildTotalInt=\count354
\lTblrChildHtotalInt=\count355
\lTblrChildVtotalInt=\count356
\l__child_diff_h_int=\count357
\l__child_diff_v_int=\count358
\l__child_sign_h_int=\count359
\l__child_sign_v_int=\count360
\l__child_step_int=\count361
\lTblrDefaultHruleWidthDim=\dimen298
\lTblrDefaultVruleWidthDim=\dimen299
\l__tblr_split_balance_int=\count362
\l__tblr_strut_dp_dim=\dimen300
\l__tblr_strut_ht_dim=\dimen301
\g__tblr_cell_wd_dim=\dimen302
\g__tblr_cell_ht_dim=\dimen303
\g__tblr_cell_head_dim=\dimen304
\g__tblr_cell_foot_dim=\dimen305
\l__tblr_measured_cell_box=\box73
\g__tblr_last_box=\box74
\l__tblr_temp_box=\box75
\l__tblr_column_target_dim=\dimen306
\l__tblr_hfuzz_dim=\dimen307
\l__tblr_caption_box=\box76
\l__tblr_caption_left_box=\box77
\lTblrRowHeadInt=\count363
\lTblrRowFootInt=\count364
\l__tblr_row_head_box=\box78
\l__tblr_row_foot_box=\box79
\l__tblr_row_head_foot_dim=\dimen308
\lTblrTableWidthDim=\dimen309
\l__tblr_table_firsthead_box=\box80
\l__tblr_table_middlehead_box=\box81
\l__tblr_table_lasthead_box=\box82
\l__tblr_table_firstfoot_box=\box83
\l__tblr_table_middlefoot_box=\box84
\l__tblr_table_lastfoot_box=\box85
\l__tblr_remain_height_dim=\dimen310
\l__tblr_next_rows_dim=\dimen311
\l__tblr_page_overfill_dim=\dimen312
\l__tblr_long_from_int=\count365
\l__tblr_long_to_int=\count366
\l__tblr_curr_i_int=\count367
\l__tblr_prev_i_int=\count368
\lTblrTablePageInt=\count369
\l__tblr_table_head_box=\box86
\l__tblr_table_foot_box=\box87
\l__tblr_table_head_foot_dim=\dimen313
\l__tblr_table_head_body_foot_dim=\dimen314
\l__tblr_table_box=\box88
\lTblrRowFirstInt=\count370
\lTblrRowLastInt=\count371
\l__tblr_cover_box_a_dim=\dimen315
\l__tblr_cover_box_b_dim=\dimen316
\l__tblr_table_hlines_box=\box89
\l__tblr_hline_box=\box90
\l__tblr_row_box=\box91
\l__tblr_col_o_wd_dim=\dimen317
\l__tblr_col_b_wd_dim=\dimen318
\l__tblr_hline_leftskip_dim=\dimen319
\l__tblr_hline_rightskip_dim=\dimen320
\l__tblr_row_ht_dim=\dimen321
\l__tblr_row_dp_dim=\dimen322
\l__tblr_row_abovesep_dim=\dimen323
\l__tblr_row_belowsep_dim=\dimen324
\l__tblr_row_vlines_box=\box92
\l__tblr_vline_box=\box93
\l__tblr_cell_box=\box94
\l__tblr_row_upper_dim=\dimen325
\l__tblr_row_lower_dim=\dimen326
\l__tblr_row_vpace_dim=\dimen327
\l__tblr_vline_aboveskip_dim=\dimen328
\l__tblr_vline_belowskip_dim=\dimen329
\lTblrCellRowSpanInt=\count372
\lTblrCellColSpanInt=\count373
\l__tblr_cell_wd_dim=\dimen330
\l__tblr_cell_ht_dim=\dimen331
\lTblrCellAboveBorderWidthDim=\dimen332
\lTblrCellBelowBorderWidthDim=\dimen333
\lTblrCellLeftBorderWidthDim=\dimen334
\lTblrCellRightBorderWidthDim=\dimen335
\l__tblr_diag_box=\box95
\l__tblr_cell_inner_wd_dim=\dimen336
\l__tblr_cell_inner_dp_dim=\dimen337
\l__tblr_cell_hanchor_dim=\dimen338
\l__tblr_last_cell_table_ht_dim=\dimen339
\l__tblr_last_cell_table_dp_dim=\dimen340
\l__tblr_last_vline_wd_dim=\dimen341
\l__tblr_tikz_node_box=\box96
) (c:/texlive/2025/texmf-dist/tex/latex/fancyvrb/fancyvrb.sty
Package: fancyvrb 2025/07/28 4.6 verbatim text (tvz,hv)
\FV@CodeLineNo=\count374
\FV@InFile=\read4
\FV@TabBox=\box97
\c@FancyVerbLine=\count375
\FV@StepNumber=\count376
\FV@OutFile=\write4
) (c:/texlive/2025/texmf-dist/tex/latex/fancyhdr/fancyhdr.sty
Package: fancyhdr 2025/02/07 v5.2 Extensive control of page headers and footers

\f@nch@headwidth=\skip57
\f@nch@offset@elh=\skip58
\f@nch@offset@erh=\skip59
\f@nch@offset@olh=\skip60
\f@nch@offset@orh=\skip61
\f@nch@offset@elf=\skip62
\f@nch@offset@erf=\skip63
\f@nch@offset@olf=\skip64
\f@nch@offset@orf=\skip65
\f@nch@height=\skip66
\f@nch@footalignment=\skip67
\f@nch@widthL=\skip68
\f@nch@widthC=\skip69
\f@nch@widthR=\skip70
\@temptokenb=\toks39
) (c:/texlive/2025/texmf-dist/tex/generic/hologo/hologo.sty
Package: hologo 2025-11-11 v1.16 A logo collection with bookmark support (HO)
(c:/texlive/2025/texmf-dist/tex/generic/ltxcmds/ltxcmds.sty
Package: ltxcmds 2023-12-04 v1.26 LaTeX kernel commands for general use (HO)
) (c:/texlive/2025/texmf-dist/tex/generic/infwarerr/infwarerr.sty
Package: infwarerr 2019/12/03 v1.5 Providing info/warning/error messages (HO)
) (c:/texlive/2025/texmf-dist/tex/latex/kvsetkeys/kvsetkeys.sty
Package: kvsetkeys 2022-10-05 v1.19 Key value parser (HO)
) (c:/texlive/2025/texmf-dist/tex/generic/kvdefinekeys/kvdefinekeys.sty
Package: kvdefinekeys 2019-12-19 v1.6 Define keys (HO)
) (c:/texlive/2025/texmf-dist/tex/generic/pdftexcmds/pdftexcmds.sty
Package: pdftexcmds 2020-06-27 v0.33 Utility functions of pdfTeX for LuaTeX (HO
)
(c:/texlive/2025/texmf-dist/tex/generic/iftex/iftex.sty
Package: iftex 2024/12/12 v1.0g TeX engine tests
)
Package pdftexcmds Info: \pdf@primitive is available.
Package pdftexcmds Info: \pdf@ifprimitive is available.
Package pdftexcmds Info: \pdfdraftmode found.
)) (c:/texlive/2025/texmf-dist/tex/latex/hyperref/hyperref.sty
Package: hyperref 2025-07-12 v7.01o Hypertext links for LaTeX
(c:/texlive/2025/texmf-dist/tex/generic/pdfescape/pdfescape.sty
Package: pdfescape 2019/12/09 v1.15 Implements pdfTeX's escape features (HO)
) (c:/texlive/2025/texmf-dist/tex/latex/hycolor/hycolor.sty
Package: hycolor 2020-01-27 v1.10 Color options for hyperref/bookmark (HO)
) (c:/texlive/2025/texmf-dist/tex/latex/hyperref/nameref.sty
Package: nameref 2025-06-21 v2.57 Cross-referencing by name of section
(c:/texlive/2025/texmf-dist/tex/latex/refcount/refcount.sty
Package: refcount 2019/12/15 v3.6 Data extraction from label references (HO)
) (c:/texlive/2025/texmf-dist/tex/generic/gettitlestring/gettitlestring.sty
Package: gettitlestring 2019/12/15 v1.6 Cleanup title references (HO)
(c:/texlive/2025/texmf-dist/tex/latex/kvoptions/kvoptions.sty
Package: kvoptions 2022-06-15 v3.15 Key value format for package options (HO)
))
\c@section@level=\count377
) (c:/texlive/2025/texmf-dist/tex/latex/etoolbox/etoolbox.sty
Package: etoolbox 2025/10/02 v2.5m e-TeX tools for LaTeX (JAW)
\etb@tempcnta=\count378
) (c:/texlive/2025/texmf-dist/tex/generic/stringenc/stringenc.sty
Package: stringenc 2019/11/29 v1.12 Convert strings between diff. encodings (HO
)
)
\@linkdim=\dimen342
\Hy@linkcounter=\count379
\Hy@pagecounter=\count380
(c:/texlive/2025/texmf-dist/tex/latex/hyperref/pd1enc.def
File: pd1enc.def 2025-07-12 v7.01o Hyperref: PDFDocEncoding definition (HO)
Now handling font encoding PD1 ...
... no UTF-8 mapping file for font encoding PD1
) (c:/texlive/2025/texmf-dist/tex/generic/intcalc/intcalc.sty
Package: intcalc 2019/12/15 v1.3 Expandable calculations with integers (HO)
)
\Hy@SavedSpaceFactor=\count381
(c:/texlive/2025/texmf-dist/tex/latex/hyperref/puenc.def
File: puenc.def 2025-07-12 v7.01o Hyperref: PDF Unicode definition (HO)
Now handling font encoding PU ...
... no UTF-8 mapping file for font encoding PU
)
Package hyperref Info: Hyper figures OFF on input line 4195.
Package hyperref Info: Link nesting OFF on input line 4200.
Package hyperref Info: Hyper index ON on input line 4203.
Package hyperref Info: Plain pages OFF on input line 4210.
Package hyperref Info: Backreferencing OFF on input line 4215.
Package hyperref Info: Implicit mode ON; LaTeX internals redefined.
Package hyperref Info: Bookmarks ON on input line 4462.
\c@Hy@tempcnt=\count382
(c:/texlive/2025/texmf-dist/tex/latex/url/url.sty
\Urlmuskip=\muskip18
Package: url 2013/09/16  ver 3.4  Verb mode for urls, etc.
)
LaTeX Info: Redefining \url on input line 4801.
\XeTeXLinkMargin=\dimen343
(c:/texlive/2025/texmf-dist/tex/generic/bitset/bitset.sty
Package: bitset 2019/12/09 v1.3 Handle bit-vector datatype (HO)
(c:/texlive/2025/texmf-dist/tex/generic/bigintcalc/bigintcalc.sty
Package: bigintcalc 2019/12/15 v1.5 Expandable calculations on big integers (HO
)
))
\Fld@menulength=\count383
\Field@Width=\dimen344
\Fld@charsize=\dimen345
Package hyperref Info: Hyper figures OFF on input line 6078.
Package hyperref Info: Link nesting OFF on input line 6083.
Package hyperref Info: Hyper index ON on input line 6086.
Package hyperref Info: backreferencing OFF on input line 6093.
Package hyperref Info: Link coloring OFF on input line 6098.
Package hyperref Info: Link coloring with OCG OFF on input line 6103.
Package hyperref Info: PDF/A mode OFF on input line 6108.
\Hy@abspage=\count384
\c@Item=\count385
\c@Hfootnote=\count386
)
Package hyperref Info: Driver (autodetected): hpdftex.
(c:/texlive/2025/texmf-dist/tex/latex/hyperref/hpdftex.def
File: hpdftex.def 2025-07-12 v7.01o Hyperref driver for pdfTeX
\Fld@listcount=\count387
\c@bookmark@seq@number=\count388
(c:/texlive/2025/texmf-dist/tex/latex/rerunfilecheck/rerunfilecheck.sty
Package: rerunfilecheck 2025-06-21 v1.11 Rerun checks for auxiliary files (HO)
(c:/texlive/2025/texmf-dist/tex/generic/uniquecounter/uniquecounter.sty
Package: uniquecounter 2019/12/15 v1.4 Provide unlimited unique counter (HO)
)
Package uniquecounter Info: New unique counter `rerunfilecheck' on input line 2
84.
)
\Hy@SectionHShift=\skip71
) (c:/texlive/2025/texmf-dist/tex/latex/geometry/geometry.sty
Package: geometry 2020/01/02 v5.9 Page Geometry
(c:/texlive/2025/texmf-dist/tex/generic/iftex/ifvtex.sty
Package: ifvtex 2019/10/25 v1.7 ifvtex legacy package. Use iftex instead.
)
\Gm@cnth=\count389
\Gm@cntv=\count390
\c@Gm@tempcnt=\count391
\Gm@bindingoffset=\dimen346
\Gm@wd@mp=\dimen347
\Gm@odd@mp=\dimen348
\Gm@even@mp=\dimen349
\Gm@layoutwidth=\dimen350
\Gm@layoutheight=\dimen351
\Gm@layouthoffset=\dimen352
\Gm@layoutvoffset=\dimen353
\Gm@dimlist=\toks40
) (c:/texlive/2025/texmf-dist/tex/latex/minted/minted2.sty
Package: minted2 2024/05/09 v2.9 Yet another Pygments shim for LaTeX
(c:/texlive/2025/texmf-dist/tex/latex/fvextra/fvextra.sty
Package: fvextra 2025/05/29 v1.13.2 fvextra - extensions and patches for fancyv
rb
(c:/texlive/2025/texmf-dist/tex/latex/upquote/upquote.sty
Package: upquote 2012/04/19 v1.3 upright-quote and grave-accent glyphs in verba
tim
(c:/texlive/2025/texmf-dist/tex/latex/base/textcomp.sty
Package: textcomp 2024/04/24 v2.1b Standard LaTeX package
)) (c:/texlive/2025/texmf-dist/tex/latex/lineno/lineno.sty
Package: lineno 2025/05/13 line numbers on paragraphs v5.5
\linenopenalty=\count392
\output=\toks41
\linenoprevgraf=\count393
\linenumbersep=\dimen354
\linenumberwidth=\dimen355
\c@linenumber=\count394
\c@pagewiselinenumber=\count395
\c@LN@truepage=\count396
\c@internallinenumber=\count397
\c@internallinenumbers=\count398
\quotelinenumbersep=\dimen356
\bframerule=\dimen357
\bframesep=\dimen358
\bframebox=\box98
\@LN@amsmath@ams@eqpen=\count399
)
\c@FancyVerbWriteLine=\count400
\c@FancyVerbBufferLine=\count401
\c@FV@TrueTabGroupLevel=\count402
\c@FV@TrueTabCounter=\count403
\FV@TabBox@Group=\box99
\FV@bgcolorstructbox=\box100
\FV@TmpLength=\skip72
\c@FV@HighlightLinesStart=\count404
\c@FV@HighlightLinesStop=\count405
\FV@LoopCount=\count406
\FV@NCharsBox=\box101
\FV@BreakIndent=\dimen359
\FV@BreakIndentNChars=\count407
\FV@BreakSymbolSepLeft=\dimen360
\FV@BreakSymbolSepLeftNChars=\count408
\FV@BreakSymbolSepRight=\dimen361
\FV@BreakSymbolSepRightNChars=\count409
\FV@BreakSymbolIndentLeft=\dimen362
\FV@BreakSymbolIndentLeftNChars=\count410
\FV@BreakSymbolIndentRight=\dimen363
\FV@BreakSymbolIndentRightNChars=\count411
\c@FancyVerbLineBreakLast=\count412
\FV@LineBox=\box102
\FV@LineIndentBox=\box103
\c@FV@BreakBufferDepth=\count413
\FV@LineWidth=\dimen364
) (c:/texlive/2025/texmf-dist/tex/latex/base/ifthen.sty
Package: ifthen 2024/03/16 v1.1e Standard LaTeX ifthen package (DPC)
) (c:/texlive/2025/texmf-dist/tex/latex/tools/shellesc.sty
Package: shellesc 2023/07/08 v1.0d unified shell escape interface for LaTeX
Package shellesc Info: Unrestricted shell escape enabled on input line 75.
) (c:/texlive/2025/texmf-dist/tex/latex/ifplatform/ifplatform.sty
Package: ifplatform 2017/10/13 v0.4a Testing for the operating system
(c:/texlive/2025/texmf-dist/tex/generic/catchfile/catchfile.sty
Package: catchfile 2019/12/09 v1.8 Catch the contents of a file (HO)
(c:/texlive/2025/texmf-dist/tex/generic/etexcmds/etexcmds.sty
Package: etexcmds 2019/12/15 v1.7 Avoid name clashes with e-TeX commands (HO)
)) (c:/texlive/2025/texmf-dist/tex/generic/iftex/ifluatex.sty
Package: ifluatex 2019/10/25 v1.5 ifluatex legacy package. Use iftex instead.
)) (c:/texlive/2025/texmf-dist/tex/latex/framed/framed.sty
Package: framed 2011/10/22 v 0.96: framed or shaded text with page breaks
\OuterFrameSep=\skip73
\fb@frw=\dimen365
\fb@frh=\dimen366
\FrameRule=\dimen367
\FrameSep=\dimen368
) (c:/texlive/2025/texmf-dist/tex/latex/float/float.sty
Package: float 2001/11/08 v1.3d Float enhancements (AL)
\c@float@type=\count414
\float@exts=\toks42
\float@box=\box104
\@float@everytoks=\toks43
\@floatcapt=\box105
)
\minted@appexistsfile=\read5
\minted@bgbox=\box106
\minted@code=\write5
\c@minted@FancyVerbLineTemp=\count415
\c@minted@pygmentizecounter=\count416
\@float@every@listing=\toks44
\c@listing=\count417
)
runsystem(if not exist _minted-WriteOnGrid-doc-fr mkdir _minted-WriteOnGrid-doc
-fr)...executed.

(c:/texlive/2025/texmf-dist/tex/latex/tcolorbox/tcolorbox.sty
Package: tcolorbox 2025/11/28 version 6.9.0 text color boxes
(c:/texlive/2025/texmf-dist/tex/latex/tools/verbatim.sty
Package: verbatim 2024-01-22 v1.5x LaTeX2e package for verbatim enhancements
\every@verbatim=\toks45
\verbatim@line=\toks46
\verbatim@in@stream=\read6
) (c:/texlive/2025/texmf-dist/tex/latex/environ/environ.sty
Package: environ 2014/05/04 v0.3 A new way to define environments
(c:/texlive/2025/texmf-dist/tex/latex/trimspaces/trimspaces.sty
Package: trimspaces 2009/09/17 v1.1 Trim spaces around a token list
))
\tcb@titlebox=\box107
\tcb@upperbox=\box108
\tcb@lowerbox=\box109
\tcb@phantombox=\box110
\c@tcbbreakpart=\count418
\c@tcblayer=\count419
\c@tcolorbox@number=\count420
\l__tcobox_tmpa_box=\box111
\l__tcobox_tmpa_dim=\dimen369
\tcb@temp=\box112
\tcb@temp=\box113
\tcb@temp=\box114
\tcb@temp=\box115
(c:/texlive/2025/texmf-dist/tex/latex/tcolorbox/tcbraster.code.tex
Library (tcolorbox): 'tcbraster.code.tex' version '6.9.0'
\c@tcbrastercolumn=\count421
\c@tcbrasterrow=\count422
\c@tcbrasternum=\count423
\c@tcbraster=\count424
) (c:/texlive/2025/texmf-dist/tex/latex/tcolorbox/tcbskins.code.tex
Library (tcolorbox): 'tcbskins.code.tex' version '6.9.0'
(c:/texlive/2025/texmf-dist/tex/latex/tikzfill/tikzfill.image.sty
Package: tikzfill.image 2023/08/08 v1.0.1 Image filling library for TikZ
(c:/texlive/2025/texmf-dist/tex/latex/tikzfill/tikzfill-common.sty
Package: tikzfill-common 2023/08/08 v1.0.1 Auxiliary code for tikzfill
) (c:/texlive/2025/texmf-dist/tex/latex/tikzfill/tikzlibraryfill.image.code.tex
File: tikzlibraryfill.image.code.tex 2023/08/08 v1.0.1 Image filling library
\l__tikzfill_img_box=\box116
)) (c:/texlive/2025/texmf-dist/tex/latex/tcolorbox/tcbskinsjigsaw.code.tex
Library (tcolorbox): 'tcbskinsjigsaw.code.tex' version '6.9.0'
)) (c:/texlive/2025/texmf-dist/tex/latex/tcolorbox/tcbbreakable.code.tex
Library (tcolorbox): 'tcbbreakable.code.tex' version '6.9.0'
(c:/texlive/2025/texmf-dist/tex/latex/pdfcol/pdfcol.sty
Package: pdfcol 2022-09-21 v1.7 Handle new color stacks for pdfTeX (HO)
)
Package pdfcol Info: New color stack `tcb@breakable' = 1 on input line 23.
\tcb@testbox=\box117
\tcb@totalupperbox=\box118
\tcb@totallowerbox=\box119
) (c:/texlive/2025/texmf-dist/tex/latex/tcolorbox/tcbhooks.code.tex
Library (tcolorbox): 'tcbhooks.code.tex' version '6.9.0'
) (c:/texlive/2025/texmf-dist/tex/latex/tcolorbox/tcbtheorems.code.tex
Library (tcolorbox): 'tcbtheorems.code.tex' version '6.9.0'
) (c:/texlive/2025/texmf-dist/tex/latex/tcolorbox/tcbfitting.code.tex
Library (tcolorbox): 'tcbfitting.code.tex' version '6.9.0'
\tcbfitdim=\dimen370
\tcb@lowerfitdim=\dimen371
\tcb@upperfitdim=\dimen372
\tcb@cur@hbadness=\count425
) (c:/texlive/2025/texmf-dist/tex/latex/tcolorbox/tcblistingsutf8.code.tex
Library (tcolorbox): 'tcblistingsutf8.code.tex' version '6.9.0'
(c:/texlive/2025/texmf-dist/tex/latex/tcolorbox/tcblistings.code.tex
Library (tcolorbox): 'tcblistings.code.tex' version '6.9.0'
(c:/texlive/2025/texmf-dist/tex/latex/listings/listings.sty
\lst@mode=\count426
\lst@gtempboxa=\box120
\lst@token=\toks47
\lst@length=\count427
\lst@currlwidth=\dimen373
\lst@column=\count428
\lst@pos=\count429
\lst@lostspace=\dimen374
\lst@width=\dimen375
\lst@newlines=\count430
\lst@lineno=\count431
\lst@maxwidth=\dimen376
(c:/texlive/2025/texmf-dist/tex/latex/listings/lstpatch.sty
File: lstpatch.sty 2025/11/14 1.11b (Carsten Heinz)
) (c:/texlive/2025/texmf-dist/tex/latex/listings/lstmisc.sty
File: lstmisc.sty 2025/11/14 1.11b (Carsten Heinz)
\c@lstnumber=\count432
\lst@skipnumbers=\count433
\lst@framebox=\box121
) (c:/texlive/2025/texmf-dist/tex/latex/listings/listings.cfg
File: listings.cfg 2025/11/14 1.11b listings configuration
))
Package: listings 2025/11/14 1.11b (Carsten Heinz)
==> First Aid for listings.sty no longer applied!
    Expected:
        2024/09/23 1.10c (Carsten Heinz)
    but found:
        2025/11/14 1.11b (Carsten Heinz)
    so I'm assuming it got fixed.
(c:/texlive/2025/texmf-dist/tex/latex/tcolorbox/tcblistingscore.code.tex
Library (tcolorbox): 'tcblistingscore.code.tex' version '6.9.0'
(c:/texlive/2025/texmf-dist/tex/latex/tcolorbox/tcbprocessing.code.tex
Library (tcolorbox): 'tcbprocessing.code.tex' version '6.9.0'
)
\c@tcblisting=\count434
)) (c:/texlive/2025/texmf-dist/tex/latex/listingsutf8/listingsutf8.sty
Package: listingsutf8 2019-12-10 v1.5 Allow UTF-8 in listings input (HO)
)) (c:/texlive/2025/texmf-dist/tex/latex/tcolorbox/tcbexternal.code.tex
Library (tcolorbox): 'tcbexternal.code.tex' version '6.9.0'
) (c:/texlive/2025/texmf-dist/tex/latex/tcolorbox/tcbmagazine.code.tex
Library (tcolorbox): 'tcbmagazine.code.tex' version '6.9.0'
) (c:/texlive/2025/texmf-dist/tex/latex/tcolorbox/tcbvignette.code.tex
Library (tcolorbox): 'tcbvignette.code.tex' version '6.9.0'

(c:/texlive/2025/texmf-dist/tex/generic/pgf/frontendlayer/tikz/libraries/tikzli
braryfadings.code.tex
File: tikzlibraryfadings.code.tex 2025-08-29 v3.1.11a (3.1.11a)

(c:/texlive/2025/texmf-dist/tex/generic/pgf/libraries/pgflibraryfadings.code.te
x
File: pgflibraryfadings.code.tex 2025-08-29 v3.1.11a (3.1.11a)
))) (c:/texlive/2025/texmf-dist/tex/latex/tcolorbox/tcbposter.code.tex
Library (tcolorbox): 'tcbposter.code.tex' version '6.9.0'
)) (c:/texlive/2025/texmf-dist/tex/latex/tcolorbox/tcbminted.code.tex
Library (tcolorbox): 'tcbminted.code.tex' version '6.9.0'
)
Package french3.ldf Info: Setting StandardItemizeEnv=true for
(french3.ldf)             compatibility with enumitem package,
(french3.ldf)             reported on input line 72.
Package french3.ldf Info: Setting StandardEnumerateEnv=true for
(french3.ldf)             compatibility with enumitem package,
(french3.ldf)             reported on input line 72.
runsystem(for ^%i in (pygmentize.exe pygmentize.bat pygmentize.cmd) do set > Wr
iteOnGrid-doc-fr.aex <nul: /p x=^%~$PATH:i>> WriteOnGrid-doc-fr.aex)...executed
.

runsystem(del WriteOnGrid-doc-fr.aex)...executed.

(./WriteOnGrid-doc-fr.aux
Package babel Info: 'french' activates 'french' shorthands.
(babel)             Reported on input line 11.
)
\openout1 = `WriteOnGrid-doc-fr.aux'.

LaTeX Font Info:    Checking defaults for OML/cmm/m/it on input line 72.
LaTeX Font Info:    ... okay on input line 72.
LaTeX Font Info:    Checking defaults for OMS/cmsy/m/n on input line 72.
LaTeX Font Info:    ... okay on input line 72.
LaTeX Font Info:    Checking defaults for OT1/cmr/m/n on input line 72.
LaTeX Font Info:    ... okay on input line 72.
LaTeX Font Info:    Checking defaults for T1/cmr/m/n on input line 72.
LaTeX Font Info:    ... okay on input line 72.
LaTeX Font Info:    Checking defaults for TS1/cmr/m/n on input line 72.
LaTeX Font Info:    ... okay on input line 72.
LaTeX Font Info:    Checking defaults for OMX/cmex/m/n on input line 72.
LaTeX Font Info:    ... okay on input line 72.
LaTeX Font Info:    Checking defaults for U/cmr/m/n on input line 72.
LaTeX Font Info:    ... okay on input line 72.
LaTeX Font Info:    Checking defaults for PD1/pdf/m/n on input line 72.
LaTeX Font Info:    ... okay on input line 72.
LaTeX Font Info:    Checking defaults for PU/pdf/m/n on input line 72.
LaTeX Font Info:    ... okay on input line 72.
LaTeX Info: Redefining \degres on input line 72.
(c:/texlive/2025/texmf-dist/tex/context/base/mkii/supp-pdf.mkii
[Loading MPS to PDF converter (version 2006.09.02).]
\scratchcounter=\count435
\scratchdimen=\dimen377
\scratchbox=\box122
\nofMPsegments=\count436
\nofMParguments=\count437
\everyMPshowfont=\toks48
\MPscratchCnt=\count438
\MPscratchDim=\dimen378
\MPnumerator=\count439
\makeMPintoPDFobject=\count440
\everyMPtoPDFconversion=\toks49
) (c:/texlive/2025/texmf-dist/tex/latex/epstopdf-pkg/epstopdf-base.sty
Package: epstopdf-base 2020-01-24 v2.11 Base part for package epstopdf
Package epstopdf-base Info: Redefining graphics rule for `.eps' on input line 4
85.
(c:/texlive/2025/texmf-dist/tex/latex/latexconfig/epstopdf-sys.cfg
File: epstopdf-sys.cfg 2010/07/13 v1.3 Configuration of (r)epstopdf for TeX Liv
e
))
Package hyperref Info: Link coloring OFF on input line 72.
(./WriteOnGrid-doc-fr.out) (./WriteOnGrid-doc-fr.out)
\@outlinefile=\write6
\openout6 = `WriteOnGrid-doc-fr.out'.

*geometry* driver: auto-detecting
*geometry* detected driver: pdftex
*geometry* verbose mode - [ preamble ] result:
* driver: pdftex
* paper: a4paper
* layout: <same size as paper>
* layoutoffset:(h,v)=(0.0pt,0.0pt)
* modes: 
* h-part:(L,W,R)=(42.67912pt, 512.14963pt, 42.67912pt)
* v-part:(T,H,B)=(42.67912pt, 759.6886pt, 42.67912pt)
* \paperwidth=597.50787pt
* \paperheight=845.04684pt
* \textwidth=512.14963pt
* \textheight=759.6886pt
* \oddsidemargin=-29.59087pt
* \evensidemargin=-29.59087pt
* \topmargin=-66.59087pt
* \headheight=12.0pt
* \headsep=25.0pt
* \topskip=10.0pt
* \footskip=30.0pt
* \marginparwidth=57.0pt
* \marginparsep=11.0pt
* \columnsep=10.0pt
* \skip\footins=9.0pt plus 4.0pt minus 2.0pt
* \hoffset=0.0pt
* \voffset=0.0pt
* \mag=1000
* \@twocolumnfalse
* \@twosidefalse
* \@mparswitchfalse
* \@reversemarginfalse
* (1in=72.27pt=25.4mm, 1cm=28.453pt)

\c@lstlisting=\count441
LaTeX Font Info:    Trying to load font information for U+msa on input line 84.

(c:/texlive/2025/texmf-dist/tex/latex/amsfonts/umsa.fd
File: umsa.fd 2013/01/14 v3.01 AMS symbols A
)
LaTeX Font Info:    Trying to load font information for U+msb on input line 84.

(c:/texlive/2025/texmf-dist/tex/latex/amsfonts/umsb.fd
File: umsb.fd 2013/01/14 v3.01 AMS symbols B
)
Underfull \hbox (badness 10000) in paragraph at lines 127--127
 [][]|\T1/cmr/m/n/10 mon texte ali-gné ŕ droite sur la ligne 3...
 []

LaTeX Font Info:    Trying to load font information for T1+frc on input line 13
1.
(c:/texlive/2025/texmf-dist/tex/latex/frcursive/t1frc.fd
File: t1frc.fd 2004/06/12 French Cursive font definition
)
Overfull \hbox (34.14513pt too wide) in paragraph at lines 140--141
[][] 
 []

[1

{c:/texlive/2025/texmf-var/fonts/map/pdftex/updmap/pdftex.map}{c:/texlive/2025/
texmf-dist/fonts/enc/dvips/cm-super/cm-super-t1.enc}] (./WriteOnGrid-doc-fr.toc
)
\tf@toc=\write7
\openout7 = `WriteOnGrid-doc-fr.toc'.

LaTeX Font Info:    Trying to load font information for U+fontawesomefree0 on i
nput line 167.
(c:/texlive/2025/texmf-dist/tex/latex/fontawesome5/ufontawesomefree0.fd) [2{c:/
texlive/2025/texmf-dist/fonts/enc/dvips/fontawesome5/fa5free0.enc}]
\g__tcobox_out_iow=\write8
\openout8 = `WriteOnGrid-doc-fr.listing'.

(./_minted-WriteOnGrid-doc-fr/colorful.pygstyle)
(./_minted-WriteOnGrid-doc-fr/44D78B090A5B4539C31EB835B536EA0CACECDD3AC0EECC2E3
C56EF276F123AB1.pygtex
LaTeX Font Info:    Font shape `T1/cmtt/bx/n' in size <8> not available
(Font)              Font shape `T1/cmtt/m/n' tried instead on input line 2.
)
\openout8 = `WriteOnGrid-doc-fr.listing'.


(./_minted-WriteOnGrid-doc-fr/BCC92D9F1829808756B09F888E7DC780ACECDD3AC0EECC2E3
C56EF276F123AB1.pygtex)

LaTeX Font Warning: Font shape `T1/cmr/m/n' in size <6.49994> not available
(Font)              size <6> substituted on input line 220.

[3{c:/texlive/2025/texmf-dist/fonts/enc/dvips/cm-super/cm-super-ts1.enc}]
\openout8 = `WriteOnGrid-doc-fr.listing'.


(./_minted-WriteOnGrid-doc-fr/EBE62A97BEA01E780BC8E310B587496BACECDD3AC0EECC2E3
C56EF276F123AB1.pygtex)
\openout8 = `WriteOnGrid-doc-fr.listing'.

(./WriteOnGrid-doc-fr.listing)
\openout8 = `WriteOnGrid-doc-fr.listing'.


(./_minted-WriteOnGrid-doc-fr/E59A92338F9FDEB6FA3B9E9C7583F5ACACECDD3AC0EECC2E3
C56EF276F123AB1.pygtex) [4]
\openout8 = `WriteOnGrid-doc-fr.listing'.


(./_minted-WriteOnGrid-doc-fr/BC44CA1AD3151D6A3AD3646DCC46F60CACECDD3AC0EECC2E3
C56EF276F123AB1.pygtex)
\openout8 = `WriteOnGrid-doc-fr.listing'.


(./_minted-WriteOnGrid-doc-fr/1C58E2E053BB1F1EC91C3BAA3E78D3ADACECDD3AC0EECC2E3
C56EF276F123AB1.pygtex)
\openout8 = `WriteOnGrid-doc-fr.listing'.


(./_minted-WriteOnGrid-doc-fr/71741A81646D9F8AE9A221952C63D19CACECDD3AC0EECC2E3
C56EF276F123AB1.pygtex) [5] [6]
\openout8 = `WriteOnGrid-doc-fr.listing'.


(./_minted-WriteOnGrid-doc-fr/5AD06A8CD063343257BF8A3D4AD51B81ACECDD3AC0EECC2E3
C56EF276F123AB1.pygtex)
\openout8 = `WriteOnGrid-doc-fr.listing'.


(./_minted-WriteOnGrid-doc-fr/84F09BEE91944A1ADEC52882A7A97EFAACECDD3AC0EECC2E3
C56EF276F123AB1.pygtex) [7]
\openout8 = `WriteOnGrid-doc-fr.listing'.


(./_minted-WriteOnGrid-doc-fr/F332241B3C436025C4D33981DC962A87ACECDD3AC0EECC2E3
C56EF276F123AB1.pygtex)
\openout8 = `WriteOnGrid-doc-fr.listing'.


(./_minted-WriteOnGrid-doc-fr/17B88AD83911352B62FA694AA19134C5ACECDD3AC0EECC2E3
C56EF276F123AB1.pygtex)
Underfull \hbox (badness 10000) in paragraph at lines 502--502
 [][]|\T1/cmr/m/n/10 mon texte ali-gné ŕ droite sur la ligne 3...
 []

\openout8 = `WriteOnGrid-doc-fr.listing'.


(./_minted-WriteOnGrid-doc-fr/7AB826DA091784014E2592E1C4D378ABACECDD3AC0EECC2E3
C56EF276F123AB1.pygtex) [8]
\openout8 = `WriteOnGrid-doc-fr.listing'.


(./_minted-WriteOnGrid-doc-fr/4D23EB82C5DFAC7E446B5CA34C452DDBACECDD3AC0EECC2E3
C56EF276F123AB1.pygtex)
\openout8 = `WriteOnGrid-doc-fr.listing'.


(./_minted-WriteOnGrid-doc-fr/0805A4565BDB4676A9E74F12A3846737ACECDD3AC0EECC2E3
C56EF276F123AB1.pygtex)
\openout8 = `WriteOnGrid-doc-fr.listing'.


(./_minted-WriteOnGrid-doc-fr/7886E3541F730E0F27B8994164A1A323ACECDD3AC0EECC2E3
C56EF276F123AB1.pygtex) [9]

Package hyperref Warning: Token not allowed in a PDF string (Unicode):
(hyperref)                removing `\leavevmode@ifvmode' on input line 607.


Package hyperref Warning: Token not allowed in a PDF string (Unicode):
(hyperref)                \kern 1.66661pt
(hyperref)                removed on input line 607.

\openout8 = `WriteOnGrid-doc-fr.listing'.


(./_minted-WriteOnGrid-doc-fr/E1FE690EF37ED057AE6BA9308B496C61ACECDD3AC0EECC2E3
C56EF276F123AB1.pygtex)
\openout8 = `WriteOnGrid-doc-fr.listing'.


(./_minted-WriteOnGrid-doc-fr/566872850AB914819AF40E78C0BA7D4BACECDD3AC0EECC2E3
C56EF276F123AB1.pygtex) [10]

LaTeX Font Warning: Font shape `T1/frc/b/n' undefined
(Font)              using `T1/frc/bx/n' instead on input line 696.

[11]
\openout8 = `WriteOnGrid-doc-fr.listing'.


(./_minted-WriteOnGrid-doc-fr/EDA576EC158FB2C767E9E327A3178A83ACECDD3AC0EECC2E3
C56EF276F123AB1.pygtex) [12]
<WriteOnGrid-Seyes-A5.pdf, id=256, 421.10124pt x 597.50829pt>
File: WriteOnGrid-Seyes-A5.pdf Graphic file (type pdf)
<use WriteOnGrid-Seyes-A5.pdf>
Package pdftex.def Info: WriteOnGrid-Seyes-A5.pdf  used on input line 763.
(pdftex.def)             Requested size: 421.1002pt x 597.50682pt.
[13 <./WriteOnGrid-Seyes-A5.pdf>]
\openout8 = `WriteOnGrid-doc-fr.listing'.


(./_minted-WriteOnGrid-doc-fr/3ADB07384C280E33EECA912A72673DE2ACECDD3AC0EECC2E3
C56EF276F123AB1.pygtex)
\openout8 = `WriteOnGrid-doc-fr.listing'.


(./_minted-WriteOnGrid-doc-fr/A8E051B82B455EA51BD053B01C53854DACECDD3AC0EECC2E3
C56EF276F123AB1.pygtex)
\openout8 = `WriteOnGrid-doc-fr.listing'.


(./_minted-WriteOnGrid-doc-fr/AA4475A1195629576C9E1C45FFF77807ACECDD3AC0EECC2E3
C56EF276F123AB1.pygtex)
\openout8 = `WriteOnGrid-doc-fr.listing'.


(./_minted-WriteOnGrid-doc-fr/CB906FBA4CAA2F30675F498553FABE08ACECDD3AC0EECC2E3
C56EF276F123AB1.pygtex) [14]

LaTeX Font Warning: Font shape `T1/frc/b/n' undefined
(Font)              using `T1/frc/bx/n' instead on input line 854.

[15]

LaTeX Font Warning: Font shape `T1/frc/b/n' undefined
(Font)              using `T1/frc/bx/n' instead on input line 872.

[16] [17] (./WriteOnGrid-doc-fr.aux)
 ***********
LaTeX2e <2025-11-01>
L3 programming layer <2025-12-29>
 ***********

LaTeX Font Warning: Size substitutions with differences
(Font)              up to 0.49994pt have occurred.

Package rerunfilecheck Info: File `WriteOnGrid-doc-fr.out' has not changed.
(rerunfilecheck)             Checksum: 9E421A4C74FA1E48C53618DA678D4DF4;4358.
 ) 
Here is how much of TeX's memory you used:
 42092 strings out of 467538
 887552 string characters out of 5423726
 1486084 words of memory out of 5000000
 70248 multiletter control sequences out of 15000+600000
 660997 words of font info for 116 fonts, out of 8000000 for 9000
 1141 hyphenation exceptions out of 8191
 117i,14n,121p,615b,1425s stack positions out of 10000i,1000n,20000p,200000b,200000s
<c:/texlive/2025/texmf-dist/fonts/type1/public/fontawesome5/FontAwesome5Free-
Regular.pfb><c:/texlive/2025/texmf-dist/fonts/type1/public/fontawesome5/FontAwe
some5Free-Solid.pfb><c:/texlive/2025/texmf-dist/fonts/type1/public/amsfonts/cm/
cmex10.pfb><c:/texlive/2025/texmf-dist/fonts/type1/public/amsfonts/cm/cmmi10.pf
b><c:/texlive/2025/texmf-dist/fonts/type1/public/amsfonts/cm/cmmi7.pfb><c:/texl
ive/2025/texmf-dist/fonts/type1/public/amsfonts/cm/cmr10.pfb><c:/texlive/2025/t
exmf-dist/fonts/type1/public/amsfonts/cm/cmr7.pfb><c:/texlive/2025/texmf-dist/f
onts/type1/public/amsfonts/cm/cmss10.pfb><c:/texlive/2025/texmf-dist/fonts/type
1/public/amsfonts/cm/cmss8.pfb><c:/texlive/2025/texmf-dist/fonts/type1/public/a
msfonts/cm/cmsy10.pfb><c:/texlive/2025/texmf-dist/fonts/type1/public/amsfonts/c
m/cmsy7.pfb><c:/texlive/2025/texmf-dist/fonts/type1/public/frcursive/frcbx10.pf
b><c:/texlive/2025/texmf-dist/fonts/type1/public/frcursive/frcr10.pfb><c:/texli
ve/2025/texmf-dist/fonts/type1/public/amsfonts/symbols/msam10.pfb><c:/texlive/2
025/texmf-dist/fonts/type1/public/cm-super/sfbx1000.pfb><c:/texlive/2025/texmf-
dist/fonts/type1/public/cm-super/sfbx1200.pfb><c:/texlive/2025/texmf-dist/fonts
/type1/public/cm-super/sfbx1440.pfb><c:/texlive/2025/texmf-dist/fonts/type1/pub
lic/cm-super/sfit0800.pfb><c:/texlive/2025/texmf-dist/fonts/type1/public/cm-sup
er/sfrm0600.pfb><c:/texlive/2025/texmf-dist/fonts/type1/public/cm-super/sfrm070
0.pfb><c:/texlive/2025/texmf-dist/fonts/type1/public/cm-super/sfrm1000.pfb><c:/
texlive/2025/texmf-dist/fonts/type1/public/cm-super/sfrm1728.pfb><c:/texlive/20
25/texmf-dist/fonts/type1/public/cm-super/sfsi2074.pfb><c:/texlive/2025/texmf-d
ist/fonts/type1/public/cm-super/sfss0800.pfb><c:/texlive/2025/texmf-dist/fonts/
type1/public/cm-super/sfss0900.pfb><c:/texlive/2025/texmf-dist/fonts/type1/publ
ic/cm-super/sfss1000.pfb><c:/texlive/2025/texmf-dist/fonts/type1/public/cm-supe
r/sfss1440.pfb><c:/texlive/2025/texmf-dist/fonts/type1/public/cm-super/sfss2074
.pfb><c:/texlive/2025/texmf-dist/fonts/type1/public/cm-super/sfsx1000.pfb><c:/t
exlive/2025/texmf-dist/fonts/type1/public/cm-super/sfti1000.pfb><c:/texlive/202
5/texmf-dist/fonts/type1/public/cm-super/sftt0800.pfb><c:/texlive/2025/texmf-di
st/fonts/type1/public/cm-super/sftt0900.pfb><c:/texlive/2025/texmf-dist/fonts/t
ype1/public/cm-super/sftt1000.pfb><c:/texlive/2025/texmf-dist/fonts/type1/publi
c/cm-super/sftt1200.pfb><c:/texlive/2025/texmf-dist/fonts/type1/public/cm-super
/sftt2488.pfb>
Output written on WriteOnGrid-doc-fr.pdf (17 pages, 621092 bytes).
PDF statistics:
 466 PDF objects out of 1000 (max. 8388607)
 343 compressed objects within 4 object streams
 44 named destinations out of 1000 (max. 500000)
 346 words of extra memory for PDF output out of 10000 (max. 10000000)

