This is pdfTeX, Version 3.141592653-2.6-1.40.29 (TeX Live 2026) (preloaded format=pdflatex 2026.2.25)  26 FEB 2026 09:50
entering extended mode
 \write18 enabled.
 %&-line parsing enabled.
**tkz-grapheur-doc-en.tex
(./tkz-grapheur-doc-en.tex
LaTeX2e <2025-11-01>
L3 programming layer <2026-01-19>
(c:/texlive/2026/texmf-dist/tex/latex/base/ltxdoc.cls
Document Class: ltxdoc 2024/02/08 v2.1j Standard LaTeX documentation class
*************************************
* Local config file ltxdoc.cfg used
*************************************
(c:/texlive/2026/texmf-dist/tex/latex/base/ltxdoc.cfg
File: ltxdoc.cfg 2022/06/14 v2.0d ltxdoc.cls configuration (LaTeX Project)
) (c:/texlive/2026/texmf-dist/tex/latex/base/article.cls
Document Class: article 2025/01/22 v1.4n Standard LaTeX document class
(c:/texlive/2026/texmf-dist/tex/latex/base/size11.clo
File: size11.clo 2025/01/22 v1.4n Standard LaTeX file (size option)
)
\c@part=\count275
\c@section=\count276
\c@subsection=\count277
\c@subsubsection=\count278
\c@paragraph=\count279
\c@subparagraph=\count280
\c@figure=\count281
\c@table=\count282
\abovecaptionskip=\skip49
\belowcaptionskip=\skip50
\bibindent=\dimen148
) (c:/texlive/2026/texmf-dist/tex/latex/base/doc.sty
Package: doc 2024/12/25 v3.0q Standard LaTeX documentation package V3 (FMi)
\c@StandardModuleDepth=\count283
\guard@level=\count284
\MacrocodeTopsep=\skip51
\MacroIndent=\dimen149
\macro@cnt=\count285
\MacroTopsep=\skip52
\IndexMin=\dimen150
\c@IndexColumns=\count286
(c:/texlive/2026/texmf-dist/tex/latex/tools/multicol.sty
Package: multicol 2025/10/21 v2.0b multicolumn formatting (FMi)
\c@tracingmulticols=\count287
\mult@box=\box53
\multicol@leftmargin=\dimen151
\c@unbalance=\count288
\c@collectmore=\count289
\doublecol@number=\count290
\multicoltolerance=\count291
\multicolpretolerance=\count292
\full@width=\dimen152
\page@free=\dimen153
\premulticols=\dimen154
\postmulticols=\dimen155
\multicolsep=\skip53
\multicolbaselineskip=\skip54
\partial@page=\box54
\last@line=\box55
\mc@boxedresult=\box56
\maxbalancingoverflow=\dimen156
\mult@rightbox=\box57
\mult@grightbox=\box58
\mult@firstbox=\box59
\mult@gfirstbox=\box60
\@tempa=\box61
\@tempa=\box62
\@tempa=\box63
\@tempa=\box64
\@tempa=\box65
\@tempa=\box66
\@tempa=\box67
\@tempa=\box68
\@tempa=\box69
\@tempa=\box70
\@tempa=\box71
\@tempa=\box72
\@tempa=\box73
\@tempa=\box74
\@tempa=\box75
\@tempa=\box76
\@tempa=\box77
\@tempa=\box78
\@tempa=\box79
\@tempa=\box80
\@tempa=\box81
\@tempa=\box82
\@tempa=\box83
\@tempa=\box84
\@tempa=\box85
\@tempa=\box86
\@tempa=\box87
\@tempa=\box88
\@tempa=\box89
\@tempa=\box90
\@tempa=\box91
\@tempa=\box92
\@tempa=\box93
\@tempa=\box94
\@tempa=\box95
\@tempa=\box96
\c@minrows=\count293
\c@columnbadness=\count294
\c@finalcolumnbadness=\count295
\last@try=\dimen157
\multicolovershoot=\dimen158
\multicolundershoot=\dimen159
\mult@nat@firstbox=\box97
\colbreak@box=\box98
\mc@col@check@num=\count296
\g__mc_curr_col_int=\count297
)
\GlossaryMin=\dimen160
\c@GlossaryColumns=\count298
\check@sum=\count299
\bslash@cnt=\count300
\wrong@table=\toks17
\c@CodelineNo=\count301
\@temptokenb=\toks18
)) (c:/texlive/2026/texmf-dist/tex/latex/base/fontenc.sty
Package: fontenc 2025/07/18 v2.1d Standard LaTeX package
) (c:/texlive/2026/texmf-dist/tex/latex/base/inputenc.sty
Package: inputenc 2024/02/08 v1.3d Input encoding file
\inpenc@prehook=\toks19
\inpenc@posthook=\toks20
) (c:/Users/cpier/OneDrive/latex/tex/latex/tkz-grapheur/tex/tkz-grapheur.sty
Package: tkz-grapheur 2026/02/26 0.30b Des outils en TikZ pour travailler comme
 avec un grapheur
(c:/texlive/2026/texmf-dist/tex/latex/pgf/frontendlayer/tikz.sty (c:/texlive/20
26/texmf-dist/tex/latex/pgf/basiclayer/pgf.sty (c:/texlive/2026/texmf-dist/tex/
latex/pgf/utilities/pgfrcs.sty (c:/texlive/2026/texmf-dist/tex/generic/pgf/util
ities/pgfutil-common.tex
\pgfutil@everybye=\toks21
\pgfutil@tempdima=\dimen161
\pgfutil@tempdimb=\dimen162
) (c:/texlive/2026/texmf-dist/tex/generic/pgf/utilities/pgfutil-latex.def
\pgfutil@abb=\box99
) (c:/texlive/2026/texmf-dist/tex/generic/pgf/utilities/pgfrcs.code.tex (c:/tex
live/2026/texmf-dist/tex/generic/pgf/pgf.revision.tex)
Package: pgfrcs 2025-08-29 v3.1.11a (3.1.11a)
))
Package: pgf 2025-08-29 v3.1.11a (3.1.11a)
(c:/texlive/2026/texmf-dist/tex/latex/pgf/basiclayer/pgfcore.sty (c:/texlive/20
26/texmf-dist/tex/latex/graphics/graphicx.sty
Package: graphicx 2024/12/31 v1.2e Enhanced LaTeX Graphics (DPC,SPQR)
(c:/texlive/2026/texmf-dist/tex/latex/graphics/keyval.sty
Package: keyval 2022/05/29 v1.15 key=value parser (DPC)
\KV@toks@=\toks22
) (c:/texlive/2026/texmf-dist/tex/latex/graphics/graphics.sty
Package: graphics 2024/08/06 v1.4g Standard LaTeX Graphics (DPC,SPQR)
(c:/texlive/2026/texmf-dist/tex/latex/graphics/trig.sty
Package: trig 2023/12/02 v1.11 sin cos tan (DPC)
) (c:/texlive/2026/texmf-dist/tex/latex/graphics-cfg/graphics.cfg
File: graphics.cfg 2016/06/04 v1.11 sample graphics configuration
)
Package graphics Info: Driver file: pdftex.def on input line 106.
(c:/texlive/2026/texmf-dist/tex/latex/graphics-def/pdftex.def
File: pdftex.def 2025/09/29 v1.2d Graphics/color driver for pdftex
))
\Gin@req@height=\dimen163
\Gin@req@width=\dimen164
) (c:/texlive/2026/texmf-dist/tex/latex/pgf/systemlayer/pgfsys.sty (c:/texlive/
2026/texmf-dist/tex/generic/pgf/systemlayer/pgfsys.code.tex
Package: pgfsys 2025-08-29 v3.1.11a (3.1.11a)
(c:/texlive/2026/texmf-dist/tex/generic/pgf/utilities/pgfkeys.code.tex
\pgfkeys@pathtoks=\toks23
\pgfkeys@temptoks=\toks24

(c:/texlive/2026/texmf-dist/tex/generic/pgf/utilities/pgfkeyslibraryfiltered.co
de.tex
\pgfkeys@tmptoks=\toks25
))
\pgf@x=\dimen165
\pgf@y=\dimen166
\pgf@xa=\dimen167
\pgf@ya=\dimen168
\pgf@xb=\dimen169
\pgf@yb=\dimen170
\pgf@xc=\dimen171
\pgf@yc=\dimen172
\pgf@xd=\dimen173
\pgf@yd=\dimen174
\w@pgf@writea=\write3
\r@pgf@reada=\read2
\c@pgf@counta=\count302
\c@pgf@countb=\count303
\c@pgf@countc=\count304
\c@pgf@countd=\count305
\t@pgf@toka=\toks26
\t@pgf@tokb=\toks27
\t@pgf@tokc=\toks28
\pgf@sys@id@count=\count306
(c:/texlive/2026/texmf-dist/tex/generic/pgf/systemlayer/pgf.cfg
File: pgf.cfg 2025-08-29 v3.1.11a (3.1.11a)
)
Driver file for pgf: pgfsys-pdftex.def
(c:/texlive/2026/texmf-dist/tex/generic/pgf/systemlayer/pgfsys-pdftex.def
File: pgfsys-pdftex.def 2025-08-29 v3.1.11a (3.1.11a)
(c:/texlive/2026/texmf-dist/tex/generic/pgf/systemlayer/pgfsys-common-pdf.def
File: pgfsys-common-pdf.def 2025-08-29 v3.1.11a (3.1.11a)
)))
(c:/texlive/2026/texmf-dist/tex/generic/pgf/systemlayer/pgfsyssoftpath.code.tex
File: pgfsyssoftpath.code.tex 2025-08-29 v3.1.11a (3.1.11a)
\pgfsyssoftpath@smallbuffer@items=\count307
\pgfsyssoftpath@bigbuffer@items=\count308
)
(c:/texlive/2026/texmf-dist/tex/generic/pgf/systemlayer/pgfsysprotocol.code.tex
File: pgfsysprotocol.code.tex 2025-08-29 v3.1.11a (3.1.11a)
)) (c:/texlive/2026/texmf-dist/tex/latex/xcolor/xcolor.sty
Package: xcolor 2024/09/29 v3.02 LaTeX color extensions (UK)
(c:/texlive/2026/texmf-dist/tex/latex/graphics-cfg/color.cfg
File: color.cfg 2016/01/02 v1.6 sample color configuration
)
Package xcolor Info: Driver file: pdftex.def on input line 274.
(c:/texlive/2026/texmf-dist/tex/latex/graphics/mathcolor.ltx)
Package xcolor Info: Model `cmy' substituted by `cmy0' on input line 1349.
Package xcolor Info: Model `hsb' substituted by `rgb' on input line 1353.
Package xcolor Info: Model `RGB' extended on input line 1365.
Package xcolor Info: Model `HTML' substituted by `rgb' on input line 1367.
Package xcolor Info: Model `Hsb' substituted by `hsb' on input line 1368.
Package xcolor Info: Model `tHsb' substituted by `hsb' on input line 1369.
Package xcolor Info: Model `HSB' substituted by `hsb' on input line 1370.
Package xcolor Info: Model `Gray' substituted by `gray' on input line 1371.
Package xcolor Info: Model `wave' substituted by `hsb' on input line 1372.
) (c:/texlive/2026/texmf-dist/tex/generic/pgf/basiclayer/pgfcore.code.tex
Package: pgfcore 2025-08-29 v3.1.11a (3.1.11a)
(c:/texlive/2026/texmf-dist/tex/generic/pgf/math/pgfmath.code.tex (c:/texlive/2
026/texmf-dist/tex/generic/pgf/math/pgfmathutil.code.tex) (c:/texlive/2026/texm
f-dist/tex/generic/pgf/math/pgfmathparser.code.tex
\pgfmath@dimen=\dimen175
\pgfmath@count=\count309
\pgfmath@box=\box100
\pgfmath@toks=\toks29
\pgfmath@stack@operand=\toks30
\pgfmath@stack@operation=\toks31
) (c:/texlive/2026/texmf-dist/tex/generic/pgf/math/pgfmathfunctions.code.tex)
(c:/texlive/2026/texmf-dist/tex/generic/pgf/math/pgfmathfunctions.basic.code.te
x)
(c:/texlive/2026/texmf-dist/tex/generic/pgf/math/pgfmathfunctions.trigonometric
.code.tex)
(c:/texlive/2026/texmf-dist/tex/generic/pgf/math/pgfmathfunctions.random.code.t
ex)
(c:/texlive/2026/texmf-dist/tex/generic/pgf/math/pgfmathfunctions.comparison.co
de.tex)
(c:/texlive/2026/texmf-dist/tex/generic/pgf/math/pgfmathfunctions.base.code.tex
)
(c:/texlive/2026/texmf-dist/tex/generic/pgf/math/pgfmathfunctions.round.code.te
x)
(c:/texlive/2026/texmf-dist/tex/generic/pgf/math/pgfmathfunctions.misc.code.tex
)
(c:/texlive/2026/texmf-dist/tex/generic/pgf/math/pgfmathfunctions.integerarithm
etics.code.tex) (c:/texlive/2026/texmf-dist/tex/generic/pgf/math/pgfmathcalc.co
de.tex) (c:/texlive/2026/texmf-dist/tex/generic/pgf/math/pgfmathfloat.code.tex
\c@pgfmathroundto@lastzeros=\count310
)) (c:/texlive/2026/texmf-dist/tex/generic/pgf/math/pgfint.code.tex) (c:/texliv
e/2026/texmf-dist/tex/generic/pgf/basiclayer/pgfcorepoints.code.tex
File: pgfcorepoints.code.tex 2025-08-29 v3.1.11a (3.1.11a)
\pgf@picminx=\dimen176
\pgf@picmaxx=\dimen177
\pgf@picminy=\dimen178
\pgf@picmaxy=\dimen179
\pgf@pathminx=\dimen180
\pgf@pathmaxx=\dimen181
\pgf@pathminy=\dimen182
\pgf@pathmaxy=\dimen183
\pgf@xx=\dimen184
\pgf@xy=\dimen185
\pgf@yx=\dimen186
\pgf@yy=\dimen187
\pgf@zx=\dimen188
\pgf@zy=\dimen189
)
(c:/texlive/2026/texmf-dist/tex/generic/pgf/basiclayer/pgfcorepathconstruct.cod
e.tex
File: pgfcorepathconstruct.code.tex 2025-08-29 v3.1.11a (3.1.11a)
\pgf@path@lastx=\dimen190
\pgf@path@lasty=\dimen191
)
(c:/texlive/2026/texmf-dist/tex/generic/pgf/basiclayer/pgfcorepathusage.code.te
x
File: pgfcorepathusage.code.tex 2025-08-29 v3.1.11a (3.1.11a)
\pgf@shorten@end@additional=\dimen192
\pgf@shorten@start@additional=\dimen193
) (c:/texlive/2026/texmf-dist/tex/generic/pgf/basiclayer/pgfcorescopes.code.tex
File: pgfcorescopes.code.tex 2025-08-29 v3.1.11a (3.1.11a)
\pgfpic=\box101
\pgf@hbox=\box102
\pgf@layerbox@main=\box103
\pgf@picture@serial@count=\count311
)
(c:/texlive/2026/texmf-dist/tex/generic/pgf/basiclayer/pgfcoregraphicstate.code
.tex
File: pgfcoregraphicstate.code.tex 2025-08-29 v3.1.11a (3.1.11a)
\pgflinewidth=\dimen194
)
(c:/texlive/2026/texmf-dist/tex/generic/pgf/basiclayer/pgfcoretransformations.c
ode.tex
File: pgfcoretransformations.code.tex 2025-08-29 v3.1.11a (3.1.11a)
\pgf@pt@x=\dimen195
\pgf@pt@y=\dimen196
\pgf@pt@temp=\dimen197
) (c:/texlive/2026/texmf-dist/tex/generic/pgf/basiclayer/pgfcorequick.code.tex
File: pgfcorequick.code.tex 2025-08-29 v3.1.11a (3.1.11a)
) (c:/texlive/2026/texmf-dist/tex/generic/pgf/basiclayer/pgfcoreobjects.code.te
x
File: pgfcoreobjects.code.tex 2025-08-29 v3.1.11a (3.1.11a)
)
(c:/texlive/2026/texmf-dist/tex/generic/pgf/basiclayer/pgfcorepathprocessing.co
de.tex
File: pgfcorepathprocessing.code.tex 2025-08-29 v3.1.11a (3.1.11a)
) (c:/texlive/2026/texmf-dist/tex/generic/pgf/basiclayer/pgfcorearrows.code.tex
File: pgfcorearrows.code.tex 2025-08-29 v3.1.11a (3.1.11a)
\pgfarrowsep=\dimen198
) (c:/texlive/2026/texmf-dist/tex/generic/pgf/basiclayer/pgfcoreshade.code.tex
File: pgfcoreshade.code.tex 2025-08-29 v3.1.11a (3.1.11a)
\pgf@max=\dimen199
\pgf@sys@shading@range@num=\count312
\pgf@shadingcount=\count313
) (c:/texlive/2026/texmf-dist/tex/generic/pgf/basiclayer/pgfcoreimage.code.tex
File: pgfcoreimage.code.tex 2025-08-29 v3.1.11a (3.1.11a)
)
(c:/texlive/2026/texmf-dist/tex/generic/pgf/basiclayer/pgfcoreexternal.code.tex
File: pgfcoreexternal.code.tex 2025-08-29 v3.1.11a (3.1.11a)
\pgfexternal@startupbox=\box104
) (c:/texlive/2026/texmf-dist/tex/generic/pgf/basiclayer/pgfcorelayers.code.tex
File: pgfcorelayers.code.tex 2025-08-29 v3.1.11a (3.1.11a)
)
(c:/texlive/2026/texmf-dist/tex/generic/pgf/basiclayer/pgfcoretransparency.code
.tex
File: pgfcoretransparency.code.tex 2025-08-29 v3.1.11a (3.1.11a)
)
(c:/texlive/2026/texmf-dist/tex/generic/pgf/basiclayer/pgfcorepatterns.code.tex
File: pgfcorepatterns.code.tex 2025-08-29 v3.1.11a (3.1.11a)
) (c:/texlive/2026/texmf-dist/tex/generic/pgf/basiclayer/pgfcorerdf.code.tex
File: pgfcorerdf.code.tex 2025-08-29 v3.1.11a (3.1.11a)
))) (c:/texlive/2026/texmf-dist/tex/generic/pgf/modules/pgfmoduleshapes.code.te
x
File: pgfmoduleshapes.code.tex 2025-08-29 v3.1.11a (3.1.11a)
\pgfnodeparttextbox=\box105
) (c:/texlive/2026/texmf-dist/tex/generic/pgf/modules/pgfmoduleplot.code.tex
File: pgfmoduleplot.code.tex 2025-08-29 v3.1.11a (3.1.11a)
)
(c:/texlive/2026/texmf-dist/tex/latex/pgf/compatibility/pgfcomp-version-0-65.st
y
Package: pgfcomp-version-0-65 2025-08-29 v3.1.11a (3.1.11a)
\pgf@nodesepstart=\dimen256
\pgf@nodesepend=\dimen257
)
(c:/texlive/2026/texmf-dist/tex/latex/pgf/compatibility/pgfcomp-version-1-18.st
y
Package: pgfcomp-version-1-18 2025-08-29 v3.1.11a (3.1.11a)
)) (c:/texlive/2026/texmf-dist/tex/latex/pgf/utilities/pgffor.sty (c:/texlive/2
026/texmf-dist/tex/latex/pgf/utilities/pgfkeys.sty (c:/texlive/2026/texmf-dist/
tex/generic/pgf/utilities/pgfkeys.code.tex)) (c:/texlive/2026/texmf-dist/tex/la
tex/pgf/math/pgfmath.sty (c:/texlive/2026/texmf-dist/tex/generic/pgf/math/pgfma
th.code.tex)) (c:/texlive/2026/texmf-dist/tex/generic/pgf/utilities/pgffor.code
.tex
Package: pgffor 2025-08-29 v3.1.11a (3.1.11a)
\pgffor@iter=\dimen258
\pgffor@skip=\dimen259
\pgffor@stack=\toks32
\pgffor@toks=\toks33
)) (c:/texlive/2026/texmf-dist/tex/generic/pgf/frontendlayer/tikz/tikz.code.tex
Package: tikz 2025-08-29 v3.1.11a (3.1.11a)

(c:/texlive/2026/texmf-dist/tex/generic/pgf/libraries/pgflibraryplothandlers.co
de.tex
File: pgflibraryplothandlers.code.tex 2025-08-29 v3.1.11a (3.1.11a)
\pgf@plot@mark@count=\count314
\pgfplotmarksize=\dimen260
)
\tikz@lastx=\dimen261
\tikz@lasty=\dimen262
\tikz@lastxsaved=\dimen263
\tikz@lastysaved=\dimen264
\tikz@lastmovetox=\dimen265
\tikz@lastmovetoy=\dimen266
\tikzleveldistance=\dimen267
\tikzsiblingdistance=\dimen268
\tikz@figbox=\box106
\tikz@figbox@bg=\box107
\tikz@tempbox=\box108
\tikz@tempbox@bg=\box109
\tikztreelevel=\count315
\tikznumberofchildren=\count316
\tikznumberofcurrentchild=\count317
\tikz@fig@count=\count318
(c:/texlive/2026/texmf-dist/tex/generic/pgf/modules/pgfmodulematrix.code.tex
File: pgfmodulematrix.code.tex 2025-08-29 v3.1.11a (3.1.11a)
\pgfmatrixcurrentrow=\count319
\pgfmatrixcurrentcolumn=\count320
\pgf@matrix@numberofcolumns=\count321
)
\tikz@expandcount=\count322

(c:/texlive/2026/texmf-dist/tex/generic/pgf/frontendlayer/tikz/libraries/tikzli
brarytopaths.code.tex
File: tikzlibrarytopaths.code.tex 2025-08-29 v3.1.11a (3.1.11a)
))) (c:/texlive/2026/texmf-dist/tex/latex/base/ifthen.sty
Package: ifthen 2024/03/16 v1.1e Standard LaTeX ifthen package (DPC)
) (c:/texlive/2026/texmf-dist/tex/latex/pgfplots/pgfplots.sty (c:/texlive/2026/
texmf-dist/tex/generic/pgfplots/pgfplots.revision.tex)
Package: pgfplots 2025/08/14 v1.18.2 Data Visualization (1.18.2)
(c:/texlive/2026/texmf-dist/tex/generic/pgfplots/pgfplots.code.tex (c:/texlive/
2026/texmf-dist/tex/generic/pgfplots/pgfplotscore.code.tex
\t@pgfplots@toka=\toks34
\t@pgfplots@tokb=\toks35
\t@pgfplots@tokc=\toks36
\pgfplots@tmpa=\dimen269
\c@pgfplots@coordindex=\count323
\c@pgfplots@scanlineindex=\count324

(c:/texlive/2026/texmf-dist/tex/generic/pgfplots/sys/pgfplotssysgeneric.code.te
x)) (c:/texlive/2026/texmf-dist/tex/generic/pgfplots/libs/pgfplotslibrary.code.
tex)
(c:/texlive/2026/texmf-dist/tex/generic/pgfplots/oldpgfcompatib/pgfplotsoldpgfs
upp_loader.code.tex (c:/texlive/2026/texmf-dist/tex/generic/pgf/libraries/pgfli
braryfpu.code.tex)
(c:/texlive/2026/texmf-dist/tex/generic/pgfplots/oldpgfcompatib/pgfplotsoldpgfs
upp_pgfutil-common-lists.tex)) (c:/texlive/2026/texmf-dist/tex/generic/pgfplots
/util/pgfplotsutil.code.tex
(c:/texlive/2026/texmf-dist/tex/generic/pgfplots/liststructure/pgfplotsliststru
cture.code.tex)
(c:/texlive/2026/texmf-dist/tex/generic/pgfplots/liststructure/pgfplotsliststru
ctureext.code.tex)
(c:/texlive/2026/texmf-dist/tex/generic/pgfplots/liststructure/pgfplotsarray.co
de.tex
\c@pgfplotsarray@tmp=\count325
)
(c:/texlive/2026/texmf-dist/tex/generic/pgfplots/liststructure/pgfplotsmatrix.c
ode.tex)
(c:/texlive/2026/texmf-dist/tex/generic/pgfplots/numtable/pgfplotstableshared.c
ode.tex
\c@pgfplotstable@counta=\count326
\t@pgfplotstable@a=\toks37
)
(c:/texlive/2026/texmf-dist/tex/generic/pgfplots/liststructure/pgfplotsdeque.co
de.tex) (c:/texlive/2026/texmf-dist/tex/generic/pgfplots/util/pgfplotsbinary.co
de.tex
(c:/texlive/2026/texmf-dist/tex/generic/pgfplots/util/pgfplotsbinary.data.code.
tex))
(c:/texlive/2026/texmf-dist/tex/generic/pgfplots/util/pgfplotsutil.verb.code.te
x)
(c:/texlive/2026/texmf-dist/tex/generic/pgfplots/libs/pgflibrarypgfplots.surfsh
ading.code.tex
\c@pgfplotslibrarysurf@no=\count327

(c:/texlive/2026/texmf-dist/tex/generic/pgfplots/sys/pgflibrarypgfplots.surfsha
ding.pgfsys-pdftex.def)))
(c:/texlive/2026/texmf-dist/tex/generic/pgfplots/util/pgfplotscolormap.code.tex
(c:/texlive/2026/texmf-dist/tex/generic/pgfplots/util/pgfplotscolor.code.tex)) 
(c:/texlive/2026/texmf-dist/tex/generic/pgfplots/pgfplotsstackedplots.code.tex)
(c:/texlive/2026/texmf-dist/tex/generic/pgfplots/pgfplotsplothandlers.code.tex
(c:/texlive/2026/texmf-dist/tex/generic/pgfplots/pgfplotsmeshplothandler.code.t
ex
(c:/texlive/2026/texmf-dist/tex/generic/pgfplots/pgfplotsmeshplotimage.code.tex
))) (c:/texlive/2026/texmf-dist/tex/generic/pgfplots/pgfplots.scaling.code.tex)

(c:/texlive/2026/texmf-dist/tex/generic/pgfplots/pgfplotscoordprocessing.code.t
ex) (c:/texlive/2026/texmf-dist/tex/generic/pgfplots/pgfplots.errorbars.code.te
x) (c:/texlive/2026/texmf-dist/tex/generic/pgfplots/pgfplots.markers.code.tex) 
(c:/texlive/2026/texmf-dist/tex/generic/pgfplots/pgfplotsticks.code.tex) (c:/te
xlive/2026/texmf-dist/tex/generic/pgfplots/pgfplots.paths.code.tex)
(c:/texlive/2026/texmf-dist/tex/generic/pgf/frontendlayer/tikz/libraries/tikzli
brarydecorations.code.tex
(c:/texlive/2026/texmf-dist/tex/generic/pgf/modules/pgfmoduledecorations.code.t
ex
\pgfdecoratedcompleteddistance=\dimen270
\pgfdecoratedremainingdistance=\dimen271
\pgfdecoratedinputsegmentcompleteddistance=\dimen272
\pgfdecoratedinputsegmentremainingdistance=\dimen273
\pgf@decorate@distancetomove=\dimen274
\pgf@decorate@repeatstate=\count328
\pgfdecorationsegmentamplitude=\dimen275
\pgfdecorationsegmentlength=\dimen276
)
\tikz@lib@dec@box=\box110
)
(c:/texlive/2026/texmf-dist/tex/generic/pgf/frontendlayer/tikz/libraries/tikzli
brarydecorations.pathmorphing.code.tex
(c:/texlive/2026/texmf-dist/tex/generic/pgf/libraries/decorations/pgflibrarydec
orations.pathmorphing.code.tex))
(c:/texlive/2026/texmf-dist/tex/generic/pgf/frontendlayer/tikz/libraries/tikzli
brarydecorations.pathreplacing.code.tex
(c:/texlive/2026/texmf-dist/tex/generic/pgf/libraries/decorations/pgflibrarydec
orations.pathreplacing.code.tex))
(c:/texlive/2026/texmf-dist/tex/generic/pgfplots/libs/tikzlibrarypgfplots.conto
urlua.code.tex)
\pgfplots@numplots=\count329
\pgfplots@xmin@reg=\dimen277
\pgfplots@xmax@reg=\dimen278
\pgfplots@ymin@reg=\dimen279
\pgfplots@ymax@reg=\dimen280
\pgfplots@zmin@reg=\dimen281
\pgfplots@zmax@reg=\dimen282
)
(c:/texlive/2026/texmf-dist/tex/generic/pgf/frontendlayer/tikz/libraries/tikzli
braryplotmarks.code.tex
File: tikzlibraryplotmarks.code.tex 2025-08-29 v3.1.11a (3.1.11a)

(c:/texlive/2026/texmf-dist/tex/generic/pgf/libraries/pgflibraryplotmarks.code.
tex
File: pgflibraryplotmarks.code.tex 2025-08-29 v3.1.11a (3.1.11a)
)))
(c:/texlive/2026/texmf-dist/tex/generic/pgfplots/libs/tikzlibrarypgfplots.fillb
etween.code.tex
(c:/texlive/2026/texmf-dist/tex/generic/pgfplots/pgfcontrib/tikzlibraryfillbetw
een.code.tex
(c:/texlive/2026/texmf-dist/tex/generic/pgf/frontendlayer/tikz/libraries/tikzli
braryintersections.code.tex
(c:/texlive/2026/texmf-dist/tex/generic/pgf/libraries/pgflibraryintersections.c
ode.tex
\pgf@intersect@solutions=\count330
))
(c:/texlive/2026/texmf-dist/tex/generic/pgfplots/pgfcontrib/tikzlibrarydecorati
ons.softclip.code.tex
(c:/texlive/2026/texmf-dist/tex/generic/pgfplots/pgfcontrib/pgflibraryfillbetwe
en.code.tex)))
(c:/texlive/2026/texmf-dist/tex/generic/pgfplots/libs/tikzlibrarypgfplots.decor
ations.softclip.code.tex))
(c:/texlive/2026/texmf-dist/tex/generic/pgf/frontendlayer/tikz/libraries/tikzli
brarycalc.code.tex
File: tikzlibrarycalc.code.tex 2025-08-29 v3.1.11a (3.1.11a)
)
(c:/texlive/2026/texmf-dist/tex/generic/pgf/frontendlayer/tikz/libraries/tikzli
brarypatterns.code.tex
File: tikzlibrarypatterns.code.tex 2025-08-29 v3.1.11a (3.1.11a)

(c:/texlive/2026/texmf-dist/tex/generic/pgf/libraries/pgflibrarypatterns.code.t
ex
File: pgflibrarypatterns.code.tex 2025-08-29 v3.1.11a (3.1.11a)
))
(c:/texlive/2026/texmf-dist/tex/generic/pgf/frontendlayer/tikz/libraries/tikzli
brarypatterns.meta.code.tex
(c:/texlive/2026/texmf-dist/tex/generic/pgf/libraries/pgflibrarypatterns.meta.c
ode.tex)) (c:/texlive/2026/texmf-dist/tex/latex/tikz-bbox/pgflibrarybbox.code.t
ex) (c:/texlive/2026/texmf-dist/tex/generic/simplekv/simplekv.sty (c:/texlive/2
026/texmf-dist/tex/generic/simplekv/simplekv.tex)
Package: simplekv 2025/06/15 v0.32 Simple keyval package (CT)
) (c:/texlive/2026/texmf-dist/tex/generic/xint/xintexpr.sty (c:/texlive/2026/te
xmf-dist/tex/generic/xint/xintfrac.sty (c:/texlive/2026/texmf-dist/tex/generic/
xint/xint.sty (c:/texlive/2026/texmf-dist/tex/generic/xint/xintcore.sty (c:/tex
live/2026/texmf-dist/tex/generic/xint/xintkernel.sty
Package: xintkernel 2025/09/06 v1.4o Paraphernalia for the xint packages (JFB)
\xint_c_x^v=\count331
\xint_c_x^viii=\count332
\xint_c_x^ix=\count333
\xint_c_x^viii_mone=\count334
\xint_c_nine_x^viii=\count335
\xint_c_xi_e_viii_mone=\count336
\xint_c_xii_e_viii=\count337
\xint_c_ii^xv=\count338
\xint_c_ii^xvi=\count339
\xint_c_ii^xxi=\count340
)
Package: xintcore 2025/09/06 v1.4o Expandable arithmetic on big integers (JFB)
)
Package: xint 2025/09/06 v1.4o Expandable operations on big integers (JFB)
)
Package: xintfrac 2025/09/06 v1.4o Expandable operations on fractions (JFB)
) (c:/texlive/2026/texmf-dist/tex/generic/xint/xinttools.sty
Package: xinttools 2025/09/06 v1.4o Expandable and non-expandable utilities (JF
B)
\XINT_toks=\toks38
) (c:/texlive/2026/texmf-dist/tex/generic/xint/xintbinhex.sty
Package: xintbinhex 2025/09/06 v1.4o Expandable radix conversions (2, 8, 10, an
d 16) (JFB)
)
Package: xintexpr 2025/09/06 v1.4o Expandable expression parser (JFB)
(c:/texlive/2026/texmf-dist/tex/generic/xint/xinttrig.sty
Package: xinttrig 2025/09/06 v1.4o Trigonometrical functions for xintexpr (JFB)

) (c:/texlive/2026/texmf-dist/tex/generic/xint/xintlog.sty
Package: xintlog 2025/09/06 v1.4o Logarithms and exponentials for xintexpr (JFB
)
(c:/texlive/2026/texmf-dist/tex/generic/poormanlog/poormanlog.sty
Package: poormanlog 2022/05/25 v0.07 base 10 log and pow with 9 digits (JFB)
(c:/texlive/2026/texmf-dist/tex/generic/poormanlog/poormanlog.tex)))) (c:/texli
ve/2026/texmf-dist/tex/generic/xstring/xstring.sty (c:/texlive/2026/texmf-dist/
tex/generic/xstring/xstring.tex
\xs_counta=\count341
\xs_countb=\count342
)
Package: xstring 2023/08/22 v1.86 String manipulations (CT)
) (c:/texlive/2026/texmf-dist/tex/generic/listofitems/listofitems.sty (c:/texli
ve/2026/texmf-dist/tex/generic/listofitems/listofitems.tex
\loi_cnt_foreach_nest=\count343
\loi_nestcnt=\count344
)
Package: listofitems 2024/03/09 v1.65 Grab items in lists using user-specified 
sep char (CT)
)
(c:/Users/cpier/OneDrive/latex/tex/latex/xint-regression/tex/xint-regression.st
y
Package: xint-regression 2026/02/17 0.1.3 Some classic regressions, with xint
) (c:/texlive/2026/texmf-dist/tex/latex/siunitx/siunitx.sty
Package: siunitx 2025-07-09 v3.4.14 A comprehensive (SI) units package
\l__siunitx_number_uncert_offset_int=\count345
\l__siunitx_number_exponent_fixed_int=\count346
\l__siunitx_number_min_decimal_int=\count347
\l__siunitx_number_min_integer_int=\count348
\l__siunitx_number_round_precision_int=\count349
\l__siunitx_number_lower_threshold_int=\count350
\l__siunitx_number_upper_threshold_int=\count351
\l__siunitx_number_group_first_int=\count352
\l__siunitx_number_group_size_int=\count353
\l__siunitx_number_group_minimum_int=\count354
\l__siunitx_angle_tmp_dim=\dimen283
\l__siunitx_angle_marker_box=\box111
\l__siunitx_angle_unit_box=\box112
\l__siunitx_compound_count_int=\count355
(c:/texlive/2026/texmf-dist/tex/latex/translations/translations.sty
Package: translations 2022/02/05 v1.12 internationalization of LaTeX2e packages
 (CN)
(c:/texlive/2026/texmf-dist/tex/latex/etoolbox/etoolbox.sty
Package: etoolbox 2025/10/02 v2.5m e-TeX tools for LaTeX (JAW)
\etb@tempcnta=\count356
) (c:/texlive/2026/texmf-dist/tex/generic/pdftexcmds/pdftexcmds.sty
Package: pdftexcmds 2020-06-27 v0.33 Utility functions of pdfTeX for LuaTeX (HO
)
(c:/texlive/2026/texmf-dist/tex/generic/infwarerr/infwarerr.sty
Package: infwarerr 2019/12/03 v1.5 Providing info/warning/error messages (HO)
) (c:/texlive/2026/texmf-dist/tex/generic/iftex/iftex.sty
Package: iftex 2024/12/12 v1.0g TeX engine tests
) (c:/texlive/2026/texmf-dist/tex/generic/ltxcmds/ltxcmds.sty
Package: ltxcmds 2023-12-04 v1.26 LaTeX kernel commands for general use (HO)
)
Package pdftexcmds Info: \pdf@primitive is available.
Package pdftexcmds Info: \pdf@ifprimitive is available.
Package pdftexcmds Info: \pdfdraftmode found.
)) (c:/texlive/2026/texmf-dist/tex/latex/amsmath/amstext.sty
Package: amstext 2024/11/17 v2.01 AMS text
(c:/texlive/2026/texmf-dist/tex/latex/amsmath/amsgen.sty
File: amsgen.sty 1999/11/30 v2.0 generic functions
\@emptytoks=\toks39
\ex@=\dimen284
))
\l__siunitx_table_tmp_box=\box113
\l__siunitx_table_tmp_dim=\dimen285
\l__siunitx_table_column_width_dim=\dimen286
\l__siunitx_table_integer_box=\box114
\l__siunitx_table_decimal_box=\box115
\l__siunitx_table_uncert_box=\box116
\l__siunitx_table_before_box=\box117
\l__siunitx_table_after_box=\box118
\l__siunitx_table_before_dim=\dimen287
\l__siunitx_table_carry_dim=\dimen288
\l__siunitx_unit_tmp_int=\count357
\l__siunitx_unit_position_int=\count358
\l__siunitx_unit_total_int=\count359
(c:/texlive/2026/texmf-dist/tex/latex/tools/array.sty
Package: array 2025/09/25 v2.6n Tabular extension package (FMi)
\col@sep=\dimen289
\ar@mcellbox=\box119
\extrarowheight=\dimen290
\NC@list=\toks40
\extratabsurround=\skip55
\backup@length=\skip56
\ar@cellbox=\box120
))
(c:/texlive/2026/texmf-dist/tex/generic/pgf/frontendlayer/tikz/libraries/tikzli
brarybabel.code.tex
File: tikzlibrarybabel.code.tex 2025-08-29 v3.1.11a (3.1.11a)
)
\pflglobalwidth=\skip57
\pflglobalheight=\skip58
\pflthickgrad=\skip59
) (c:/texlive/2026/texmf-dist/tex/latex/amsmath/amsmath.sty
Package: amsmath 2025/07/09 v2.17z AMS math features
\@mathmargin=\skip60
For additional information on amsmath, use the `?' option.
(c:/texlive/2026/texmf-dist/tex/latex/amsmath/amsbsy.sty
Package: amsbsy 1999/11/29 v1.2d Bold Symbols
\pmbraise@=\dimen291
) (c:/texlive/2026/texmf-dist/tex/latex/amsmath/amsopn.sty
Package: amsopn 2022/04/08 v2.04 operator names
)
\inf@bad=\count360
LaTeX Info: Redefining \frac on input line 233.
\uproot@=\count361
\leftroot@=\count362
LaTeX Info: Redefining \overline on input line 398.
LaTeX Info: Redefining \colon on input line 409.
\classnum@=\count363
\DOTSCASE@=\count364
LaTeX Info: Redefining \ldots on input line 495.
LaTeX Info: Redefining \dots on input line 498.
LaTeX Info: Redefining \cdots on input line 619.
\Mathstrutbox@=\box121
\strutbox@=\box122
LaTeX Info: Redefining \big on input line 721.
LaTeX Info: Redefining \Big on input line 722.
LaTeX Info: Redefining \bigg on input line 723.
LaTeX Info: Redefining \Bigg on input line 724.
\big@size=\dimen292
LaTeX Font Info:    Redeclaring font encoding OML on input line 742.
LaTeX Font Info:    Redeclaring font encoding OMS on input line 743.
\macc@depth=\count365
LaTeX Info: Redefining \bmod on input line 904.
LaTeX Info: Redefining \pmod on input line 909.
LaTeX Info: Redefining \smash on input line 939.
LaTeX Info: Redefining \relbar on input line 969.
LaTeX Info: Redefining \Relbar on input line 970.
\c@MaxMatrixCols=\count366
\dotsspace@=\muskip17
\c@parentequation=\count367
\dspbrk@lvl=\count368
\tag@help=\toks41
\row@=\count369
\column@=\count370
\maxfields@=\count371
\andhelp@=\toks42
\eqnshift@=\dimen293
\alignsep@=\dimen294
\tagshift@=\dimen295
\tagwidth@=\dimen296
\totwidth@=\dimen297
\lineht@=\dimen298
\@envbody=\toks43
\multlinegap=\skip61
\multlinetaggap=\skip62
\mathdisplay@stack=\toks44
LaTeX Info: Redefining \[ on input line 2950.
LaTeX Info: Redefining \] on input line 2951.
) (c:/texlive/2026/texmf-dist/tex/latex/fancyvrb/fancyvrb.sty
Package: fancyvrb 2025/07/28 4.6 verbatim text (tvz,hv)
\FV@CodeLineNo=\count372
\FV@InFile=\read3
\FV@TabBox=\box123
\c@FancyVerbLine=\count373
\FV@StepNumber=\count374
\FV@OutFile=\write4
) (c:/texlive/2026/texmf-dist/tex/latex/fancyhdr/fancyhdr.sty
Package: fancyhdr 2025/02/07 v5.2 Extensive control of page headers and footers

\f@nch@headwidth=\skip63
\f@nch@offset@elh=\skip64
\f@nch@offset@erh=\skip65
\f@nch@offset@olh=\skip66
\f@nch@offset@orh=\skip67
\f@nch@offset@elf=\skip68
\f@nch@offset@erf=\skip69
\f@nch@offset@olf=\skip70
\f@nch@offset@orf=\skip71
\f@nch@height=\skip72
\f@nch@footalignment=\skip73
\f@nch@widthL=\skip74
\f@nch@widthC=\skip75
\f@nch@widthR=\skip76
) (c:/texlive/2026/texmf-dist/tex/latex/hyperref/hyperref.sty
Package: hyperref 2026-01-29 v7.01p Hypertext links for LaTeX
(c:/texlive/2026/texmf-dist/tex/latex/kvsetkeys/kvsetkeys.sty
Package: kvsetkeys 2022-10-05 v1.19 Key value parser (HO)
) (c:/texlive/2026/texmf-dist/tex/generic/kvdefinekeys/kvdefinekeys.sty
Package: kvdefinekeys 2019-12-19 v1.6 Define keys (HO)
) (c:/texlive/2026/texmf-dist/tex/generic/pdfescape/pdfescape.sty
Package: pdfescape 2019/12/09 v1.15 Implements pdfTeX's escape features (HO)
) (c:/texlive/2026/texmf-dist/tex/latex/hycolor/hycolor.sty
Package: hycolor 2020-01-27 v1.10 Color options for hyperref/bookmark (HO)
) (c:/texlive/2026/texmf-dist/tex/latex/hyperref/nameref.sty
Package: nameref 2026-01-29 v2.58 Cross-referencing by name of section
(c:/texlive/2026/texmf-dist/tex/latex/refcount/refcount.sty
Package: refcount 2019/12/15 v3.6 Data extraction from label references (HO)
) (c:/texlive/2026/texmf-dist/tex/generic/gettitlestring/gettitlestring.sty
Package: gettitlestring 2019/12/15 v1.6 Cleanup title references (HO)
(c:/texlive/2026/texmf-dist/tex/latex/kvoptions/kvoptions.sty
Package: kvoptions 2022-06-15 v3.15 Key value format for package options (HO)
))
\c@section@level=\count375
) (c:/texlive/2026/texmf-dist/tex/generic/stringenc/stringenc.sty
Package: stringenc 2019/11/29 v1.12 Convert strings between diff. encodings (HO
)
)
\@linkdim=\dimen299
\Hy@linkcounter=\count376
\Hy@pagecounter=\count377
(c:/texlive/2026/texmf-dist/tex/latex/hyperref/pd1enc.def
File: pd1enc.def 2026-01-29 v7.01p Hyperref: PDFDocEncoding definition (HO)
Now handling font encoding PD1 ...
... no UTF-8 mapping file for font encoding PD1
) (c:/texlive/2026/texmf-dist/tex/generic/intcalc/intcalc.sty
Package: intcalc 2019/12/15 v1.3 Expandable calculations with integers (HO)
)
\Hy@SavedSpaceFactor=\count378
(c:/texlive/2026/texmf-dist/tex/latex/hyperref/puenc.def
File: puenc.def 2026-01-29 v7.01p Hyperref: PDF Unicode definition (HO)
Now handling font encoding PU ...
... no UTF-8 mapping file for font encoding PU
)
Package hyperref Info: Hyper figures OFF on input line 4201.
Package hyperref Info: Link nesting OFF on input line 4206.
Package hyperref Info: Hyper index ON on input line 4209.
Package hyperref Info: Plain pages OFF on input line 4216.
Package hyperref Info: Backreferencing OFF on input line 4221.
Package hyperref Info: Implicit mode ON; LaTeX internals redefined.
Package hyperref Info: Bookmarks ON on input line 4468.
\c@Hy@tempcnt=\count379
(c:/texlive/2026/texmf-dist/tex/latex/url/url.sty
\Urlmuskip=\muskip18
Package: url 2013/09/16  ver 3.4  Verb mode for urls, etc.
)
LaTeX Info: Redefining \url on input line 4807.
\XeTeXLinkMargin=\dimen300
(c:/texlive/2026/texmf-dist/tex/generic/bitset/bitset.sty
Package: bitset 2019/12/09 v1.3 Handle bit-vector datatype (HO)
(c:/texlive/2026/texmf-dist/tex/generic/bigintcalc/bigintcalc.sty
Package: bigintcalc 2019/12/15 v1.5 Expandable calculations on big integers (HO
)
))
\Fld@menulength=\count380
\Field@Width=\dimen301
\Fld@charsize=\dimen302
Package hyperref Info: Hyper figures OFF on input line 6084.
Package hyperref Info: Link nesting OFF on input line 6089.
Package hyperref Info: Hyper index ON on input line 6092.
Package hyperref Info: backreferencing OFF on input line 6099.
Package hyperref Info: Link coloring OFF on input line 6104.
Package hyperref Info: Link coloring with OCG OFF on input line 6109.
Package hyperref Info: PDF/A mode OFF on input line 6114.
\Hy@abspage=\count381
\c@Item=\count382
\c@Hfootnote=\count383
)
Package hyperref Info: Driver (autodetected): hpdftex.
(c:/texlive/2026/texmf-dist/tex/latex/hyperref/hpdftex.def
File: hpdftex.def 2026-01-29 v7.01p Hyperref driver for pdfTeX
\Fld@listcount=\count384
\c@bookmark@seq@number=\count385
(c:/texlive/2026/texmf-dist/tex/latex/rerunfilecheck/rerunfilecheck.sty
Package: rerunfilecheck 2025-06-21 v1.11 Rerun checks for auxiliary files (HO)
(c:/texlive/2026/texmf-dist/tex/generic/uniquecounter/uniquecounter.sty
Package: uniquecounter 2019/12/15 v1.4 Provide unlimited unique counter (HO)
)
Package uniquecounter Info: New unique counter `rerunfilecheck' on input line 2
84.
)
\Hy@SectionHShift=\skip77
) (c:/texlive/2026/texmf-dist/tex/latex/units/nicefrac.sty
Package: nicefrac 1998/08/04 v0.9b Nice fractions
\L@UnitsRaiseDisplaystyle=\skip78
\L@UnitsRaiseTextstyle=\skip79
\L@UnitsRaiseScriptstyle=\skip80
) (c:/texlive/2026/texmf-dist/tex/latex/fontawesome5/fontawesome5.sty (c:/texli
ve/2026/texmf-dist/tex/latex/l3kernel/expl3.sty
Package: expl3 2026-01-19 L3 programming layer (loader) 
(c:/texlive/2026/texmf-dist/tex/latex/l3backend/l3backend-pdftex.def
File: l3backend-pdftex.def 2025-10-09 L3 backend support: PDF output (pdfTeX)
\l__color_backend_stack_int=\count386
))
Package: fontawesome5 2022/05/02 v5.15.4 Font Awesome 5
(c:/texlive/2026/texmf-dist/tex/latex/l3packages/l3keys2e/l3keys2e.sty
Package: l3keys2e 2025-10-09 LaTeX2e option processing using LaTeX3 keys
) (c:/texlive/2026/texmf-dist/tex/latex/l3packages/xparse/xparse.sty
Package: xparse 2025-10-09 L3 Experimental document command parser
)
(c:/texlive/2026/texmf-dist/tex/latex/fontawesome5/fontawesome5-generic-helper.
sty
Package: fontawesome5-generic-helper 2022/05/02 v5.15.4 non-uTeX helper for fon
tawesome5
(c:/texlive/2026/texmf-dist/tex/latex/fontawesome5/fontawesome5-mapping.def))) 
(c:/texlive/2026/texmf-dist/tex/latex/tcolorbox/tcolorbox.sty
Package: tcolorbox 2025/11/28 version 6.9.0 text color boxes
(c:/texlive/2026/texmf-dist/tex/latex/tools/verbatim.sty
Package: verbatim 2024-01-22 v1.5x LaTeX2e package for verbatim enhancements
\every@verbatim=\toks45
\verbatim@line=\toks46
\verbatim@in@stream=\read4
) (c:/texlive/2026/texmf-dist/tex/latex/environ/environ.sty
Package: environ 2014/05/04 v0.3 A new way to define environments
(c:/texlive/2026/texmf-dist/tex/latex/trimspaces/trimspaces.sty
Package: trimspaces 2009/09/17 v1.1 Trim spaces around a token list
))
\tcb@titlebox=\box124
\tcb@upperbox=\box125
\tcb@lowerbox=\box126
\tcb@phantombox=\box127
\c@tcbbreakpart=\count387
\c@tcblayer=\count388
\c@tcolorbox@number=\count389
\l__tcobox_tmpa_box=\box128
\l__tcobox_tmpa_dim=\dimen303
\tcb@temp=\box129
\tcb@temp=\box130
\tcb@temp=\box131
\tcb@temp=\box132
) (c:/texlive/2026/texmf-dist/tex/latex/minted/minted2.sty
Package: minted2 2024/05/09 v2.9 Yet another Pygments shim for LaTeX
(c:/texlive/2026/texmf-dist/tex/latex/fvextra/fvextra.sty
Package: fvextra 2025/05/29 v1.13.2 fvextra - extensions and patches for fancyv
rb
(c:/texlive/2026/texmf-dist/tex/latex/upquote/upquote.sty
Package: upquote 2012/04/19 v1.3 upright-quote and grave-accent glyphs in verba
tim
(c:/texlive/2026/texmf-dist/tex/latex/base/textcomp.sty
Package: textcomp 2024/04/24 v2.1b Standard LaTeX package
)) (c:/texlive/2026/texmf-dist/tex/latex/lineno/lineno.sty
Package: lineno 2026/02/16 line numbers on paragraphs v5.7
\linenopenalty=\count390
\output=\toks47
\linenoprevgraf=\count391
\linenumbersep=\dimen304
\linenumberwidth=\dimen305
\c@linenumber=\count392
\c@pagewiselinenumber=\count393
\c@LN@truepage=\count394
\c@internallinenumber=\count395
\c@internallinenumbers=\count396
\quotelinenumbersep=\dimen306
\bframerule=\dimen307
\bframesep=\dimen308
\bframebox=\box133
\@LN@amsmath@ams@eqpen=\count397
)
\c@FancyVerbWriteLine=\count398
\c@FancyVerbBufferLine=\count399
\c@FV@TrueTabGroupLevel=\count400
\c@FV@TrueTabCounter=\count401
\FV@TabBox@Group=\box134
\FV@bgcolorstructbox=\box135
\FV@TmpLength=\skip81
\c@FV@HighlightLinesStart=\count402
\c@FV@HighlightLinesStop=\count403
\FV@LoopCount=\count404
\FV@NCharsBox=\box136
\FV@BreakIndent=\dimen309
\FV@BreakIndentNChars=\count405
\FV@BreakSymbolSepLeft=\dimen310
\FV@BreakSymbolSepLeftNChars=\count406
\FV@BreakSymbolSepRight=\dimen311
\FV@BreakSymbolSepRightNChars=\count407
\FV@BreakSymbolIndentLeft=\dimen312
\FV@BreakSymbolIndentLeftNChars=\count408
\FV@BreakSymbolIndentRight=\dimen313
\FV@BreakSymbolIndentRightNChars=\count409
\c@FancyVerbLineBreakLast=\count410
\FV@LineBox=\box137
\FV@LineIndentBox=\box138
\c@FV@BreakBufferDepth=\count411
\FV@LineWidth=\dimen314
) (c:/texlive/2026/texmf-dist/tex/latex/tools/shellesc.sty
Package: shellesc 2023/07/08 v1.0d unified shell escape interface for LaTeX
Package shellesc Info: Unrestricted shell escape enabled on input line 75.
) (c:/texlive/2026/texmf-dist/tex/latex/ifplatform/ifplatform.sty
Package: ifplatform 2017/10/13 v0.4a Testing for the operating system
(c:/texlive/2026/texmf-dist/tex/generic/catchfile/catchfile.sty
Package: catchfile 2019/12/09 v1.8 Catch the contents of a file (HO)
(c:/texlive/2026/texmf-dist/tex/generic/etexcmds/etexcmds.sty
Package: etexcmds 2019/12/15 v1.7 Avoid name clashes with e-TeX commands (HO)
)) (c:/texlive/2026/texmf-dist/tex/generic/iftex/ifluatex.sty
Package: ifluatex 2019/10/25 v1.5 ifluatex legacy package. Use iftex instead.
)) (c:/texlive/2026/texmf-dist/tex/latex/framed/framed.sty
Package: framed 2011/10/22 v 0.96: framed or shaded text with page breaks
\OuterFrameSep=\skip82
\fb@frw=\dimen315
\fb@frh=\dimen316
\FrameRule=\dimen317
\FrameSep=\dimen318
) (c:/texlive/2026/texmf-dist/tex/latex/float/float.sty
Package: float 2001/11/08 v1.3d Float enhancements (AL)
\c@float@type=\count412
\float@exts=\toks48
\float@box=\box139
\@float@everytoks=\toks49
\@floatcapt=\box140
)
\minted@appexistsfile=\read5
\minted@bgbox=\box141
\minted@code=\write5
\c@minted@FancyVerbLineTemp=\count413
\c@minted@pygmentizecounter=\count414
\@float@every@listing=\toks50
\c@listing=\count415
)
runsystem(if not exist _minted-tkz-grapheur-doc-en mkdir _minted-tkz-grapheur-d
oc-en)...executed.

(c:/texlive/2026/texmf-dist/tex/latex/tcolorbox/tcbskins.code.tex
Library (tcolorbox): 'tcbskins.code.tex' version '6.9.0'
(c:/texlive/2026/texmf-dist/tex/latex/tikzfill/tikzfill.image.sty
Package: tikzfill.image 2023/08/08 v1.0.1 Image filling library for TikZ
(c:/texlive/2026/texmf-dist/tex/latex/tikzfill/tikzfill-common.sty
Package: tikzfill-common 2023/08/08 v1.0.1 Auxiliary code for tikzfill
) (c:/texlive/2026/texmf-dist/tex/latex/tikzfill/tikzlibraryfill.image.code.tex
File: tikzlibraryfill.image.code.tex 2023/08/08 v1.0.1 Image filling library
\l__tikzfill_img_box=\box142
)) (c:/texlive/2026/texmf-dist/tex/latex/tcolorbox/tcbskinsjigsaw.code.tex
Library (tcolorbox): 'tcbskinsjigsaw.code.tex' version '6.9.0'
)) (c:/texlive/2026/texmf-dist/tex/latex/tcolorbox/tcbminted.code.tex
Library (tcolorbox): 'tcbminted.code.tex' version '6.9.0'
(c:/texlive/2026/texmf-dist/tex/latex/tcolorbox/tcblistingscore.code.tex
Library (tcolorbox): 'tcblistingscore.code.tex' version '6.9.0'
(c:/texlive/2026/texmf-dist/tex/latex/tcolorbox/tcbprocessing.code.tex
Library (tcolorbox): 'tcbprocessing.code.tex' version '6.9.0'
)
\c@tcblisting=\count416
)) (c:/texlive/2026/texmf-dist/tex/generic/hologo/hologo.sty
Package: hologo 2025-11-11 v1.16 A logo collection with bookmark support (HO)
) (c:/texlive/2026/texmf-dist/tex/latex/geometry/geometry.sty
Package: geometry 2020/01/02 v5.9 Page Geometry
(c:/texlive/2026/texmf-dist/tex/generic/iftex/ifvtex.sty
Package: ifvtex 2019/10/25 v1.7 ifvtex legacy package. Use iftex instead.
)
\Gm@cnth=\count417
\Gm@cntv=\count418
\c@Gm@tempcnt=\count419
\Gm@bindingoffset=\dimen319
\Gm@wd@mp=\dimen320
\Gm@odd@mp=\dimen321
\Gm@even@mp=\dimen322
\Gm@layoutwidth=\dimen323
\Gm@layoutheight=\dimen324
\Gm@layouthoffset=\dimen325
\Gm@layoutvoffset=\dimen326
\Gm@dimlist=\toks51
) (c:/texlive/2026/texmf-dist/tex/generic/soul/soul.sty
Package: soul 2023-06-14 v3.1 Permit use of UTF-8 characters in soul (HO)
(c:/texlive/2026/texmf-dist/tex/generic/soul/soul-ori.sty
Package: soul-ori 2023-06-14 v3.1 letterspacing/underlining (mf)
\SOUL@word=\toks52
\SOUL@lasttoken=\toks53
\SOUL@syllable=\toks54
\SOUL@cmds=\toks55
\SOUL@buffer=\toks56
\SOUL@token=\toks57
\SOUL@syllgoal=\dimen327
\SOUL@syllwidth=\dimen328
\SOUL@charkern=\dimen329
\SOUL@hyphkern=\dimen330
\SOUL@dimen=\dimen331
\SOUL@dimeni=\dimen332
\SOUL@minus=\count420
\SOUL@comma=\count421
\SOUL@apo=\count422
\SOUL@grave=\count423
\SOUL@spaceskip=\skip83
\SOUL@ttwidth=\dimen333
\SOUL@uldp=\dimen334
\SOUL@ulht=\dimen335
)) (c:/texlive/2026/texmf-dist/tex/latex/codehigh/codehigh.sty
Package: codehigh 2025-02-21 v2025C Highlight codes and demos with l3regex and 
lpeg
(c:/texlive/2026/texmf-dist/tex/latex/ninecolors/ninecolors.sty
Package: ninecolors 2022-02-13 v2022D Select colors with proper color contrast
) (c:/texlive/2026/texmf-dist/tex/latex/varwidth/varwidth.sty
Package: varwidth 2009/03/30 ver 0.92;  Variable-width minipages
\@vwid@box=\box143
\sift@deathcycles=\count424
\@vwid@loff=\dimen336
\@vwid@roff=\dimen337
)
==> First Aid for varwidth.sty applied!
\l__cdhh_a_int=\count425
\l__cdhh_b_int=\count426
\l__cdhh_main_boxsep_dim=\dimen338
\g__cdhh_code_box=\box144
\g__cdhh_demo_box=\box145
\l__cdhh_latex_rule_count_int=\count427
\l__cdhh_latex/math_rule_count_int=\count428
\l__cdhh_latex/table_rule_count_int=\count429
\l__cdhh_latex/latex2_rule_count_int=\count430
\l__cdhh_latex/latex3_rule_count_int=\count431
\l__cdhh_item_count_int=\count432
) (c:/texlive/2026/texmf-dist/tex/latex/tabularray/tabularray.sty
Package: tabularray 2025-11-27 v2025C Typeset tabulars and arrays with LaTeX3
\g__tblr_nohyper_int=\count433
\l__tblr_a_int=\count434
\l__tblr_c_int=\count435
\l__tblr_r_int=\count436
\l__tblr_d_dim=\dimen339
\l__tblr_h_dim=\dimen340
\l__tblr_o_dim=\dimen341
\l__tblr_p_dim=\dimen342
\l__tblr_q_dim=\dimen343
\l__tblr_r_dim=\dimen344
\l__tblr_s_dim=\dimen345
\l__tblr_t_dim=\dimen346
\l__tblr_v_dim=\dimen347
\l__tblr_w_dim=\dimen348
\l__tblr_a_box=\box146
\l__tblr_b_box=\box147
\l__tblr_c_box=\box148
\l__tblr_d_box=\box149
\c@tblrcount=\count437
\c@rownum=\count438
\c@colnum=\count439
\c@rowcount=\count440
\c@colcount=\count441
\abovesep=\dimen349
\belowsep=\dimen350
\leftsep=\dimen351
\rightsep=\dimen352
\gTblrLevelInt=\count442
\g__tblr_data_row_key_count_int=\count443
\g__tblr_data_column_key_count_int=\count444
\g__tblr_data_cell_key_count_int=\count445
\g__tblr_array_int=\count446
\l__tblr_key_count_int=\count447
\l__tblr_key_quotient_int=\count448
\l__tblr_key_quotient_two_int=\count449
\l__tblr_key_remainder_int=\count450
\g__tblr_data_str_value_count_int=\count451
\lTblrChildTotalInt=\count452
\lTblrChildHtotalInt=\count453
\lTblrChildVtotalInt=\count454
\l__child_diff_h_int=\count455
\l__child_diff_v_int=\count456
\l__child_sign_h_int=\count457
\l__child_sign_v_int=\count458
\l__child_step_int=\count459
\lTblrDefaultHruleWidthDim=\dimen353
\lTblrDefaultVruleWidthDim=\dimen354
\l__tblr_split_balance_int=\count460
\l__tblr_strut_dp_dim=\dimen355
\l__tblr_strut_ht_dim=\dimen356
\g__tblr_cell_wd_dim=\dimen357
\g__tblr_cell_ht_dim=\dimen358
\g__tblr_cell_head_dim=\dimen359
\g__tblr_cell_foot_dim=\dimen360
\l__tblr_measured_cell_box=\box150
\g__tblr_last_box=\box151
\l__tblr_temp_box=\box152
\l__tblr_column_target_dim=\dimen361
\l__tblr_hfuzz_dim=\dimen362
\l__tblr_caption_box=\box153
\l__tblr_caption_left_box=\box154
\lTblrRowHeadInt=\count461
\lTblrRowFootInt=\count462
\l__tblr_row_head_box=\box155
\l__tblr_row_foot_box=\box156
\l__tblr_row_head_foot_dim=\dimen363
\lTblrTableWidthDim=\dimen364
\l__tblr_table_firsthead_box=\box157
\l__tblr_table_middlehead_box=\box158
\l__tblr_table_lasthead_box=\box159
\l__tblr_table_firstfoot_box=\box160
\l__tblr_table_middlefoot_box=\box161
\l__tblr_table_lastfoot_box=\box162
\l__tblr_remain_height_dim=\dimen365
\l__tblr_next_rows_dim=\dimen366
\l__tblr_page_overfill_dim=\dimen367
\l__tblr_long_from_int=\count463
\l__tblr_long_to_int=\count464
\l__tblr_curr_i_int=\count465
\l__tblr_prev_i_int=\count466
\lTblrTablePageInt=\count467
\l__tblr_table_head_box=\box163
\l__tblr_table_foot_box=\box164
\l__tblr_table_head_foot_dim=\dimen368
\l__tblr_table_head_body_foot_dim=\dimen369
\l__tblr_table_box=\box165
\lTblrRowFirstInt=\count468
\lTblrRowLastInt=\count469
\l__tblr_cover_box_a_dim=\dimen370
\l__tblr_cover_box_b_dim=\dimen371
\l__tblr_table_hlines_box=\box166
\l__tblr_hline_box=\box167
\l__tblr_row_box=\box168
\l__tblr_col_o_wd_dim=\dimen372
\l__tblr_col_b_wd_dim=\dimen373
\l__tblr_hline_leftskip_dim=\dimen374
\l__tblr_hline_rightskip_dim=\dimen375
\l__tblr_row_ht_dim=\dimen376
\l__tblr_row_dp_dim=\dimen377
\l__tblr_row_abovesep_dim=\dimen378
\l__tblr_row_belowsep_dim=\dimen379
\l__tblr_row_vlines_box=\box169
\l__tblr_vline_box=\box170
\l__tblr_cell_box=\box171
\l__tblr_row_upper_dim=\dimen380
\l__tblr_row_lower_dim=\dimen381
\l__tblr_row_vpace_dim=\dimen382
\l__tblr_vline_aboveskip_dim=\dimen383
\l__tblr_vline_belowskip_dim=\dimen384
\lTblrCellRowSpanInt=\count470
\lTblrCellColSpanInt=\count471
\l__tblr_cell_wd_dim=\dimen385
\l__tblr_cell_ht_dim=\dimen386
\lTblrCellAboveBorderWidthDim=\dimen387
\lTblrCellBelowBorderWidthDim=\dimen388
\lTblrCellLeftBorderWidthDim=\dimen389
\lTblrCellRightBorderWidthDim=\dimen390
\l__tblr_diag_box=\box172
\l__tblr_cell_inner_wd_dim=\dimen391
\l__tblr_cell_inner_dp_dim=\dimen392
\l__tblr_cell_hanchor_dim=\dimen393
\l__tblr_last_cell_table_ht_dim=\dimen394
\l__tblr_last_cell_table_dp_dim=\dimen395
\l__tblr_last_vline_wd_dim=\dimen396
\l__tblr_tikz_node_box=\box173
) (c:/texlive/2026/texmf-dist/tex/generic/alphalph/alphalph.sty
Package: alphalph 2019/12/09 v2.6 Convert numbers to letters (HO)
) (c:/texlive/2026/texmf-dist/tex/generic/babel/babel.sty
Package: babel 2026/02/14 v26.3 The multilingual framework for LuaLaTeX, pdfLaT
eX and XeLaTeX
\babel@savecnt=\count472
LaTeX Encoding Info:    Redeclaring text command \ij (encoding OT1) on input li
ne 2078.
LaTeX Encoding Info:    Redeclaring text command \IJ (encoding OT1) on input li
ne 2080.
LaTeX Encoding Info:    Redeclaring text command \ij (encoding T1) on input lin
e 2082.
LaTeX Encoding Info:    Redeclaring text command \IJ (encoding T1) on input lin
e 2083.
LaTeX Encoding Info:    Ignoring declaration for text command \ij (encoding ?) 
on input line 2084.
LaTeX Encoding Info:    Ignoring declaration for text command \IJ (encoding ?) 
on input line 2086.
LaTeX Encoding Info:    Ignoring declaration for text command \SS (encoding ?) 
on input line 2111.
\U@D=\dimen397
\l@unhyphenated=\language91
(c:/texlive/2026/texmf-dist/tex/generic/babel/txtbabel.def)
\bbl@readstream=\read6
\bbl@dirlevel=\count473
(c:/texlive/2026/texmf-dist/tex/generic/babel/locale/en/babel-english.tex)
Package babel Info: Importing font and identification data for english
(babel)             from babel-en.ini. Reported on input line 4330.
(c:/texlive/2026/texmf-dist/tex/generic/babel-english/english.ldf
Language: english 2017/06/06 v3.3r English support from the babel system
Package babel Info: Hyphen rules for 'canadian' set to \l@english
(babel)             (\language0). Reported on input line 102.
Package babel Info: Hyphen rules for 'australian' set to \l@ukenglish
(babel)             (\language22). Reported on input line 105.
Package babel Info: Hyphen rules for 'newzealand' set to \l@ukenglish
(babel)             (\language22). Reported on input line 108.
)) (c:/texlive/2026/texmf-dist/tex/latex/hypdoc/hypdoc.sty
Package: hypdoc 2023-10-26 v1.19 Hyper extensions for doc.sty (HO)
(c:/texlive/2026/texmf-dist/tex/latex/base/atveryend-ltx.sty
Package: atveryend-ltx 2020/08/19 v1.0a Emulation of the original atveryend pac
kage
with kernel methods
)

Package hypdoc Warning: hyperref has been loaded before with option 'hyperindex
' enabled.
(hypdoc)                The index will not work properly. on input line 65.

Package hypdoc Info: hyperref has been loaded before with option 'pdfusetitle' 
disabled. on input line 65.
Package hyperref Info: Option `colorlinks' set `true' on input line 75.
Package hyperref Info: Option `plainpages' set `false' on input line 75.
Package hyperref Info: Option `bookmarksopen' set `true' on input line 75.
Package hyperref Info: Option `bookmarksnumbered' set `true' on input line 75.
\c@HD@unique=\count474
\c@HD@hypercount=\count475
\HD@helplength=\skip84
)
runsystem(for ^%i in (pygmentize.exe pygmentize.bat pygmentize.cmd) do set > tk
z-grapheur-doc-en.aex <nul: /p x=^%~$PATH:i>> tkz-grapheur-doc-en.aex)...execut
ed.

runsystem(del tkz-grapheur-doc-en.aex)...executed.

(./tkz-grapheur-doc-en.aux)
\openout1 = `tkz-grapheur-doc-en.aux'.

LaTeX Font Info:    Checking defaults for OML/cmm/m/it on input line 49.
LaTeX Font Info:    ... okay on input line 49.
LaTeX Font Info:    Checking defaults for OMS/cmsy/m/n on input line 49.
LaTeX Font Info:    ... okay on input line 49.
LaTeX Font Info:    Checking defaults for OT1/cmr/m/n on input line 49.
LaTeX Font Info:    ... okay on input line 49.
LaTeX Font Info:    Checking defaults for T1/cmr/m/n on input line 49.
LaTeX Font Info:    ... okay on input line 49.
LaTeX Font Info:    Checking defaults for TS1/cmr/m/n on input line 49.
LaTeX Font Info:    ... okay on input line 49.
LaTeX Font Info:    Checking defaults for OMX/cmex/m/n on input line 49.
LaTeX Font Info:    ... okay on input line 49.
LaTeX Font Info:    Checking defaults for U/cmr/m/n on input line 49.
LaTeX Font Info:    ... okay on input line 49.
LaTeX Font Info:    Checking defaults for PD1/pdf/m/n on input line 49.
LaTeX Font Info:    ... okay on input line 49.
LaTeX Font Info:    Checking defaults for PU/pdf/m/n on input line 49.
LaTeX Font Info:    ... okay on input line 49.
Package doc Info: Made | a short reference for \verb on input line 49.
(c:/texlive/2026/texmf-dist/tex/context/base/mkii/supp-pdf.mkii
[Loading MPS to PDF converter (version 2006.09.02).]
\scratchcounter=\count476
\scratchdimen=\dimen398
\scratchbox=\box174
\nofMPsegments=\count477
\nofMParguments=\count478
\everyMPshowfont=\toks58
\MPscratchCnt=\count479
\MPscratchDim=\dimen399
\MPnumerator=\count480
\makeMPintoPDFobject=\count481
\everyMPtoPDFconversion=\toks59
) (c:/texlive/2026/texmf-dist/tex/latex/epstopdf-pkg/epstopdf-base.sty
Package: epstopdf-base 2020-01-24 v2.11 Base part for package epstopdf
Package epstopdf-base Info: Redefining graphics rule for `.eps' on input line 4
85.
(c:/texlive/2026/texmf-dist/tex/latex/latexconfig/epstopdf-sys.cfg
File: epstopdf-sys.cfg 2010/07/13 v1.3 Configuration of (r)epstopdf for TeX Liv
e
))
Package pgfplots notification 'compat/show suggested version=true': document ha
s been generated with the most recent feature set (\pgfplotsset{compat=1.18}).


(c:/texlive/2026/texmf-dist/tex/latex/translations/translations-basic-dictionar
y-english.trsl
File: translations-basic-dictionary-english.trsl (english translation file `tra
nslations-basic-dictionary')
)
Package translations Info: loading dictionary `translations-basic-dictionary' f
or `english'. on input line 49.
Package hyperref Info: Link coloring ON on input line 49.
(./tkz-grapheur-doc-en.out) (./tkz-grapheur-doc-en.out)
\@outlinefile=\write6
\openout6 = `tkz-grapheur-doc-en.out'.

*geometry* driver: auto-detecting
*geometry* detected driver: pdftex
*geometry* verbose mode - [ preamble ] result:
* driver: pdftex
* paper: a4paper
* layout: <same size as paper>
* layoutoffset:(h,v)=(0.0pt,0.0pt)
* modes: 
* h-part:(L,W,R)=(56.9055pt, 483.69687pt, 56.9055pt)
* v-part:(T,H,B)=(56.9055pt, 731.23584pt, 56.9055pt)
* \paperwidth=597.50787pt
* \paperheight=845.04684pt
* \textwidth=483.69687pt
* \textheight=731.23584pt
* \oddsidemargin=-15.36449pt
* \evensidemargin=-15.36449pt
* \topmargin=-52.36449pt
* \headheight=12.0pt
* \headsep=25.0pt
* \topskip=11.0pt
* \footskip=30.0pt
* \marginparwidth=126.0pt
* \marginparsep=5.475pt
* \columnsep=10.0pt
* \skip\footins=10.0pt plus 4.0pt minus 2.0pt
* \hoffset=0.0pt
* \voffset=0.0pt
* \mag=1000
* \@twocolumnfalse
* \@twosidefalse
* \@mparswitchfalse
* \@reversemargintrue
* (1in=72.27pt=25.4mm, 1cm=28.453pt)

(./tkz-grapheur-doc-en.hd)
\HD@savedest@out=\write7
\openout7 = `tkz-grapheur-doc-en.hd'.

[1

{c:/texlive/2026/texmf-var/fonts/map/pdftex/updmap/pdftex.map}{c:/texlive/2026/
texmf-dist/fonts/enc/dvips/cm-super/cm-super-t1.enc}{c:/texlive/2026/texmf-dist
/fonts/enc/dvips/cm-super/cm-super-ts1.enc}] (./tkz-grapheur-doc-en.toc)
\tf@toc=\write8
\openout8 = `tkz-grapheur-doc-en.toc'.

[2]
\g__tcobox_out_iow=\write9
\openout9 = `tkz-grapheur-doc-en.listing'.

(./_minted-tkz-grapheur-doc-en/default.pygstyle)
(./_minted-tkz-grapheur-doc-en/FFC6DB03192F79D4C67463DCCE2E7F2AA322C102C540B524
4FE61695A97BC371.pygtex
LaTeX Font Info:    Font shape `T1/cmtt/bx/n' in size <10> not available
(Font)              Font shape `T1/cmtt/m/n' tried instead on input line 3.
) [3]
\openout9 = `tkz-grapheur-doc-en.listing'.


(./_minted-tkz-grapheur-doc-en/4A8D00469877D37938FBA0333DAE396BA322C102C540B524
4FE61695A97BC371.pygtex)
\openout9 = `tkz-grapheur-doc-en.listing'.

(./tkz-grapheur-doc-en.listing) [4] [5]
\openout9 = `tkz-grapheur-doc-en.listing'.


(./_minted-tkz-grapheur-doc-en/6B77FDAD96303321854313AF2CDA6045A322C102C540B524
4FE61695A97BC371.pygtex)
\openout9 = `tkz-grapheur-doc-en.listing'.


(./_minted-tkz-grapheur-doc-en/D9FD1BEFF482AAB70135F2ED5F034C44A322C102C540B524
4FE61695A97BC371.pygtex)
\openout5 = `tkz-grapheur-doc-en.pyg'.


(./_minted-tkz-grapheur-doc-en/FC7FDEE97F1F72CC30F58CC8FBCBEBB545EC11C1D830BB20
2532CDD2291893E4.pygtex)
\openout9 = `tkz-grapheur-doc-en.listing'.


(./_minted-tkz-grapheur-doc-en/29A2A388B7A7028D78762B18C5154BE0A322C102C540B524
4FE61695A97BC371.pygtex) [6]
\openout9 = `tkz-grapheur-doc-en.listing'.


(./_minted-tkz-grapheur-doc-en/7D3B9EF8EECF392FDF7D8D3C372CEC87A322C102C540B524
4FE61695A97BC371.pygtex) (./tkz-grapheur-doc-en.listing)
\openout9 = `tkz-grapheur-doc-en.listing'.


(./_minted-tkz-grapheur-doc-en/F9D847516272E5DCBA999D76ADA7DBF6A322C102C540B524
4FE61695A97BC371.pygtex) (./tkz-grapheur-doc-en.listing) [7]
\openout9 = `tkz-grapheur-doc-en.listing'.


(./_minted-tkz-grapheur-doc-en/110F0D687C372C0F4F965DE55EBC8A9AA322C102C540B524
4FE61695A97BC371.pygtex) (./tkz-grapheur-doc-en.listing) [8]
\openout9 = `tkz-grapheur-doc-en.listing'.


(./_minted-tkz-grapheur-doc-en/75B7F7362981902289FFD26130A69511A322C102C540B524
4FE61695A97BC371.pygtex)
\openout9 = `tkz-grapheur-doc-en.listing'.


(./_minted-tkz-grapheur-doc-en/412212A92A6F0B07AD1881957DED85C2A322C102C540B524
4FE61695A97BC371.pygtex) (./tkz-grapheur-doc-en.listing) [9]
\openout9 = `tkz-grapheur-doc-en.listing'.


(./_minted-tkz-grapheur-doc-en/8804821299D21283C6A05D5BB0ED15ADA322C102C540B524
4FE61695A97BC371.pygtex) (./tkz-grapheur-doc-en.listing)
\openout9 = `tkz-grapheur-doc-en.listing'.


(./_minted-tkz-grapheur-doc-en/FB0758883F7A9D035A76970D1C530FBAA322C102C540B524
4FE61695A97BC371.pygtex) (./tkz-grapheur-doc-en.listing) [10]
\openout9 = `tkz-grapheur-doc-en.listing'.


(./_minted-tkz-grapheur-doc-en/ACA95C700B4FC6EA9485C083D9BFC18EA322C102C540B524
4FE61695A97BC371.pygtex)
\openout9 = `tkz-grapheur-doc-en.listing'.


(./_minted-tkz-grapheur-doc-en/A60959BC0AD6F1F89E398A8BFF084DE9A322C102C540B524
4FE61695A97BC371.pygtex) (./tkz-grapheur-doc-en.listing) [11] [12] [13]
\openout9 = `tkz-grapheur-doc-en.listing'.


(./_minted-tkz-grapheur-doc-en/D9A15E7E83EF02ECEFC2F31C564F773FA322C102C540B524
4FE61695A97BC371.pygtex)
\openout9 = `tkz-grapheur-doc-en.listing'.


(./_minted-tkz-grapheur-doc-en/117954825588D54F1B65E68BE1798E53A322C102C540B524
4FE61695A97BC371.pygtex) (./tkz-grapheur-doc-en.listing) [14]
\openout9 = `tkz-grapheur-doc-en.listing'.


(./_minted-tkz-grapheur-doc-en/EE07CC2C44BC8F487C8B30C0F45B72C4A322C102C540B524
4FE61695A97BC371.pygtex)
\openout9 = `tkz-grapheur-doc-en.listing'.


(./_minted-tkz-grapheur-doc-en/12A4BF66E8F08DB3E5EF40163BF78A39A322C102C540B524
4FE61695A97BC371.pygtex) (./tkz-grapheur-doc-en.listing) [15]
\openout9 = `tkz-grapheur-doc-en.listing'.


(./_minted-tkz-grapheur-doc-en/0F15BA3A58EB4E58E4DCBA748400E04EA322C102C540B524
4FE61695A97BC371.pygtex)
Overfull \hbox (5.71664pt too wide) in paragraph at lines 712--713
[]\T1/cmr/m/n/10.95 The manda-tory ar-gu-ment al-lows you to spec-ify the list 
of sup-port points in the form [][]\T1/cmtt/m/n/10.95 (x1,y1)(x2,y2)...\T1/cmr/
m/n/10.95 . 
 []

\openout9 = `tkz-grapheur-doc-en.listing'.


(./_minted-tkz-grapheur-doc-en/10AF915F267E21D910F13217B7704E51A322C102C540B524
4FE61695A97BC371.pygtex) (./tkz-grapheur-doc-en.listing) [16]
\openout9 = `tkz-grapheur-doc-en.listing'.


(./_minted-tkz-grapheur-doc-en/6FEF930A5C764C6CF6762788BC7C92C6A322C102C540B524
4FE61695A97BC371.pygtex)
Overfull \hbox (36.64078pt too wide) in paragraph at lines 753--754
[]\T1/cmr/m/n/10.95 The manda-tory ar-gu-ment al-lows you to spec-ify the list 
of sup-port points in the form [][]\T1/cmtt/m/n/10.95 x1/y1/f'1źx2/y2/f'2ź...
 []

\openout9 = `tkz-grapheur-doc-en.listing'.


(./_minted-tkz-grapheur-doc-en/4AC0BF0D0502F668DF74F1B00598763DA322C102C540B524
4FE61695A97BC371.pygtex) (./tkz-grapheur-doc-en.listing) [17]
\openout9 = `tkz-grapheur-doc-en.listing'.


(./_minted-tkz-grapheur-doc-en/B3C0E4E7AD622D93B848B438DBBAED5DA322C102C540B524
4FE61695A97BC371.pygtex)
\openout9 = `tkz-grapheur-doc-en.listing'.


(./_minted-tkz-grapheur-doc-en/E2307DF1D881B79955C4809D893AF48BA322C102C540B524
4FE61695A97BC371.pygtex)
\openout9 = `tkz-grapheur-doc-en.listing'.


(./_minted-tkz-grapheur-doc-en/A1878B059A2736B154D6B5C452F216FEA322C102C540B524
4FE61695A97BC371.pygtex) (./tkz-grapheur-doc-en.listing) [18] [19]
\openout9 = `tkz-grapheur-doc-en.listing'.


(./_minted-tkz-grapheur-doc-en/FFF3C0EE5E3F63EA2A46E7951C07E862A322C102C540B524
4FE61695A97BC371.pygtex)
\openout9 = `tkz-grapheur-doc-en.listing'.


(./_minted-tkz-grapheur-doc-en/321CE29E0B1A88766FCA1186AC7F10C9A322C102C540B524
4FE61695A97BC371.pygtex) (./tkz-grapheur-doc-en.listing)
\openout9 = `tkz-grapheur-doc-en.listing'.


(./_minted-tkz-grapheur-doc-en/9AC9DB52AACC7CB241B844EB799D876DA322C102C540B524
4FE61695A97BC371.pygtex) (./tkz-grapheur-doc-en.listing) [20]
\openout9 = `tkz-grapheur-doc-en.listing'.


(./_minted-tkz-grapheur-doc-en/2C210B37EA82EF51059D63363B5B1F41A322C102C540B524
4FE61695A97BC371.pygtex)
\openout9 = `tkz-grapheur-doc-en.listing'.


(./_minted-tkz-grapheur-doc-en/C85FD05E65B30C20F6A09689EE3FCE8CA322C102C540B524
4FE61695A97BC371.pygtex)
\openout9 = `tkz-grapheur-doc-en.listing'.


(./_minted-tkz-grapheur-doc-en/6CBCA15B3AB50AEBA1E8208B1D5D5E17A322C102C540B524
4FE61695A97BC371.pygtex) (./tkz-grapheur-doc-en.listing) [21]
\openout9 = `tkz-grapheur-doc-en.listing'.


(./_minted-tkz-grapheur-doc-en/1E5249F377B82D3DFA2119B19C117C66A322C102C540B524
4FE61695A97BC371.pygtex)
\openout9 = `tkz-grapheur-doc-en.listing'.


(./_minted-tkz-grapheur-doc-en/66184FF0180DF0D1B0CBF66C93993BFCA322C102C540B524
4FE61695A97BC371.pygtex) (./tkz-grapheur-doc-en.listing) [22]
\openout9 = `tkz-grapheur-doc-en.listing'.


(./_minted-tkz-grapheur-doc-en/388CF249A101FC68A3E85F9389CF5EBDA322C102C540B524
4FE61695A97BC371.pygtex)
\openout9 = `tkz-grapheur-doc-en.listing'.


(./_minted-tkz-grapheur-doc-en/5E2D1A527E70B41646729EF4D86623ACA322C102C540B524
4FE61695A97BC371.pygtex) (./tkz-grapheur-doc-en.listing) [23]
\openout9 = `tkz-grapheur-doc-en.listing'.


(./_minted-tkz-grapheur-doc-en/65DBEFAD7FB3392032E070EC0F516D26A322C102C540B524
4FE61695A97BC371.pygtex)
\openout9 = `tkz-grapheur-doc-en.listing'.


(./_minted-tkz-grapheur-doc-en/B26C414011ABD2F1CC39A6A1728396CAA322C102C540B524
4FE61695A97BC371.pygtex) (./tkz-grapheur-doc-en.listing) [24] [25]
\openout9 = `tkz-grapheur-doc-en.listing'.


(./_minted-tkz-grapheur-doc-en/CE073CD3D5363B06E955639D80ECFDD9A322C102C540B524
4FE61695A97BC371.pygtex)
\openout9 = `tkz-grapheur-doc-en.listing'.


(./_minted-tkz-grapheur-doc-en/B6C8B128AE280407B21FF37D826ECCF2A322C102C540B524
4FE61695A97BC371.pygtex) (./tkz-grapheur-doc-en.listing) [26]
LaTeX Font Info:    Trying to load font information for U+fontawesomefree0 on i
nput line 1142.
(c:/texlive/2026/texmf-dist/tex/latex/fontawesome5/ufontawesomefree0.fd)
\openout9 = `tkz-grapheur-doc-en.listing'.


(./_minted-tkz-grapheur-doc-en/77754E4C04290DA9C379B2758D0A5215A322C102C540B524
4FE61695A97BC371.pygtex)
\openout9 = `tkz-grapheur-doc-en.listing'.


(./_minted-tkz-grapheur-doc-en/2ECCC654C84FAE64E06897EACBB44C55A322C102C540B524
4FE61695A97BC371.pygtex) (./tkz-grapheur-doc-en.listing) [27{c:/texlive/2026/te
xmf-dist/fonts/enc/dvips/fontawesome5/fa5free0.enc}]
\openout9 = `tkz-grapheur-doc-en.listing'.


(./_minted-tkz-grapheur-doc-en/CEB2669C45BFFF95EAEAA96ECFD9DC6CA322C102C540B524
4FE61695A97BC371.pygtex) (./tkz-grapheur-doc-en.listing) [28]
\openout9 = `tkz-grapheur-doc-en.listing'.


(./_minted-tkz-grapheur-doc-en/8CA1F9855D4E9BBCBB667ADDB26E2057A322C102C540B524
4FE61695A97BC371.pygtex) (./tkz-grapheur-doc-en.listing) [29] [30]
\openout9 = `tkz-grapheur-doc-en.listing'.


(./_minted-tkz-grapheur-doc-en/B66101954FD1170EF39C8FE08344EEEBA322C102C540B524
4FE61695A97BC371.pygtex) [31] [32]
\openout9 = `tkz-grapheur-doc-en.listing'.


(./_minted-tkz-grapheur-doc-en/0881E402DA9F40066270C4F96F5C1A91A322C102C540B524
4FE61695A97BC371.pygtex) (./tkz-grapheur-doc-en.listing)
\openout9 = `tkz-grapheur-doc-en.listing'.


(./_minted-tkz-grapheur-doc-en/E9AD4E2E76ADAFA789166FEE25722F82A322C102C540B524
4FE61695A97BC371.pygtex) (./tkz-grapheur-doc-en.listing) [33] [34]
\openout9 = `tkz-grapheur-doc-en.listing'.


(./_minted-tkz-grapheur-doc-en/479AEC9078625C97DF287FF964D955E7A322C102C540B524
4FE61695A97BC371.pygtex)
\openout9 = `tkz-grapheur-doc-en.listing'.


(./_minted-tkz-grapheur-doc-en/82C64B2837FE69DB38A383E1E0B5072FA322C102C540B524
4FE61695A97BC371.pygtex) (./tkz-grapheur-doc-en.listing) [35]
\openout9 = `tkz-grapheur-doc-en.listing'.


(./_minted-tkz-grapheur-doc-en/00B9566C93B0C03A23B50F3FCCEC51B8A322C102C540B524
4FE61695A97BC371.pygtex) (./tkz-grapheur-doc-en.listing) [36] [37]
\openout9 = `tkz-grapheur-doc-en.listing'.


(./_minted-tkz-grapheur-doc-en/0D8708F7017D4BA178C927F23DB3CF55A322C102C540B524
4FE61695A97BC371.pygtex)
\openout9 = `tkz-grapheur-doc-en.listing'.


(./_minted-tkz-grapheur-doc-en/D423CCF2F264DA083CB1ADBEBD580B79A322C102C540B524
4FE61695A97BC371.pygtex) (./tkz-grapheur-doc-en.listing)
\openout9 = `tkz-grapheur-doc-en.listing'.


(./_minted-tkz-grapheur-doc-en/FBB340C84ED4428B5B48312651499CD7A322C102C540B524
4FE61695A97BC371.pygtex) (./tkz-grapheur-doc-en.listing) [38] [39]
\openout9 = `tkz-grapheur-doc-en.listing'.


(./_minted-tkz-grapheur-doc-en/A6DDF6168AA0692B8EFBA9609F61F32EA322C102C540B524
4FE61695A97BC371.pygtex)
\openout9 = `tkz-grapheur-doc-en.listing'.


(./_minted-tkz-grapheur-doc-en/29A69420878D237A45EC2F155A26D863A322C102C540B524
4FE61695A97BC371.pygtex) (./tkz-grapheur-doc-en.listing) [40]
\openout9 = `tkz-grapheur-doc-en.listing'.


(./_minted-tkz-grapheur-doc-en/625C4757F59F281B6FD00BE8B611B507A322C102C540B524
4FE61695A97BC371.pygtex) (./tkz-grapheur-doc-en.listing)
\openout9 = `tkz-grapheur-doc-en.listing'.


(./_minted-tkz-grapheur-doc-en/19A788F083D9D797D7002BD2D6F8492DA322C102C540B524
4FE61695A97BC371.pygtex) [41] [42]
\openout9 = `tkz-grapheur-doc-en.listing'.


(./_minted-tkz-grapheur-doc-en/CA566F60DF78A4EEB61BD6789E2CCD8CA322C102C540B524
4FE61695A97BC371.pygtex) (./tkz-grapheur-doc-en.listing) [43] [44]
\openout9 = `tkz-grapheur-doc-en.listing'.


(./_minted-tkz-grapheur-doc-en/80144209673C9F88216BE9E4B8A401E7A322C102C540B524
4FE61695A97BC371.pygtex)
\openout9 = `tkz-grapheur-doc-en.listing'.


(./_minted-tkz-grapheur-doc-en/CD76B22CEB63904C384D51754CAAB216A322C102C540B524
4FE61695A97BC371.pygtex) (./tkz-grapheur-doc-en.listing)
Underfull \hbox (badness 10000) in paragraph at lines 1--1708

 []

\openout9 = `tkz-grapheur-doc-en.listing'.


(./_minted-tkz-grapheur-doc-en/4CA8ECCB92B6A4430D22D43A073B0FCFA322C102C540B524
4FE61695A97BC371.pygtex)
\openout9 = `tkz-grapheur-doc-en.listing'.


(./_minted-tkz-grapheur-doc-en/4A3101C7F152F3692C0A78F33D8E1B27A322C102C540B524
4FE61695A97BC371.pygtex) (./tkz-grapheur-doc-en.listing)
\openout9 = `tkz-grapheur-doc-en.listing'.


(./_minted-tkz-grapheur-doc-en/4A3101C7F152F3692C0A78F33D8E1B27A322C102C540B524
4FE61695A97BC371.pygtex) (./tkz-grapheur-doc-en.listing) [45]
\openout9 = `tkz-grapheur-doc-en.listing'.


(./_minted-tkz-grapheur-doc-en/ED9D50C89FC70D9BE5A47F4539C092E6A322C102C540B524
4FE61695A97BC371.pygtex) (./tkz-grapheur-doc-en.listing) [46]
\openout9 = `tkz-grapheur-doc-en.listing'.


(./_minted-tkz-grapheur-doc-en/86063F25CBE6044E9C0FC839307D635BA322C102C540B524
4FE61695A97BC371.pygtex)
\openout9 = `tkz-grapheur-doc-en.listing'.


(./_minted-tkz-grapheur-doc-en/8C360D73BFFC58F92D9C131BECAD8628A322C102C540B524
4FE61695A97BC371.pygtex) (./tkz-grapheur-doc-en.listing) [47] [48]
\openout9 = `tkz-grapheur-doc-en.listing'.


(./_minted-tkz-grapheur-doc-en/1AB0EB6BF057BCE5F830BA8AE068A41BA322C102C540B524
4FE61695A97BC371.pygtex)
\openout9 = `tkz-grapheur-doc-en.listing'.


(./_minted-tkz-grapheur-doc-en/202290053ACCA26D1A666186E1AA7431A322C102C540B524
4FE61695A97BC371.pygtex) [49]
\openout9 = `tkz-grapheur-doc-en.listing'.

(./tkz-grapheur-doc-en.listing
Package pgfplots info on input line 36: fill between: activating layered graphi
cs
\pgf@layerbox@axis background=\box175
\pgf@layerboxsaved@axis background=\box176
\pgf@layerbox@axis grid=\box177
\pgf@layerboxsaved@axis grid=\box178
\pgf@layerbox@axis ticks=\box179
\pgf@layerboxsaved@axis ticks=\box180
\pgf@layerbox@axis lines=\box181
\pgf@layerboxsaved@axis lines=\box182
\pgf@layerbox@axis tick labels=\box183
\pgf@layerboxsaved@axis tick labels=\box184
\pgf@layerbox@pre main=\box185
\pgf@layerboxsaved@pre main=\box186
\pgf@layerbox@axis descriptions=\box187
\pgf@layerboxsaved@axis descriptions=\box188
\pgf@layerbox@axis foreground=\box189
\pgf@layerboxsaved@axis foreground=\box190
Package pgfplots info on input line 36: Setting layers 'axis background,axis gr
id,axis ticks,axis lines,axis tick labels,pre main,main,axis descriptions,axis 
foreground'...

Overfull \hbox (6.11641pt too wide) in paragraph at lines 37--38
[][] 
 []

) [50] [51] (./tkz-grapheur-doc-en.aux)
 ***********
LaTeX2e <2025-11-01>
L3 programming layer <2026-01-19>
 ***********
Package rerunfilecheck Info: File `tkz-grapheur-doc-en.out' has not changed.
(rerunfilecheck)             Checksum: CE880F9FEBFCAE0F36C521C6CA39D8CB;8481.
Package rerunfilecheck Info: File `tkz-grapheur-doc-en.hd' has not changed.
(rerunfilecheck)             Checksum: D41D8CD98F00B204E9800998ECF8427E;0.
runsystem(del tkz-grapheur-doc-en.pyg)...executed.

 ) 
Here is how much of TeX's memory you used:
 61913 strings out of 467525
 1479668 string characters out of 5423209
 4367123 words of memory out of 5000000
 89651 multiletter control sequences out of 15000+600000
 652030 words of font info for 94 fonts, out of 8000000 for 9000
 1141 hyphenation exceptions out of 8191
 117i,12n,445p,2768b,2992s stack positions out of 10000i,1000n,20000p,200000b,200000s
<c:/texlive/2026/texmf-dist/fonts/type1/public/fontawesome5/FontAwesome5Free-
Solid.pfb><c:/texlive/2026/texmf-dist/fonts/type1/public/amsfonts/cm/cmex10.pfb
><c:/texlive/2026/texmf-dist/fonts/type1/public/amsfonts/cm/cmmi10.pfb><c:/texl
ive/2026/texmf-dist/fonts/type1/public/amsfonts/cm/cmmi12.pfb><c:/texlive/2026/
texmf-dist/fonts/type1/public/amsfonts/cm/cmmi6.pfb><c:/texlive/2026/texmf-dist
/fonts/type1/public/amsfonts/cm/cmmi8.pfb><c:/texlive/2026/texmf-dist/fonts/typ
e1/public/amsfonts/cm/cmmi9.pfb><c:/texlive/2026/texmf-dist/fonts/type1/public/
amsfonts/cm/cmr10.pfb><c:/texlive/2026/texmf-dist/fonts/type1/public/amsfonts/c
m/cmr12.pfb><c:/texlive/2026/texmf-dist/fonts/type1/public/amsfonts/cm/cmr6.pfb
><c:/texlive/2026/texmf-dist/fonts/type1/public/amsfonts/cm/cmr8.pfb><c:/texliv
e/2026/texmf-dist/fonts/type1/public/amsfonts/cm/cmr9.pfb><c:/texlive/2026/texm
f-dist/fonts/type1/public/amsfonts/cm/cmsy10.pfb><c:/texlive/2026/texmf-dist/fo
nts/type1/public/amsfonts/cm/cmsy6.pfb><c:/texlive/2026/texmf-dist/fonts/type1/
public/amsfonts/cm/cmsy8.pfb><c:/texlive/2026/texmf-dist/fonts/type1/public/cm-
super/sfbx1095.pfb><c:/texlive/2026/texmf-dist/fonts/type1/public/cm-super/sfbx
1200.pfb><c:/texlive/2026/texmf-dist/fonts/type1/public/cm-super/sfbx1440.pfb><
c:/texlive/2026/texmf-dist/fonts/type1/public/cm-super/sfit0900.pfb><c:/texlive
/2026/texmf-dist/fonts/type1/public/cm-super/sfit1000.pfb><c:/texlive/2026/texm
f-dist/fonts/type1/public/cm-super/sfrm0600.pfb><c:/texlive/2026/texmf-dist/fon
ts/type1/public/cm-super/sfrm0800.pfb><c:/texlive/2026/texmf-dist/fonts/type1/p
ublic/cm-super/sfrm0900.pfb><c:/texlive/2026/texmf-dist/fonts/type1/public/cm-s
uper/sfrm1000.pfb><c:/texlive/2026/texmf-dist/fonts/type1/public/cm-super/sfrm1
095.pfb><c:/texlive/2026/texmf-dist/fonts/type1/public/cm-super/sfrm1728.pfb><c
:/texlive/2026/texmf-dist/fonts/type1/public/cm-super/sfsi1728.pfb><c:/texlive/
2026/texmf-dist/fonts/type1/public/cm-super/sfss1000.pfb><c:/texlive/2026/texmf
-dist/fonts/type1/public/cm-super/sfss1095.pfb><c:/texlive/2026/texmf-dist/font
s/type1/public/cm-super/sfss1728.pfb><c:/texlive/2026/texmf-dist/fonts/type1/pu
blic/cm-super/sfti1095.pfb><c:/texlive/2026/texmf-dist/fonts/type1/public/cm-su
per/sftt0800.pfb><c:/texlive/2026/texmf-dist/fonts/type1/public/cm-super/sftt10
00.pfb><c:/texlive/2026/texmf-dist/fonts/type1/public/cm-super/sftt1095.pfb><c:
/texlive/2026/texmf-dist/fonts/type1/public/cm-super/sftt2488.pfb>
Output written on tkz-grapheur-doc-en.pdf (51 pages, 1274639 bytes).
PDF statistics:
 685 PDF objects out of 1000 (max. 8388607)
 550 compressed objects within 6 object streams
 104 named destinations out of 1000 (max. 500000)
 385 words of extra memory for PDF output out of 10000 (max. 10000000)

