This is pdfTeX, Version 3.141592653-2.6-1.40.29 (TeX Live 2026) (preloaded format=pdflatex 2026.2.25)  26 FEB 2026 09:40
entering extended mode
 \write18 enabled.
 %&-line parsing enabled.
**tkz-grapheur-doc-fr.tex
(./tkz-grapheur-doc-fr.tex
LaTeX2e <2025-11-01>
L3 programming layer <2026-01-19>
(c:/texlive/2026/texmf-dist/tex/latex/base/ltxdoc.cls
Document Class: ltxdoc 2024/02/08 v2.1j Standard LaTeX documentation class
*************************************
* Local config file ltxdoc.cfg used
*************************************
(c:/texlive/2026/texmf-dist/tex/latex/base/ltxdoc.cfg
File: ltxdoc.cfg 2022/06/14 v2.0d ltxdoc.cls configuration (LaTeX Project)
) (c:/texlive/2026/texmf-dist/tex/latex/base/article.cls
Document Class: article 2025/01/22 v1.4n Standard LaTeX document class
(c:/texlive/2026/texmf-dist/tex/latex/base/size11.clo
File: size11.clo 2025/01/22 v1.4n Standard LaTeX file (size option)
)
\c@part=\count275
\c@section=\count276
\c@subsection=\count277
\c@subsubsection=\count278
\c@paragraph=\count279
\c@subparagraph=\count280
\c@figure=\count281
\c@table=\count282
\abovecaptionskip=\skip49
\belowcaptionskip=\skip50
\bibindent=\dimen148
) (c:/texlive/2026/texmf-dist/tex/latex/base/doc.sty
Package: doc 2024/12/25 v3.0q Standard LaTeX documentation package V3 (FMi)
\c@StandardModuleDepth=\count283
\guard@level=\count284
\MacrocodeTopsep=\skip51
\MacroIndent=\dimen149
\macro@cnt=\count285
\MacroTopsep=\skip52
\IndexMin=\dimen150
\c@IndexColumns=\count286
(c:/texlive/2026/texmf-dist/tex/latex/tools/multicol.sty
Package: multicol 2025/10/21 v2.0b multicolumn formatting (FMi)
\c@tracingmulticols=\count287
\mult@box=\box53
\multicol@leftmargin=\dimen151
\c@unbalance=\count288
\c@collectmore=\count289
\doublecol@number=\count290
\multicoltolerance=\count291
\multicolpretolerance=\count292
\full@width=\dimen152
\page@free=\dimen153
\premulticols=\dimen154
\postmulticols=\dimen155
\multicolsep=\skip53
\multicolbaselineskip=\skip54
\partial@page=\box54
\last@line=\box55
\mc@boxedresult=\box56
\maxbalancingoverflow=\dimen156
\mult@rightbox=\box57
\mult@grightbox=\box58
\mult@firstbox=\box59
\mult@gfirstbox=\box60
\@tempa=\box61
\@tempa=\box62
\@tempa=\box63
\@tempa=\box64
\@tempa=\box65
\@tempa=\box66
\@tempa=\box67
\@tempa=\box68
\@tempa=\box69
\@tempa=\box70
\@tempa=\box71
\@tempa=\box72
\@tempa=\box73
\@tempa=\box74
\@tempa=\box75
\@tempa=\box76
\@tempa=\box77
\@tempa=\box78
\@tempa=\box79
\@tempa=\box80
\@tempa=\box81
\@tempa=\box82
\@tempa=\box83
\@tempa=\box84
\@tempa=\box85
\@tempa=\box86
\@tempa=\box87
\@tempa=\box88
\@tempa=\box89
\@tempa=\box90
\@tempa=\box91
\@tempa=\box92
\@tempa=\box93
\@tempa=\box94
\@tempa=\box95
\@tempa=\box96
\c@minrows=\count293
\c@columnbadness=\count294
\c@finalcolumnbadness=\count295
\last@try=\dimen157
\multicolovershoot=\dimen158
\multicolundershoot=\dimen159
\mult@nat@firstbox=\box97
\colbreak@box=\box98
\mc@col@check@num=\count296
\g__mc_curr_col_int=\count297
)
\GlossaryMin=\dimen160
\c@GlossaryColumns=\count298
\check@sum=\count299
\bslash@cnt=\count300
\wrong@table=\toks17
\c@CodelineNo=\count301
\@temptokenb=\toks18
)) (c:/texlive/2026/texmf-dist/tex/latex/base/inputenc.sty
Package: inputenc 2024/02/08 v1.3d Input encoding file
\inpenc@prehook=\toks19
\inpenc@posthook=\toks20
) (c:/texlive/2026/texmf-dist/tex/latex/base/fontenc.sty
Package: fontenc 2025/07/18 v2.1d Standard LaTeX package
) (c:/texlive/2026/texmf-dist/tex/latex/amsfonts/amssymb.sty
Package: amssymb 2013/01/14 v3.01 AMS font symbols
(c:/texlive/2026/texmf-dist/tex/latex/amsfonts/amsfonts.sty
Package: amsfonts 2013/01/14 v3.01 Basic AMSFonts support
\@emptytoks=\toks21
\symAMSa=\mathgroup4
\symAMSb=\mathgroup5
LaTeX Font Info:    Redeclaring math symbol \hbar on input line 98.
LaTeX Font Info:    Overwriting math alphabet `\mathfrak' in version `bold'
(Font)                  U/euf/m/n --> U/euf/b/n on input line 106.
)) (c:/Users/cpier/OneDrive/latex/tex/latex/tkz-grapheur/tex/tkz-grapheur.sty
Package: tkz-grapheur 2026/02/26 0.30b Des outils en TikZ pour travailler comme
 avec un grapheur
(c:/texlive/2026/texmf-dist/tex/latex/pgf/frontendlayer/tikz.sty (c:/texlive/20
26/texmf-dist/tex/latex/pgf/basiclayer/pgf.sty (c:/texlive/2026/texmf-dist/tex/
latex/pgf/utilities/pgfrcs.sty (c:/texlive/2026/texmf-dist/tex/generic/pgf/util
ities/pgfutil-common.tex
\pgfutil@everybye=\toks22
\pgfutil@tempdima=\dimen161
\pgfutil@tempdimb=\dimen162
) (c:/texlive/2026/texmf-dist/tex/generic/pgf/utilities/pgfutil-latex.def
\pgfutil@abb=\box99
) (c:/texlive/2026/texmf-dist/tex/generic/pgf/utilities/pgfrcs.code.tex (c:/tex
live/2026/texmf-dist/tex/generic/pgf/pgf.revision.tex)
Package: pgfrcs 2025-08-29 v3.1.11a (3.1.11a)
))
Package: pgf 2025-08-29 v3.1.11a (3.1.11a)
(c:/texlive/2026/texmf-dist/tex/latex/pgf/basiclayer/pgfcore.sty (c:/texlive/20
26/texmf-dist/tex/latex/graphics/graphicx.sty
Package: graphicx 2024/12/31 v1.2e Enhanced LaTeX Graphics (DPC,SPQR)
(c:/texlive/2026/texmf-dist/tex/latex/graphics/keyval.sty
Package: keyval 2022/05/29 v1.15 key=value parser (DPC)
\KV@toks@=\toks23
) (c:/texlive/2026/texmf-dist/tex/latex/graphics/graphics.sty
Package: graphics 2024/08/06 v1.4g Standard LaTeX Graphics (DPC,SPQR)
(c:/texlive/2026/texmf-dist/tex/latex/graphics/trig.sty
Package: trig 2023/12/02 v1.11 sin cos tan (DPC)
) (c:/texlive/2026/texmf-dist/tex/latex/graphics-cfg/graphics.cfg
File: graphics.cfg 2016/06/04 v1.11 sample graphics configuration
)
Package graphics Info: Driver file: pdftex.def on input line 106.
(c:/texlive/2026/texmf-dist/tex/latex/graphics-def/pdftex.def
File: pdftex.def 2025/09/29 v1.2d Graphics/color driver for pdftex
))
\Gin@req@height=\dimen163
\Gin@req@width=\dimen164
) (c:/texlive/2026/texmf-dist/tex/latex/pgf/systemlayer/pgfsys.sty (c:/texlive/
2026/texmf-dist/tex/generic/pgf/systemlayer/pgfsys.code.tex
Package: pgfsys 2025-08-29 v3.1.11a (3.1.11a)
(c:/texlive/2026/texmf-dist/tex/generic/pgf/utilities/pgfkeys.code.tex
\pgfkeys@pathtoks=\toks24
\pgfkeys@temptoks=\toks25

(c:/texlive/2026/texmf-dist/tex/generic/pgf/utilities/pgfkeyslibraryfiltered.co
de.tex
\pgfkeys@tmptoks=\toks26
))
\pgf@x=\dimen165
\pgf@y=\dimen166
\pgf@xa=\dimen167
\pgf@ya=\dimen168
\pgf@xb=\dimen169
\pgf@yb=\dimen170
\pgf@xc=\dimen171
\pgf@yc=\dimen172
\pgf@xd=\dimen173
\pgf@yd=\dimen174
\w@pgf@writea=\write3
\r@pgf@reada=\read2
\c@pgf@counta=\count302
\c@pgf@countb=\count303
\c@pgf@countc=\count304
\c@pgf@countd=\count305
\t@pgf@toka=\toks27
\t@pgf@tokb=\toks28
\t@pgf@tokc=\toks29
\pgf@sys@id@count=\count306
(c:/texlive/2026/texmf-dist/tex/generic/pgf/systemlayer/pgf.cfg
File: pgf.cfg 2025-08-29 v3.1.11a (3.1.11a)
)
Driver file for pgf: pgfsys-pdftex.def
(c:/texlive/2026/texmf-dist/tex/generic/pgf/systemlayer/pgfsys-pdftex.def
File: pgfsys-pdftex.def 2025-08-29 v3.1.11a (3.1.11a)
(c:/texlive/2026/texmf-dist/tex/generic/pgf/systemlayer/pgfsys-common-pdf.def
File: pgfsys-common-pdf.def 2025-08-29 v3.1.11a (3.1.11a)
)))
(c:/texlive/2026/texmf-dist/tex/generic/pgf/systemlayer/pgfsyssoftpath.code.tex
File: pgfsyssoftpath.code.tex 2025-08-29 v3.1.11a (3.1.11a)
\pgfsyssoftpath@smallbuffer@items=\count307
\pgfsyssoftpath@bigbuffer@items=\count308
)
(c:/texlive/2026/texmf-dist/tex/generic/pgf/systemlayer/pgfsysprotocol.code.tex
File: pgfsysprotocol.code.tex 2025-08-29 v3.1.11a (3.1.11a)
)) (c:/texlive/2026/texmf-dist/tex/latex/xcolor/xcolor.sty
Package: xcolor 2024/09/29 v3.02 LaTeX color extensions (UK)
(c:/texlive/2026/texmf-dist/tex/latex/graphics-cfg/color.cfg
File: color.cfg 2016/01/02 v1.6 sample color configuration
)
Package xcolor Info: Driver file: pdftex.def on input line 274.
(c:/texlive/2026/texmf-dist/tex/latex/graphics/mathcolor.ltx)
Package xcolor Info: Model `cmy' substituted by `cmy0' on input line 1349.
Package xcolor Info: Model `hsb' substituted by `rgb' on input line 1353.
Package xcolor Info: Model `RGB' extended on input line 1365.
Package xcolor Info: Model `HTML' substituted by `rgb' on input line 1367.
Package xcolor Info: Model `Hsb' substituted by `hsb' on input line 1368.
Package xcolor Info: Model `tHsb' substituted by `hsb' on input line 1369.
Package xcolor Info: Model `HSB' substituted by `hsb' on input line 1370.
Package xcolor Info: Model `Gray' substituted by `gray' on input line 1371.
Package xcolor Info: Model `wave' substituted by `hsb' on input line 1372.
) (c:/texlive/2026/texmf-dist/tex/generic/pgf/basiclayer/pgfcore.code.tex
Package: pgfcore 2025-08-29 v3.1.11a (3.1.11a)
(c:/texlive/2026/texmf-dist/tex/generic/pgf/math/pgfmath.code.tex (c:/texlive/2
026/texmf-dist/tex/generic/pgf/math/pgfmathutil.code.tex) (c:/texlive/2026/texm
f-dist/tex/generic/pgf/math/pgfmathparser.code.tex
\pgfmath@dimen=\dimen175
\pgfmath@count=\count309
\pgfmath@box=\box100
\pgfmath@toks=\toks30
\pgfmath@stack@operand=\toks31
\pgfmath@stack@operation=\toks32
) (c:/texlive/2026/texmf-dist/tex/generic/pgf/math/pgfmathfunctions.code.tex)
(c:/texlive/2026/texmf-dist/tex/generic/pgf/math/pgfmathfunctions.basic.code.te
x)
(c:/texlive/2026/texmf-dist/tex/generic/pgf/math/pgfmathfunctions.trigonometric
.code.tex)
(c:/texlive/2026/texmf-dist/tex/generic/pgf/math/pgfmathfunctions.random.code.t
ex)
(c:/texlive/2026/texmf-dist/tex/generic/pgf/math/pgfmathfunctions.comparison.co
de.tex)
(c:/texlive/2026/texmf-dist/tex/generic/pgf/math/pgfmathfunctions.base.code.tex
)
(c:/texlive/2026/texmf-dist/tex/generic/pgf/math/pgfmathfunctions.round.code.te
x)
(c:/texlive/2026/texmf-dist/tex/generic/pgf/math/pgfmathfunctions.misc.code.tex
)
(c:/texlive/2026/texmf-dist/tex/generic/pgf/math/pgfmathfunctions.integerarithm
etics.code.tex) (c:/texlive/2026/texmf-dist/tex/generic/pgf/math/pgfmathcalc.co
de.tex) (c:/texlive/2026/texmf-dist/tex/generic/pgf/math/pgfmathfloat.code.tex
\c@pgfmathroundto@lastzeros=\count310
)) (c:/texlive/2026/texmf-dist/tex/generic/pgf/math/pgfint.code.tex) (c:/texliv
e/2026/texmf-dist/tex/generic/pgf/basiclayer/pgfcorepoints.code.tex
File: pgfcorepoints.code.tex 2025-08-29 v3.1.11a (3.1.11a)
\pgf@picminx=\dimen176
\pgf@picmaxx=\dimen177
\pgf@picminy=\dimen178
\pgf@picmaxy=\dimen179
\pgf@pathminx=\dimen180
\pgf@pathmaxx=\dimen181
\pgf@pathminy=\dimen182
\pgf@pathmaxy=\dimen183
\pgf@xx=\dimen184
\pgf@xy=\dimen185
\pgf@yx=\dimen186
\pgf@yy=\dimen187
\pgf@zx=\dimen188
\pgf@zy=\dimen189
)
(c:/texlive/2026/texmf-dist/tex/generic/pgf/basiclayer/pgfcorepathconstruct.cod
e.tex
File: pgfcorepathconstruct.code.tex 2025-08-29 v3.1.11a (3.1.11a)
\pgf@path@lastx=\dimen190
\pgf@path@lasty=\dimen191
)
(c:/texlive/2026/texmf-dist/tex/generic/pgf/basiclayer/pgfcorepathusage.code.te
x
File: pgfcorepathusage.code.tex 2025-08-29 v3.1.11a (3.1.11a)
\pgf@shorten@end@additional=\dimen192
\pgf@shorten@start@additional=\dimen193
) (c:/texlive/2026/texmf-dist/tex/generic/pgf/basiclayer/pgfcorescopes.code.tex
File: pgfcorescopes.code.tex 2025-08-29 v3.1.11a (3.1.11a)
\pgfpic=\box101
\pgf@hbox=\box102
\pgf@layerbox@main=\box103
\pgf@picture@serial@count=\count311
)
(c:/texlive/2026/texmf-dist/tex/generic/pgf/basiclayer/pgfcoregraphicstate.code
.tex
File: pgfcoregraphicstate.code.tex 2025-08-29 v3.1.11a (3.1.11a)
\pgflinewidth=\dimen194
)
(c:/texlive/2026/texmf-dist/tex/generic/pgf/basiclayer/pgfcoretransformations.c
ode.tex
File: pgfcoretransformations.code.tex 2025-08-29 v3.1.11a (3.1.11a)
\pgf@pt@x=\dimen195
\pgf@pt@y=\dimen196
\pgf@pt@temp=\dimen197
) (c:/texlive/2026/texmf-dist/tex/generic/pgf/basiclayer/pgfcorequick.code.tex
File: pgfcorequick.code.tex 2025-08-29 v3.1.11a (3.1.11a)
) (c:/texlive/2026/texmf-dist/tex/generic/pgf/basiclayer/pgfcoreobjects.code.te
x
File: pgfcoreobjects.code.tex 2025-08-29 v3.1.11a (3.1.11a)
)
(c:/texlive/2026/texmf-dist/tex/generic/pgf/basiclayer/pgfcorepathprocessing.co
de.tex
File: pgfcorepathprocessing.code.tex 2025-08-29 v3.1.11a (3.1.11a)
) (c:/texlive/2026/texmf-dist/tex/generic/pgf/basiclayer/pgfcorearrows.code.tex
File: pgfcorearrows.code.tex 2025-08-29 v3.1.11a (3.1.11a)
\pgfarrowsep=\dimen198
) (c:/texlive/2026/texmf-dist/tex/generic/pgf/basiclayer/pgfcoreshade.code.tex
File: pgfcoreshade.code.tex 2025-08-29 v3.1.11a (3.1.11a)
\pgf@max=\dimen199
\pgf@sys@shading@range@num=\count312
\pgf@shadingcount=\count313
) (c:/texlive/2026/texmf-dist/tex/generic/pgf/basiclayer/pgfcoreimage.code.tex
File: pgfcoreimage.code.tex 2025-08-29 v3.1.11a (3.1.11a)
)
(c:/texlive/2026/texmf-dist/tex/generic/pgf/basiclayer/pgfcoreexternal.code.tex
File: pgfcoreexternal.code.tex 2025-08-29 v3.1.11a (3.1.11a)
\pgfexternal@startupbox=\box104
) (c:/texlive/2026/texmf-dist/tex/generic/pgf/basiclayer/pgfcorelayers.code.tex
File: pgfcorelayers.code.tex 2025-08-29 v3.1.11a (3.1.11a)
)
(c:/texlive/2026/texmf-dist/tex/generic/pgf/basiclayer/pgfcoretransparency.code
.tex
File: pgfcoretransparency.code.tex 2025-08-29 v3.1.11a (3.1.11a)
)
(c:/texlive/2026/texmf-dist/tex/generic/pgf/basiclayer/pgfcorepatterns.code.tex
File: pgfcorepatterns.code.tex 2025-08-29 v3.1.11a (3.1.11a)
) (c:/texlive/2026/texmf-dist/tex/generic/pgf/basiclayer/pgfcorerdf.code.tex
File: pgfcorerdf.code.tex 2025-08-29 v3.1.11a (3.1.11a)
))) (c:/texlive/2026/texmf-dist/tex/generic/pgf/modules/pgfmoduleshapes.code.te
x
File: pgfmoduleshapes.code.tex 2025-08-29 v3.1.11a (3.1.11a)
\pgfnodeparttextbox=\box105
) (c:/texlive/2026/texmf-dist/tex/generic/pgf/modules/pgfmoduleplot.code.tex
File: pgfmoduleplot.code.tex 2025-08-29 v3.1.11a (3.1.11a)
)
(c:/texlive/2026/texmf-dist/tex/latex/pgf/compatibility/pgfcomp-version-0-65.st
y
Package: pgfcomp-version-0-65 2025-08-29 v3.1.11a (3.1.11a)
\pgf@nodesepstart=\dimen256
\pgf@nodesepend=\dimen257
)
(c:/texlive/2026/texmf-dist/tex/latex/pgf/compatibility/pgfcomp-version-1-18.st
y
Package: pgfcomp-version-1-18 2025-08-29 v3.1.11a (3.1.11a)
)) (c:/texlive/2026/texmf-dist/tex/latex/pgf/utilities/pgffor.sty (c:/texlive/2
026/texmf-dist/tex/latex/pgf/utilities/pgfkeys.sty (c:/texlive/2026/texmf-dist/
tex/generic/pgf/utilities/pgfkeys.code.tex)) (c:/texlive/2026/texmf-dist/tex/la
tex/pgf/math/pgfmath.sty (c:/texlive/2026/texmf-dist/tex/generic/pgf/math/pgfma
th.code.tex)) (c:/texlive/2026/texmf-dist/tex/generic/pgf/utilities/pgffor.code
.tex
Package: pgffor 2025-08-29 v3.1.11a (3.1.11a)
\pgffor@iter=\dimen258
\pgffor@skip=\dimen259
\pgffor@stack=\toks33
\pgffor@toks=\toks34
)) (c:/texlive/2026/texmf-dist/tex/generic/pgf/frontendlayer/tikz/tikz.code.tex
Package: tikz 2025-08-29 v3.1.11a (3.1.11a)

(c:/texlive/2026/texmf-dist/tex/generic/pgf/libraries/pgflibraryplothandlers.co
de.tex
File: pgflibraryplothandlers.code.tex 2025-08-29 v3.1.11a (3.1.11a)
\pgf@plot@mark@count=\count314
\pgfplotmarksize=\dimen260
)
\tikz@lastx=\dimen261
\tikz@lasty=\dimen262
\tikz@lastxsaved=\dimen263
\tikz@lastysaved=\dimen264
\tikz@lastmovetox=\dimen265
\tikz@lastmovetoy=\dimen266
\tikzleveldistance=\dimen267
\tikzsiblingdistance=\dimen268
\tikz@figbox=\box106
\tikz@figbox@bg=\box107
\tikz@tempbox=\box108
\tikz@tempbox@bg=\box109
\tikztreelevel=\count315
\tikznumberofchildren=\count316
\tikznumberofcurrentchild=\count317
\tikz@fig@count=\count318
(c:/texlive/2026/texmf-dist/tex/generic/pgf/modules/pgfmodulematrix.code.tex
File: pgfmodulematrix.code.tex 2025-08-29 v3.1.11a (3.1.11a)
\pgfmatrixcurrentrow=\count319
\pgfmatrixcurrentcolumn=\count320
\pgf@matrix@numberofcolumns=\count321
)
\tikz@expandcount=\count322

(c:/texlive/2026/texmf-dist/tex/generic/pgf/frontendlayer/tikz/libraries/tikzli
brarytopaths.code.tex
File: tikzlibrarytopaths.code.tex 2025-08-29 v3.1.11a (3.1.11a)
))) (c:/texlive/2026/texmf-dist/tex/latex/base/ifthen.sty
Package: ifthen 2024/03/16 v1.1e Standard LaTeX ifthen package (DPC)
) (c:/texlive/2026/texmf-dist/tex/latex/pgfplots/pgfplots.sty (c:/texlive/2026/
texmf-dist/tex/generic/pgfplots/pgfplots.revision.tex)
Package: pgfplots 2025/08/14 v1.18.2 Data Visualization (1.18.2)
(c:/texlive/2026/texmf-dist/tex/generic/pgfplots/pgfplots.code.tex (c:/texlive/
2026/texmf-dist/tex/generic/pgfplots/pgfplotscore.code.tex
\t@pgfplots@toka=\toks35
\t@pgfplots@tokb=\toks36
\t@pgfplots@tokc=\toks37
\pgfplots@tmpa=\dimen269
\c@pgfplots@coordindex=\count323
\c@pgfplots@scanlineindex=\count324

(c:/texlive/2026/texmf-dist/tex/generic/pgfplots/sys/pgfplotssysgeneric.code.te
x)) (c:/texlive/2026/texmf-dist/tex/generic/pgfplots/libs/pgfplotslibrary.code.
tex)
(c:/texlive/2026/texmf-dist/tex/generic/pgfplots/oldpgfcompatib/pgfplotsoldpgfs
upp_loader.code.tex (c:/texlive/2026/texmf-dist/tex/generic/pgf/libraries/pgfli
braryfpu.code.tex)
(c:/texlive/2026/texmf-dist/tex/generic/pgfplots/oldpgfcompatib/pgfplotsoldpgfs
upp_pgfutil-common-lists.tex)) (c:/texlive/2026/texmf-dist/tex/generic/pgfplots
/util/pgfplotsutil.code.tex
(c:/texlive/2026/texmf-dist/tex/generic/pgfplots/liststructure/pgfplotsliststru
cture.code.tex)
(c:/texlive/2026/texmf-dist/tex/generic/pgfplots/liststructure/pgfplotsliststru
ctureext.code.tex)
(c:/texlive/2026/texmf-dist/tex/generic/pgfplots/liststructure/pgfplotsarray.co
de.tex
\c@pgfplotsarray@tmp=\count325
)
(c:/texlive/2026/texmf-dist/tex/generic/pgfplots/liststructure/pgfplotsmatrix.c
ode.tex)
(c:/texlive/2026/texmf-dist/tex/generic/pgfplots/numtable/pgfplotstableshared.c
ode.tex
\c@pgfplotstable@counta=\count326
\t@pgfplotstable@a=\toks38
)
(c:/texlive/2026/texmf-dist/tex/generic/pgfplots/liststructure/pgfplotsdeque.co
de.tex) (c:/texlive/2026/texmf-dist/tex/generic/pgfplots/util/pgfplotsbinary.co
de.tex
(c:/texlive/2026/texmf-dist/tex/generic/pgfplots/util/pgfplotsbinary.data.code.
tex))
(c:/texlive/2026/texmf-dist/tex/generic/pgfplots/util/pgfplotsutil.verb.code.te
x)
(c:/texlive/2026/texmf-dist/tex/generic/pgfplots/libs/pgflibrarypgfplots.surfsh
ading.code.tex
\c@pgfplotslibrarysurf@no=\count327

(c:/texlive/2026/texmf-dist/tex/generic/pgfplots/sys/pgflibrarypgfplots.surfsha
ding.pgfsys-pdftex.def)))
(c:/texlive/2026/texmf-dist/tex/generic/pgfplots/util/pgfplotscolormap.code.tex
(c:/texlive/2026/texmf-dist/tex/generic/pgfplots/util/pgfplotscolor.code.tex)) 
(c:/texlive/2026/texmf-dist/tex/generic/pgfplots/pgfplotsstackedplots.code.tex)
(c:/texlive/2026/texmf-dist/tex/generic/pgfplots/pgfplotsplothandlers.code.tex
(c:/texlive/2026/texmf-dist/tex/generic/pgfplots/pgfplotsmeshplothandler.code.t
ex
(c:/texlive/2026/texmf-dist/tex/generic/pgfplots/pgfplotsmeshplotimage.code.tex
))) (c:/texlive/2026/texmf-dist/tex/generic/pgfplots/pgfplots.scaling.code.tex)

(c:/texlive/2026/texmf-dist/tex/generic/pgfplots/pgfplotscoordprocessing.code.t
ex) (c:/texlive/2026/texmf-dist/tex/generic/pgfplots/pgfplots.errorbars.code.te
x) (c:/texlive/2026/texmf-dist/tex/generic/pgfplots/pgfplots.markers.code.tex) 
(c:/texlive/2026/texmf-dist/tex/generic/pgfplots/pgfplotsticks.code.tex) (c:/te
xlive/2026/texmf-dist/tex/generic/pgfplots/pgfplots.paths.code.tex)
(c:/texlive/2026/texmf-dist/tex/generic/pgf/frontendlayer/tikz/libraries/tikzli
brarydecorations.code.tex
(c:/texlive/2026/texmf-dist/tex/generic/pgf/modules/pgfmoduledecorations.code.t
ex
\pgfdecoratedcompleteddistance=\dimen270
\pgfdecoratedremainingdistance=\dimen271
\pgfdecoratedinputsegmentcompleteddistance=\dimen272
\pgfdecoratedinputsegmentremainingdistance=\dimen273
\pgf@decorate@distancetomove=\dimen274
\pgf@decorate@repeatstate=\count328
\pgfdecorationsegmentamplitude=\dimen275
\pgfdecorationsegmentlength=\dimen276
)
\tikz@lib@dec@box=\box110
)
(c:/texlive/2026/texmf-dist/tex/generic/pgf/frontendlayer/tikz/libraries/tikzli
brarydecorations.pathmorphing.code.tex
(c:/texlive/2026/texmf-dist/tex/generic/pgf/libraries/decorations/pgflibrarydec
orations.pathmorphing.code.tex))
(c:/texlive/2026/texmf-dist/tex/generic/pgf/frontendlayer/tikz/libraries/tikzli
brarydecorations.pathreplacing.code.tex
(c:/texlive/2026/texmf-dist/tex/generic/pgf/libraries/decorations/pgflibrarydec
orations.pathreplacing.code.tex))
(c:/texlive/2026/texmf-dist/tex/generic/pgfplots/libs/tikzlibrarypgfplots.conto
urlua.code.tex)
\pgfplots@numplots=\count329
\pgfplots@xmin@reg=\dimen277
\pgfplots@xmax@reg=\dimen278
\pgfplots@ymin@reg=\dimen279
\pgfplots@ymax@reg=\dimen280
\pgfplots@zmin@reg=\dimen281
\pgfplots@zmax@reg=\dimen282
)
(c:/texlive/2026/texmf-dist/tex/generic/pgf/frontendlayer/tikz/libraries/tikzli
braryplotmarks.code.tex
File: tikzlibraryplotmarks.code.tex 2025-08-29 v3.1.11a (3.1.11a)

(c:/texlive/2026/texmf-dist/tex/generic/pgf/libraries/pgflibraryplotmarks.code.
tex
File: pgflibraryplotmarks.code.tex 2025-08-29 v3.1.11a (3.1.11a)
)))
(c:/texlive/2026/texmf-dist/tex/generic/pgfplots/libs/tikzlibrarypgfplots.fillb
etween.code.tex
(c:/texlive/2026/texmf-dist/tex/generic/pgfplots/pgfcontrib/tikzlibraryfillbetw
een.code.tex
(c:/texlive/2026/texmf-dist/tex/generic/pgf/frontendlayer/tikz/libraries/tikzli
braryintersections.code.tex
(c:/texlive/2026/texmf-dist/tex/generic/pgf/libraries/pgflibraryintersections.c
ode.tex
\pgf@intersect@solutions=\count330
))
(c:/texlive/2026/texmf-dist/tex/generic/pgfplots/pgfcontrib/tikzlibrarydecorati
ons.softclip.code.tex
(c:/texlive/2026/texmf-dist/tex/generic/pgfplots/pgfcontrib/pgflibraryfillbetwe
en.code.tex)))
(c:/texlive/2026/texmf-dist/tex/generic/pgfplots/libs/tikzlibrarypgfplots.decor
ations.softclip.code.tex))
(c:/texlive/2026/texmf-dist/tex/generic/pgf/frontendlayer/tikz/libraries/tikzli
brarycalc.code.tex
File: tikzlibrarycalc.code.tex 2025-08-29 v3.1.11a (3.1.11a)
)
(c:/texlive/2026/texmf-dist/tex/generic/pgf/frontendlayer/tikz/libraries/tikzli
brarypatterns.code.tex
File: tikzlibrarypatterns.code.tex 2025-08-29 v3.1.11a (3.1.11a)

(c:/texlive/2026/texmf-dist/tex/generic/pgf/libraries/pgflibrarypatterns.code.t
ex
File: pgflibrarypatterns.code.tex 2025-08-29 v3.1.11a (3.1.11a)
))
(c:/texlive/2026/texmf-dist/tex/generic/pgf/frontendlayer/tikz/libraries/tikzli
brarypatterns.meta.code.tex
(c:/texlive/2026/texmf-dist/tex/generic/pgf/libraries/pgflibrarypatterns.meta.c
ode.tex)) (c:/texlive/2026/texmf-dist/tex/latex/tikz-bbox/pgflibrarybbox.code.t
ex) (c:/texlive/2026/texmf-dist/tex/generic/simplekv/simplekv.sty (c:/texlive/2
026/texmf-dist/tex/generic/simplekv/simplekv.tex)
Package: simplekv 2025/06/15 v0.32 Simple keyval package (CT)
) (c:/texlive/2026/texmf-dist/tex/generic/xint/xintexpr.sty (c:/texlive/2026/te
xmf-dist/tex/generic/xint/xintfrac.sty (c:/texlive/2026/texmf-dist/tex/generic/
xint/xint.sty (c:/texlive/2026/texmf-dist/tex/generic/xint/xintcore.sty (c:/tex
live/2026/texmf-dist/tex/generic/xint/xintkernel.sty
Package: xintkernel 2025/09/06 v1.4o Paraphernalia for the xint packages (JFB)
\xint_c_x^v=\count331
\xint_c_x^viii=\count332
\xint_c_x^ix=\count333
\xint_c_x^viii_mone=\count334
\xint_c_nine_x^viii=\count335
\xint_c_xi_e_viii_mone=\count336
\xint_c_xii_e_viii=\count337
\xint_c_ii^xv=\count338
\xint_c_ii^xvi=\count339
\xint_c_ii^xxi=\count340
)
Package: xintcore 2025/09/06 v1.4o Expandable arithmetic on big integers (JFB)
)
Package: xint 2025/09/06 v1.4o Expandable operations on big integers (JFB)
)
Package: xintfrac 2025/09/06 v1.4o Expandable operations on fractions (JFB)
) (c:/texlive/2026/texmf-dist/tex/generic/xint/xinttools.sty
Package: xinttools 2025/09/06 v1.4o Expandable and non-expandable utilities (JF
B)
\XINT_toks=\toks39
) (c:/texlive/2026/texmf-dist/tex/generic/xint/xintbinhex.sty
Package: xintbinhex 2025/09/06 v1.4o Expandable radix conversions (2, 8, 10, an
d 16) (JFB)
)
Package: xintexpr 2025/09/06 v1.4o Expandable expression parser (JFB)
(c:/texlive/2026/texmf-dist/tex/generic/xint/xinttrig.sty
Package: xinttrig 2025/09/06 v1.4o Trigonometrical functions for xintexpr (JFB)

) (c:/texlive/2026/texmf-dist/tex/generic/xint/xintlog.sty
Package: xintlog 2025/09/06 v1.4o Logarithms and exponentials for xintexpr (JFB
)
(c:/texlive/2026/texmf-dist/tex/generic/poormanlog/poormanlog.sty
Package: poormanlog 2022/05/25 v0.07 base 10 log and pow with 9 digits (JFB)
(c:/texlive/2026/texmf-dist/tex/generic/poormanlog/poormanlog.tex)))) (c:/texli
ve/2026/texmf-dist/tex/generic/xstring/xstring.sty (c:/texlive/2026/texmf-dist/
tex/generic/xstring/xstring.tex
\xs_counta=\count341
\xs_countb=\count342
)
Package: xstring 2023/08/22 v1.86 String manipulations (CT)
) (c:/texlive/2026/texmf-dist/tex/generic/listofitems/listofitems.sty (c:/texli
ve/2026/texmf-dist/tex/generic/listofitems/listofitems.tex
\loi_cnt_foreach_nest=\count343
\loi_nestcnt=\count344
)
Package: listofitems 2024/03/09 v1.65 Grab items in lists using user-specified 
sep char (CT)
)
(c:/Users/cpier/OneDrive/latex/tex/latex/xint-regression/tex/xint-regression.st
y
Package: xint-regression 2026/02/17 0.1.3 Some classic regressions, with xint
) (c:/texlive/2026/texmf-dist/tex/latex/siunitx/siunitx.sty
Package: siunitx 2025-07-09 v3.4.14 A comprehensive (SI) units package
\l__siunitx_number_uncert_offset_int=\count345
\l__siunitx_number_exponent_fixed_int=\count346
\l__siunitx_number_min_decimal_int=\count347
\l__siunitx_number_min_integer_int=\count348
\l__siunitx_number_round_precision_int=\count349
\l__siunitx_number_lower_threshold_int=\count350
\l__siunitx_number_upper_threshold_int=\count351
\l__siunitx_number_group_first_int=\count352
\l__siunitx_number_group_size_int=\count353
\l__siunitx_number_group_minimum_int=\count354
\l__siunitx_angle_tmp_dim=\dimen283
\l__siunitx_angle_marker_box=\box111
\l__siunitx_angle_unit_box=\box112
\l__siunitx_compound_count_int=\count355
(c:/texlive/2026/texmf-dist/tex/latex/translations/translations.sty
Package: translations 2022/02/05 v1.12 internationalization of LaTeX2e packages
 (CN)
(c:/texlive/2026/texmf-dist/tex/latex/etoolbox/etoolbox.sty
Package: etoolbox 2025/10/02 v2.5m e-TeX tools for LaTeX (JAW)
\etb@tempcnta=\count356
) (c:/texlive/2026/texmf-dist/tex/generic/pdftexcmds/pdftexcmds.sty
Package: pdftexcmds 2020-06-27 v0.33 Utility functions of pdfTeX for LuaTeX (HO
)
(c:/texlive/2026/texmf-dist/tex/generic/infwarerr/infwarerr.sty
Package: infwarerr 2019/12/03 v1.5 Providing info/warning/error messages (HO)
) (c:/texlive/2026/texmf-dist/tex/generic/iftex/iftex.sty
Package: iftex 2024/12/12 v1.0g TeX engine tests
) (c:/texlive/2026/texmf-dist/tex/generic/ltxcmds/ltxcmds.sty
Package: ltxcmds 2023-12-04 v1.26 LaTeX kernel commands for general use (HO)
)
Package pdftexcmds Info: \pdf@primitive is available.
Package pdftexcmds Info: \pdf@ifprimitive is available.
Package pdftexcmds Info: \pdfdraftmode found.
)) (c:/texlive/2026/texmf-dist/tex/latex/amsmath/amstext.sty
Package: amstext 2024/11/17 v2.01 AMS text
(c:/texlive/2026/texmf-dist/tex/latex/amsmath/amsgen.sty
File: amsgen.sty 1999/11/30 v2.0 generic functions
\@emptytoks=\toks40
\ex@=\dimen284
))
\l__siunitx_table_tmp_box=\box113
\l__siunitx_table_tmp_dim=\dimen285
\l__siunitx_table_column_width_dim=\dimen286
\l__siunitx_table_integer_box=\box114
\l__siunitx_table_decimal_box=\box115
\l__siunitx_table_uncert_box=\box116
\l__siunitx_table_before_box=\box117
\l__siunitx_table_after_box=\box118
\l__siunitx_table_before_dim=\dimen287
\l__siunitx_table_carry_dim=\dimen288
\l__siunitx_unit_tmp_int=\count357
\l__siunitx_unit_position_int=\count358
\l__siunitx_unit_total_int=\count359
(c:/texlive/2026/texmf-dist/tex/latex/tools/array.sty
Package: array 2025/09/25 v2.6n Tabular extension package (FMi)
\col@sep=\dimen289
\ar@mcellbox=\box119
\extrarowheight=\dimen290
\NC@list=\toks41
\extratabsurround=\skip55
\backup@length=\skip56
\ar@cellbox=\box120
))
(c:/texlive/2026/texmf-dist/tex/generic/pgf/frontendlayer/tikz/libraries/tikzli
brarybabel.code.tex
File: tikzlibrarybabel.code.tex 2025-08-29 v3.1.11a (3.1.11a)
)
\pflglobalwidth=\skip57
\pflglobalheight=\skip58
\pflthickgrad=\skip59
) (c:/texlive/2026/texmf-dist/tex/generic/alphalph/alphalph.sty
Package: alphalph 2019/12/09 v2.6 Convert numbers to letters (HO)
(c:/texlive/2026/texmf-dist/tex/generic/intcalc/intcalc.sty
Package: intcalc 2019/12/15 v1.3 Expandable calculations with integers (HO)
)) (c:/texlive/2026/texmf-dist/tex/latex/amsmath/amsmath.sty
Package: amsmath 2025/07/09 v2.17z AMS math features
\@mathmargin=\skip60
For additional information on amsmath, use the `?' option.
(c:/texlive/2026/texmf-dist/tex/latex/amsmath/amsbsy.sty
Package: amsbsy 1999/11/29 v1.2d Bold Symbols
\pmbraise@=\dimen291
) (c:/texlive/2026/texmf-dist/tex/latex/amsmath/amsopn.sty
Package: amsopn 2022/04/08 v2.04 operator names
)
\inf@bad=\count360
LaTeX Info: Redefining \frac on input line 233.
\uproot@=\count361
\leftroot@=\count362
LaTeX Info: Redefining \overline on input line 398.
LaTeX Info: Redefining \colon on input line 409.
\classnum@=\count363
\DOTSCASE@=\count364
LaTeX Info: Redefining \ldots on input line 495.
LaTeX Info: Redefining \dots on input line 498.
LaTeX Info: Redefining \cdots on input line 619.
\Mathstrutbox@=\box121
\strutbox@=\box122
LaTeX Info: Redefining \big on input line 721.
LaTeX Info: Redefining \Big on input line 722.
LaTeX Info: Redefining \bigg on input line 723.
LaTeX Info: Redefining \Bigg on input line 724.
\big@size=\dimen292
LaTeX Font Info:    Redeclaring font encoding OML on input line 742.
LaTeX Font Info:    Redeclaring font encoding OMS on input line 743.
\macc@depth=\count365
LaTeX Info: Redefining \bmod on input line 904.
LaTeX Info: Redefining \pmod on input line 909.
LaTeX Info: Redefining \smash on input line 939.
LaTeX Info: Redefining \relbar on input line 969.
LaTeX Info: Redefining \Relbar on input line 970.
\c@MaxMatrixCols=\count366
\dotsspace@=\muskip17
\c@parentequation=\count367
\dspbrk@lvl=\count368
\tag@help=\toks42
\row@=\count369
\column@=\count370
\maxfields@=\count371
\andhelp@=\toks43
\eqnshift@=\dimen293
\alignsep@=\dimen294
\tagshift@=\dimen295
\tagwidth@=\dimen296
\totwidth@=\dimen297
\lineht@=\dimen298
\@envbody=\toks44
\multlinegap=\skip61
\multlinetaggap=\skip62
\mathdisplay@stack=\toks45
LaTeX Info: Redefining \[ on input line 2950.
LaTeX Info: Redefining \] on input line 2951.
) (c:/texlive/2026/texmf-dist/tex/latex/enumitem/enumitem.sty
Package: enumitem 2025/02/06 v3.11 Customized lists
\labelindent=\skip63
\enit@outerparindent=\dimen299
\enit@toks=\toks46
\enit@inbox=\box123
\enit@count@id=\count372
\enitdp@description=\count373
) (c:/texlive/2026/texmf-dist/tex/latex/fancyvrb/fancyvrb.sty
Package: fancyvrb 2025/07/28 4.6 verbatim text (tvz,hv)
\FV@CodeLineNo=\count374
\FV@InFile=\read3
\FV@TabBox=\box124
\c@FancyVerbLine=\count375
\FV@StepNumber=\count376
\FV@OutFile=\write4
) (c:/texlive/2026/texmf-dist/tex/latex/fancyhdr/fancyhdr.sty
Package: fancyhdr 2025/02/07 v5.2 Extensive control of page headers and footers

\f@nch@headwidth=\skip64
\f@nch@offset@elh=\skip65
\f@nch@offset@erh=\skip66
\f@nch@offset@olh=\skip67
\f@nch@offset@orh=\skip68
\f@nch@offset@elf=\skip69
\f@nch@offset@erf=\skip70
\f@nch@offset@olf=\skip71
\f@nch@offset@orf=\skip72
\f@nch@height=\skip73
\f@nch@footalignment=\skip74
\f@nch@widthL=\skip75
\f@nch@widthC=\skip76
\f@nch@widthR=\skip77
) (c:/texlive/2026/texmf-dist/tex/latex/hyperref/hyperref.sty
Package: hyperref 2026-01-29 v7.01p Hypertext links for LaTeX
(c:/texlive/2026/texmf-dist/tex/latex/kvsetkeys/kvsetkeys.sty
Package: kvsetkeys 2022-10-05 v1.19 Key value parser (HO)
) (c:/texlive/2026/texmf-dist/tex/generic/kvdefinekeys/kvdefinekeys.sty
Package: kvdefinekeys 2019-12-19 v1.6 Define keys (HO)
) (c:/texlive/2026/texmf-dist/tex/generic/pdfescape/pdfescape.sty
Package: pdfescape 2019/12/09 v1.15 Implements pdfTeX's escape features (HO)
) (c:/texlive/2026/texmf-dist/tex/latex/hycolor/hycolor.sty
Package: hycolor 2020-01-27 v1.10 Color options for hyperref/bookmark (HO)
) (c:/texlive/2026/texmf-dist/tex/latex/hyperref/nameref.sty
Package: nameref 2026-01-29 v2.58 Cross-referencing by name of section
(c:/texlive/2026/texmf-dist/tex/latex/refcount/refcount.sty
Package: refcount 2019/12/15 v3.6 Data extraction from label references (HO)
) (c:/texlive/2026/texmf-dist/tex/generic/gettitlestring/gettitlestring.sty
Package: gettitlestring 2019/12/15 v1.6 Cleanup title references (HO)
(c:/texlive/2026/texmf-dist/tex/latex/kvoptions/kvoptions.sty
Package: kvoptions 2022-06-15 v3.15 Key value format for package options (HO)
))
\c@section@level=\count377
) (c:/texlive/2026/texmf-dist/tex/generic/stringenc/stringenc.sty
Package: stringenc 2019/11/29 v1.12 Convert strings between diff. encodings (HO
)
)
\@linkdim=\dimen300
\Hy@linkcounter=\count378
\Hy@pagecounter=\count379
(c:/texlive/2026/texmf-dist/tex/latex/hyperref/pd1enc.def
File: pd1enc.def 2026-01-29 v7.01p Hyperref: PDFDocEncoding definition (HO)
Now handling font encoding PD1 ...
... no UTF-8 mapping file for font encoding PD1
)
\Hy@SavedSpaceFactor=\count380
(c:/texlive/2026/texmf-dist/tex/latex/hyperref/puenc.def
File: puenc.def 2026-01-29 v7.01p Hyperref: PDF Unicode definition (HO)
Now handling font encoding PU ...
... no UTF-8 mapping file for font encoding PU
)
Package hyperref Info: Hyper figures OFF on input line 4201.
Package hyperref Info: Link nesting OFF on input line 4206.
Package hyperref Info: Hyper index ON on input line 4209.
Package hyperref Info: Plain pages OFF on input line 4216.
Package hyperref Info: Backreferencing OFF on input line 4221.
Package hyperref Info: Implicit mode ON; LaTeX internals redefined.
Package hyperref Info: Bookmarks ON on input line 4468.
\c@Hy@tempcnt=\count381
(c:/texlive/2026/texmf-dist/tex/latex/url/url.sty
\Urlmuskip=\muskip18
Package: url 2013/09/16  ver 3.4  Verb mode for urls, etc.
)
LaTeX Info: Redefining \url on input line 4807.
\XeTeXLinkMargin=\dimen301
(c:/texlive/2026/texmf-dist/tex/generic/bitset/bitset.sty
Package: bitset 2019/12/09 v1.3 Handle bit-vector datatype (HO)
(c:/texlive/2026/texmf-dist/tex/generic/bigintcalc/bigintcalc.sty
Package: bigintcalc 2019/12/15 v1.5 Expandable calculations on big integers (HO
)
))
\Fld@menulength=\count382
\Field@Width=\dimen302
\Fld@charsize=\dimen303
Package hyperref Info: Hyper figures OFF on input line 6084.
Package hyperref Info: Link nesting OFF on input line 6089.
Package hyperref Info: Hyper index ON on input line 6092.
Package hyperref Info: backreferencing OFF on input line 6099.
Package hyperref Info: Link coloring OFF on input line 6104.
Package hyperref Info: Link coloring with OCG OFF on input line 6109.
Package hyperref Info: PDF/A mode OFF on input line 6114.
\Hy@abspage=\count383
\c@Item=\count384
\c@Hfootnote=\count385
)
Package hyperref Info: Driver (autodetected): hpdftex.
(c:/texlive/2026/texmf-dist/tex/latex/hyperref/hpdftex.def
File: hpdftex.def 2026-01-29 v7.01p Hyperref driver for pdfTeX
\Fld@listcount=\count386
\c@bookmark@seq@number=\count387
(c:/texlive/2026/texmf-dist/tex/latex/rerunfilecheck/rerunfilecheck.sty
Package: rerunfilecheck 2025-06-21 v1.11 Rerun checks for auxiliary files (HO)
(c:/texlive/2026/texmf-dist/tex/generic/uniquecounter/uniquecounter.sty
Package: uniquecounter 2019/12/15 v1.4 Provide unlimited unique counter (HO)
)
Package uniquecounter Info: New unique counter `rerunfilecheck' on input line 2
84.
)
\Hy@SectionHShift=\skip78
) (c:/texlive/2026/texmf-dist/tex/latex/units/nicefrac.sty
Package: nicefrac 1998/08/04 v0.9b Nice fractions
\L@UnitsRaiseDisplaystyle=\skip79
\L@UnitsRaiseTextstyle=\skip80
\L@UnitsRaiseScriptstyle=\skip81
) (c:/texlive/2026/texmf-dist/tex/latex/fontawesome5/fontawesome5.sty (c:/texli
ve/2026/texmf-dist/tex/latex/l3kernel/expl3.sty
Package: expl3 2026-01-19 L3 programming layer (loader) 
(c:/texlive/2026/texmf-dist/tex/latex/l3backend/l3backend-pdftex.def
File: l3backend-pdftex.def 2025-10-09 L3 backend support: PDF output (pdfTeX)
\l__color_backend_stack_int=\count388
))
Package: fontawesome5 2022/05/02 v5.15.4 Font Awesome 5
(c:/texlive/2026/texmf-dist/tex/latex/l3packages/l3keys2e/l3keys2e.sty
Package: l3keys2e 2025-10-09 LaTeX2e option processing using LaTeX3 keys
) (c:/texlive/2026/texmf-dist/tex/latex/l3packages/xparse/xparse.sty
Package: xparse 2025-10-09 L3 Experimental document command parser
)
(c:/texlive/2026/texmf-dist/tex/latex/fontawesome5/fontawesome5-generic-helper.
sty
Package: fontawesome5-generic-helper 2022/05/02 v5.15.4 non-uTeX helper for fon
tawesome5
(c:/texlive/2026/texmf-dist/tex/latex/fontawesome5/fontawesome5-mapping.def))) 
(c:/texlive/2026/texmf-dist/tex/latex/tcolorbox/tcolorbox.sty
Package: tcolorbox 2025/11/28 version 6.9.0 text color boxes
(c:/texlive/2026/texmf-dist/tex/latex/tools/verbatim.sty
Package: verbatim 2024-01-22 v1.5x LaTeX2e package for verbatim enhancements
\every@verbatim=\toks47
\verbatim@line=\toks48
\verbatim@in@stream=\read4
) (c:/texlive/2026/texmf-dist/tex/latex/environ/environ.sty
Package: environ 2014/05/04 v0.3 A new way to define environments
(c:/texlive/2026/texmf-dist/tex/latex/trimspaces/trimspaces.sty
Package: trimspaces 2009/09/17 v1.1 Trim spaces around a token list
))
\tcb@titlebox=\box125
\tcb@upperbox=\box126
\tcb@lowerbox=\box127
\tcb@phantombox=\box128
\c@tcbbreakpart=\count389
\c@tcblayer=\count390
\c@tcolorbox@number=\count391
\l__tcobox_tmpa_box=\box129
\l__tcobox_tmpa_dim=\dimen304
\tcb@temp=\box130
\tcb@temp=\box131
\tcb@temp=\box132
\tcb@temp=\box133
) (c:/texlive/2026/texmf-dist/tex/latex/minted/minted2.sty
Package: minted2 2024/05/09 v2.9 Yet another Pygments shim for LaTeX
(c:/texlive/2026/texmf-dist/tex/latex/fvextra/fvextra.sty
Package: fvextra 2025/05/29 v1.13.2 fvextra - extensions and patches for fancyv
rb
(c:/texlive/2026/texmf-dist/tex/latex/upquote/upquote.sty
Package: upquote 2012/04/19 v1.3 upright-quote and grave-accent glyphs in verba
tim
(c:/texlive/2026/texmf-dist/tex/latex/base/textcomp.sty
Package: textcomp 2024/04/24 v2.1b Standard LaTeX package
)) (c:/texlive/2026/texmf-dist/tex/latex/lineno/lineno.sty
Package: lineno 2026/02/16 line numbers on paragraphs v5.7
\linenopenalty=\count392
\output=\toks49
\linenoprevgraf=\count393
\linenumbersep=\dimen305
\linenumberwidth=\dimen306
\c@linenumber=\count394
\c@pagewiselinenumber=\count395
\c@LN@truepage=\count396
\c@internallinenumber=\count397
\c@internallinenumbers=\count398
\quotelinenumbersep=\dimen307
\bframerule=\dimen308
\bframesep=\dimen309
\bframebox=\box134
\@LN@amsmath@ams@eqpen=\count399
)
\c@FancyVerbWriteLine=\count400
\c@FancyVerbBufferLine=\count401
\c@FV@TrueTabGroupLevel=\count402
\c@FV@TrueTabCounter=\count403
\FV@TabBox@Group=\box135
\FV@bgcolorstructbox=\box136
\FV@TmpLength=\skip82
\c@FV@HighlightLinesStart=\count404
\c@FV@HighlightLinesStop=\count405
\FV@LoopCount=\count406
\FV@NCharsBox=\box137
\FV@BreakIndent=\dimen310
\FV@BreakIndentNChars=\count407
\FV@BreakSymbolSepLeft=\dimen311
\FV@BreakSymbolSepLeftNChars=\count408
\FV@BreakSymbolSepRight=\dimen312
\FV@BreakSymbolSepRightNChars=\count409
\FV@BreakSymbolIndentLeft=\dimen313
\FV@BreakSymbolIndentLeftNChars=\count410
\FV@BreakSymbolIndentRight=\dimen314
\FV@BreakSymbolIndentRightNChars=\count411
\c@FancyVerbLineBreakLast=\count412
\FV@LineBox=\box138
\FV@LineIndentBox=\box139
\c@FV@BreakBufferDepth=\count413
\FV@LineWidth=\dimen315
) (c:/texlive/2026/texmf-dist/tex/latex/tools/shellesc.sty
Package: shellesc 2023/07/08 v1.0d unified shell escape interface for LaTeX
Package shellesc Info: Unrestricted shell escape enabled on input line 75.
) (c:/texlive/2026/texmf-dist/tex/latex/ifplatform/ifplatform.sty
Package: ifplatform 2017/10/13 v0.4a Testing for the operating system
(c:/texlive/2026/texmf-dist/tex/generic/catchfile/catchfile.sty
Package: catchfile 2019/12/09 v1.8 Catch the contents of a file (HO)
(c:/texlive/2026/texmf-dist/tex/generic/etexcmds/etexcmds.sty
Package: etexcmds 2019/12/15 v1.7 Avoid name clashes with e-TeX commands (HO)
)) (c:/texlive/2026/texmf-dist/tex/generic/iftex/ifluatex.sty
Package: ifluatex 2019/10/25 v1.5 ifluatex legacy package. Use iftex instead.
)) (c:/texlive/2026/texmf-dist/tex/latex/framed/framed.sty
Package: framed 2011/10/22 v 0.96: framed or shaded text with page breaks
\OuterFrameSep=\skip83
\fb@frw=\dimen316
\fb@frh=\dimen317
\FrameRule=\dimen318
\FrameSep=\dimen319
) (c:/texlive/2026/texmf-dist/tex/latex/float/float.sty
Package: float 2001/11/08 v1.3d Float enhancements (AL)
\c@float@type=\count414
\float@exts=\toks50
\float@box=\box140
\@float@everytoks=\toks51
\@floatcapt=\box141
)
\minted@appexistsfile=\read5
\minted@bgbox=\box142
\minted@code=\write5
\c@minted@FancyVerbLineTemp=\count415
\c@minted@pygmentizecounter=\count416
\@float@every@listing=\toks52
\c@listing=\count417
)
runsystem(if not exist _minted-tkz-grapheur-doc-fr mkdir _minted-tkz-grapheur-d
oc-fr)...executed.

(c:/texlive/2026/texmf-dist/tex/latex/tcolorbox/tcbskins.code.tex
Library (tcolorbox): 'tcbskins.code.tex' version '6.9.0'
(c:/texlive/2026/texmf-dist/tex/latex/tikzfill/tikzfill.image.sty
Package: tikzfill.image 2023/08/08 v1.0.1 Image filling library for TikZ
(c:/texlive/2026/texmf-dist/tex/latex/tikzfill/tikzfill-common.sty
Package: tikzfill-common 2023/08/08 v1.0.1 Auxiliary code for tikzfill
) (c:/texlive/2026/texmf-dist/tex/latex/tikzfill/tikzlibraryfill.image.code.tex
File: tikzlibraryfill.image.code.tex 2023/08/08 v1.0.1 Image filling library
\l__tikzfill_img_box=\box143
)) (c:/texlive/2026/texmf-dist/tex/latex/tcolorbox/tcbskinsjigsaw.code.tex
Library (tcolorbox): 'tcbskinsjigsaw.code.tex' version '6.9.0'
)) (c:/texlive/2026/texmf-dist/tex/latex/tcolorbox/tcbminted.code.tex
Library (tcolorbox): 'tcbminted.code.tex' version '6.9.0'
(c:/texlive/2026/texmf-dist/tex/latex/tcolorbox/tcblistingscore.code.tex
Library (tcolorbox): 'tcblistingscore.code.tex' version '6.9.0'
(c:/texlive/2026/texmf-dist/tex/latex/tcolorbox/tcbprocessing.code.tex
Library (tcolorbox): 'tcbprocessing.code.tex' version '6.9.0'
)
\c@tcblisting=\count418
)) (c:/texlive/2026/texmf-dist/tex/generic/hologo/hologo.sty
Package: hologo 2025-11-11 v1.16 A logo collection with bookmark support (HO)
) (c:/texlive/2026/texmf-dist/tex/latex/geometry/geometry.sty
Package: geometry 2020/01/02 v5.9 Page Geometry
(c:/texlive/2026/texmf-dist/tex/generic/iftex/ifvtex.sty
Package: ifvtex 2019/10/25 v1.7 ifvtex legacy package. Use iftex instead.
)
\Gm@cnth=\count419
\Gm@cntv=\count420
\c@Gm@tempcnt=\count421
\Gm@bindingoffset=\dimen320
\Gm@wd@mp=\dimen321
\Gm@odd@mp=\dimen322
\Gm@even@mp=\dimen323
\Gm@layoutwidth=\dimen324
\Gm@layoutheight=\dimen325
\Gm@layouthoffset=\dimen326
\Gm@layoutvoffset=\dimen327
\Gm@dimlist=\toks53
) (c:/texlive/2026/texmf-dist/tex/generic/soul/soul.sty
Package: soul 2023-06-14 v3.1 Permit use of UTF-8 characters in soul (HO)
(c:/texlive/2026/texmf-dist/tex/generic/soul/soul-ori.sty
Package: soul-ori 2023-06-14 v3.1 letterspacing/underlining (mf)
\SOUL@word=\toks54
\SOUL@lasttoken=\toks55
\SOUL@syllable=\toks56
\SOUL@cmds=\toks57
\SOUL@buffer=\toks58
\SOUL@token=\toks59
\SOUL@syllgoal=\dimen328
\SOUL@syllwidth=\dimen329
\SOUL@charkern=\dimen330
\SOUL@hyphkern=\dimen331
\SOUL@dimen=\dimen332
\SOUL@dimeni=\dimen333
\SOUL@minus=\count422
\SOUL@comma=\count423
\SOUL@apo=\count424
\SOUL@grave=\count425
\SOUL@spaceskip=\skip84
\SOUL@ttwidth=\dimen334
\SOUL@uldp=\dimen335
\SOUL@ulht=\dimen336
)) (c:/texlive/2026/texmf-dist/tex/latex/codehigh/codehigh.sty
Package: codehigh 2025-02-21 v2025C Highlight codes and demos with l3regex and 
lpeg
(c:/texlive/2026/texmf-dist/tex/latex/ninecolors/ninecolors.sty
Package: ninecolors 2022-02-13 v2022D Select colors with proper color contrast
) (c:/texlive/2026/texmf-dist/tex/latex/varwidth/varwidth.sty
Package: varwidth 2009/03/30 ver 0.92;  Variable-width minipages
\@vwid@box=\box144
\sift@deathcycles=\count426
\@vwid@loff=\dimen337
\@vwid@roff=\dimen338
)
==> First Aid for varwidth.sty applied!
\l__cdhh_a_int=\count427
\l__cdhh_b_int=\count428
\l__cdhh_main_boxsep_dim=\dimen339
\g__cdhh_code_box=\box145
\g__cdhh_demo_box=\box146
\l__cdhh_latex_rule_count_int=\count429
\l__cdhh_latex/math_rule_count_int=\count430
\l__cdhh_latex/table_rule_count_int=\count431
\l__cdhh_latex/latex2_rule_count_int=\count432
\l__cdhh_latex/latex3_rule_count_int=\count433
\l__cdhh_item_count_int=\count434
) (c:/texlive/2026/texmf-dist/tex/latex/tabularray/tabularray.sty
Package: tabularray 2025-11-27 v2025C Typeset tabulars and arrays with LaTeX3
\g__tblr_nohyper_int=\count435
\l__tblr_a_int=\count436
\l__tblr_c_int=\count437
\l__tblr_r_int=\count438
\l__tblr_d_dim=\dimen340
\l__tblr_h_dim=\dimen341
\l__tblr_o_dim=\dimen342
\l__tblr_p_dim=\dimen343
\l__tblr_q_dim=\dimen344
\l__tblr_r_dim=\dimen345
\l__tblr_s_dim=\dimen346
\l__tblr_t_dim=\dimen347
\l__tblr_v_dim=\dimen348
\l__tblr_w_dim=\dimen349
\l__tblr_a_box=\box147
\l__tblr_b_box=\box148
\l__tblr_c_box=\box149
\l__tblr_d_box=\box150
\c@tblrcount=\count439
\c@rownum=\count440
\c@colnum=\count441
\c@rowcount=\count442
\c@colcount=\count443
\abovesep=\dimen350
\belowsep=\dimen351
\leftsep=\dimen352
\rightsep=\dimen353
\gTblrLevelInt=\count444
\g__tblr_data_row_key_count_int=\count445
\g__tblr_data_column_key_count_int=\count446
\g__tblr_data_cell_key_count_int=\count447
\g__tblr_array_int=\count448
\l__tblr_key_count_int=\count449
\l__tblr_key_quotient_int=\count450
\l__tblr_key_quotient_two_int=\count451
\l__tblr_key_remainder_int=\count452
\g__tblr_data_str_value_count_int=\count453
\lTblrChildTotalInt=\count454
\lTblrChildHtotalInt=\count455
\lTblrChildVtotalInt=\count456
\l__child_diff_h_int=\count457
\l__child_diff_v_int=\count458
\l__child_sign_h_int=\count459
\l__child_sign_v_int=\count460
\l__child_step_int=\count461
\lTblrDefaultHruleWidthDim=\dimen354
\lTblrDefaultVruleWidthDim=\dimen355
\l__tblr_split_balance_int=\count462
\l__tblr_strut_dp_dim=\dimen356
\l__tblr_strut_ht_dim=\dimen357
\g__tblr_cell_wd_dim=\dimen358
\g__tblr_cell_ht_dim=\dimen359
\g__tblr_cell_head_dim=\dimen360
\g__tblr_cell_foot_dim=\dimen361
\l__tblr_measured_cell_box=\box151
\g__tblr_last_box=\box152
\l__tblr_temp_box=\box153
\l__tblr_column_target_dim=\dimen362
\l__tblr_hfuzz_dim=\dimen363
\l__tblr_caption_box=\box154
\l__tblr_caption_left_box=\box155
\lTblrRowHeadInt=\count463
\lTblrRowFootInt=\count464
\l__tblr_row_head_box=\box156
\l__tblr_row_foot_box=\box157
\l__tblr_row_head_foot_dim=\dimen364
\lTblrTableWidthDim=\dimen365
\l__tblr_table_firsthead_box=\box158
\l__tblr_table_middlehead_box=\box159
\l__tblr_table_lasthead_box=\box160
\l__tblr_table_firstfoot_box=\box161
\l__tblr_table_middlefoot_box=\box162
\l__tblr_table_lastfoot_box=\box163
\l__tblr_remain_height_dim=\dimen366
\l__tblr_next_rows_dim=\dimen367
\l__tblr_page_overfill_dim=\dimen368
\l__tblr_long_from_int=\count465
\l__tblr_long_to_int=\count466
\l__tblr_curr_i_int=\count467
\l__tblr_prev_i_int=\count468
\lTblrTablePageInt=\count469
\l__tblr_table_head_box=\box164
\l__tblr_table_foot_box=\box165
\l__tblr_table_head_foot_dim=\dimen369
\l__tblr_table_head_body_foot_dim=\dimen370
\l__tblr_table_box=\box166
\lTblrRowFirstInt=\count470
\lTblrRowLastInt=\count471
\l__tblr_cover_box_a_dim=\dimen371
\l__tblr_cover_box_b_dim=\dimen372
\l__tblr_table_hlines_box=\box167
\l__tblr_hline_box=\box168
\l__tblr_row_box=\box169
\l__tblr_col_o_wd_dim=\dimen373
\l__tblr_col_b_wd_dim=\dimen374
\l__tblr_hline_leftskip_dim=\dimen375
\l__tblr_hline_rightskip_dim=\dimen376
\l__tblr_row_ht_dim=\dimen377
\l__tblr_row_dp_dim=\dimen378
\l__tblr_row_abovesep_dim=\dimen379
\l__tblr_row_belowsep_dim=\dimen380
\l__tblr_row_vlines_box=\box170
\l__tblr_vline_box=\box171
\l__tblr_cell_box=\box172
\l__tblr_row_upper_dim=\dimen381
\l__tblr_row_lower_dim=\dimen382
\l__tblr_row_vpace_dim=\dimen383
\l__tblr_vline_aboveskip_dim=\dimen384
\l__tblr_vline_belowskip_dim=\dimen385
\lTblrCellRowSpanInt=\count472
\lTblrCellColSpanInt=\count473
\l__tblr_cell_wd_dim=\dimen386
\l__tblr_cell_ht_dim=\dimen387
\lTblrCellAboveBorderWidthDim=\dimen388
\lTblrCellBelowBorderWidthDim=\dimen389
\lTblrCellLeftBorderWidthDim=\dimen390
\lTblrCellRightBorderWidthDim=\dimen391
\l__tblr_diag_box=\box173
\l__tblr_cell_inner_wd_dim=\dimen392
\l__tblr_cell_inner_dp_dim=\dimen393
\l__tblr_cell_hanchor_dim=\dimen394
\l__tblr_last_cell_table_ht_dim=\dimen395
\l__tblr_last_cell_table_dp_dim=\dimen396
\l__tblr_last_vline_wd_dim=\dimen397
\l__tblr_tikz_node_box=\box174
) (c:/texlive/2026/texmf-dist/tex/generic/babel/babel.sty
Package: babel 2026/02/14 v26.3 The multilingual framework for LuaLaTeX, pdfLaT
eX and XeLaTeX
\babel@savecnt=\count474
LaTeX Encoding Info:    Redeclaring text command \ij (encoding OT1) on input li
ne 2078.
LaTeX Encoding Info:    Redeclaring text command \IJ (encoding OT1) on input li
ne 2080.
LaTeX Encoding Info:    Redeclaring text command \ij (encoding T1) on input lin
e 2082.
LaTeX Encoding Info:    Redeclaring text command \IJ (encoding T1) on input lin
e 2083.
LaTeX Encoding Info:    Ignoring declaration for text command \ij (encoding ?) 
on input line 2084.
LaTeX Encoding Info:    Ignoring declaration for text command \IJ (encoding ?) 
on input line 2086.
LaTeX Encoding Info:    Ignoring declaration for text command \SS (encoding ?) 
on input line 2111.
\U@D=\dimen398
\l@unhyphenated=\language91
(c:/texlive/2026/texmf-dist/tex/generic/babel/txtbabel.def)
\bbl@readstream=\read6
\bbl@dirlevel=\count475
(c:/texlive/2026/texmf-dist/tex/generic/babel/locale/fr/babel-french.tex)
Package babel Info: Importing font and identification data for french
(babel)             from babel-fr.ini. Reported on input line 4330.
(c:/texlive/2026/texmf-dist/tex/generic/babel-french/french.ldf
Language: french 2025-08-15 v4.0e French support from the babel system
(c:/texlive/2026/texmf-dist/tex/generic/babel-french/french3.ldf
Language: french 2025-08-15 v3.7e French support from the babel system
\FB@stdchar=\count476
Package babel Info: Making : an active character on input line 273.
Package babel Info: Making ; an active character on input line 274.
Package babel Info: Making ! an active character on input line 275.
Package babel Info: Making ? an active character on input line 276.
\FBguill@level=\count477
\FBold@everypar=\toks60
\FB@Mht=\dimen399
\mc@charclass=\count478
\mc@charfam=\count479
\mc@charslot=\count480
\std@mcc=\count481
\dec@mcc=\count482
\FB@pardim=\dimen400
\listindentFB=\dimen401
\descindentFB=\dimen402
\labelindentFB=\dimen403
\labelwidthFB=\dimen404
\leftmarginFB=\dimen405
\parindentFFN=\dimen406
\FBfnindent=\dimen407
))) (c:/texlive/2026/texmf-dist/tex/latex/carlisle/scalefnt.sty)
Package french3.ldf Info: Setting StandardItemizeEnv=true for
(french3.ldf)             compatibility with enumitem package,
(french3.ldf)             reported on input line 51.
Package french3.ldf Info: Setting StandardEnumerateEnv=true for
(french3.ldf)             compatibility with enumitem package,
(french3.ldf)             reported on input line 51.
(c:/texlive/2026/texmf-dist/tex/latex/hypdoc/hypdoc.sty
Package: hypdoc 2023-10-26 v1.19 Hyper extensions for doc.sty (HO)
(c:/texlive/2026/texmf-dist/tex/latex/base/atveryend-ltx.sty
Package: atveryend-ltx 2020/08/19 v1.0a Emulation of the original atveryend pac
kage
with kernel methods
)

Package hypdoc Warning: hyperref has been loaded before with option 'hyperindex
' enabled.
(hypdoc)                The index will not work properly. on input line 65.

Package hypdoc Info: hyperref has been loaded before with option 'pdfusetitle' 
disabled. on input line 65.
Package hyperref Info: Option `colorlinks' set `true' on input line 75.
Package hyperref Info: Option `plainpages' set `false' on input line 75.
Package hyperref Info: Option `bookmarksopen' set `true' on input line 75.
Package hyperref Info: Option `bookmarksnumbered' set `true' on input line 75.
\c@HD@unique=\count483
\c@HD@hypercount=\count484
\HD@helplength=\skip85
)
runsystem(for ^%i in (pygmentize.exe pygmentize.bat pygmentize.cmd) do set > tk
z-grapheur-doc-fr.aex <nul: /p x=^%~$PATH:i>> tkz-grapheur-doc-fr.aex)...execut
ed.

runsystem(del tkz-grapheur-doc-fr.aex)...executed.

(./tkz-grapheur-doc-fr.aux
Package babel Info: 'french' activates 'french' shorthands.
(babel)             Reported on input line 11.
)
\openout1 = `tkz-grapheur-doc-fr.aux'.

LaTeX Font Info:    Checking defaults for OML/cmm/m/it on input line 51.
LaTeX Font Info:    ... okay on input line 51.
LaTeX Font Info:    Checking defaults for OMS/cmsy/m/n on input line 51.
LaTeX Font Info:    ... okay on input line 51.
LaTeX Font Info:    Checking defaults for OT1/cmr/m/n on input line 51.
LaTeX Font Info:    ... okay on input line 51.
LaTeX Font Info:    Checking defaults for T1/cmr/m/n on input line 51.
LaTeX Font Info:    ... okay on input line 51.
LaTeX Font Info:    Checking defaults for TS1/cmr/m/n on input line 51.
LaTeX Font Info:    ... okay on input line 51.
LaTeX Font Info:    Checking defaults for OMX/cmex/m/n on input line 51.
LaTeX Font Info:    ... okay on input line 51.
LaTeX Font Info:    Checking defaults for U/cmr/m/n on input line 51.
LaTeX Font Info:    ... okay on input line 51.
LaTeX Font Info:    Checking defaults for PD1/pdf/m/n on input line 51.
LaTeX Font Info:    ... okay on input line 51.
LaTeX Font Info:    Checking defaults for PU/pdf/m/n on input line 51.
LaTeX Font Info:    ... okay on input line 51.
Package doc Info: Made | a short reference for \verb on input line 51.
(c:/texlive/2026/texmf-dist/tex/context/base/mkii/supp-pdf.mkii
[Loading MPS to PDF converter (version 2006.09.02).]
\scratchcounter=\count485
\scratchdimen=\dimen408
\scratchbox=\box175
\nofMPsegments=\count486
\nofMParguments=\count487
\everyMPshowfont=\toks61
\MPscratchCnt=\count488
\MPscratchDim=\dimen409
\MPnumerator=\count489
\makeMPintoPDFobject=\count490
\everyMPtoPDFconversion=\toks62
) (c:/texlive/2026/texmf-dist/tex/latex/epstopdf-pkg/epstopdf-base.sty
Package: epstopdf-base 2020-01-24 v2.11 Base part for package epstopdf
Package epstopdf-base Info: Redefining graphics rule for `.eps' on input line 4
85.
(c:/texlive/2026/texmf-dist/tex/latex/latexconfig/epstopdf-sys.cfg
File: epstopdf-sys.cfg 2010/07/13 v1.3 Configuration of (r)epstopdf for TeX Liv
e
))
Package pgfplots notification 'compat/show suggested version=true': document ha
s been generated with the most recent feature set (\pgfplotsset{compat=1.18}).


(c:/texlive/2026/texmf-dist/tex/latex/translations/translations-basic-dictionar
y-french.trsl
File: translations-basic-dictionary-french.trsl (french translation file `trans
lations-basic-dictionary')
)
Package translations Info: loading dictionary `translations-basic-dictionary' f
or `french'. on input line 51.
Package hyperref Info: Link coloring ON on input line 51.
(./tkz-grapheur-doc-fr.out) (./tkz-grapheur-doc-fr.out)
\@outlinefile=\write6
\openout6 = `tkz-grapheur-doc-fr.out'.

*geometry* driver: auto-detecting
*geometry* detected driver: pdftex
*geometry* verbose mode - [ preamble ] result:
* driver: pdftex
* paper: a4paper
* layout: <same size as paper>
* layoutoffset:(h,v)=(0.0pt,0.0pt)
* modes: 
* h-part:(L,W,R)=(56.9055pt, 483.69687pt, 56.9055pt)
* v-part:(T,H,B)=(56.9055pt, 731.23584pt, 56.9055pt)
* \paperwidth=597.50787pt
* \paperheight=845.04684pt
* \textwidth=483.69687pt
* \textheight=731.23584pt
* \oddsidemargin=-15.36449pt
* \evensidemargin=-15.36449pt
* \topmargin=-52.36449pt
* \headheight=12.0pt
* \headsep=25.0pt
* \topskip=11.0pt
* \footskip=30.0pt
* \marginparwidth=126.0pt
* \marginparsep=5.475pt
* \columnsep=10.0pt
* \skip\footins=10.0pt plus 4.0pt minus 2.0pt
* \hoffset=0.0pt
* \voffset=0.0pt
* \mag=1000
* \@twocolumnfalse
* \@twosidefalse
* \@mparswitchfalse
* \@reversemargintrue
* (1in=72.27pt=25.4mm, 1cm=28.453pt)

LaTeX Info: Redefining \degres on input line 51.
(./tkz-grapheur-doc-fr.hd)
\HD@savedest@out=\write7
\openout7 = `tkz-grapheur-doc-fr.hd'.

LaTeX Font Info:    Trying to load font information for U+msa on input line 61.

(c:/texlive/2026/texmf-dist/tex/latex/amsfonts/umsa.fd
File: umsa.fd 2013/01/14 v3.01 AMS symbols A
)
LaTeX Font Info:    Trying to load font information for U+msb on input line 61.

(c:/texlive/2026/texmf-dist/tex/latex/amsfonts/umsb.fd
File: umsb.fd 2013/01/14 v3.01 AMS symbols B
) [1

{c:/texlive/2026/texmf-var/fonts/map/pdftex/updmap/pdftex.map}{c:/texlive/2026/
texmf-dist/fonts/enc/dvips/cm-super/cm-super-t1.enc}{c:/texlive/2026/texmf-dist
/fonts/enc/dvips/cm-super/cm-super-ts1.enc}] (./tkz-grapheur-doc-fr.toc [2])
\tf@toc=\write8
\openout8 = `tkz-grapheur-doc-fr.toc'.

[3] [4]
\g__tcobox_out_iow=\write9
\openout9 = `tkz-grapheur-doc-fr.listing'.

(./_minted-tkz-grapheur-doc-fr/default.pygstyle)
(./_minted-tkz-grapheur-doc-fr/79A2B66ED46576A037DB917E937325E5ABC55964423910AF
2BA60955FACDFC97.pygtex
LaTeX Font Info:    Font shape `T1/cmtt/bx/n' in size <10> not available
(Font)              Font shape `T1/cmtt/m/n' tried instead on input line 3.
) [5]
\openout9 = `tkz-grapheur-doc-fr.listing'.


(./_minted-tkz-grapheur-doc-fr/D7C17ACC58ADEBD6E64E6F59DF3309C7ABC55964423910AF
2BA60955FACDFC97.pygtex) (./tkz-grapheur-doc-fr.listing) [6]
\openout9 = `tkz-grapheur-doc-fr.listing'.


(./_minted-tkz-grapheur-doc-fr/9A433CEC87A69C038996B75CD8ACECA0ABC55964423910AF
2BA60955FACDFC97.pygtex)
\openout9 = `tkz-grapheur-doc-fr.listing'.


(./_minted-tkz-grapheur-doc-fr/B7B52E19CCF2574CD51249F02E5D37EAABC55964423910AF
2BA60955FACDFC97.pygtex)
\openout9 = `tkz-grapheur-doc-fr.listing'.


(./_minted-tkz-grapheur-doc-fr/E78D02CF4FC38DE18969F0B5ACE0434AABC55964423910AF
2BA60955FACDFC97.pygtex)
\openout9 = `tkz-grapheur-doc-fr.listing'.


(./_minted-tkz-grapheur-doc-fr/D954DE54E2177B1CB3913A7B4D12FF5AABC55964423910AF
2BA60955FACDFC97.pygtex)
\openout9 = `tkz-grapheur-doc-fr.listing'.


(./_minted-tkz-grapheur-doc-fr/90479CC3AB152350BBAC87215A1587C8ABC55964423910AF
2BA60955FACDFC97.pygtex) [7]
\openout9 = `tkz-grapheur-doc-fr.listing'.


(./_minted-tkz-grapheur-doc-fr/3B9F40DA1C00F4748A379E87F8D123DAABC55964423910AF
2BA60955FACDFC97.pygtex)
\openout9 = `tkz-grapheur-doc-fr.listing'.


(./_minted-tkz-grapheur-doc-fr/8E96EBC6C8AAA6FA4475340F1A6A0727ABC55964423910AF
2BA60955FACDFC97.pygtex)
\openout5 = `tkz-grapheur-doc-fr.pyg'.


(./_minted-tkz-grapheur-doc-fr/440CD5237EE3E4690F60A1EFC63A94C7581143835A309D86
0062BBFAAE80CD98.pygtex)
\openout9 = `tkz-grapheur-doc-fr.listing'.


(./_minted-tkz-grapheur-doc-fr/9531FA374913DA92C04A22511C4C380DABC55964423910AF
2BA60955FACDFC97.pygtex)
\openout9 = `tkz-grapheur-doc-fr.listing'.


(./_minted-tkz-grapheur-doc-fr/1CEC5B34B3740E245A210C2F4205C3BDABC55964423910AF
2BA60955FACDFC97.pygtex) (./tkz-grapheur-doc-fr.listing) [8]
\openout9 = `tkz-grapheur-doc-fr.listing'.


(./_minted-tkz-grapheur-doc-fr/AB101D18BCE9A2FC270BE30409B7DDE0ABC55964423910AF
2BA60955FACDFC97.pygtex) (./tkz-grapheur-doc-fr.listing) [9]
\openout9 = `tkz-grapheur-doc-fr.listing'.


(./_minted-tkz-grapheur-doc-fr/00BE4CA7DF747E3EDB51267BF2E08514ABC55964423910AF
2BA60955FACDFC97.pygtex) (./tkz-grapheur-doc-fr.listing) [10]
\openout9 = `tkz-grapheur-doc-fr.listing'.


(./_minted-tkz-grapheur-doc-fr/DDACAD8A89F848C82896CA4E1C4F2DE0ABC55964423910AF
2BA60955FACDFC97.pygtex)
\openout9 = `tkz-grapheur-doc-fr.listing'.


(./_minted-tkz-grapheur-doc-fr/A96D889E31717D1D383575C5D6563544ABC55964423910AF
2BA60955FACDFC97.pygtex) (./tkz-grapheur-doc-fr.listing)
\openout9 = `tkz-grapheur-doc-fr.listing'.


(./_minted-tkz-grapheur-doc-fr/1F25E82F58763EBC58FB26BAEA5E4FE6ABC55964423910AF
2BA60955FACDFC97.pygtex) (./tkz-grapheur-doc-fr.listing) [11]
\openout9 = `tkz-grapheur-doc-fr.listing'.


(./_minted-tkz-grapheur-doc-fr/0A21C006E47DA1A11CA83B79356A343EABC55964423910AF
2BA60955FACDFC97.pygtex) (./tkz-grapheur-doc-fr.listing) [12]
\openout9 = `tkz-grapheur-doc-fr.listing'.


(./_minted-tkz-grapheur-doc-fr/2C029DBBA453AE9F52062434A8BCAD52ABC55964423910AF
2BA60955FACDFC97.pygtex) (./tkz-grapheur-doc-fr.listing)
\openout9 = `tkz-grapheur-doc-fr.listing'.


(./_minted-tkz-grapheur-doc-fr/FEB1FF02A5E43605F336AB05455EE361ABC55964423910AF
2BA60955FACDFC97.pygtex) (./tkz-grapheur-doc-fr.listing) [13]
\openout9 = `tkz-grapheur-doc-fr.listing'.


(./_minted-tkz-grapheur-doc-fr/DB0386780BBE2F267D656943F52459E8ABC55964423910AF
2BA60955FACDFC97.pygtex)
\openout9 = `tkz-grapheur-doc-fr.listing'.

(./tkz-grapheur-doc-fr.listing) [14]
\openout9 = `tkz-grapheur-doc-fr.listing'.


(./_minted-tkz-grapheur-doc-fr/9DB1A1D541209D8E4E5C56C07F476CDBABC55964423910AF
2BA60955FACDFC97.pygtex)
\openout9 = `tkz-grapheur-doc-fr.listing'.


(./_minted-tkz-grapheur-doc-fr/8794E9A9EC82DFAE164A2ACEA4FEFDE9ABC55964423910AF
2BA60955FACDFC97.pygtex) (./tkz-grapheur-doc-fr.listing) [15] [16]
\openout9 = `tkz-grapheur-doc-fr.listing'.


(./_minted-tkz-grapheur-doc-fr/FBE7BA2FD9C54EA203B2899749AB8B78ABC55964423910AF
2BA60955FACDFC97.pygtex)
\openout9 = `tkz-grapheur-doc-fr.listing'.


(./_minted-tkz-grapheur-doc-fr/AF5AE88A10EBD142DE96F80F61DA973FABC55964423910AF
2BA60955FACDFC97.pygtex) (./tkz-grapheur-doc-fr.listing) [17]
\openout9 = `tkz-grapheur-doc-fr.listing'.


(./_minted-tkz-grapheur-doc-fr/3BB206B18ADD9BD9C7697EC990F98800ABC55964423910AF
2BA60955FACDFC97.pygtex)
\openout9 = `tkz-grapheur-doc-fr.listing'.


(./_minted-tkz-grapheur-doc-fr/E5E9B10590FF997C03FB3CB0B10A65D3ABC55964423910AF
2BA60955FACDFC97.pygtex) (./tkz-grapheur-doc-fr.listing) [18]
\openout9 = `tkz-grapheur-doc-fr.listing'.


(./_minted-tkz-grapheur-doc-fr/FCED12531EB7166252C6CAD8F73EBA58ABC55964423910AF
2BA60955FACDFC97.pygtex)
\openout9 = `tkz-grapheur-doc-fr.listing'.


(./_minted-tkz-grapheur-doc-fr/EB9A0EBE60AFC3E42F1AD389DD7A1EC1ABC55964423910AF
2BA60955FACDFC97.pygtex) (./tkz-grapheur-doc-fr.listing) [19]
\openout9 = `tkz-grapheur-doc-fr.listing'.


(./_minted-tkz-grapheur-doc-fr/56C0D99F170CA76B6477367640D16223ABC55964423910AF
2BA60955FACDFC97.pygtex)
\openout9 = `tkz-grapheur-doc-fr.listing'.


(./_minted-tkz-grapheur-doc-fr/3F95D3306772EE2FE06529C505ADE7E7ABC55964423910AF
2BA60955FACDFC97.pygtex) (./tkz-grapheur-doc-fr.listing) [20]
\openout9 = `tkz-grapheur-doc-fr.listing'.


(./_minted-tkz-grapheur-doc-fr/5B94207382128280FED122C61B431A6FABC55964423910AF
2BA60955FACDFC97.pygtex)
\openout9 = `tkz-grapheur-doc-fr.listing'.


(./_minted-tkz-grapheur-doc-fr/9357B810F06EF28487157C35A7F9F575ABC55964423910AF
2BA60955FACDFC97.pygtex) (./tkz-grapheur-doc-fr.listing)
\openout9 = `tkz-grapheur-doc-fr.listing'.


(./_minted-tkz-grapheur-doc-fr/A47D904865FF6ABDB6FDAD3615418957ABC55964423910AF
2BA60955FACDFC97.pygtex) (./tkz-grapheur-doc-fr.listing) [21]
\openout9 = `tkz-grapheur-doc-fr.listing'.


(./_minted-tkz-grapheur-doc-fr/4AEC775EDA393A8DC061D0E6977CD515ABC55964423910AF
2BA60955FACDFC97.pygtex) (./tkz-grapheur-doc-fr.listing)
Overfull \hbox (1.68692pt too wide) in paragraph at lines 15--938
[][] 
 []

[22] [23]
\openout9 = `tkz-grapheur-doc-fr.listing'.


(./_minted-tkz-grapheur-doc-fr/3AF0AB5E3E0212B56CE5415678DD5D33ABC55964423910AF
2BA60955FACDFC97.pygtex)
\openout9 = `tkz-grapheur-doc-fr.listing'.


(./_minted-tkz-grapheur-doc-fr/562F43F7693B13FCBA8B2B6D17D17600ABC55964423910AF
2BA60955FACDFC97.pygtex)
\openout9 = `tkz-grapheur-doc-fr.listing'.


(./_minted-tkz-grapheur-doc-fr/E1FC67480533DAB23255C810002F008DABC55964423910AF
2BA60955FACDFC97.pygtex) (./tkz-grapheur-doc-fr.listing) [24] [25]
\openout9 = `tkz-grapheur-doc-fr.listing'.


(./_minted-tkz-grapheur-doc-fr/64E0FC7F065A95EB437260869C21E925ABC55964423910AF
2BA60955FACDFC97.pygtex)
\openout9 = `tkz-grapheur-doc-fr.listing'.


(./_minted-tkz-grapheur-doc-fr/8D468FBFEB63A8195B61F81BE883C266ABC55964423910AF
2BA60955FACDFC97.pygtex) (./tkz-grapheur-doc-fr.listing) [26]
\openout9 = `tkz-grapheur-doc-fr.listing'.


(./_minted-tkz-grapheur-doc-fr/D139196EAE3BDDC7F462E092E0F059C0ABC55964423910AF
2BA60955FACDFC97.pygtex) (./tkz-grapheur-doc-fr.listing)
\openout9 = `tkz-grapheur-doc-fr.listing'.


(./_minted-tkz-grapheur-doc-fr/356F7C573FF0BD535BD706862FD1BE05ABC55964423910AF
2BA60955FACDFC97.pygtex)
\openout9 = `tkz-grapheur-doc-fr.listing'.


(./_minted-tkz-grapheur-doc-fr/15568A0DE3A338365448A1A872CA2E64ABC55964423910AF
2BA60955FACDFC97.pygtex) (./tkz-grapheur-doc-fr.listing) [27]
\openout9 = `tkz-grapheur-doc-fr.listing'.


(./_minted-tkz-grapheur-doc-fr/BDB00DD37265F307431999FF4643781CABC55964423910AF
2BA60955FACDFC97.pygtex)
\openout9 = `tkz-grapheur-doc-fr.listing'.


(./_minted-tkz-grapheur-doc-fr/E93D2194995805D188982D52AE9F1582ABC55964423910AF
2BA60955FACDFC97.pygtex)
\openout9 = `tkz-grapheur-doc-fr.listing'.


(./_minted-tkz-grapheur-doc-fr/C734A77117291A1E98F8E3333AC23F6FABC55964423910AF
2BA60955FACDFC97.pygtex) (./tkz-grapheur-doc-fr.listing) [28] [29]
\openout9 = `tkz-grapheur-doc-fr.listing'.


(./_minted-tkz-grapheur-doc-fr/1F5E9FB20E1229BC760C4A89B61AD5DBABC55964423910AF
2BA60955FACDFC97.pygtex)
\openout9 = `tkz-grapheur-doc-fr.listing'.


(./_minted-tkz-grapheur-doc-fr/73E6D9CC5FDE2BF4DD1C743AE1983D99ABC55964423910AF
2BA60955FACDFC97.pygtex) (./tkz-grapheur-doc-fr.listing) [30]
\openout9 = `tkz-grapheur-doc-fr.listing'.


(./_minted-tkz-grapheur-doc-fr/1EC666695C853D5B4AFC78EA0E13C8EBABC55964423910AF
2BA60955FACDFC97.pygtex)
\openout9 = `tkz-grapheur-doc-fr.listing'.


(./_minted-tkz-grapheur-doc-fr/700C664AE3A61FE4EDCCB6115EB76D70ABC55964423910AF
2BA60955FACDFC97.pygtex) (./tkz-grapheur-doc-fr.listing) [31]
\openout9 = `tkz-grapheur-doc-fr.listing'.


(./_minted-tkz-grapheur-doc-fr/6C2017D61206BCFC448C3B9E7DE087D7ABC55964423910AF
2BA60955FACDFC97.pygtex)
\openout9 = `tkz-grapheur-doc-fr.listing'.


(./_minted-tkz-grapheur-doc-fr/98D29D3132D970FA2A882DAFDA3BB4F9ABC55964423910AF
2BA60955FACDFC97.pygtex) (./tkz-grapheur-doc-fr.listing) [32]
\openout9 = `tkz-grapheur-doc-fr.listing'.


(./_minted-tkz-grapheur-doc-fr/8333357DD106F38819C5D2AC0E0D9660ABC55964423910AF
2BA60955FACDFC97.pygtex)
\openout9 = `tkz-grapheur-doc-fr.listing'.


(./_minted-tkz-grapheur-doc-fr/35B5BB8A8C4759970B6D3F80EDB14157ABC55964423910AF
2BA60955FACDFC97.pygtex) (./tkz-grapheur-doc-fr.listing) [33]
LaTeX Font Info:    Trying to load font information for U+fontawesomefree0 on i
nput line 1356.
(c:/texlive/2026/texmf-dist/tex/latex/fontawesome5/ufontawesomefree0.fd)
\openout9 = `tkz-grapheur-doc-fr.listing'.


(./_minted-tkz-grapheur-doc-fr/FDFCDF4110ECE2B77D9DBB83C916C73FABC55964423910AF
2BA60955FACDFC97.pygtex)
\openout9 = `tkz-grapheur-doc-fr.listing'.


(./_minted-tkz-grapheur-doc-fr/F88F3CAAEA2AC75DED92958EB509A5A6ABC55964423910AF
2BA60955FACDFC97.pygtex) (./tkz-grapheur-doc-fr.listing) [34{c:/texlive/2026/te
xmf-dist/fonts/enc/dvips/fontawesome5/fa5free0.enc}]
\openout9 = `tkz-grapheur-doc-fr.listing'.


(./_minted-tkz-grapheur-doc-fr/B9AB178D4BAE454A50219E004B8357C8ABC55964423910AF
2BA60955FACDFC97.pygtex) (./tkz-grapheur-doc-fr.listing) [35]
\openout9 = `tkz-grapheur-doc-fr.listing'.


(./_minted-tkz-grapheur-doc-fr/73F4CBD75B91B5DCB7F8A939BE4E911CABC55964423910AF
2BA60955FACDFC97.pygtex) (./tkz-grapheur-doc-fr.listing) [36] [37]
\openout9 = `tkz-grapheur-doc-fr.listing'.


(./_minted-tkz-grapheur-doc-fr/F04D39B3A5EB7E2A728119B3F944A0E2ABC55964423910AF
2BA60955FACDFC97.pygtex) [38] [39]
\openout9 = `tkz-grapheur-doc-fr.listing'.


(./_minted-tkz-grapheur-doc-fr/ACF3ACFBEFF2B9ADEC8D937044035137ABC55964423910AF
2BA60955FACDFC97.pygtex) (./tkz-grapheur-doc-fr.listing)
\openout9 = `tkz-grapheur-doc-fr.listing'.


(./_minted-tkz-grapheur-doc-fr/EBB6992EC040CDCC20FD28551E83B883ABC55964423910AF
2BA60955FACDFC97.pygtex) (./tkz-grapheur-doc-fr.listing) [40] [41]
\openout9 = `tkz-grapheur-doc-fr.listing'.


(./_minted-tkz-grapheur-doc-fr/6C3072BAD73725D97850EB39841EA508ABC55964423910AF
2BA60955FACDFC97.pygtex)
\openout9 = `tkz-grapheur-doc-fr.listing'.


(./_minted-tkz-grapheur-doc-fr/510BDEFC2AB781F66701989E618BCC88ABC55964423910AF
2BA60955FACDFC97.pygtex) (./tkz-grapheur-doc-fr.listing)
\openout9 = `tkz-grapheur-doc-fr.listing'.


(./_minted-tkz-grapheur-doc-fr/19C89DB42389C4831DCBDDF917E90E79ABC55964423910AF
2BA60955FACDFC97.pygtex) (./tkz-grapheur-doc-fr.listing) [42] [43]
\openout9 = `tkz-grapheur-doc-fr.listing'.


(./_minted-tkz-grapheur-doc-fr/E84DEB10A634D92BEACCE6B5A6184F1AABC55964423910AF
2BA60955FACDFC97.pygtex)
\openout9 = `tkz-grapheur-doc-fr.listing'.


(./_minted-tkz-grapheur-doc-fr/1D6D8BDE2167E5281131E6E67DFE6E85ABC55964423910AF
2BA60955FACDFC97.pygtex) (./tkz-grapheur-doc-fr.listing) [44]
\openout9 = `tkz-grapheur-doc-fr.listing'.


(./_minted-tkz-grapheur-doc-fr/A8B479D794630E2AD918F3EDFBDC25DAABC55964423910AF
2BA60955FACDFC97.pygtex)
\openout9 = `tkz-grapheur-doc-fr.listing'.


(./_minted-tkz-grapheur-doc-fr/60A0D793B2D4956451C4577AC80FE116ABC55964423910AF
2BA60955FACDFC97.pygtex) (./tkz-grapheur-doc-fr.listing
\X=\dimen410
\Y=\dimen411
)
\openout9 = `tkz-grapheur-doc-fr.listing'.


(./_minted-tkz-grapheur-doc-fr/013A1FC2C2A942DBCB49B689245B6CB8ABC55964423910AF
2BA60955FACDFC97.pygtex) (./tkz-grapheur-doc-fr.listing
\X=\dimen412
\Y=\dimen413
) [45] [46]
\openout9 = `tkz-grapheur-doc-fr.listing'.


(./_minted-tkz-grapheur-doc-fr/59676B25D93C87F73BD43F94569DBD5AABC55964423910AF
2BA60955FACDFC97.pygtex)
\openout9 = `tkz-grapheur-doc-fr.listing'.


(./_minted-tkz-grapheur-doc-fr/91EFB515D924A29E7193C5F38046B124ABC55964423910AF
2BA60955FACDFC97.pygtex) (./tkz-grapheur-doc-fr.listing)
\openout9 = `tkz-grapheur-doc-fr.listing'.


(./_minted-tkz-grapheur-doc-fr/7AD74048DA9C1426AE721994AF8E1AE6ABC55964423910AF
2BA60955FACDFC97.pygtex) (./tkz-grapheur-doc-fr.listing) [47] [48]
\openout9 = `tkz-grapheur-doc-fr.listing'.


(./_minted-tkz-grapheur-doc-fr/7105014B77CE2484732C47C568E2A9A9ABC55964423910AF
2BA60955FACDFC97.pygtex)
\openout9 = `tkz-grapheur-doc-fr.listing'.


(./_minted-tkz-grapheur-doc-fr/9CC7779075FFB27F801769F504DBA05AABC55964423910AF
2BA60955FACDFC97.pygtex)
\openout9 = `tkz-grapheur-doc-fr.listing'.


(./_minted-tkz-grapheur-doc-fr/E4BD430450BA8D2244C977F65B89C7FEABC55964423910AF
2BA60955FACDFC97.pygtex) (./tkz-grapheur-doc-fr.listing)
\openout9 = `tkz-grapheur-doc-fr.listing'.


(./_minted-tkz-grapheur-doc-fr/CCFCA393E28C666EE0EDA5A3D3DAB618ABC55964423910AF
2BA60955FACDFC97.pygtex) (./tkz-grapheur-doc-fr.listing) [49]
\openout9 = `tkz-grapheur-doc-fr.listing'.


(./_minted-tkz-grapheur-doc-fr/9DFC5A6EBAD1B3B1434F376D3E53DE7BABC55964423910AF
2BA60955FACDFC97.pygtex) (./tkz-grapheur-doc-fr.listing) [50] [51]
\openout9 = `tkz-grapheur-doc-fr.listing'.


(./_minted-tkz-grapheur-doc-fr/A609E2D7652C9D2765BDA88F70469E54ABC55964423910AF
2BA60955FACDFC97.pygtex)
\openout9 = `tkz-grapheur-doc-fr.listing'.


(./_minted-tkz-grapheur-doc-fr/F0AA37BF012D0FD041962F8743C26E57ABC55964423910AF
2BA60955FACDFC97.pygtex) (./tkz-grapheur-doc-fr.listing) [52]
\openout9 = `tkz-grapheur-doc-fr.listing'.


(./_minted-tkz-grapheur-doc-fr/E63527F4D039AF8400CAFEFB7A743FC4ABC55964423910AF
2BA60955FACDFC97.pygtex)
\openout9 = `tkz-grapheur-doc-fr.listing'.


(./_minted-tkz-grapheur-doc-fr/E8E3CE75F960A920350DD0F2E98AC28CABC55964423910AF
2BA60955FACDFC97.pygtex) (./tkz-grapheur-doc-fr.listing)
\openout9 = `tkz-grapheur-doc-fr.listing'.


(./_minted-tkz-grapheur-doc-fr/3602A23DF55A76F5066B961DC52068D0ABC55964423910AF
2BA60955FACDFC97.pygtex) [53]
\openout9 = `tkz-grapheur-doc-fr.listing'.


(./_minted-tkz-grapheur-doc-fr/D539E081B1F3ADE480AADA583A579060ABC55964423910AF
2BA60955FACDFC97.pygtex) (./tkz-grapheur-doc-fr.listing)
\openout9 = `tkz-grapheur-doc-fr.listing'.


(./_minted-tkz-grapheur-doc-fr/4CC937644C5A67F9490F957EAC836E34ABC55964423910AF
2BA60955FACDFC97.pygtex) (./tkz-grapheur-doc-fr.listing) [54] [55]
\openout9 = `tkz-grapheur-doc-fr.listing'.


(./_minted-tkz-grapheur-doc-fr/BCA087B6150FB3AA2B6F281036A6E624ABC55964423910AF
2BA60955FACDFC97.pygtex)
\openout9 = `tkz-grapheur-doc-fr.listing'.


(./_minted-tkz-grapheur-doc-fr/799F85CBFBB82696B50CB788AC7D9866ABC55964423910AF
2BA60955FACDFC97.pygtex) (./tkz-grapheur-doc-fr.listing)
\openout9 = `tkz-grapheur-doc-fr.listing'.


(./_minted-tkz-grapheur-doc-fr/B3D5FCE1A2F6BDF121E0E44F8405ACDFABC55964423910AF
2BA60955FACDFC97.pygtex) (./tkz-grapheur-doc-fr.listing) [56]
\openout9 = `tkz-grapheur-doc-fr.listing'.


(./_minted-tkz-grapheur-doc-fr/BEF78F2308693B7CB7F852419D3EC688ABC55964423910AF
2BA60955FACDFC97.pygtex) (./tkz-grapheur-doc-fr.listing)
\openout9 = `tkz-grapheur-doc-fr.listing'.


(./_minted-tkz-grapheur-doc-fr/C1EE021D4E790422B41ED086BC3BA340ABC55964423910AF
2BA60955FACDFC97.pygtex) (./tkz-grapheur-doc-fr.listing) [57]
\openout9 = `tkz-grapheur-doc-fr.listing'.


(./_minted-tkz-grapheur-doc-fr/032B4FF4608BCCD0FD129041B38EF38EABC55964423910AF
2BA60955FACDFC97.pygtex
Overfull \hbox (56.72675pt too wide) in paragraph at lines 8--8
|| | |[][]\T1/cmtt/m/n/10 \RepresenterMethodeIntegrale[][][Methode=RectanglesMi
lieu,Spline,Couleur=teal][]<splinered>[]{[][]5[]}{[]1.25[]}[]|  
 []

) (./tkz-grapheur-doc-fr.listing)
\openout9 = `tkz-grapheur-doc-fr.listing'.


(./_minted-tkz-grapheur-doc-fr/07B40726563CC3DF72F65575F8E97769ABC55964423910AF
2BA60955FACDFC97.pygtex) [58]
\openout9 = `tkz-grapheur-doc-fr.listing'.


(./_minted-tkz-grapheur-doc-fr/04CC1B6B003E80833F7A52BDA4F76087ABC55964423910AF
2BA60955FACDFC97.pygtex) (./tkz-grapheur-doc-fr.listing) [59]
\openout9 = `tkz-grapheur-doc-fr.listing'.


(./_minted-tkz-grapheur-doc-fr/C1343DDADCA2FD297B814F727A4BA2D3ABC55964423910AF
2BA60955FACDFC97.pygtex)
\openout9 = `tkz-grapheur-doc-fr.listing'.


(./_minted-tkz-grapheur-doc-fr/C37A708DBB63960934371CD2F8155766ABC55964423910AF
2BA60955FACDFC97.pygtex) (./tkz-grapheur-doc-fr.listing) [60]
\openout9 = `tkz-grapheur-doc-fr.listing'.


(./_minted-tkz-grapheur-doc-fr/0F81C8EA722745F2A974FA08AA625BE7ABC55964423910AF
2BA60955FACDFC97.pygtex)
\openout9 = `tkz-grapheur-doc-fr.listing'.


(./_minted-tkz-grapheur-doc-fr/734640BA11DD211930DC6C7C92C8A9E6ABC55964423910AF
2BA60955FACDFC97.pygtex) (./tkz-grapheur-doc-fr.listing) [61]
\openout9 = `tkz-grapheur-doc-fr.listing'.


(./_minted-tkz-grapheur-doc-fr/71998B89F230A8DF70CDDD47EA8323B5ABC55964423910AF
2BA60955FACDFC97.pygtex) (./tkz-grapheur-doc-fr.listing) [62]
\openout9 = `tkz-grapheur-doc-fr.listing'.


(./_minted-tkz-grapheur-doc-fr/F00DA76CE4ACB62F9A0E1B5785501507ABC55964423910AF
2BA60955FACDFC97.pygtex) [63]
\openout9 = `tkz-grapheur-doc-fr.listing'.


(./_minted-tkz-grapheur-doc-fr/97E0DDCFF4DD76231C9A99D47FD9BCD8ABC55964423910AF
2BA60955FACDFC97.pygtex) (./tkz-grapheur-doc-fr.listing) [64] [65]
\openout9 = `tkz-grapheur-doc-fr.listing'.


(./_minted-tkz-grapheur-doc-fr/B528A66BF2A6A5E1F0E12BD321FC2C18ABC55964423910AF
2BA60955FACDFC97.pygtex)
\openout9 = `tkz-grapheur-doc-fr.listing'.


(./_minted-tkz-grapheur-doc-fr/5C8F584140D652E428C61D51EB577AD1ABC55964423910AF
2BA60955FACDFC97.pygtex) (./tkz-grapheur-doc-fr.listing)
\openout9 = `tkz-grapheur-doc-fr.listing'.


(./_minted-tkz-grapheur-doc-fr/8B7E18A652A77F8B316C7BD950E8D965ABC55964423910AF
2BA60955FACDFC97.pygtex) (./tkz-grapheur-doc-fr.listing) [66] [67]
\openout9 = `tkz-grapheur-doc-fr.listing'.


(./_minted-tkz-grapheur-doc-fr/F175B3CB65701830DB966F19BF312D7DABC55964423910AF
2BA60955FACDFC97.pygtex)
\openout9 = `tkz-grapheur-doc-fr.listing'.


(./_minted-tkz-grapheur-doc-fr/D859DB45471433101E1216A6166D4531ABC55964423910AF
2BA60955FACDFC97.pygtex) (./tkz-grapheur-doc-fr.listing)
\openout9 = `tkz-grapheur-doc-fr.listing'.


(./_minted-tkz-grapheur-doc-fr/C4C214207FE46885F7BA07FC74131D5CABC55964423910AF
2BA60955FACDFC97.pygtex) (./tkz-grapheur-doc-fr.listing) [68] [69]
\openout9 = `tkz-grapheur-doc-fr.listing'.


(./_minted-tkz-grapheur-doc-fr/4472F48D14ABD9174A46AD7F795EF335ABC55964423910AF
2BA60955FACDFC97.pygtex) (./tkz-grapheur-doc-fr.listing
=== -5,1.96,2.04,5===
=== -5,-2.04,-1.96,2.96,3.04,5===
) [70]
\openout9 = `tkz-grapheur-doc-fr.listing'.


(./_minted-tkz-grapheur-doc-fr/032D742CF94E013ED3C41957DBB17853ABC55964423910AF
2BA60955FACDFC97.pygtex)
\openout9 = `tkz-grapheur-doc-fr.listing'.


(./_minted-tkz-grapheur-doc-fr/288E908AF36E741849B48930698E2E22ABC55964423910AF
2BA60955FACDFC97.pygtex) (./tkz-grapheur-doc-fr.listing) [71]
\openout9 = `tkz-grapheur-doc-fr.listing'.


(./_minted-tkz-grapheur-doc-fr/512C1B0163D59F06D25E5D79AD2BDB09ABC55964423910AF
2BA60955FACDFC97.pygtex) (./tkz-grapheur-doc-fr.listing)
\openout9 = `tkz-grapheur-doc-fr.listing'.


(./_minted-tkz-grapheur-doc-fr/4640EEC521086C2E5FD066B58464380FABC55964423910AF
2BA60955FACDFC97.pygtex) (./tkz-grapheur-doc-fr.listing) [72]
\openout9 = `tkz-grapheur-doc-fr.listing'.


(./_minted-tkz-grapheur-doc-fr/69A05A1FD5DCEDFA431E688D23BB0636ABC55964423910AF
2BA60955FACDFC97.pygtex) (./tkz-grapheur-doc-fr.listing) [73]
\openout9 = `tkz-grapheur-doc-fr.listing'.


(./_minted-tkz-grapheur-doc-fr/3FD710A199A7D38EA48D4EA39E95BDECABC55964423910AF
2BA60955FACDFC97.pygtex)
\openout9 = `tkz-grapheur-doc-fr.listing'.


(./_minted-tkz-grapheur-doc-fr/C2BEF6864CD8C5B7F99D25531EF5CC12ABC55964423910AF
2BA60955FACDFC97.pygtex)
\openout9 = `tkz-grapheur-doc-fr.listing'.


(./_minted-tkz-grapheur-doc-fr/D244420702CC10503A26342F668B01ECABC55964423910AF
2BA60955FACDFC97.pygtex)
\openout9 = `tkz-grapheur-doc-fr.listing'.


(./_minted-tkz-grapheur-doc-fr/74B3506F01C6F1DD40B14BA6C53189EFABC55964423910AF
2BA60955FACDFC97.pygtex) (./tkz-grapheur-doc-fr.listing) [74]
\openout9 = `tkz-grapheur-doc-fr.listing'.


(./_minted-tkz-grapheur-doc-fr/F329FAA354C500ADDBC394C409AAB8DAABC55964423910AF
2BA60955FACDFC97.pygtex) (./tkz-grapheur-doc-fr.listing)
\openout9 = `tkz-grapheur-doc-fr.listing'.


(./_minted-tkz-grapheur-doc-fr/2494768B12A29E8E571074EDE4F84095ABC55964423910AF
2BA60955FACDFC97.pygtex) (./tkz-grapheur-doc-fr.listing) [75] [76]
\openout9 = `tkz-grapheur-doc-fr.listing'.


(./_minted-tkz-grapheur-doc-fr/5CBCCE7DDB7332CC21CE02FF518AFB9EABC55964423910AF
2BA60955FACDFC97.pygtex) (./tkz-grapheur-doc-fr.listing) [77]
\openout9 = `tkz-grapheur-doc-fr.listing'.


(./_minted-tkz-grapheur-doc-fr/19B9B8AA5CCF78FA7E3F60E9D5F7A5AFABC55964423910AF
2BA60955FACDFC97.pygtex) (./tkz-grapheur-doc-fr.listing) [78]
\openout9 = `tkz-grapheur-doc-fr.listing'.


(./_minted-tkz-grapheur-doc-fr/A7D157A4DA4D94B59C750F529D31D903ABC55964423910AF
2BA60955FACDFC97.pygtex)
\openout9 = `tkz-grapheur-doc-fr.listing'.


(./_minted-tkz-grapheur-doc-fr/C9F819E5F2F97D467DCD88111A4D28B5ABC55964423910AF
2BA60955FACDFC97.pygtex) (./tkz-grapheur-doc-fr.listing)
Underfull \hbox (badness 10000) in paragraph at lines 1--2718

 []

\openout9 = `tkz-grapheur-doc-fr.listing'.


(./_minted-tkz-grapheur-doc-fr/9BB98844442067932F2A8D9B6218282EABC55964423910AF
2BA60955FACDFC97.pygtex)
\openout9 = `tkz-grapheur-doc-fr.listing'.


(./_minted-tkz-grapheur-doc-fr/7CDD046905B3504B80FDCF311C4A028BABC55964423910AF
2BA60955FACDFC97.pygtex) (./tkz-grapheur-doc-fr.listing)
\openout9 = `tkz-grapheur-doc-fr.listing'.


(./_minted-tkz-grapheur-doc-fr/7CDD046905B3504B80FDCF311C4A028BABC55964423910AF
2BA60955FACDFC97.pygtex) (./tkz-grapheur-doc-fr.listing) [79]
\openout9 = `tkz-grapheur-doc-fr.listing'.


(./_minted-tkz-grapheur-doc-fr/377FDBC70ADD561805E9EB09C9102CC6ABC55964423910AF
2BA60955FACDFC97.pygtex) (./tkz-grapheur-doc-fr.listing) [80] [81]
LaTeX Font Info:    Font shape `T1/cmtt/bx/n' in size <9> not available
(Font)              Font shape `T1/cmtt/m/n' tried instead on input line 2806.
\openout5 = `tkz-grapheur-doc-fr.pyg'.


(./_minted-tkz-grapheur-doc-fr/F23D1605EBEEDEF1C3CCDA4434158CBB581143835A309D86
0062BBFAAE80CD98.pygtex)
\openout5 = `tkz-grapheur-doc-fr.pyg'.


(./_minted-tkz-grapheur-doc-fr/082683545136E0D32404DB0F226E9892581143835A309D86
0062BBFAAE80CD98.pygtex)
\openout5 = `tkz-grapheur-doc-fr.pyg'.


(./_minted-tkz-grapheur-doc-fr/BEC6CC78BD080B026D66D8C72DB505D5581143835A309D86
0062BBFAAE80CD98.pygtex)
\openout5 = `tkz-grapheur-doc-fr.pyg'.


(./_minted-tkz-grapheur-doc-fr/2B05449EF439875F22E3F6CEF299FBD5581143835A309D86
0062BBFAAE80CD98.pygtex)
\openout5 = `tkz-grapheur-doc-fr.pyg'.


(./_minted-tkz-grapheur-doc-fr/446058DD9AC5F8D6296F3A56CB11ED5A581143835A309D86
0062BBFAAE80CD98.pygtex)
\openout5 = `tkz-grapheur-doc-fr.pyg'.


(./_minted-tkz-grapheur-doc-fr/BA0FE42EBEFC93A80E11504E2C038F5B581143835A309D86
0062BBFAAE80CD98.pygtex)
\openout5 = `tkz-grapheur-doc-fr.pyg'.


(./_minted-tkz-grapheur-doc-fr/49CB265BB54B7120B29287CA092C339C581143835A309D86
0062BBFAAE80CD98.pygtex)
\openout5 = `tkz-grapheur-doc-fr.pyg'.


(./_minted-tkz-grapheur-doc-fr/18A300227DD31CCA1BFB594BBF629AE3581143835A309D86
0062BBFAAE80CD98.pygtex)
\openout5 = `tkz-grapheur-doc-fr.pyg'.


(./_minted-tkz-grapheur-doc-fr/7434942481E6C51862359977383684CB581143835A309D86
0062BBFAAE80CD98.pygtex)
\openout5 = `tkz-grapheur-doc-fr.pyg'.


(./_minted-tkz-grapheur-doc-fr/29AF4A1CB54D73FB4DC33C9B335065A9581143835A309D86
0062BBFAAE80CD98.pygtex)
\openout5 = `tkz-grapheur-doc-fr.pyg'.


(./_minted-tkz-grapheur-doc-fr/9C97644E19B0EBB30401637FB0673B8F581143835A309D86
0062BBFAAE80CD98.pygtex)
\openout5 = `tkz-grapheur-doc-fr.pyg'.


(./_minted-tkz-grapheur-doc-fr/11314052063637873DB74BA2EE5DF07F581143835A309D86
0062BBFAAE80CD98.pygtex)
\openout5 = `tkz-grapheur-doc-fr.pyg'.


(./_minted-tkz-grapheur-doc-fr/4E549642D19CDA72F421FAFEB45AA990581143835A309D86
0062BBFAAE80CD98.pygtex)
\openout5 = `tkz-grapheur-doc-fr.pyg'.


(./_minted-tkz-grapheur-doc-fr/8FA52A0078F7D112D0C93ED8989A6068581143835A309D86
0062BBFAAE80CD98.pygtex)
\openout5 = `tkz-grapheur-doc-fr.pyg'.


(./_minted-tkz-grapheur-doc-fr/1ED42E25AFEEB7D24C724663CE86F756581143835A309D86
0062BBFAAE80CD98.pygtex)
\openout5 = `tkz-grapheur-doc-fr.pyg'.


(./_minted-tkz-grapheur-doc-fr/DDB095F687DA899171810FCBA29BD8A5581143835A309D86
0062BBFAAE80CD98.pygtex)
\openout5 = `tkz-grapheur-doc-fr.pyg'.


(./_minted-tkz-grapheur-doc-fr/B181412B9755D9376EE9FDB21DC9CBEC581143835A309D86
0062BBFAAE80CD98.pygtex)
\openout5 = `tkz-grapheur-doc-fr.pyg'.


(./_minted-tkz-grapheur-doc-fr/90C353274F503FB1508B5C605FFBD790581143835A309D86
0062BBFAAE80CD98.pygtex)
\openout5 = `tkz-grapheur-doc-fr.pyg'.


(./_minted-tkz-grapheur-doc-fr/E2CB0359395E8DB19D76EAC7DB641C76581143835A309D86
0062BBFAAE80CD98.pygtex)
\openout5 = `tkz-grapheur-doc-fr.pyg'.


(./_minted-tkz-grapheur-doc-fr/0F43F59C02156FD5F02022E0234A215D581143835A309D86
0062BBFAAE80CD98.pygtex)
\openout5 = `tkz-grapheur-doc-fr.pyg'.


(./_minted-tkz-grapheur-doc-fr/4A220D52A91F41970BBBC40E2D6B9942581143835A309D86
0062BBFAAE80CD98.pygtex)
\openout5 = `tkz-grapheur-doc-fr.pyg'.


(./_minted-tkz-grapheur-doc-fr/801628C8D26CDF40A77E9686223875A8581143835A309D86
0062BBFAAE80CD98.pygtex)
\openout5 = `tkz-grapheur-doc-fr.pyg'.


(./_minted-tkz-grapheur-doc-fr/EBFAA9012E0D11AA6AF36A98E3357D4E581143835A309D86
0062BBFAAE80CD98.pygtex)
\openout5 = `tkz-grapheur-doc-fr.pyg'.


(./_minted-tkz-grapheur-doc-fr/63BB4E0F8F0840EBD459C793650EFD03581143835A309D86
0062BBFAAE80CD98.pygtex)
\openout5 = `tkz-grapheur-doc-fr.pyg'.


(./_minted-tkz-grapheur-doc-fr/7AFB2229AAFDCBED96933CDE5F876B91581143835A309D86
0062BBFAAE80CD98.pygtex)
\openout5 = `tkz-grapheur-doc-fr.pyg'.


(./_minted-tkz-grapheur-doc-fr/657955838413F9164D571D378D0C1FD3581143835A309D86
0062BBFAAE80CD98.pygtex)
\openout5 = `tkz-grapheur-doc-fr.pyg'.


(./_minted-tkz-grapheur-doc-fr/930206F8955E9CA3C1DA77BBE914098B581143835A309D86
0062BBFAAE80CD98.pygtex)
\openout5 = `tkz-grapheur-doc-fr.pyg'.


(./_minted-tkz-grapheur-doc-fr/B14202CDD39FDD0BDB2E36B6E931AB17581143835A309D86
0062BBFAAE80CD98.pygtex)
\openout5 = `tkz-grapheur-doc-fr.pyg'.


(./_minted-tkz-grapheur-doc-fr/572ECF7407CC7C783EBB1A6A48B4C1F2581143835A309D86
0062BBFAAE80CD98.pygtex)
\openout5 = `tkz-grapheur-doc-fr.pyg'.


(./_minted-tkz-grapheur-doc-fr/0338DC26C31D6475DB389F26D3BC00CA581143835A309D86
0062BBFAAE80CD98.pygtex)
\openout5 = `tkz-grapheur-doc-fr.pyg'.


(./_minted-tkz-grapheur-doc-fr/C3C09AA04290AED7E340C9AA8E815C69581143835A309D86
0062BBFAAE80CD98.pygtex)
\openout5 = `tkz-grapheur-doc-fr.pyg'.


(./_minted-tkz-grapheur-doc-fr/D4FE2F8E77103BA1ED58B439C63F3ADA581143835A309D86
0062BBFAAE80CD98.pygtex)
\openout5 = `tkz-grapheur-doc-fr.pyg'.


(./_minted-tkz-grapheur-doc-fr/0A1994DFEBD1FFDB293A1E1743D074B5581143835A309D86
0062BBFAAE80CD98.pygtex)
\openout5 = `tkz-grapheur-doc-fr.pyg'.


(./_minted-tkz-grapheur-doc-fr/2A9829A4F749DFC245AC3583189B5DC9581143835A309D86
0062BBFAAE80CD98.pygtex)
\openout5 = `tkz-grapheur-doc-fr.pyg'.


(./_minted-tkz-grapheur-doc-fr/C1501E55E3648FF65C7C8873523D7317581143835A309D86
0062BBFAAE80CD98.pygtex)
\openout5 = `tkz-grapheur-doc-fr.pyg'.


(./_minted-tkz-grapheur-doc-fr/D40B5588CA99C6B35994025F56451366581143835A309D86
0062BBFAAE80CD98.pygtex)
\openout5 = `tkz-grapheur-doc-fr.pyg'.


(./_minted-tkz-grapheur-doc-fr/C945EF8298AB17D59176B61FD10DD4F6581143835A309D86
0062BBFAAE80CD98.pygtex)
\openout5 = `tkz-grapheur-doc-fr.pyg'.


(./_minted-tkz-grapheur-doc-fr/7671BE608BC6B8765C3C8077B077E164581143835A309D86
0062BBFAAE80CD98.pygtex)
\openout5 = `tkz-grapheur-doc-fr.pyg'.


(./_minted-tkz-grapheur-doc-fr/D0543F4E7C6EDB92F2E459D2A8A4AB77581143835A309D86
0062BBFAAE80CD98.pygtex)
\openout5 = `tkz-grapheur-doc-fr.pyg'.


(./_minted-tkz-grapheur-doc-fr/CC33F7B4463511B6F8F08A797D4FB864581143835A309D86
0062BBFAAE80CD98.pygtex)
\openout5 = `tkz-grapheur-doc-fr.pyg'.


(./_minted-tkz-grapheur-doc-fr/DECE16CFB400985A5A0BD5518854FF23581143835A309D86
0062BBFAAE80CD98.pygtex)
\openout5 = `tkz-grapheur-doc-fr.pyg'.


(./_minted-tkz-grapheur-doc-fr/86BB850A53D20CA9CFA25A504A4A594D581143835A309D86
0062BBFAAE80CD98.pygtex)
\openout5 = `tkz-grapheur-doc-fr.pyg'.


(./_minted-tkz-grapheur-doc-fr/B4EECC011338AE07C5421A795084BF11581143835A309D86
0062BBFAAE80CD98.pygtex) [82]
\openout5 = `tkz-grapheur-doc-fr.pyg'.


(./_minted-tkz-grapheur-doc-fr/B8F5BC3E6F4C7872992096FBC46CE3CF581143835A309D86
0062BBFAAE80CD98.pygtex)
\openout5 = `tkz-grapheur-doc-fr.pyg'.


(./_minted-tkz-grapheur-doc-fr/AFB25C913F394FC76DEF9176BF1B94DE581143835A309D86
0062BBFAAE80CD98.pygtex)
\openout5 = `tkz-grapheur-doc-fr.pyg'.


(./_minted-tkz-grapheur-doc-fr/8AAA4B661723FDC5FFB1C1323F398263581143835A309D86
0062BBFAAE80CD98.pygtex)
\openout5 = `tkz-grapheur-doc-fr.pyg'.


(./_minted-tkz-grapheur-doc-fr/E34CB004E597B0E60B0900282F523259581143835A309D86
0062BBFAAE80CD98.pygtex)
\openout5 = `tkz-grapheur-doc-fr.pyg'.


(./_minted-tkz-grapheur-doc-fr/8AAA4B661723FDC5FFB1C1323F398263581143835A309D86
0062BBFAAE80CD98.pygtex)
\openout5 = `tkz-grapheur-doc-fr.pyg'.


(./_minted-tkz-grapheur-doc-fr/E34CB004E597B0E60B0900282F523259581143835A309D86
0062BBFAAE80CD98.pygtex)
\openout5 = `tkz-grapheur-doc-fr.pyg'.


(./_minted-tkz-grapheur-doc-fr/FFB4D84822E792623562F890A61311B7581143835A309D86
0062BBFAAE80CD98.pygtex)
\openout5 = `tkz-grapheur-doc-fr.pyg'.


(./_minted-tkz-grapheur-doc-fr/C1868C07E32B555A889EDD78AB998AD9581143835A309D86
0062BBFAAE80CD98.pygtex)
\openout5 = `tkz-grapheur-doc-fr.pyg'.


(./_minted-tkz-grapheur-doc-fr/BBB172E3FD63E950AB81121AD858F8CC581143835A309D86
0062BBFAAE80CD98.pygtex)
\openout5 = `tkz-grapheur-doc-fr.pyg'.


(./_minted-tkz-grapheur-doc-fr/2357D8A34047F9017D1034E9DAC2E136581143835A309D86
0062BBFAAE80CD98.pygtex)
\openout5 = `tkz-grapheur-doc-fr.pyg'.


(./_minted-tkz-grapheur-doc-fr/8391DB4EF9ED8509B972105FB6A30041581143835A309D86
0062BBFAAE80CD98.pygtex)
\openout5 = `tkz-grapheur-doc-fr.pyg'.


(./_minted-tkz-grapheur-doc-fr/73A2802083AE350B8780E37081DD9BDC581143835A309D86
0062BBFAAE80CD98.pygtex)
\openout5 = `tkz-grapheur-doc-fr.pyg'.


(./_minted-tkz-grapheur-doc-fr/6F48B964654E4CFC4248330BFCE5AE15581143835A309D86
0062BBFAAE80CD98.pygtex)
\openout5 = `tkz-grapheur-doc-fr.pyg'.


(./_minted-tkz-grapheur-doc-fr/F2A949B15229B1E20849021DACAE8161581143835A309D86
0062BBFAAE80CD98.pygtex)
\openout5 = `tkz-grapheur-doc-fr.pyg'.


(./_minted-tkz-grapheur-doc-fr/0B1B45220B33ED2EA30C33FDF751D32A581143835A309D86
0062BBFAAE80CD98.pygtex)
\openout5 = `tkz-grapheur-doc-fr.pyg'.


(./_minted-tkz-grapheur-doc-fr/6150D26FF397907120E02FA2703EE0AA581143835A309D86
0062BBFAAE80CD98.pygtex)
\openout5 = `tkz-grapheur-doc-fr.pyg'.


(./_minted-tkz-grapheur-doc-fr/8451DF982ED77B7E9766F97C31B0EC43581143835A309D86
0062BBFAAE80CD98.pygtex)
\openout5 = `tkz-grapheur-doc-fr.pyg'.


(./_minted-tkz-grapheur-doc-fr/07E059E152C5E0F6092CE4411C10311E581143835A309D86
0062BBFAAE80CD98.pygtex) [83]
\openout9 = `tkz-grapheur-doc-fr.listing'.


(./_minted-tkz-grapheur-doc-fr/065E6FD943047D4B5B050B240E0CD279ABC55964423910AF
2BA60955FACDFC97.pygtex)
\openout9 = `tkz-grapheur-doc-fr.listing'.


(./_minted-tkz-grapheur-doc-fr/BD6C91F5AE09C88BD3204C02D371DC7FABC55964423910AF
2BA60955FACDFC97.pygtex) [84]
Package pgfplots info on input line 3012: fill between: activating layered grap
hics
\pgf@layerbox@axis background=\box176
\pgf@layerboxsaved@axis background=\box177
\pgf@layerbox@axis grid=\box178
\pgf@layerboxsaved@axis grid=\box179
\pgf@layerbox@axis ticks=\box180
\pgf@layerboxsaved@axis ticks=\box181
\pgf@layerbox@axis lines=\box182
\pgf@layerboxsaved@axis lines=\box183
\pgf@layerbox@axis tick labels=\box184
\pgf@layerboxsaved@axis tick labels=\box185
\pgf@layerbox@pre main=\box186
\pgf@layerboxsaved@pre main=\box187
\pgf@layerbox@axis descriptions=\box188
\pgf@layerboxsaved@axis descriptions=\box189
\pgf@layerbox@axis foreground=\box190
\pgf@layerboxsaved@axis foreground=\box191
Package pgfplots info on input line 3012: Setting layers 'axis background,axis 
grid,axis ticks,axis lines,axis tick labels,pre main,main,axis descriptions,axi
s foreground'...
[85] [86] [87] (./tkz-grapheur-doc-fr.aux)
 ***********
LaTeX2e <2025-11-01>
L3 programming layer <2026-01-19>
 ***********
Package rerunfilecheck Info: File `tkz-grapheur-doc-fr.out' has not changed.
(rerunfilecheck)             Checksum: A6AED04035C308970F58199DA4B5AD18;17307.
Package rerunfilecheck Info: File `tkz-grapheur-doc-fr.hd' has not changed.
(rerunfilecheck)             Checksum: D41D8CD98F00B204E9800998ECF8427E;0.
runsystem(del tkz-grapheur-doc-fr.pyg)...executed.

 ) 
Here is how much of TeX's memory you used:
 69788 strings out of 467525
 1727906 string characters out of 5423209
 4228025 words of memory out of 5000000
 96988 multiletter control sequences out of 15000+600000
 658898 words of font info for 121 fonts, out of 8000000 for 9000
 1141 hyphenation exceptions out of 8191
 117i,12n,445p,2768b,2719s stack positions out of 10000i,1000n,20000p,200000b,200000s
<c:/texlive/2026/texmf-dist/fonts/type1/public/fontawesome5/FontAwesome5Free-
Solid.pfb><c:/texlive/2026/texmf-dist/fonts/type1/public/amsfonts/cm/cmex10.pfb
><c:/texlive/2026/texmf-dist/fonts/type1/public/amsfonts/cm/cmmi10.pfb><c:/texl
ive/2026/texmf-dist/fonts/type1/public/amsfonts/cm/cmmi12.pfb><c:/texlive/2026/
texmf-dist/fonts/type1/public/amsfonts/cm/cmmi6.pfb><c:/texlive/2026/texmf-dist
/fonts/type1/public/amsfonts/cm/cmmi8.pfb><c:/texlive/2026/texmf-dist/fonts/typ
e1/public/amsfonts/cm/cmmi9.pfb><c:/texlive/2026/texmf-dist/fonts/type1/public/
amsfonts/cm/cmr10.pfb><c:/texlive/2026/texmf-dist/fonts/type1/public/amsfonts/c
m/cmr12.pfb><c:/texlive/2026/texmf-dist/fonts/type1/public/amsfonts/cm/cmr6.pfb
><c:/texlive/2026/texmf-dist/fonts/type1/public/amsfonts/cm/cmr7.pfb><c:/texliv
e/2026/texmf-dist/fonts/type1/public/amsfonts/cm/cmr8.pfb><c:/texlive/2026/texm
f-dist/fonts/type1/public/amsfonts/cm/cmr9.pfb><c:/texlive/2026/texmf-dist/font
s/type1/public/amsfonts/cm/cmsy10.pfb><c:/texlive/2026/texmf-dist/fonts/type1/p
ublic/amsfonts/cm/cmsy6.pfb><c:/texlive/2026/texmf-dist/fonts/type1/public/amsf
onts/cm/cmsy8.pfb><c:/texlive/2026/texmf-dist/fonts/type1/public/amsfonts/symbo
ls/msam10.pfb><c:/texlive/2026/texmf-dist/fonts/type1/public/cm-super/sfbx1095.
pfb><c:/texlive/2026/texmf-dist/fonts/type1/public/cm-super/sfbx1200.pfb><c:/te
xlive/2026/texmf-dist/fonts/type1/public/cm-super/sfbx1440.pfb><c:/texlive/2026
/texmf-dist/fonts/type1/public/cm-super/sfit0900.pfb><c:/texlive/2026/texmf-dis
t/fonts/type1/public/cm-super/sfit1000.pfb><c:/texlive/2026/texmf-dist/fonts/ty
pe1/public/cm-super/sfrm0600.pfb><c:/texlive/2026/texmf-dist/fonts/type1/public
/cm-super/sfrm0800.pfb><c:/texlive/2026/texmf-dist/fonts/type1/public/cm-super/
sfrm0900.pfb><c:/texlive/2026/texmf-dist/fonts/type1/public/cm-super/sfrm1000.p
fb><c:/texlive/2026/texmf-dist/fonts/type1/public/cm-super/sfrm1095.pfb><c:/tex
live/2026/texmf-dist/fonts/type1/public/cm-super/sfrm1728.pfb><c:/texlive/2026/
texmf-dist/fonts/type1/public/cm-super/sfsi1728.pfb><c:/texlive/2026/texmf-dist
/fonts/type1/public/cm-super/sfss1000.pfb><c:/texlive/2026/texmf-dist/fonts/typ
e1/public/cm-super/sfss1095.pfb><c:/texlive/2026/texmf-dist/fonts/type1/public/
cm-super/sfss1728.pfb><c:/texlive/2026/texmf-dist/fonts/type1/public/cm-super/s
fti1095.pfb><c:/texlive/2026/texmf-dist/fonts/type1/public/cm-super/sftt0800.pf
b><c:/texlive/2026/texmf-dist/fonts/type1/public/cm-super/sftt0900.pfb><c:/texl
ive/2026/texmf-dist/fonts/type1/public/cm-super/sftt1000.pfb><c:/texlive/2026/t
exmf-dist/fonts/type1/public/cm-super/sftt1095.pfb><c:/texlive/2026/texmf-dist/
fonts/type1/public/cm-super/sftt1200.pfb><c:/texlive/2026/texmf-dist/fonts/type
1/public/cm-super/sftt2488.pfb>
Output written on tkz-grapheur-doc-fr.pdf (87 pages, 1782701 bytes).
PDF statistics:
 1181 PDF objects out of 1200 (max. 8388607)
 994 compressed objects within 10 object streams
 175 named destinations out of 1000 (max. 500000)
 657 words of extra memory for PDF output out of 10000 (max. 10000000)

