\BOOKMARK [0][-]{part.1}{\376\377\000I\000\040\000I\000n\000t\000r\000o\000d\000u\000c\000t\000i\000o\000n}{}% 1
\BOOKMARK [1][-]{section.1}{\376\377\000L\000e\000\040\000p\000a\000c\000k\000a\000g\000e\000\040\000P\000r\000o\000f\000L\000y\000c\000e\000e}{part.1}% 2
\BOOKMARK [2][-]{subsection.1.1}{\376\377\000\253\000\040\000P\000h\000i\000l\000o\000s\000o\000p\000h\000i\000e\000\040\000\273\000\040\000d\000u\000\040\000p\000a\000c\000k\000a\000g\000e}{section.1}% 3
\BOOKMARK [2][-]{subsection.1.2}{\376\377\000C\000h\000a\000r\000g\000e\000m\000e\000n\000t\000\040\000d\000u\000\040\000p\000a\000c\000k\000a\000g\000e}{section.1}% 4
\BOOKMARK [2][-]{subsection.1.3}{\376\377\000L\000i\000b\000r\000a\000i\000r\000i\000e\000s}{section.1}% 5
\BOOKMARK [2][-]{subsection.1.4}{\376\377\000G\000e\000s\000t\000i\000o\000n\000\040\000d\000e\000s\000\040\000f\000o\000n\000t\000e\000s}{section.1}% 6
\BOOKMARK [2][-]{subsection.1.5}{\376\377\000G\000e\000s\000t\000i\000o\000n\000\040\000d\000e\000\040\000s\000i\000u\000n\000i\000t\000x}{section.1}% 7
\BOOKMARK [2][-]{subsection.1.6}{\376\377\000G\000e\000s\000t\000i\000o\000n\000\040\000d\000e\000\040\000b\000a\000b\000e\000l}{section.1}% 8
\BOOKMARK [2][-]{subsection.1.7}{\376\377\000G\000e\000s\000t\000i\000o\000n\000\040\000d\000e\000\040\000f\000o\000n\000t\000a\000w\000e\000s\000o\000m\000e}{section.1}% 9
\BOOKMARK [2][-]{subsection.1.8}{\376\377\000G\000e\000s\000t\000i\000o\000n\000\040\000d\000e\000\040\000c\000a\000n\000c\000e\000l}{section.1}% 10
\BOOKMARK [1][-]{section.2}{\376\377\000C\000o\000m\000p\000l\000\351\000m\000e\000n\000t\000s}{part.1}% 11
\BOOKMARK [2][-]{subsection.2.1}{\376\377\000S\000u\000p\000p\000o\000r\000t\000\040\000m\000u\000l\000t\000i\000l\000a\000n\000g\000u\000e\000s}{section.2}% 12
\BOOKMARK [2][-]{subsection.2.2}{\376\377\000L\000e\000\040\000s\000y\000s\000t\000\350\000m\000e\000\040\000d\000e\000\040\000\253\000\040\000c\000l\000\351\000s\000/\000o\000p\000t\000i\000o\000n\000s\000\040\000\273}{section.2}% 13
\BOOKMARK [2][-]{subsection.2.3}{\376\377\000C\000o\000m\000p\000i\000l\000a\000t\000e\000u\000r\000\050\000s\000\051}{section.2}% 14
\BOOKMARK [2][-]{subsection.2.4}{\376\377\000P\000r\000o\000b\000l\000\350\000m\000e\000s\000\040\000\351\000v\000e\000n\000t\000u\000e\000l\000s\040\046}{section.2}% 15
\BOOKMARK [2][-]{subsection.2.5}{\376\377\000V\000e\000r\000s\000i\000o\000n\000\040\000a\000l\000l\000\351\000g\000\351\000e}{section.2}% 16
\BOOKMARK [2][-]{subsection.2.6}{\376\377\000A\000l\000i\000a\000s\000\040\000d\000e\000\040\000c\000o\000m\000m\000a\000n\000d\000e\000s\000\040\000\050\000e\000n\000\040\000t\000e\000s\000t\000\051}{section.2}% 17
\BOOKMARK [0][-]{part.2}{\376\377\000I\000I\000\040\000L\000i\000s\000t\000e\000\040\000d\000e\000s\000\040\000c\000o\000m\000m\000a\000n\000d\000e\000s\000,\000\040\000p\000a\000r\000\040\000t\000h\000\350\000m\000e}{}% 18
\BOOKMARK [0][-]{part.3}{\376\377\000I\000I\000I\000\040\000\311\000c\000r\000i\000t\000u\000r\000e\000s\000\040\000d\000'\000o\000b\000j\000e\000t\000s\000\040\000m\000a\000t\000h\000\351\000m\000a\000t\000i\000q\000u\000e\000s}{}% 19
\BOOKMARK [1][-]{section.3}{\376\377\000C\000o\000m\000m\000a\000n\000d\000e\000\040\000s\000p\000\351\000c\000i\000f\000i\000q\000u\000e\000\040\000d\000e\000\040\000c\000a\000l\000c\000u\000l\000/\000f\000o\000r\000m\000a\000t\000a\000g\000e}{part.3}% 20
\BOOKMARK [1][-]{section.4}{\376\377\000C\000o\000m\000m\000a\000n\000d\000e\000s}{part.3}% 21
\BOOKMARK [2][-]{subsection.4.1}{\376\377\000A\000r\000r\000o\000n\000d\000i}{section.4}% 22
\BOOKMARK [2][-]{subsection.4.2}{\376\377\000U\000n\000i\000t\000\351\000s\000\040\000s\000i\000m\000p\000l\000i\000f\000i\000\351\000e\000s}{section.4}% 23
\BOOKMARK [2][-]{subsection.4.3}{\376\377\000E\000n\000s\000e\000m\000b\000l\000e\000s\000\040\000e\000t\000\040\000i\000n\000t\000e\000r\000v\000a\000l\000l\000e\000s}{section.4}% 24
\BOOKMARK [2][-]{subsection.4.4}{\376\377\000R\000e\000p\000\350\000r\000e\000s\000\040\000e\000t\000\040\000c\000o\000o\000r\000d\000o\000n\000n\000\351\000e\000s}{section.4}% 25
\BOOKMARK [2][-]{subsection.4.5}{\376\377\000V\000a\000l\000e\000u\000r\000\040\000a\000b\000s\000o\000l\000u\000e\000/\000m\000o\000d\000u\000l\000e\000\040\000e\000t\000\040\000n\000o\000r\000m\000e}{section.4}% 26
\BOOKMARK [2][-]{subsection.4.6}{\376\377\000D\000i\000v\000e\000r\000s}{section.4}% 27
\BOOKMARK [2][-]{subsection.4.7}{\376\377\000P\000r\000o\000b\000a\000b\000i\000l\000i\000t\000\351\000s}{section.4}% 28
\BOOKMARK [2][-]{subsection.4.8}{\376\377\000I\000n\000t\000e\000r\000v\000a\000l\000l\000e\000\040\000d\000e\000\040\000c\000o\000n\000f\000i\000a\000n\000c\000e\000,\000\040\000i\000n\000t\000e\000r\000v\000a\000l\000l\000e\000\040\000d\000e\000\040\000f\000l\000u\000c\000t\000u\000a\000t\000i\000o\000n}{section.4}% 29
\BOOKMARK [1][-]{section.5}{\376\377\000C\000o\000l\000l\000e\000c\000t\000i\000o\000n\000\040\000d\000'\000o\000b\000j\000e\000t\000s}{part.3}% 30
\BOOKMARK [2][-]{subsection.5.1}{\376\377\000I\000d\000\351\000e}{section.5}% 31
\BOOKMARK [2][-]{subsection.5.2}{\376\377\000C\000o\000m\000m\000a\000n\000d\000e\000\040\000e\000t\000\040\000o\000p\000t\000i\000o\000n\000s}{section.5}% 32
\BOOKMARK [0][-]{part.4}{\376\377\000I\000V\000\040\000O\000u\000t\000i\000l\000s\000\040\000p\000o\000u\000r\000\040\000l\000'\000a\000n\000a\000l\000y\000s\000e}{}% 33
\BOOKMARK [1][-]{section.6}{\376\377\000M\000a\000x\000i\000m\000u\000m\000,\000\040\000m\000i\000n\000i\000m\000u\000m\000\040\000d\000'\000u\000n\000e\000\040\000f\000o\000n\000c\000t\000i\000o\000n}{part.4}% 34
\BOOKMARK [1][-]{section.7}{\376\377\000R\000\351\000s\000o\000l\000u\000t\000i\000o\000n\000\040\000a\000p\000p\000r\000o\000c\000h\000\351\000e\000\040\000d\000'\000u\000n\000e\000\040\000\351\000q\000u\000a\000t\000i\000o\000n}{part.4}% 35
\BOOKMARK [2][-]{subsection.7.1}{\376\377\000I\000d\000\351\000e}{section.7}% 36
\BOOKMARK [2][-]{subsection.7.2}{\376\377\000C\000l\000\351\000s\000\040\000e\000t\000\040\000o\000p\000t\000i\000o\000n\000s}{section.7}% 37
\BOOKMARK [1][-]{section.8}{\376\377\000P\000r\000\351\000s\000e\000n\000t\000a\000t\000i\000o\000n\000\040\000d\000'\000u\000n\000e\000\040\000s\000o\000l\000u\000t\000i\000o\000n\000\040\000d\000'\000\351\000q\000u\000a\000t\000i\000o\000n\000\040\000p\000a\000r\000\040\000b\000a\000l\000a\000y\000a\000g\000e}{part.4}% 38
\BOOKMARK [2][-]{subsection.8.1}{\376\377\000I\000d\000\351\000e}{section.8}% 39
\BOOKMARK [2][-]{subsection.8.2}{\376\377\000C\000l\000\351\000s\000\040\000e\000t\000\040\000a\000r\000g\000u\000m\000e\000n\000t\000s}{section.8}% 40
\BOOKMARK [2][-]{subsection.8.3}{\376\377\000I\000n\000t\000e\000r\000a\000c\000t\000i\000o\000n\000\040\000a\000v\000e\000c\000\040\000l\000a\000\040\000c\000o\000m\000m\000a\000n\000d\000e\000\040\000d\000e\000\040\000r\000\351\000s\000o\000l\000u\000t\000i\000o\000n\000\040\000a\000p\000p\000r\000o\000c\000h\000\351\000e}{section.8}% 41
\BOOKMARK [1][-]{section.9}{\376\377\000S\000u\000i\000t\000e\000s\000\040\000r\000\351\000c\000u\000r\000r\000e\000n\000t\000e\000s\000\040\000s\000i\000m\000p\000l\000e\000s}{part.4}% 42
\BOOKMARK [2][-]{subsection.9.1}{\376\377\000I\000d\000\351\000e\000s}{section.9}% 43
\BOOKMARK [2][-]{subsection.9.2}{\376\377\000C\000l\000\351\000s\000\040\000e\000t\000\040\000a\000r\000g\000u\000m\000e\000n\000t\000s}{section.9}% 44
\BOOKMARK [2][-]{subsection.9.3}{\376\377\000E\000x\000e\000m\000p\000l\000e\000\040\000d\000'\000u\000t\000i\000l\000i\000s\000a\000t\000i\000o\000n}{section.9}% 45
\BOOKMARK [1][-]{section.10}{\376\377\000V\000a\000l\000e\000u\000r\000\040\000a\000p\000p\000r\000o\000c\000h\000\351\000e\000\040\000d\000'\000u\000n\000e\000\040\000i\000n\000t\000\351\000g\000r\000a\000l\000e}{part.4}% 46
\BOOKMARK [2][-]{subsection.10.1}{\376\377\000I\000d\000\351\000e}{section.10}% 47
\BOOKMARK [2][-]{subsection.10.2}{\376\377\000C\000l\000\351\000s\000\040\000e\000t\000\040\000a\000r\000g\000u\000m\000e\000n\000t\000s}{section.10}% 48
\BOOKMARK [2][-]{subsection.10.3}{\376\377\000E\000x\000e\000m\000p\000l\000e\000s}{section.10}% 49
\BOOKMARK [2][-]{subsection.10.4}{\376\377\000C\000o\000m\000m\000a\000n\000d\000e\000\040\000s\000i\000m\000p\000l\000i\000f\000i\000\351\000e}{section.10}% 50
\BOOKMARK [1][-]{section.11}{\376\377\000F\000o\000r\000m\000e\000\040\000c\000a\000n\000o\000n\000i\000q\000u\000e\000,\000\040\000f\000o\000n\000c\000t\000i\000o\000n\000\040\000h\000o\000m\000o\000g\000r\000a\000p\000h\000i\000q\000u\000e}{part.4}% 51
\BOOKMARK [2][-]{subsection.11.1}{\376\377\000I\000d\000\351\000e}{section.11}% 52
\BOOKMARK [2][-]{subsection.11.2}{\376\377\000F\000o\000r\000m\000e\000\040\000c\000a\000n\000o\000n\000i\000q\000u\000e}{section.11}% 53
\BOOKMARK [2][-]{subsection.11.3}{\376\377\000F\000o\000n\000c\000t\000i\000o\000n\000\040\000h\000o\000m\000o\000g\000r\000a\000p\000h\000i\000q\000u\000e}{section.11}% 54
\BOOKMARK [0][-]{part.5}{\376\377\000V\000\040\000O\000u\000t\000i\000l\000s\000\040\000g\000r\000a\000p\000h\000i\000q\000u\000e\000s}{}% 55
\BOOKMARK [1][-]{section.12}{\376\377\000P\000r\000\351\000a\000m\000b\000u\000l\000e}{part.5}% 56
\BOOKMARK [1][-]{section.13}{\376\377\000I\000n\000t\000e\000r\000v\000a\000l\000l\000e\000s}{part.5}% 57
\BOOKMARK [2][-]{subsection.13.1}{\376\377\000I\000d\000\351\000e}{section.13}% 58
\BOOKMARK [2][-]{subsection.13.2}{\376\377\000C\000r\000\351\000a\000t\000i\000o\000n\000\040\000d\000e\000\040\000l\000'\000e\000n\000v\000i\000r\000o\000n\000n\000e\000m\000e\000n\000t}{section.13}% 59
\BOOKMARK [2][-]{subsection.13.3}{\376\377\000R\000e\000p\000r\000\351\000s\000e\000n\000t\000a\000t\000i\000o\000n\000\040\000d\000'\000i\000n\000t\000e\000r\000v\000a\000l\000l\000e\000s}{section.13}% 60
\BOOKMARK [1][-]{section.14}{\376\377\000R\000e\000p\000\351\000r\000a\000g\000e\000\040\000e\000t\000\040\000t\000r\000a\000c\000\351\000\040\000d\000e\000\040\000c\000o\000u\000r\000b\000e\000s}{part.5}% 61
\BOOKMARK [2][-]{subsection.14.1}{\376\377\000I\000d\000\351\000e}{section.14}% 62
\BOOKMARK [2][-]{subsection.14.2}{\376\377\000C\000o\000m\000m\000a\000n\000d\000e\000s\000,\000\040\000c\000l\000\351\000s\000\040\000e\000t\000\040\000o\000p\000t\000i\000o\000n\000s}{section.14}% 63
\BOOKMARK [2][-]{subsection.14.3}{\376\377\000C\000o\000m\000m\000a\000n\000d\000e\000s\000\040\000a\000n\000n\000e\000x\000e\000s}{section.14}% 64
\BOOKMARK [2][-]{subsection.14.4}{\376\377\000R\000e\000p\000\350\000r\000e\000\040\000n\000o\000n\000\040\000c\000e\000n\000t\000r\000\351\000\040\000e\000n\000\040\000O}{section.14}% 65
\BOOKMARK [2][-]{subsection.14.5}{\376\377\000U\000t\000i\000l\000i\000s\000a\000t\000i\000o\000n\000\040\000d\000e\000\040\000x\000i\000n\000t\000\040\000p\000o\000u\000r\000\040\000d\000e\000s\000\040\000c\000o\000u\000r\000b\000e\000s}{section.14}% 66
\BOOKMARK [1][-]{section.15}{\376\377\000L\000'\000o\000u\000t\000i\000l\000\040\000\253\000\040\000S\000p\000l\000i\000n\000e\000T\000i\000k\000z\000\040\000\273}{part.5}% 67
\BOOKMARK [2][-]{subsection.15.1}{\376\377\000C\000o\000u\000r\000b\000e\000\040\000d\000'\000i\000n\000t\000e\000r\000p\000o\000l\000a\000t\000i\000o\000n}{section.15}% 68
\BOOKMARK [2][-]{subsection.15.2}{\376\377\000C\000o\000d\000e\000,\000\040\000c\000l\000\351\000s\000\040\000e\000t\000\040\000o\000p\000t\000i\000o\000n\000s}{section.15}% 69
\BOOKMARK [2][-]{subsection.15.3}{\376\377\000C\000o\000m\000p\000l\000\351\000m\000e\000n\000t\000s\000\040\000s\000u\000r\000\040\000l\000e\000s\000\040\000c\000o\000e\000f\000f\000i\000c\000i\000e\000n\000t\000s\000\040\000d\000e\000\040\000\253\000\040\000c\000o\000m\000p\000e\000n\000s\000a\000t\000i\000o\000n\000\040\000\273}{section.15}% 70
\BOOKMARK [2][-]{subsection.15.4}{\376\377\000E\000x\000e\000m\000p\000l\000e\000s}{section.15}% 71
\BOOKMARK [2][-]{subsection.15.5}{\376\377\000A\000v\000e\000c\000\040\000u\000n\000e\000\040\000g\000e\000s\000t\000i\000o\000n\000\040\000p\000l\000u\000s\000\040\000f\000i\000n\000e\000\040\000d\000e\000s\000\040\000\253\000\040\000c\000o\000e\000f\000f\000i\000c\000i\000e\000n\000t\000s\000\040\000\273}{section.15}% 72
\BOOKMARK [2][-]{subsection.15.6}{\376\377\000C\000o\000n\000c\000l\000u\000s\000i\000o\000n}{section.15}% 73
\BOOKMARK [1][-]{section.16}{\376\377\000G\000\351\000n\000\351\000r\000a\000t\000i\000o\000n\000\040\000d\000e\000\040\000l\000a\000\040\000c\000o\000u\000r\000b\000e\000\040\000d\000'\000i\000n\000t\000e\000r\000p\000o\000l\000a\000t\000i\000o\000n}{part.5}% 74
\BOOKMARK [2][-]{subsection.16.1}{\376\377\000I\000n\000t\000r\000o}{section.16}% 75
\BOOKMARK [2][-]{subsection.16.2}{\376\377\000E\000x\000e\000m\000p\000l\000e\000s\000\040\000e\000t\000\040\000i\000l\000l\000u\000s\000t\000r\000a\000t\000i\000o\000n\000s}{section.16}% 76
\BOOKMARK [1][-]{section.17}{\376\377\000L\000'\000o\000u\000t\000i\000l\000\040\000\253\000\040\000T\000a\000n\000g\000e\000n\000t\000e\000T\000i\000k\000z\000\040\000\273}{part.5}% 77
\BOOKMARK [2][-]{subsection.17.1}{\376\377\000D\000\351\000f\000i\000n\000i\000t\000i\000o\000n\000s}{section.17}% 78
\BOOKMARK [2][-]{subsection.17.2}{\376\377\000E\000x\000e\000m\000p\000l\000e\000\040\000e\000t\000\040\000i\000l\000l\000u\000s\000t\000r\000a\000t\000i\000o\000n}{section.17}% 79
\BOOKMARK [2][-]{subsection.17.3}{\376\377\000E\000x\000e\000m\000p\000l\000e\000\040\000a\000v\000e\000c\000\040\000l\000e\000s\000\040\000d\000e\000u\000x\000\040\000o\000u\000t\000i\000l\000s\000,\000\040\000e\000t\000\040\000\253\000\040\000p\000e\000r\000s\000o\000n\000n\000a\000l\000i\000s\000a\000t\000i\000o\000n\000\040\000\273}{section.17}% 80
\BOOKMARK [1][-]{section.18}{\376\377\000P\000o\000i\000n\000t\000s\000\040\000d\000e\000\040\000d\000i\000s\000c\000o\000n\000t\000i\000n\000u\000i\000t\000\351}{part.5}% 81
\BOOKMARK [2][-]{subsection.18.1}{\376\377\000I\000d\000\351\000e}{section.18}% 82
\BOOKMARK [2][-]{subsection.18.2}{\376\377\000C\000o\000m\000m\000a\000n\000d\000e\000s}{section.18}% 83
\BOOKMARK [2][-]{subsection.18.3}{\376\377\000E\000x\000e\000m\000p\000l\000e\000s}{section.18}% 84
\BOOKMARK [1][-]{section.19}{\376\377\000P\000e\000t\000i\000t\000s\000\040\000s\000c\000h\000\351\000m\000a\000s\000\040\000p\000o\000u\000r\000\040\000l\000e\000\040\000s\000i\000g\000n\000e\000\040\000d\000e\000\040\000f\000o\000n\000c\000t\000i\000o\000n\000s\000\040\000c\000l\000a\000s\000s\000i\000q\000u\000e\000s}{part.5}% 85
\BOOKMARK [2][-]{subsection.19.1}{\376\377\000I\000d\000\351\000e}{section.19}% 86
\BOOKMARK [2][-]{subsection.19.2}{\376\377\000C\000o\000m\000m\000a\000n\000d\000e\000s}{section.19}% 87
\BOOKMARK [2][-]{subsection.19.3}{\376\377\000I\000n\000t\000\351\000g\000r\000a\000t\000i\000o\000n\000\040\000a\000v\000e\000c\000\040\000t\000k\000z\000-\000t\000a\000b}{section.19}% 88
\BOOKMARK [1][-]{section.20}{\376\377\000L\000i\000g\000n\000e\000\040\000d\000e\000\040\000c\000o\000n\000v\000e\000x\000i\000t\000\351\000\040\000e\000n\000\040\000l\000i\000e\000n\000\040\000a\000v\000e\000c\000\040\000t\000k\000z\000-\000t\000a\000b}{part.5}% 89
\BOOKMARK [2][-]{subsection.20.1}{\376\377\000I\000d\000\351\000e}{section.20}% 90
\BOOKMARK [2][-]{subsection.20.2}{\376\377\000C\000o\000m\000m\000a\000n\000d\000e}{section.20}% 91
\BOOKMARK [1][-]{section.21}{\376\377\000S\000u\000i\000t\000e\000s\000\040\000r\000\351\000c\000u\000r\000r\000e\000n\000t\000e\000s\000\040\000e\000t\000\040\000\253\000\040\000t\000o\000i\000l\000e\000\040\000\273}{part.5}% 92
\BOOKMARK [2][-]{subsection.21.1}{\376\377\000I\000d\000\351\000e}{section.21}% 93
\BOOKMARK [2][-]{subsection.21.2}{\376\377\000C\000o\000m\000m\000a\000n\000d\000e\000s}{section.21}% 94
\BOOKMARK [2][-]{subsection.21.3}{\376\377\000E\000x\000e\000m\000p\000l\000e\000s}{section.21}% 95
\BOOKMARK [2][-]{subsection.21.4}{\376\377\000I\000n\000f\000l\000u\000e\000n\000c\000e\000\040\000d\000e\000s\000\040\000p\000a\000r\000a\000m\000\350\000t\000r\000e\000s}{section.21}% 96
\BOOKMARK [1][-]{section.22}{\376\377\000M\000\351\000t\000h\000o\000d\000e\000s\000\040\000g\000r\000a\000p\000h\000i\000q\000u\000e\000s\000\040\000e\000t\000\040\000i\000n\000t\000\351\000g\000r\000a\000l\000e\000s}{part.5}% 97
\BOOKMARK [2][-]{subsection.22.1}{\376\377\000I\000d\000\351\000e\000s}{section.22}% 98
\BOOKMARK [2][-]{subsection.22.2}{\376\377\000I\000n\000t\000\351\000g\000r\000a\000l\000e\000s\000\040\000s\000i\000m\000p\000l\000e\000s}{section.22}% 99
\BOOKMARK [2][-]{subsection.22.3}{\376\377\000C\000l\000\351\000s\000\040\000e\000t\000\040\000a\000r\000g\000u\000m\000e\000n\000t\000s\000\040\000p\000o\000u\000r\000\040\000l\000e\000s\000\040\000m\000\351\000t\000h\000o\000d\000e\000s\000\040\000a\000p\000p\000r\000o\000c\000h\000\351\000e\000s}{section.22}% 100
\BOOKMARK [2][-]{subsection.22.4}{\376\377\000E\000x\000e\000m\000p\000l\000e\000s}{section.22}% 101
\BOOKMARK [0][-]{part.6}{\376\377\000V\000I\000\040\000P\000r\000\351\000s\000e\000n\000t\000a\000t\000i\000o\000n\000\040\000d\000e\000\040\000c\000o\000d\000e\000s}{}% 102
\BOOKMARK [1][-]{section.23}{\376\377\000P\000r\000\351\000c\000a\000u\000t\000i\000o\000n\000s}{part.6}% 103
\BOOKMARK [1][-]{section.24}{\376\377\000C\000o\000d\000e\000\040\000P\000y\000t\000h\000o\000n\000\040\000\253\000\040\000s\000i\000m\000p\000l\000e\000\040\000\273\000\040\000v\000i\000a\000\040\000l\000e\000\040\000p\000a\000c\000k\000a\000g\000e\000\040\000l\000i\000s\000t\000i\000n\000g\000s}{part.6}% 104
\BOOKMARK [2][-]{subsection.24.1}{\376\377\000I\000n\000t\000r\000o\000d\000u\000c\000t\000i\000o\000n}{section.24}% 105
\BOOKMARK [2][-]{subsection.24.2}{\376\377\000C\000o\000m\000m\000a\000n\000d\000e\000\040\000e\000t\000\040\000o\000p\000t\000i\000o\000n\000s}{section.24}% 106
\BOOKMARK [2][-]{subsection.24.3}{\376\377\000I\000n\000s\000e\000r\000t\000i\000o\000n\000\040\000v\000i\000a\000\040\000u\000n\000\040\000f\000i\000c\000h\000i\000e\000r\000\040\000\253\000\040\000e\000x\000t\000e\000r\000n\000e\000\040\000\273}{section.24}% 107
\BOOKMARK [2][-]{subsection.24.4}{\376\377\000E\000x\000e\000m\000p\000l\000e\000s}{section.24}% 108
\BOOKMARK [1][-]{section.25}{\376\377\000C\000o\000d\000e\000\040\000P\000y\000t\000h\000o\000n\000\040\000v\000i\000a\000\040\000l\000e\000\040\000p\000a\000c\000k\000a\000g\000e\000\040\000p\000i\000t\000o\000n}{part.6}% 109
\BOOKMARK [2][-]{subsection.25.1}{\376\377\000I\000n\000t\000r\000o\000d\000u\000c\000t\000i\000o\000n}{section.25}% 110
\BOOKMARK [2][-]{subsection.25.2}{\376\377\000P\000r\000\351\000s\000e\000n\000t\000a\000t\000i\000o\000n\000\040\000d\000e\000\040\000c\000o\000d\000e\000\040\000P\000y\000t\000h\000o\000n}{section.25}% 111
\BOOKMARK [2][-]{subsection.25.3}{\376\377\000C\000o\000n\000s\000o\000l\000e\000\040\000e\000n\000\040\000p\000a\000r\000t\000e\000n\000a\000r\000i\000a\000t\000\040\000a\000v\000e\000c\000\040\000P\000y\000l\000u\000a\000t\000e\000x}{section.25}% 112
\BOOKMARK [1][-]{section.26}{\376\377\000C\000o\000d\000e\000\040\000\046\000\040\000C\000o\000n\000s\000o\000l\000e\000\040\000P\000y\000t\000h\000o\000n\000,\000\040\000v\000i\000a\000\040\000l\000e\000\040\000p\000a\000c\000k\000a\000g\000e\000\040\000P\000y\000t\000h\000o\000n\000t\000e\000x}{part.6}% 113
\BOOKMARK [2][-]{subsection.26.1}{\376\377\000L\000i\000b\000r\000a\000i\000r\000i\000e\000s}{section.26}% 114
\BOOKMARK [2][-]{subsection.26.2}{\376\377\000I\000n\000t\000r\000o\000d\000u\000c\000t\000i\000o\000n}{section.26}% 115
\BOOKMARK [2][-]{subsection.26.3}{\376\377\000P\000r\000\351\000s\000e\000n\000t\000a\000t\000i\000o\000n\000\040\000d\000e\000\040\000c\000o\000d\000e\000\040\000P\000y\000t\000h\000o\000n\000\040\000g\000r\000\342\000c\000e\000\040\000a\000u\000\040\000p\000a\000c\000k\000a\000g\000e\000\040\000p\000y\000t\000h\000o\000n\000t\000e\000x}{section.26}% 116
\BOOKMARK [2][-]{subsection.26.4}{\376\377\000C\000o\000n\000s\000o\000l\000e\000\040\000d\000'\000e\000x\000\351\000c\000u\000t\000i\000o\000n\000\040\000P\000y\000t\000h\000o\000n}{section.26}% 117
\BOOKMARK [1][-]{section.27}{\376\377\000P\000s\000e\000u\000d\000o\000-\000C\000o\000d\000e}{part.6}% 118
\BOOKMARK [2][-]{subsection.27.1}{\376\377\000I\000n\000t\000r\000o\000d\000u\000c\000t\000i\000o\000n}{section.27}% 119
\BOOKMARK [2][-]{subsection.27.2}{\376\377\000P\000r\000\351\000s\000e\000n\000t\000a\000t\000i\000o\000n\000\040\000d\000e\000\040\000P\000s\000e\000u\000d\000o\000-\000C\000o\000d\000e}{section.27}% 120
\BOOKMARK [2][-]{subsection.27.3}{\376\377\000C\000o\000m\000p\000l\000\351\000m\000e\000n\000t\000s}{section.27}% 121
\BOOKMARK [1][-]{section.28}{\376\377\000P\000s\000e\000u\000d\000o\000C\000o\000d\000e\000\040\000v\000i\000a\000\040\000l\000e\000\040\000p\000a\000c\000k\000a\000g\000e\000\040\000p\000i\000t\000o\000n}{part.6}% 122
\BOOKMARK [2][-]{subsection.28.1}{\376\377\000I\000n\000t\000r\000o\000d\000u\000c\000t\000i\000o\000n}{section.28}% 123
\BOOKMARK [2][-]{subsection.28.2}{\376\377\000P\000r\000\351\000s\000e\000n\000t\000a\000t\000i\000o\000n\000\040\000d\000e\000\040\000P\000s\000e\000u\000d\000o\000C\000o\000d\000e}{section.28}% 124
\BOOKMARK [2][-]{subsection.28.3}{\376\377\000E\000x\000e\000m\000p\000l\000e\000s}{section.28}% 125
\BOOKMARK [1][-]{section.29}{\376\377\000C\000o\000d\000e\000\040\000e\000t\000\040\000c\000o\000n\000s\000o\000l\000e\000\040\000P\000y\000t\000h\000o\000n\000,\000\040\000\340\000\040\000l\000a\000\040\000m\000a\000n\000i\000\350\000r\000e\000\040\000d\000e\000\040\000T\000h\000o\000n\000n\000y}{part.6}% 126
\BOOKMARK [2][-]{subsection.29.1}{\376\377\000I\000n\000t\000r\000o\000d\000u\000c\000t\000i\000o\000n}{section.29}% 127
\BOOKMARK [2][-]{subsection.29.2}{\376\377\000P\000r\000\351\000s\000e\000n\000t\000a\000t\000i\000o\000n\000\040\000d\000e\000\040\000c\000o\000d\000e\000,\000\040\000s\000t\000y\000l\000e\000\040\000\351\000d\000i\000t\000e\000u\000r}{section.29}% 128
\BOOKMARK [2][-]{subsection.29.3}{\376\377\000P\000r\000\351\000s\000e\000n\000t\000a\000t\000i\000o\000n\000\040\000d\000e\000\040\000c\000o\000d\000e\000,\000\040\000s\000t\000y\000l\000e\000\040\000c\000o\000n\000s\000o\000l\000e}{section.29}% 129
\BOOKMARK [2][-]{subsection.29.4}{\376\377\000E\000x\000e\000m\000p\000l\000e}{section.29}% 130
\BOOKMARK [1][-]{section.30}{\376\377\000C\000a\000r\000t\000o\000u\000c\000h\000e\000\040\000C\000a\000p\000y\000t\000a\000l\000e}{part.6}% 131
\BOOKMARK [2][-]{subsection.30.1}{\376\377\000I\000n\000t\000r\000o\000d\000u\000c\000t\000i\000o\000n}{section.30}% 132
\BOOKMARK [2][-]{subsection.30.2}{\376\377\000C\000o\000m\000m\000a\000n\000d\000e\000s}{section.30}% 133
\BOOKMARK [1][-]{section.31}{\376\377\000P\000r\000\351\000s\000e\000n\000t\000a\000t\000i\000o\000n\000\040\000d\000e\000\040\000c\000o\000d\000e\000\040\000L\000a\000T\000e\000X}{part.6}% 134
\BOOKMARK [2][-]{subsection.31.1}{\376\377\000I\000n\000t\000r\000o\000d\000u\000c\000t\000i\000o\000n}{section.31}% 135
\BOOKMARK [2][-]{subsection.31.2}{\376\377\000C\000o\000m\000m\000a\000n\000d\000e\000s}{section.31}% 136
\BOOKMARK [0][-]{part.7}{\376\377\000V\000I\000I\000\040\000O\000u\000t\000i\000l\000s\000\040\000p\000o\000u\000r\000\040\000l\000a\000\040\000g\000\351\000o\000m\000\351\000t\000r\000i\000e}{}% 137
\BOOKMARK [1][-]{section.32}{\376\377\000P\000a\000v\000\351\000\040\000d\000r\000o\000i\000t\000\040\000\253\000\040\000s\000i\000m\000p\000l\000e\000\040\000\273}{part.7}% 138
\BOOKMARK [2][-]{subsection.32.1}{\376\377\000I\000n\000t\000r\000o\000d\000u\000c\000t\000i\000o\000n}{section.32}% 139
\BOOKMARK [2][-]{subsection.32.2}{\376\377\000C\000o\000m\000m\000a\000n\000d\000e\000s}{section.32}% 140
\BOOKMARK [2][-]{subsection.32.3}{\376\377\000I\000n\000f\000l\000u\000e\000n\000c\000e\000\040\000d\000e\000s\000\040\000p\000a\000r\000a\000m\000\350\000t\000r\000e\000s}{section.32}% 141
\BOOKMARK [1][-]{section.33}{\376\377\000T\000\351\000t\000r\000a\000\350\000d\000r\000e\000\040\000\253\000\040\000s\000i\000m\000p\000l\000e\000\040\000\273}{part.7}% 142
\BOOKMARK [2][-]{subsection.33.1}{\376\377\000I\000n\000t\000r\000o\000d\000u\000c\000t\000i\000o\000n}{section.33}% 143
\BOOKMARK [2][-]{subsection.33.2}{\376\377\000C\000o\000m\000m\000a\000n\000d\000e\000s}{section.33}% 144
\BOOKMARK [2][-]{subsection.33.3}{\376\377\000I\000n\000f\000l\000u\000e\000n\000c\000e\000\040\000d\000e\000s\000\040\000p\000a\000r\000a\000m\000\350\000t\000r\000e\000s}{section.33}% 145
\BOOKMARK [1][-]{section.34}{\376\377\000C\000e\000r\000c\000l\000e\000\040\000t\000r\000i\000g\000o}{part.7}% 146
\BOOKMARK [2][-]{subsection.34.1}{\376\377\000I\000d\000\351\000e}{section.34}% 147
\BOOKMARK [2][-]{subsection.34.2}{\376\377\000C\000o\000m\000m\000a\000n\000d\000e\000s}{section.34}% 148
\BOOKMARK [2][-]{subsection.34.3}{\376\377\000\311\000q\000u\000a\000t\000i\000o\000n\000s\000\040\000t\000r\000i\000g\000o\000s}{section.34}% 149
\BOOKMARK [1][-]{section.35}{\376\377\000S\000c\000h\000\351\000m\000a\000s\000\040\000t\000y\000p\000e\000\040\000d\000e\000\040\000g\000\351\000o\000m\000\351\000t\000r\000i\000e\000\040\000d\000a\000n\000s\000\040\000l\000'\000e\000s\000p\000a\000c\000e}{part.7}% 150
\BOOKMARK [2][-]{subsection.35.1}{\376\377\000I\000d\000\351\000e}{section.35}% 151
\BOOKMARK [2][-]{subsection.35.2}{\376\377\000C\000o\000m\000m\000a\000n\000d\000e}{section.35}% 152
\BOOKMARK [0][-]{part.8}{\376\377\000V\000I\000I\000I\000\040\000O\000u\000t\000i\000l\000s\000\040\000p\000o\000u\000r\000\040\000l\000a\000\040\000g\000\351\000o\000m\000\351\000t\000r\000i\000e\000\040\000a\000n\000a\000l\000y\000t\000i\000q\000u\000e}{}% 153
\BOOKMARK [1][-]{section.36}{\376\377\000C\000o\000n\000s\000e\000i\000l\000s\000\040\000d\000'\000u\000t\000i\000l\000i\000s\000a\000t\000i\000o\000n}{part.8}% 154
\BOOKMARK [1][-]{section.37}{\376\377\000A\000f\000f\000i\000c\000h\000a\000g\000e\000\040\000d\000e\000\040\000c\000o\000o\000r\000d\000o\000n\000n\000\351\000e\000s}{part.8}% 155
\BOOKMARK [2][-]{subsection.37.1}{\376\377\000I\000d\000\351\000e}{section.37}% 156
\BOOKMARK [2][-]{subsection.37.2}{\376\377\000O\000p\000t\000i\000o\000n\000s\000\040\000e\000t\000\040\000a\000r\000g\000u\000m\000e\000n\000t\000s}{section.37}% 157
\BOOKMARK [1][-]{section.38}{\376\377\000\311\000q\000u\000a\000t\000i\000o\000n\000\040\000c\000a\000r\000t\000\351\000s\000i\000e\000n\000n\000e\000\040\000d\000'\000u\000n\000\040\000p\000l\000a\000n\000\040\000d\000e\000\040\000l\000'\000e\000s\000p\000a\000c\000e}{part.8}% 158
\BOOKMARK [2][-]{subsection.38.1}{\376\377\000I\000d\000\351\000e\000\040\000e\000t\000\040\000c\000o\000m\000m\000a\000n\000d\000e}{section.38}% 159
\BOOKMARK [2][-]{subsection.38.2}{\376\377\000C\000l\000\351\000s\000\040\000e\000t\000\040\000a\000r\000g\000u\000m\000e\000n\000t\000s}{section.38}% 160
\BOOKMARK [1][-]{section.39}{\376\377\000\311\000q\000u\000a\000t\000i\000o\000n\000\040\000p\000a\000r\000a\000m\000\351\000t\000r\000i\000q\000u\000e\000\040\000d\000'\000u\000n\000e\000\040\000d\000r\000o\000i\000t\000e\000\040\000d\000e\000\040\000l\000'\000e\000s\000p\000a\000c\000e}{part.8}% 161
\BOOKMARK [2][-]{subsection.39.1}{\376\377\000I\000d\000\351\000e\000\040\000e\000t\000\040\000c\000o\000m\000m\000a\000n\000d\000e}{section.39}% 162
\BOOKMARK [2][-]{subsection.39.2}{\376\377\000C\000l\000\351\000s\000\040\000e\000t\000\040\000a\000r\000g\000u\000m\000e\000n\000t\000s}{section.39}% 163
\BOOKMARK [1][-]{section.40}{\376\377\000\311\000q\000u\000a\000t\000i\000o\000n\000\040\000c\000a\000r\000t\000\351\000s\000i\000e\000n\000n\000e\000\040\000d\000'\000u\000n\000e\000\040\000d\000r\000o\000i\000t\000e\000\040\000d\000u\000\040\000p\000l\000a\000n}{part.8}% 164
\BOOKMARK [2][-]{subsection.40.1}{\376\377\000I\000d\000\351\000e\000\040\000e\000t\000\040\000c\000o\000m\000m\000a\000n\000d\000e}{section.40}% 165
\BOOKMARK [2][-]{subsection.40.2}{\376\377\000C\000l\000\351\000s\000\040\000e\000t\000\040\000a\000r\000g\000u\000m\000e\000n\000t\000s}{section.40}% 166
\BOOKMARK [1][-]{section.41}{\376\377\000N\000o\000r\000m\000e\000\040\000d\000'\000u\000n\000\040\000v\000e\000c\000t\000e\000u\000r\000,\000\040\000d\000i\000s\000t\000a\000n\000c\000e\000\040\000e\000n\000t\000r\000e\000\040\000d\000e\000u\000x\000\040\000p\000o\000i\000n\000t\000s}{part.8}% 167
\BOOKMARK [2][-]{subsection.41.1}{\376\377\000I\000d\000\351\000e\000\040\000e\000t\000\040\000c\000o\000m\000m\000a\000n\000d\000e}{section.41}% 168
\BOOKMARK [2][-]{subsection.41.2}{\376\377\000C\000l\000\351\000s\000\040\000e\000t\000\040\000a\000r\000g\000u\000m\000e\000n\000t\000s}{section.41}% 169
\BOOKMARK [1][-]{section.42}{\376\377\000D\000i\000s\000t\000a\000n\000c\000e\000\040\000d\000'\000u\000n\000\040\000p\000o\000i\000n\000t\000\040\000\340\000\040\000u\000n\000\040\000p\000l\000a\000n}{part.8}% 170
\BOOKMARK [2][-]{subsection.42.1}{\376\377\000I\000d\000\351\000e\000\040\000e\000t\000\040\000c\000o\000m\000m\000a\000n\000d\000e}{section.42}% 171
\BOOKMARK [2][-]{subsection.42.2}{\376\377\000C\000l\000\351\000s\000\040\000e\000t\000\040\000a\000r\000g\000u\000m\000e\000n\000t\000s}{section.42}% 172
\BOOKMARK [1][-]{section.43}{\376\377\000\311\000q\000u\000a\000t\000i\000o\000n\000\040\000d\000'\000u\000n\000e\000\040\000s\000p\000h\000\350\000r\000e}{part.8}% 173
\BOOKMARK [2][-]{subsection.43.1}{\376\377\000I\000d\000\351\000e}{section.43}% 174
\BOOKMARK [2][-]{subsection.43.2}{\376\377\000C\000l\000\351\000s\000\040\000e\000t\000\040\000a\000r\000g\000u\000m\000e\000n\000t\000s}{section.43}% 175
\BOOKMARK [2][-]{subsection.43.3}{\376\377\000E\000x\000e\000m\000p\000l\000e\000s}{section.43}% 176
\BOOKMARK [1][-]{section.44}{\376\377\000\311\000q\000u\000a\000t\000i\000o\000n\000\040\000r\000\351\000d\000u\000i\000t\000e\000\040\000d\000'\000u\000n\000e\000\040\000d\000r\000o\000i\000t\000e\000\040\000d\000u\000\040\000p\000l\000a\000n}{part.8}% 177
\BOOKMARK [2][-]{subsection.44.1}{\376\377\000I\000d\000\351\000e}{section.44}% 178
\BOOKMARK [2][-]{subsection.44.2}{\376\377\000C\000l\000\351\000s\000\040\000e\000t\000\040\000a\000r\000g\000u\000m\000e\000n\000t\000s}{section.44}% 179
\BOOKMARK [2][-]{subsection.44.3}{\376\377\000E\000x\000e\000m\000p\000l\000e\000s}{section.44}% 180
\BOOKMARK [0][-]{part.9}{\376\377\000I\000X\000\040\000O\000u\000t\000i\000l\000s\000\040\000p\000o\000u\000r\000\040\000l\000e\000s\000\040\000s\000t\000a\000t\000i\000s\000t\000i\000q\000u\000e\000s}{}% 181
\BOOKMARK [1][-]{section.45}{\376\377\000P\000a\000r\000a\000m\000\350\000t\000r\000e\000s\000\040\000d\000'\000u\000n\000e\000\040\000s\000\351\000r\000i\000e\000\040\000d\000i\000s\000c\000r\000\350\000t\000e}{part.9}% 182
\BOOKMARK [2][-]{subsection.45.1}{\376\377\000I\000d\000\351\000e}{section.45}% 183
\BOOKMARK [2][-]{subsection.45.2}{\376\377\000A\000r\000g\000u\000m\000e\000n\000t\000s\000,\000\040\000e\000x\000e\000m\000p\000l\000e\000s}{section.45}% 184
\BOOKMARK [1][-]{section.46}{\376\377\000P\000a\000r\000a\000m\000\350\000t\000r\000e\000s\000\040\000d\000'\000u\000n\000e\000\040\000r\000\351\000g\000r\000e\000s\000s\000i\000o\000n\000\040\000l\000i\000n\000\351\000a\000i\000r\000e\000\040\000p\000a\000r\000\040\000l\000a\000\040\000m\000\351\000t\000h\000o\000d\000e\000\040\000d\000e\000s\000\040\000m\000o\000i\000n\000d\000r\000e\000s\000\040\000c\000a\000r\000r\000\351\000s}{part.9}% 185
\BOOKMARK [2][-]{subsection.46.1}{\376\377\000I\000d\000\351\000e}{section.46}% 186
\BOOKMARK [2][-]{subsection.46.2}{\376\377\000C\000o\000m\000m\000a\000n\000d\000e\000s}{section.46}% 187
\BOOKMARK [2][-]{subsection.46.3}{\376\377\000I\000n\000t\000\351\000g\000r\000a\000t\000i\000o\000n\000\040\000d\000a\000n\000s\000\040\000u\000n\000\040\000e\000n\000v\000i\000r\000o\000n\000n\000e\000m\000e\000n\000t\000\040\000T\000i\000k\000Z}{section.46}% 188
\BOOKMARK [1][-]{section.47}{\376\377\000S\000t\000a\000t\000i\000s\000t\000i\000q\000u\000e\000s\000\040\000\340\000\040\000d\000e\000u\000x\000\040\000v\000a\000r\000i\000a\000b\000l\000e\000s}{part.9}% 189
\BOOKMARK [2][-]{subsection.47.1}{\376\377\000I\000d\000\351\000e\000s}{section.47}% 190
\BOOKMARK [2][-]{subsection.47.2}{\376\377\000C\000o\000m\000m\000a\000n\000d\000e\000s\000,\000\040\000c\000l\000\351\000s\000\040\000e\000t\000\040\000o\000p\000t\000i\000o\000n\000s}{section.47}% 191
\BOOKMARK [2][-]{subsection.47.3}{\376\377\000C\000o\000m\000m\000a\000n\000d\000e\000s\000\040\000a\000n\000n\000e\000x\000e\000s}{section.47}% 192
\BOOKMARK [2][-]{subsection.47.4}{\376\377\000I\000n\000t\000e\000r\000a\000c\000t\000i\000o\000n\000s\000\040\000a\000v\000e\000c\000\040\000C\000a\000l\000c\000u\000l\000s\000R\000e\000g\000L\000i\000n}{section.47}% 193
\BOOKMARK [2][-]{subsection.47.5}{\376\377\000E\000x\000e\000m\000p\000l\000e\000\040\000c\000o\000m\000p\000l\000\351\000m\000e\000n\000t\000a\000i\000r\000e\000,\000\040\000p\000o\000u\000r\000\040\000i\000l\000l\000u\000s\000t\000r\000a\000t\000i\000o\000n}{section.47}% 194
\BOOKMARK [1][-]{section.48}{\376\377\000B\000o\000\356\000t\000e\000s\000\040\000\340\000\040\000m\000o\000u\000s\000t\000a\000c\000h\000e\000s}{part.9}% 195
\BOOKMARK [2][-]{subsection.48.1}{\376\377\000I\000n\000t\000r\000o\000d\000u\000c\000t\000i\000o\000n}{section.48}% 196
\BOOKMARK [2][-]{subsection.48.2}{\376\377\000C\000l\000\351\000s\000\040\000e\000t\000\040\000o\000p\000t\000i\000o\000n\000s}{section.48}% 197
\BOOKMARK [2][-]{subsection.48.3}{\376\377\000C\000o\000m\000m\000a\000n\000d\000e\000\040\000p\000o\000u\000r\000\040\000p\000l\000a\000c\000e\000r\000\040\000u\000n\000\040\000a\000x\000e\000\040\000h\000o\000r\000i\000z\000o\000n\000t\000a\000l}{section.48}% 198
\BOOKMARK [1][-]{section.49}{\376\377\000H\000i\000s\000t\000o\000g\000r\000a\000m\000m\000e\000s}{part.9}% 199
\BOOKMARK [2][-]{subsection.49.1}{\376\377\000I\000n\000t\000r\000o\000d\000u\000c\000t\000i\000o\000n}{section.49}% 200
\BOOKMARK [2][-]{subsection.49.2}{\376\377\000C\000l\000\351\000s\000\040\000e\000t\000\040\000o\000p\000t\000i\000o\000n\000s}{section.49}% 201
\BOOKMARK [2][-]{subsection.49.3}{\376\377\000E\000x\000e\000m\000p\000l\000e\000\040\000a\000v\000e\000c\000\040\000d\000e\000s\000\040\000c\000l\000a\000s\000s\000e\000s\000\040\000r\000\351\000g\000u\000l\000i\000\350\000r\000e\000s}{section.49}% 202
\BOOKMARK [2][-]{subsection.49.4}{\376\377\000E\000x\000e\000m\000p\000l\000e\000\040\000a\000v\000e\000c\000\040\000d\000e\000s\000\040\000c\000l\000a\000s\000s\000e\000s\000\040\000n\000o\000n\000\040\000r\000\351\000g\000u\000l\000i\000\350\000r\000e\000s}{section.49}% 203
\BOOKMARK [1][-]{section.50}{\376\377\000C\000o\000u\000r\000b\000e\000\040\000d\000e\000s\000\040\000E\000C\000C\000/\000F\000C\000C\000,\000\040\000p\000a\000r\000a\000m\000\350\000t\000r\000e\000s}{part.9}% 204
\BOOKMARK [2][-]{subsection.50.1}{\376\377\000I\000n\000t\000r\000o\000d\000u\000c\000t\000i\000o\000n}{section.50}% 205
\BOOKMARK [2][-]{subsection.50.2}{\376\377\000C\000l\000\351\000s\000\040\000e\000t\000\040\000o\000p\000t\000i\000o\000n\000s}{section.50}% 206
\BOOKMARK [2][-]{subsection.50.3}{\376\377\000S\000t\000y\000l\000e\000s\000\040\000e\000t\000\040\000e\000x\000e\000m\000p\000l\000e\000s}{section.50}% 207
\BOOKMARK [0][-]{part.10}{\376\377\000X\000\040\000O\000u\000t\000i\000l\000s\000\040\000p\000o\000u\000r\000\040\000l\000e\000s\000\040\000p\000r\000o\000b\000a\000b\000i\000l\000i\000t\000\351\000s}{}% 208
\BOOKMARK [1][-]{section.51}{\376\377\000F\000a\000c\000t\000o\000r\000i\000e\000l\000l\000e}{part.10}% 209
\BOOKMARK [2][-]{subsection.51.1}{\376\377\000I\000d\000\351\000e}{section.51}% 210
\BOOKMARK [2][-]{subsection.51.2}{\376\377\000C\000l\000\351\000s}{section.51}% 211
\BOOKMARK [1][-]{section.52}{\376\377\000C\000a\000l\000c\000u\000l\000s\000\040\000d\000e\000\040\000p\000r\000o\000b\000a\000b\000i\000l\000i\000t\000\351\000s}{part.10}% 212
\BOOKMARK [2][-]{subsection.52.1}{\376\377\000I\000n\000t\000r\000o\000d\000u\000c\000t\000i\000o\000n}{section.52}% 213
\BOOKMARK [2][-]{subsection.52.2}{\376\377\000C\000a\000l\000c\000u\000l\000s\000\040\000\253\000\040\000s\000i\000m\000p\000l\000e\000s\000\040\000\273}{section.52}% 214
\BOOKMARK [2][-]{subsection.52.3}{\376\377\000C\000o\000m\000p\000l\000\351\000m\000e\000n\000t\000\040\000a\000v\000e\000c\000\040\000s\000o\000r\000t\000i\000e\000\040\000\253\000\040\000f\000o\000r\000m\000a\000t\000\351\000e\000\040\000\273}{section.52}% 215
\BOOKMARK [1][-]{section.53}{\376\377\000A\000r\000b\000r\000e\000s\000\040\000d\000e\000\040\000p\000r\000o\000b\000a\000b\000i\000l\000i\000t\000\351\000s\000\040\000\253\000\040\000c\000l\000a\000s\000s\000i\000q\000u\000e\000s\000\040\000\273}{part.10}% 216
\BOOKMARK [2][-]{subsection.53.1}{\376\377\000I\000n\000t\000r\000o\000d\000u\000c\000t\000i\000o\000n}{section.53}% 217
\BOOKMARK [2][-]{subsection.53.2}{\376\377\000O\000p\000t\000i\000o\000n\000s\000\040\000e\000t\000\040\000a\000r\000g\000u\000m\000e\000n\000t\000s}{section.53}% 218
\BOOKMARK [2][-]{subsection.53.3}{\376\377\000E\000x\000e\000m\000p\000l\000e\000s\000\040\000c\000o\000m\000p\000l\000\351\000m\000e\000n\000t\000a\000i\000r\000e\000s}{section.53}% 219
\BOOKMARK [1][-]{section.54}{\376\377\000P\000e\000t\000i\000t\000s\000\040\000s\000c\000h\000\351\000m\000a\000s\000\040\000p\000o\000u\000r\000\040\000d\000e\000s\000\040\000p\000r\000o\000b\000a\000b\000i\000l\000i\000t\000\351\000s\000\040\000c\000o\000n\000t\000i\000n\000u\000e\000s}{part.10}% 220
\BOOKMARK [2][-]{subsection.54.1}{\376\377\000I\000d\000\351\000e}{section.54}% 221
\BOOKMARK [2][-]{subsection.54.2}{\376\377\000C\000o\000m\000m\000a\000n\000d\000e\000s\000\040\000e\000t\000\040\000o\000p\000t\000i\000o\000n\000s}{section.54}% 222
\BOOKMARK [2][-]{subsection.54.3}{\376\377\000R\000e\000m\000a\000r\000q\000u\000e\000s\000\040\000e\000t\000\040\000c\000o\000m\000p\000l\000\351\000m\000e\000n\000t\000s}{section.54}% 223
\BOOKMARK [1][-]{section.55}{\376\377\000N\000o\000m\000b\000r\000e\000s\000\040\000a\000l\000\351\000a\000t\000o\000i\000r\000e\000s}{part.10}% 224
\BOOKMARK [2][-]{subsection.55.1}{\376\377\000I\000d\000\351\000e}{section.55}% 225
\BOOKMARK [2][-]{subsection.55.2}{\376\377\000C\000l\000\351\000s\000\040\000e\000t\000\040\000o\000p\000t\000i\000o\000n\000s}{section.55}% 226
\BOOKMARK [1][-]{section.56}{\376\377\000C\000o\000m\000b\000i\000n\000a\000t\000o\000i\000r\000e}{part.10}% 227
\BOOKMARK [2][-]{subsection.56.1}{\376\377\000I\000d\000\351\000e}{section.56}% 228
\BOOKMARK [2][-]{subsection.56.2}{\376\377\000U\000t\000i\000l\000i\000s\000a\000t\000i\000o\000n}{section.56}% 229
\BOOKMARK [1][-]{section.57}{\376\377\000A\000r\000b\000r\000e\000s\000\040\000d\000e\000\040\000d\000\351\000n\000o\000m\000b\000r\000e\000m\000e\000n\000t}{part.10}% 230
\BOOKMARK [2][-]{subsection.57.1}{\376\377\000I\000d\000\351\000e}{section.57}% 231
\BOOKMARK [2][-]{subsection.57.2}{\376\377\000S\000t\000y\000l\000e\000s\000\040\000e\000t\000\040\000c\000l\000\351\000s}{section.57}% 232
\BOOKMARK [2][-]{subsection.57.3}{\376\377\000E\000x\000e\000m\000p\000l\000e\000s}{section.57}% 233
\BOOKMARK [1][-]{section.58}{\376\377\000F\000o\000n\000c\000t\000i\000o\000n\000\040\000d\000e\000\040\000r\000\351\000p\000a\000r\000t\000i\000t\000i\000o\000n}{part.10}% 234
\BOOKMARK [2][-]{subsection.58.1}{\376\377\000I\000d\000\351\000e}{section.58}% 235
\BOOKMARK [2][-]{subsection.58.2}{\376\377\000U\000t\000i\000l\000i\000s\000a\000t\000i\000o\000n}{section.58}% 236
\BOOKMARK [1][-]{section.59}{\376\377\000L\000o\000i\000\040\000b\000i\000n\000o\000m\000i\000a\000l\000e\000\040\000e\000t\000\040\000g\000r\000a\000p\000h\000i\000q\000u\000e\000s}{part.10}% 237
\BOOKMARK [2][-]{subsection.59.1}{\376\377\000I\000d\000\351\000e}{section.59}% 238
\BOOKMARK [2][-]{subsection.59.2}{\376\377\000U\000t\000i\000l\000i\000s\000a\000t\000i\000o\000n\000\040\000d\000e\000\040\000l\000a\000\040\000c\000o\000m\000m\000a\000n\000d\000e\000\040\000a\000u\000t\000o\000n\000o\000m\000e\000\040\000e\000t\000\040\000d\000e\000\040\000l\000'\000e\000n\000v\000i\000r\000o\000n\000n\000e\000m\000e\000n\000t}{section.59}% 239
\BOOKMARK [2][-]{subsection.59.3}{\376\377\000L\000e\000\040\000t\000r\000a\000c\000\351\000\040\000d\000e\000\040\000l\000a\000\040\000l\000o\000i\000\040\000n\000o\000r\000m\000a\000l\000e}{section.59}% 240
\BOOKMARK [2][-]{subsection.59.4}{\376\377\000E\000x\000e\000m\000p\000l\000e\000s}{section.59}% 241
\BOOKMARK [0][-]{part.11}{\376\377\000X\000I\000\040\000O\000u\000t\000i\000l\000s\000\040\000p\000o\000u\000r\000\040\000l\000'\000a\000r\000i\000t\000h\000m\000\351\000t\000i\000q\000u\000e}{}% 242
\BOOKMARK [1][-]{section.60}{\376\377\000R\000\351\000d\000u\000c\000t\000i\000o\000n\000\040\000m\000o\000d\000u\000l\000o}{part.11}% 243
\BOOKMARK [2][-]{subsection.60.1}{\376\377\000I\000d\000\351\000e}{section.60}% 244
\BOOKMARK [2][-]{subsection.60.2}{\376\377\000C\000l\000\351\000s\000\040\000e\000t\000\040\000o\000p\000t\000i\000o\000n\000s}{section.60}% 245
\BOOKMARK [1][-]{section.61}{\376\377\000C\000o\000n\000v\000e\000r\000s\000i\000o\000n\000s\000\040\000e\000n\000t\000r\000e\000\040\000b\000a\000s\000e\000s}{part.11}% 246
\BOOKMARK [2][-]{subsection.61.1}{\376\377\000I\000d\000\351\000e}{section.61}% 247
\BOOKMARK [2][-]{subsection.61.2}{\376\377\000E\000x\000e\000m\000p\000l\000e\000s}{section.61}% 248
\BOOKMARK [1][-]{section.62}{\376\377\000D\000i\000v\000i\000s\000i\000o\000n\000\040\000e\000u\000c\000l\000i\000d\000i\000e\000n\000n\000e}{part.11}% 249
\BOOKMARK [2][-]{subsection.62.1}{\376\377\000I\000d\000\351\000e}{section.62}% 250
\BOOKMARK [2][-]{subsection.62.2}{\376\377\000C\000l\000\351\000s\000\040\000e\000t\000\040\000o\000p\000t\000i\000o\000n\000s}{section.62}% 251
\BOOKMARK [1][-]{section.63}{\376\377\000C\000o\000n\000v\000e\000r\000s\000i\000o\000n\000s\000\040\000b\000i\000n\000a\000i\000r\000e\000/\000h\000e\000x\000a\000d\000\351\000c\000i\000m\000a\000l\000/\000d\000\351\000c\000i\000m\000a\000l}{part.11}% 252
\BOOKMARK [2][-]{subsection.63.1}{\376\377\000I\000d\000\351\000e}{section.63}% 253
\BOOKMARK [2][-]{subsection.63.2}{\376\377\000C\000o\000n\000v\000e\000r\000s\000i\000o\000n\000\040\000d\000\351\000c\000i\000m\000a\000l\000\040\000v\000e\000r\000s\000\040\000b\000i\000n\000a\000i\000r\000e}{section.63}% 254
\BOOKMARK [2][-]{subsection.63.3}{\376\377\000C\000o\000n\000v\000e\000r\000s\000i\000o\000n\000\040\000b\000i\000n\000a\000i\000r\000e\000\040\000v\000e\000r\000s\000\040\000h\000e\000x\000a\000d\000\351\000c\000i\000m\000a\000l}{section.63}% 255
\BOOKMARK [2][-]{subsection.63.4}{\376\377\000C\000o\000n\000v\000e\000r\000s\000i\000o\000n\000\040\000h\000e\000x\000a\000d\000\351\000c\000i\000m\000a\000l\000\040\000v\000e\000r\000s\000\040\000b\000i\000n\000a\000i\000r\000e}{section.63}% 256
\BOOKMARK [2][-]{subsection.63.5}{\376\377\000C\000o\000n\000v\000e\000r\000s\000i\000o\000n\000\040\000b\000i\000n\000a\000i\000r\000e\000\040\000o\000u\000\040\000h\000e\000x\000a\000d\000\351\000c\000i\000m\000a\000l\000\040\000e\000n\000\040\000d\000\351\000c\000i\000m\000a\000l}{section.63}% 257
\BOOKMARK [1][-]{section.64}{\376\377\000C\000o\000n\000v\000e\000r\000s\000i\000o\000n\000\040\000\253\000\040\000p\000r\000\351\000s\000e\000n\000t\000\351\000e\000\040\000\273\000\040\000d\000'\000u\000n\000\040\000n\000o\000m\000b\000r\000e\000\040\000e\000n\000\040\000b\000a\000s\000e\000\040\000d\000\351\000c\000i\000m\000a\000l\000e}{part.11}% 258
\BOOKMARK [2][-]{subsection.64.1}{\376\377\000I\000d\000\351\000e}{section.64}% 259
\BOOKMARK [2][-]{subsection.64.2}{\376\377\000C\000o\000d\000e\000\040\000e\000t\000\040\000c\000l\000\351\000s}{section.64}% 260
\BOOKMARK [1][-]{section.65}{\376\377\000A\000l\000g\000o\000r\000i\000t\000h\000m\000e\000\040\000d\000'\000E\000u\000c\000l\000i\000d\000e\000\040\000p\000o\000u\000r\000\040\000l\000e\000\040\000P\000G\000C\000D}{part.11}% 261
\BOOKMARK [2][-]{subsection.65.1}{\376\377\000I\000d\000\351\000e}{section.65}% 262
\BOOKMARK [2][-]{subsection.65.2}{\376\377\000O\000p\000t\000i\000o\000n\000s\000\040\000e\000t\000\040\000c\000l\000\351\000s}{section.65}% 263
\BOOKMARK [2][-]{subsection.65.3}{\376\377\000C\000o\000m\000p\000l\000\351\000m\000e\000n\000t\000s}{section.65}% 264
\BOOKMARK [1][-]{section.66}{\376\377\000R\000\351\000s\000o\000l\000u\000t\000i\000o\000n\000\040\000d\000'\000u\000n\000e\000\040\000\351\000q\000u\000a\000t\000i\000o\000n\000\040\000d\000i\000o\000p\000h\000a\000n\000t\000i\000e\000n\000n\000e}{part.11}% 265
\BOOKMARK [2][-]{subsection.66.1}{\376\377\000I\000d\000\351\000e}{section.66}% 266
\BOOKMARK [2][-]{subsection.66.2}{\376\377\000O\000p\000t\000i\000o\000n\000s\000\040\000e\000t\000\040\000c\000l\000\351\000s}{section.66}% 267
\BOOKMARK [1][-]{section.67}{\376\377\000N\000o\000m\000b\000r\000e\000s\000\040\000p\000r\000e\000m\000i\000e\000r\000s}{part.11}% 268
\BOOKMARK [2][-]{subsection.67.1}{\376\377\000I\000d\000\351\000e\000s}{section.67}% 269
\BOOKMARK [2][-]{subsection.67.2}{\376\377\000T\000e\000s\000t\000\040\000d\000e\000\040\000p\000r\000i\000m\000a\000l\000i\000t\000\351}{section.67}% 270
\BOOKMARK [2][-]{subsection.67.3}{\376\377\000D\000\351\000c\000o\000m\000p\000o\000s\000i\000t\000i\000o\000n\000\040\000e\000n\000\040\000f\000a\000c\000t\000e\000u\000r\000s\000\040\000p\000r\000e\000m\000i\000e\000r\000s}{section.67}% 271
\BOOKMARK [1][-]{section.68}{\376\377\000D\000i\000v\000i\000s\000e\000u\000r\000s}{part.11}% 272
\BOOKMARK [2][-]{subsection.68.1}{\376\377\000I\000d\000\351\000e\000s}{section.68}% 273
\BOOKMARK [2][-]{subsection.68.2}{\376\377\000O\000p\000t\000i\000o\000n\000s\000\040\000e\000t\000\040\000c\000l\000\351\000s}{section.68}% 274
\BOOKMARK [2][-]{subsection.68.3}{\376\377\000C\000o\000m\000p\000l\000\351\000m\000e\000n\000t\000s}{section.68}% 275
\BOOKMARK [1][-]{section.69}{\376\377\000C\000h\000i\000f\000f\000r\000e\000m\000e\000n\000t\000s}{part.11}% 276
\BOOKMARK [2][-]{subsection.69.1}{\376\377\000I\000d\000\351\000e\000s}{section.69}% 277
\BOOKMARK [2][-]{subsection.69.2}{\376\377\000C\000h\000i\000f\000f\000r\000e\000m\000e\000n\000t\000\040\000d\000e\000\040\000C\000\351\000s\000a\000r}{section.69}% 278
\BOOKMARK [2][-]{subsection.69.3}{\376\377\000I\000n\000v\000e\000r\000s\000e\000\040\000m\000o\000d\000u\000l\000o}{section.69}% 279
\BOOKMARK [2][-]{subsection.69.4}{\376\377\000C\000h\000i\000f\000f\000r\000e\000m\000e\000n\000t\000\040\000a\000f\000f\000i\000n\000e}{section.69}% 280
\BOOKMARK [2][-]{subsection.69.5}{\376\377\000C\000h\000i\000f\000f\000r\000e\000m\000e\000n\000t\000\040\000d\000e\000\040\000H\000i\000l\000l}{section.69}% 281
\BOOKMARK [1][-]{section.70}{\376\377\000P\000r\000i\000m\000o\000r\000i\000e\000l\000l\000e}{part.11}% 282
\BOOKMARK [2][-]{subsection.70.1}{\376\377\000I\000d\000\351\000e}{section.70}% 283
\BOOKMARK [2][-]{subsection.70.2}{\376\377\000C\000l\000\351\000s}{section.70}% 284
\BOOKMARK [1][-]{section.71}{\376\377\000O\000p\000\351\000r\000a\000t\000i\000o\000n\000s\000\040\000p\000o\000s\000\351\000e\000s}{part.11}% 285
\BOOKMARK [2][-]{subsection.71.1}{\376\377\000I\000d\000\351\000e}{section.71}% 286
\BOOKMARK [2][-]{subsection.71.2}{\376\377\000C\000l\000\351\000s\000\040\000e\000t\000\040\000o\000p\000t\000i\000o\000n\000s}{section.71}% 287
\BOOKMARK [2][-]{subsection.71.3}{\376\377\000E\000x\000e\000m\000p\000l\000e\000s}{section.71}% 288
\BOOKMARK [0][-]{part.12}{\376\377\000X\000I\000I\000\040\000\311\000c\000r\000i\000t\000u\000r\000e\000s\000,\000\040\000s\000i\000m\000p\000l\000i\000f\000i\000c\000a\000t\000i\000o\000n\000s}{}% 289
\BOOKMARK [1][-]{section.72}{\376\377\000S\000i\000m\000p\000l\000i\000f\000i\000c\000a\000t\000i\000o\000n\000\040\000s\000o\000u\000s\000\040\000f\000o\000r\000m\000e\000\040\000d\000'\000u\000n\000e\000\040\000f\000r\000a\000c\000t\000i\000o\000n\000s}{part.12}% 290
\BOOKMARK [2][-]{subsection.72.1}{\376\377\000I\000d\000\351\000e}{section.72}% 291
\BOOKMARK [2][-]{subsection.72.2}{\376\377\000C\000o\000m\000m\000a\000n\000d\000e\000\040\000e\000t\000\040\000o\000p\000t\000i\000o\000n\000s}{section.72}% 292
\BOOKMARK [1][-]{section.73}{\376\377\000\311\000c\000r\000i\000t\000u\000r\000e\000\040\000d\000'\000u\000n\000\040\000t\000r\000i\000n\000\364\000m\000e\000,\000\040\000t\000r\000i\000n\000\364\000m\000e\000\040\000a\000l\000\351\000a\000t\000o\000i\000r\000e}{part.12}% 293
\BOOKMARK [2][-]{subsection.73.1}{\376\377\000I\000d\000\351\000e}{section.73}% 294
\BOOKMARK [2][-]{subsection.73.2}{\376\377\000C\000l\000\351\000s\000\040\000e\000t\000\040\000o\000p\000t\000i\000o\000n\000s}{section.73}% 295
\BOOKMARK [1][-]{section.74}{\376\377\000S\000i\000m\000p\000l\000i\000f\000i\000c\000a\000t\000i\000o\000n\000\040\000d\000e\000\040\000r\000a\000c\000i\000n\000e\000s}{part.12}% 296
\BOOKMARK [2][-]{subsection.74.1}{\376\377\000I\000d\000\351\000e}{section.74}% 297
\BOOKMARK [2][-]{subsection.74.2}{\376\377\000E\000x\000e\000m\000p\000l\000e\000s}{section.74}% 298
\BOOKMARK [1][-]{section.75}{\376\377\000M\000e\000s\000u\000r\000e\000\040\000p\000r\000i\000n\000c\000i\000p\000a\000l\000e\000\040\000d\000'\000u\000n\000\040\000a\000n\000g\000l\000e}{part.12}% 299
\BOOKMARK [2][-]{subsection.75.1}{\376\377\000I\000d\000\351\000e}{section.75}% 300
\BOOKMARK [2][-]{subsection.75.2}{\376\377\000E\000x\000e\000m\000p\000l\000e\000s}{section.75}% 301
\BOOKMARK [1][-]{section.76}{\376\377\000L\000i\000g\000n\000e\000s\000\040\000t\000r\000i\000g\000o\000n\000o\000m\000\351\000t\000r\000i\000q\000u\000e\000s}{part.12}% 302
\BOOKMARK [2][-]{subsection.76.1}{\376\377\000I\000d\000\351\000e}{section.76}% 303
\BOOKMARK [2][-]{subsection.76.2}{\376\377\000C\000o\000m\000m\000a\000n\000d\000e}{section.76}% 304
\BOOKMARK [2][-]{subsection.76.3}{\376\377\000V\000a\000l\000e\000u\000r\000s\000\040\000d\000i\000s\000p\000o\000n\000i\000b\000l\000e\000s}{section.76}% 305
\BOOKMARK [1][-]{section.77}{\376\377\000\311\000c\000r\000i\000t\000u\000r\000e\000\040\000s\000o\000u\000s\000\040\000f\000o\000r\000m\000e\000\040\000d\000e\000\040\000f\000r\000a\000c\000t\000i\000o\000n\000\040\000i\000r\000r\000\351\000d\000u\000c\000t\000i\000b\000l\000e\000\040\000d\000'\000u\000n\000\040\000d\000\351\000c\000i\000m\000a\000l\000\040\000p\000\351\000r\000i\000o\000d\000i\000q\000u\000e}{part.12}% 306
\BOOKMARK [2][-]{subsection.77.1}{\376\377\000I\000d\000\351\000e\000s}{section.77}% 307
\BOOKMARK [2][-]{subsection.77.2}{\376\377\000O\000p\000t\000i\000o\000n\000s\000\040\000e\000t\000\040\000c\000l\000\351\000s}{section.77}% 308
\BOOKMARK [0][-]{part.13}{\376\377\000X\000I\000I\000I\000\040\000J\000e\000u\000x\000\040\000e\000t\000\040\000r\000\351\000c\000r\000\351\000a\000t\000i\000o\000n\000s}{}% 309
\BOOKMARK [1][-]{section.78}{\376\377\000S\000u\000d\000o\000M\000a\000t\000h\000s\000,\000\040\000e\000n\000\040\000T\000i\000k\000Z}{part.13}% 310
\BOOKMARK [2][-]{subsection.78.1}{\376\377\000I\000n\000t\000r\000o\000d\000u\000c\000t\000i\000o\000n}{section.78}% 311
\BOOKMARK [2][-]{subsection.78.2}{\376\377\000C\000l\000\351\000s\000\040\000e\000t\000\040\000o\000p\000t\000i\000o\000n\000s}{section.78}% 312
\BOOKMARK [1][-]{section.79}{\376\377\000Q\000u\000e\000l\000q\000u\000e\000s\000\040\000f\000r\000a\000c\000t\000a\000l\000e\000s\000,\000\040\000e\000n\000\040\000T\000i\000k\000Z}{part.13}% 313
\BOOKMARK [2][-]{subsection.79.1}{\376\377\000I\000n\000t\000r\000o\000d\000u\000c\000t\000i\000o\000n}{section.79}% 314
\BOOKMARK [2][-]{subsection.79.2}{\376\377\000F\000l\000o\000c\000o\000n\000\040\000d\000e\000\040\000K\000o\000c\000h\000\040\000e\000t\000\040\000t\000r\000i\000a\000n\000g\000l\000e\000\040\000d\000e\000\040\000S\000i\000e\000r\000p\000i\000n\000s\000k\000i}{section.79}% 315
\BOOKMARK [2][-]{subsection.79.3}{\376\377\000A\000f\000f\000i\000c\000h\000a\000g\000e\000\040\000d\000e\000\040\000p\000l\000u\000s\000i\000e\000u\000r\000s\000\040\000\351\000t\000a\000p\000e\000s\000\040\000p\000o\000u\000r\000\040\000l\000e\000s\000\040\000f\000l\000o\000c\000o\000n\000s\000\040\000d\000e\000\040\000K\000o\000c\000h}{section.79}% 316
\BOOKMARK [2][-]{subsection.79.4}{\376\377\000A\000f\000f\000i\000c\000h\000a\000g\000e\000\040\000d\000e\000\040\000p\000l\000u\000s\000i\000e\000u\000r\000s\000\040\000\351\000t\000a\000p\000e\000s\000\040\000p\000o\000u\000r\000\040\000l\000e\000s\000\040\000t\000a\000p\000i\000s\000\040\000d\000e\000\040\000S\000i\000e\000r\000p\000i\000n\000s\000k\000i}{section.79}% 317
\BOOKMARK [1][-]{section.80}{\376\377\000C\000h\000\342\000t\000e\000a\000u\000x\000\040\000d\000e\000\040\000c\000a\000r\000t\000e\000s}{part.13}% 318
\BOOKMARK [2][-]{subsection.80.1}{\376\377\000I\000n\000t\000r\000o\000d\000u\000c\000t\000i\000o\000n}{section.80}% 319
\BOOKMARK [2][-]{subsection.80.2}{\376\377\000C\000l\000\351\000s\000\040\000e\000t\000\040\000o\000p\000t\000i\000o\000n\000s}{section.80}% 320
\BOOKMARK [1][-]{section.81}{\376\377\000A\000l\000l\000u\000m\000e\000t\000t\000e\000s}{part.13}% 321
\BOOKMARK [2][-]{subsection.81.1}{\376\377\000I\000n\000t\000r\000o\000d\000u\000c\000t\000i\000o\000n}{section.81}% 322
\BOOKMARK [2][-]{subsection.81.2}{\376\377\000C\000l\000\351\000s\000\040\000e\000t\000\040\000o\000p\000t\000i\000o\000n\000s}{section.81}% 323
\BOOKMARK [1][-]{section.82}{\376\377\000P\000y\000r\000a\000m\000i\000d\000e\000\040\000d\000e\000\040\000s\000p\000h\000\350\000r\000e\000s}{part.13}% 324
\BOOKMARK [2][-]{subsection.82.1}{\376\377\000I\000n\000t\000r\000o\000d\000u\000c\000t\000i\000o\000n}{section.82}% 325
\BOOKMARK [2][-]{subsection.82.2}{\376\377\000C\000l\000\351\000s\000\040\000e\000t\000\040\000o\000p\000t\000i\000o\000n\000s}{section.82}% 326
\BOOKMARK [1][-]{section.83}{\376\377\000C\000o\000m\000m\000a\000n\000d\000e\000s\000\040\000p\000o\000u\000r\000\040\000l\000e\000s\000\040\000d\000a\000t\000e\000s}{part.13}% 327
\BOOKMARK [2][-]{subsection.83.1}{\376\377\000I\000n\000t\000r\000o\000d\000u\000c\000t\000i\000o\000n}{section.83}% 328
\BOOKMARK [2][-]{subsection.83.2}{\376\377\000E\000x\000e\000m\000p\000l\000e\000s}{section.83}% 329
\BOOKMARK [1][-]{section.84}{\376\377\000M\000a\000c\000h\000i\000n\000e\000s\000\040\000\340\000\040\000t\000r\000a\000n\000s\000f\000o\000r\000m\000e\000r\000,\000\040\000e\000n\000\040\000T\000i\000k\000Z}{part.13}% 330
\BOOKMARK [2][-]{subsection.84.1}{\376\377\000I\000n\000t\000r\000o\000d\000u\000c\000t\000i\000o\000n}{section.84}% 331
\BOOKMARK [2][-]{subsection.84.2}{\376\377\000C\000l\000\351\000s\000\040\000e\000t\000\040\000o\000p\000t\000i\000o\000n\000s}{section.84}% 332
\BOOKMARK [0][-]{part.14}{\376\377\000X\000I\000V\000\040\000Q\000u\000e\000l\000q\000u\000e\000s\000\040\000c\000l\000i\000p\000a\000r\000t\000s}{}% 333
\BOOKMARK [1][-]{section.85}{\376\377\000I\000d\000\351\000e\000s}{part.14}% 334
\BOOKMARK [1][-]{section.86}{\376\377\000L\000i\000s\000t\000e\000\040\000d\000e\000s\000\040\000c\000l\000i\000p\000a\000r\000t\000s\000,\000\040\000e\000t\000\040\000a\000l\000i\000a\000s\000e\000s}{part.14}% 335
\BOOKMARK [1][-]{section.87}{\376\377\000A\000p\000e\000r\000\347\000u\000\040\000d\000u\000\040\000l\000o\000g\000o\000\040\000"\000c\000a\000l\000c\000u\000l\000a\000t\000r\000i\000c\000e\000\040\000i\000n\000t\000e\000r\000d\000i\000t\000e\000"}{part.14}% 336
\BOOKMARK [1][-]{section.88}{\376\377\000C\000l\000i\000p\000a\000r\000t\000s\000\040\000'\000Z\000o\000n\000e\000\040\000B\000a\000c\000/\000B\000r\000e\000v\000e\000t\000/\000B\000T\000S\000'}{part.14}% 337
\BOOKMARK [1][-]{section.89}{\376\377\000C\000l\000i\000p\000a\000r\000t\000s\000\040\000f\000l\000a\000t\000\040\000'\000Z\000o\000n\000e\000\040\000B\000a\000c\000/\000B\000r\000e\000v\000e\000t\000/\000B\000T\000S\000'}{part.14}% 338
\BOOKMARK [0][-]{part.15}{\376\377\000X\000V\000\040\000C\000o\000m\000p\000\351\000t\000e\000n\000c\000e\000s\000\040\000a\000u\000\040\000l\000y\000c\000\351\000e}{}% 339
\BOOKMARK [1][-]{section.90}{\376\377\000I\000n\000t\000r\000o\000d\000u\000c\000t\000i\000o\000n}{part.15}% 340
\BOOKMARK [2][-]{subsection.90.1}{\376\377\000F\000o\000n\000c\000t\000i\000o\000n\000n\000e\000m\000e\000n\000t\000\040\000g\000l\000o\000b\000a\000l}{section.90}% 341
\BOOKMARK [2][-]{subsection.90.2}{\376\377\000C\000o\000m\000m\000a\000n\000d\000e\000s}{section.90}% 342
\BOOKMARK [2][-]{subsection.90.3}{\376\377\000L\000i\000s\000t\000e\000\040\000d\000e\000s\000\040\000c\000o\000m\000p\000\351\000t\000e\000n\000c\000e\000s\000\040\000l\000y\000c\000\351\000e\000\040\000g\000\351\000n\000\351\000r\000a\000l\000\040\000e\000t\000\040\000t\000e\000c\000h\000n\000o\000l\000o\000g\000i\000q\000u\000e}{section.90}% 343
\BOOKMARK [2][-]{subsection.90.4}{\376\377\000L\000i\000s\000t\000e\000\040\000d\000e\000s\000\040\000c\000o\000m\000p\000\351\000t\000e\000n\000c\000e\000s\000\040\000l\000y\000c\000\351\000e\000\040\000p\000r\000o\000f\000e\000s\000s\000i\000o\000n\000n\000e\000l}{section.90}% 344
\BOOKMARK [2][-]{subsection.90.5}{\376\377\000E\000x\000e\000m\000p\000l\000e\000s}{section.90}% 345
\BOOKMARK [0][-]{part.16}{\376\377\000X\000V\000I\000\040\000O\000u\000t\000i\000l\000s\000\040\000p\000o\000u\000r\000\040\000l\000e\000s\000\040\000s\000u\000j\000e\000t\000s\000\040\000d\000'\000e\000x\000a\000m\000e\000n}{}% 346
\BOOKMARK [1][-]{section.91}{\376\377\000P\000a\000g\000e\000\040\000d\000e\000\040\000g\000a\000r\000d\000e\000\040\000d\000'\000u\000n\000\040\000s\000u\000j\000e\000t\000\040\000d\000e\000\040\000b\000a\000c\000c\000a\000l\000a\000u\000r\000\351\000a\000t}{part.16}% 347
\BOOKMARK [2][-]{subsection.91.1}{\376\377\000I\000d\000\351\000e}{section.91}% 348
\BOOKMARK [2][-]{subsection.91.2}{\376\377\000C\000l\000\351\000s}{section.91}% 349
\BOOKMARK [2][-]{subsection.91.3}{\376\377\000E\000x\000e\000m\000p\000l\000e\000s}{section.91}% 350
\BOOKMARK [0][-]{part.17}{\376\377\000X\000V\000I\000I\000\040\000E\000n\000\040\000p\000r\000o\000j\000e\000t}{}% 351
\BOOKMARK [1][-]{section.92}{\376\377\000P\000r\000\351\000a\000m\000b\000u\000l\000e\000,\000\040\000a\000v\000e\000r\000t\000i\000s\000s\000e\000m\000e\000n\000t\000\050\000s\000\051}{part.17}% 352
\BOOKMARK [1][-]{section.93}{\376\377\000R\000a\000c\000i\000n\000e\000s\000\040\000c\000a\000r\000r\000\351\000e\000s\000,\000\040\000c\000o\000m\000p\000l\000e\000x\000e\000s}{part.17}% 353
\BOOKMARK [1][-]{section.94}{\376\377\000M\000i\000n\000i\000\040\000s\000c\000h\000\351\000m\000a\000s\000\040\000d\000e\000\040\000s\000i\000g\000n\000e}{part.17}% 354
\BOOKMARK [1][-]{section.95}{\376\377\000A\000d\000d\000i\000t\000i\000o\000n\000s\000\040\000p\000o\000s\000\351\000e\000s}{part.17}% 355
\BOOKMARK [2][-]{subsection.95.1}{\376\377\000C\000o\000m\000m\000a\000n\000d\000e\000\040\000c\000o\000m\000p\000a\000t\000i\000b\000l\000e\000\040\000a\000v\000e\000c\000\040\000t\000o\000u\000t\000\040\000c\000o\000m\000p\000i\000l\000a\000t\000e\000u\000r}{section.95}% 356
\BOOKMARK [2][-]{subsection.95.2}{\376\377\000C\000o\000m\000m\000a\000n\000d\000e\000\040\000c\000o\000m\000p\000a\000t\000i\000b\000l\000e\000\040\000e\000n\000\040\000L\000U\000A}{section.95}% 357
\BOOKMARK [1][-]{section.96}{\376\377\000C\000o\000m\000p\000l\000\351\000m\000e\000n\000t\000s\000\040\000s\000u\000r\000\040\000l\000a\000\040\000f\000a\000c\000t\000o\000r\000i\000e\000l\000l\000e}{part.17}% 358
\BOOKMARK [1][-]{section.97}{\376\377\000B\000i\000n\000\364\000m\000e\000\040\000d\000e\000\040\000N\000e\000w\000t\000o\000n}{part.17}% 359
\BOOKMARK [0][-]{part.18}{\376\377\000X\000V\000I\000I\000I\000\040\000H\000i\000s\000t\000o\000r\000i\000q\000u\000e}{}% 360
