This is LuaHBTeX, Version 1.22.0 (TeX Live 2025)  (format=lualatex 2025.11.26)  2 DEC 2025 09:55
**monaspace-otf.tex
(./monaspace-otf.tex
LaTeX2e <2025-11-01>
L3 programming layer <2025-11-14>
Lua module: luaotfload 2024-12-03 v3.29 Lua based OpenType font support
Lua module: lualibs 2023-07-13 v2.76 ConTeXt Lua standard libraries.
Lua module: lualibs-extended 2023-07-13 v2.76 ConTeXt Lua libraries -- extended 
collection.
luaotfload | conf : Root cache directory is "C:/texlive/2025/texmf-var/luatex-ca
che/generic/names".
luaotfload | init : Loading fontloader "fontloader-2023-12-28.lua" from kpse-res
olved path "c:/texlive/2025/texmf-dist/tex/luatex/luaotfload/fontloader-2023-12-
28.lua".
Lua-only attribute luaotfload@noligature = 1
luaotfload | init : Context OpenType loader version 3.134
Inserting `luaotfload.node_processor' in `pre_linebreak_filter'.
Inserting `luaotfload.node_processor' in `hpack_filter'.
Inserting `luaotfload.glyph_stream' in `glyph_stream_provider'.
Inserting `luaotfload.define_font' in `define_font'.
Lua-only attribute luaotfload_color_attribute = 2
luaotfload | conf : Root cache directory is "C:/texlive/2025/texmf-var/luatex-ca
che/generic/names".
Inserting `luaotfload.harf.strip_prefix' in `find_opentype_file'.
Inserting `luaotfload.harf.strip_prefix' in `find_truetype_file'.
Removing  `luaotfload.glyph_stream' from `glyph_stream_provider'.
Inserting `luaotfload.harf.glyphstream' in `glyph_stream_provider'.
Inserting `luaotfload.harf.finalize_vlist' in `post_linebreak_filter'.
Inserting `luaotfload.harf.finalize_hlist' in `hpack_filter'.
Inserting `luaotfload.cleanup_files' in `wrapup_run'.
Inserting `luaotfload.harf.finalize_unicode' in `finish_pdffile'.
Inserting `luaotfload.glyphinfo' in `glyph_info'.
Lua-only attribute luaotfload.letterspace_done = 3
Inserting `luaotfload.aux.set_sscale_dimens' in `luaotfload.patch_font'.
Inserting `luaotfload.aux.set_font_index' in `luaotfload.patch_font'.
Inserting `luaotfload.aux.patch_cambria_domh' in `luaotfload.patch_font'.
Inserting `luaotfload.aux.fixup_fontdata' in `luaotfload.patch_font_unsafe'.
Inserting `luaotfload.aux.set_capheight' in `luaotfload.patch_font'.
Inserting `luaotfload.aux.set_xheight' in `luaotfload.patch_font'.
Inserting `luaotfload.rewrite_fontname' in `luaotfload.patch_font'.
Inserting `tracingstacklevels' in `input_level_string'. (c:/texlive/2025/texmf-
dist/tex/latex/koma-script/scrartcl.cls
Document Class: scrartcl 2025/12/01 v3.49 KOMA-Script document class (article)
(c:/texlive/2025/texmf-dist/tex/latex/koma-script/scrkbase.sty
Package: scrkbase 2025/12/01 v3.49 KOMA-Script package (KOMA-Script-dependent b
asics and keyval usage)
(c:/texlive/2025/texmf-dist/tex/latex/koma-script/scrbase.sty
Package: scrbase 2025/12/01 v3.49 KOMA-Script package (KOMA-Script-independent 
basics and keyval usage)
(c:/texlive/2025/texmf-dist/tex/latex/koma-script/scrlfile.sty
Package: scrlfile 2025/12/01 v3.49 KOMA-Script package (file load hooks)
(c:/texlive/2025/texmf-dist/tex/latex/koma-script/scrlfile-hook.sty
Package: scrlfile-hook 2025/12/01 v3.49 KOMA-Script package (using LaTeX hooks)

(c:/texlive/2025/texmf-dist/tex/latex/koma-script/scrlogo.sty
Package: scrlogo 2025/12/01 v3.49 KOMA-Script package (logo)
))) (c:/texlive/2025/texmf-dist/tex/latex/graphics/keyval.sty
Package: keyval 2022/05/29 v1.15 key=value parser (DPC)
\KV@toks@=\toks17
)
Applying: [2021/05/01] Usage of raw or classic option list on input line 254.
Already applied: [0000/00/00] Usage of raw or classic option list on input line
 370.
)) (c:/texlive/2025/texmf-dist/tex/latex/koma-script/tocbasic.sty
Package: tocbasic 2025/12/01 v3.49 KOMA-Script package (handling toc-files)
\scr@dte@tocline@numberwidth=\skip49
\scr@dte@tocline@numbox=\box53
)
Package tocbasic Info: omitting babel extension for `toc'
(tocbasic)             because of feature `nobabel' available
(tocbasic)             for `toc' on input line 141.
Class scrartcl Info: File `scrsize11pt.clo' used instead of
(scrartcl)           file `scrsize11.clo' to setup font sizes on input line 248
7.
(c:/texlive/2025/texmf-dist/tex/latex/koma-script/scrsize11pt.clo
File: scrsize11pt.clo 2025/12/01 v3.49 KOMA-Script font size class option (11pt
)
luaotfload | db : Font names database loaded from C:/texlive/2025/texmf-var/luat
ex-cache/generic/names/luaotfload-names.luc.gz) (c:/texlive/2025/texmf-dist/tex
/latex/koma-script/typearea.sty
Package: typearea 2025/12/01 v3.49 KOMA-Script package (type area)
\ta@bcor=\skip50
\ta@div=\count273
Package typearea Info: You've used standard option `a4paper'.
(typearea)             This is correct!
(typearea)             Internally I'm using `paper=a4'.
(typearea)             If you'd like to set the option with \KOMAoptions,
(typearea)             you'd have to use `paper=a4' there
(typearea)             instead of `a4paper', too.
\ta@hblk=\skip51
\ta@vblk=\skip52
\ta@temp=\skip53
\footheight=\skip54
Package typearea Info: These are the values describing the layout:
(typearea)             DIV  = 10
(typearea)             BCOR = 0.0pt
(typearea)             \paperwidth      = 597.50793pt
(typearea)              \textwidth      = 418.25555pt
(typearea)              DIV departure   = -6%
(typearea)              \evensidemargin = 17.3562pt
(typearea)              \oddsidemargin  = 17.3562pt
(typearea)             \paperheight     = 845.04694pt
(typearea)              \textheight     = 595.80026pt
(typearea)              \topmargin      = -25.16531pt
(typearea)              \headheight     = 17.0pt
(typearea)              \headsep        = 20.40001pt
(typearea)              \topskip        = 11.0pt
(typearea)              \footskip       = 47.6pt
(typearea)              \baselineskip   = 13.6pt
(typearea)              on input line 1808.
)
\c@part=\count274
\c@section=\count275
\c@subsection=\count276
\c@subsubsection=\count277
\c@paragraph=\count278
\c@subparagraph=\count279
\scr@dte@section@maxnumwidth=\skip55
Class scrartcl Info: using compatibility default `runin=bysign'
(scrartcl)           for `\section on input line 5007.
Class scrartcl Info: using compatibility default `afterindent=bysign'
(scrartcl)           for `\section on input line 5007.
\scr@dte@part@maxnumwidth=\skip56
Class scrartcl Info: using compatibility default `afterindent=false'
(scrartcl)           for `\part on input line 5015.
\scr@dte@subsection@maxnumwidth=\skip57
Class scrartcl Info: using compatibility default `runin=bysign'
(scrartcl)           for `\subsection on input line 5025.
Class scrartcl Info: using compatibility default `afterindent=bysign'
(scrartcl)           for `\subsection on input line 5025.
\scr@dte@subsubsection@maxnumwidth=\skip58
Class scrartcl Info: using compatibility default `runin=bysign'
(scrartcl)           for `\subsubsection on input line 5035.
Class scrartcl Info: using compatibility default `afterindent=bysign'
(scrartcl)           for `\subsubsection on input line 5035.
\scr@dte@paragraph@maxnumwidth=\skip59
Class scrartcl Info: using compatibility default `runin=bysign'
(scrartcl)           for `\paragraph on input line 5046.
Class scrartcl Info: using compatibility default `afterindent=bysign'
(scrartcl)           for `\paragraph on input line 5046.
\scr@dte@subparagraph@maxnumwidth=\skip60
Class scrartcl Info: using compatibility default `runin=bysign'
(scrartcl)           for `\subparagraph on input line 5056.
Class scrartcl Info: using compatibility default `afterindent=bysign'
(scrartcl)           for `\subparagraph on input line 5056.
\abovecaptionskip=\skip61
\belowcaptionskip=\skip62
\c@pti@nb@sid@b@x=\box54
Package tocbasic Info: omitting babel extension for `lof'
(tocbasic)             because of feature `nobabel' available
(tocbasic)             for `lof' on input line 6279.
\scr@dte@figure@maxnumwidth=\skip63
\c@figure=\count280
Package tocbasic Info: omitting babel extension for `lot'
(tocbasic)             because of feature `nobabel' available
(tocbasic)             for `lot' on input line 6291.
\scr@dte@table@maxnumwidth=\skip64
\c@table=\count281
Class scrartcl Info: Redefining `\numberline' on input line 6461.
\bibindent=\dimen147
) (c:/texlive/2025/texmf-dist/tex/latex/mathtools/mathtools.sty
Package: mathtools 2024/10/04 v1.31 mathematical typesetting tools
(c:/texlive/2025/texmf-dist/tex/latex/tools/calc.sty
Package: calc 2025/03/01 v4.3b Infix arithmetic (KKT,FJ)
\calc@Acount=\count282
\calc@Bcount=\count283
\calc@Adimen=\dimen148
\calc@Bdimen=\dimen149
\calc@Askip=\skip65
\calc@Bskip=\skip66
LaTeX Info: Redefining \setlength on input line 86.
LaTeX Info: Redefining \addtolength on input line 87.
\calc@Ccount=\count284
\calc@Cskip=\skip67
) (c:/texlive/2025/texmf-dist/tex/latex/mathtools/mhsetup.sty
Package: mhsetup 2021/03/18 v1.4 programming setup (MH)
) (c:/texlive/2025/texmf-dist/tex/latex/amsmath/amsmath.sty
Package: amsmath 2025/07/09 v2.17z AMS math features
\@mathmargin=\skip68
For additional information on amsmath, use the `?' option.
(c:/texlive/2025/texmf-dist/tex/latex/amsmath/amstext.sty
Package: amstext 2024/11/17 v2.01 AMS text
(c:/texlive/2025/texmf-dist/tex/latex/amsmath/amsgen.sty
File: amsgen.sty 1999/11/30 v2.0 generic functions
\@emptytoks=\toks18
\ex@=\dimen150
)) (c:/texlive/2025/texmf-dist/tex/latex/amsmath/amsbsy.sty
Package: amsbsy 1999/11/29 v1.2d Bold Symbols
\pmbraise@=\dimen151
) (c:/texlive/2025/texmf-dist/tex/latex/amsmath/amsopn.sty
Package: amsopn 2022/04/08 v2.04 operator names
)
\inf@bad=\count285
LaTeX Info: Redefining \frac on input line 235.
\uproot@=\count286
\leftroot@=\count287
LaTeX Info: Redefining \overline on input line 398.
LaTeX Info: Redefining \colon on input line 409.
\classnum@=\count288
\DOTSCASE@=\count289
LaTeX Info: Redefining \ldots on input line 495.
LaTeX Info: Redefining \dots on input line 498.
LaTeX Info: Redefining \cdots on input line 619.
\Mathstrutbox@=\box55
\strutbox@=\box56
LaTeX Info: Redefining \big on input line 721.
LaTeX Info: Redefining \Big on input line 722.
LaTeX Info: Redefining \bigg on input line 723.
LaTeX Info: Redefining \Bigg on input line 724.
\big@size=\dimen152
LaTeX Font Info:    Redeclaring font encoding OML on input line 742.
LaTeX Font Info:    Redeclaring font encoding OMS on input line 743.
\macc@depth=\count290
LaTeX Info: Redefining \bmod on input line 904.
LaTeX Info: Redefining \pmod on input line 909.
LaTeX Info: Redefining \smash on input line 939.
LaTeX Info: Redefining \relbar on input line 969.
LaTeX Info: Redefining \Relbar on input line 970.
\c@MaxMatrixCols=\count291
\dotsspace@=\muskip17
\c@parentequation=\count292
\dspbrk@lvl=\count293
\tag@help=\toks19
\row@=\count294
\column@=\count295
\maxfields@=\count296
\andhelp@=\toks20
\eqnshift@=\dimen153
\alignsep@=\dimen154
\tagshift@=\dimen155
\tagwidth@=\dimen156
\totwidth@=\dimen157
\lineht@=\dimen158
\@envbody=\toks21
\multlinegap=\skip69
\multlinetaggap=\skip70
\mathdisplay@stack=\toks22
LaTeX Info: Redefining \[ on input line 2950.
LaTeX Info: Redefining \] on input line 2951.
)
\g_MT_multlinerow_int=\count297
\l_MT_multwidth_dim=\dimen159
\origjot=\skip71
\l_MT_shortvdotswithinadjustabove_dim=\dimen160
\l_MT_shortvdotswithinadjustbelow_dim=\dimen161
\l_MT_above_intertext_sep=\dimen162
\l_MT_below_intertext_sep=\dimen163
\l_MT_above_shortintertext_sep=\dimen164
\l_MT_below_shortintertext_sep=\dimen165
\xmathstrut@box=\box57
\xmathstrut@dim=\dimen166
) (c:/texlive/2025/texmf-dist/tex/latex/tools/array.sty
Package: array 2025/09/25 v2.6n Tabular extension package (FMi)
\col@sep=\dimen167
\ar@mcellbox=\box58
\extrarowheight=\dimen168
\NC@list=\toks23
\extratabsurround=\skip72
\backup@length=\skip73
\ar@cellbox=\box59
) (c:/texlive/2025/texmf-dist/tex/latex/tools/varioref.sty
Package: varioref 2025/01/14 v1.6g package for extended references (FMi)
\c@vrcnt=\count298
) (c:/texlive/2025/texmf-dist/tex/generic/babel/babel.sty
Package: babel 2025/11/23 v25.16 The multilingual framework for LuaLaTeX, pdfLa
TeX and XeLaTeX
(c:/texlive/2025/texmf-dist/tex/generic/babel/luababel.def
\bbl@readstream=\read2
\l@dumylang=\language2
Package babel Info: Non-standard hyphenation setup on input line 118.
\l@nohyphenation=\language3
\l@german-x-2024-02-28=\language4
\l@ngerman-x-2024-02-28=\language5
\l@afrikaans=\language6
\l@albanian=\language7
\l@ancientgreek=\language8
\l@ibycus=\language9
\l@arabic=\language10
\l@armenian=\language11
\l@basque=\language12
\l@belarusian=\language13
\l@bulgarian=\language14
\l@catalan=\language15
\l@pinyin=\language16
\l@churchslavonic=\language17
\l@coptic=\language18
\l@croatian=\language19
\l@czech=\language20
\l@danish=\language21
\l@dutch=\language22
\l@ukenglish=\language23
\l@usenglishmax=\language24
\l@esperanto=\language25
\l@estonian=\language26
\l@ethiopic=\language27
\l@farsi=\language28
\l@finnish=\language29
\l@schoolfinnish=\language30
\l@french=\language31
\l@friulan=\language32
\l@galician=\language33
\l@georgian=\language34
\l@german=\language35
\l@ngerman=\language36
\l@swissgerman=\language37
\l@greek=\language38
\l@monogreek=\language39
\l@hebrew=\language40
\l@hungarian=\language41
\l@icelandic=\language42
\l@assamese=\language43
\l@bengali=\language44
\l@gujarati=\language45
\l@hindi=\language46
\l@kannada=\language47
\l@malayalam=\language48
\l@marathi=\language49
\l@oriya=\language50
\l@pali=\language51
\l@panjabi=\language52
\l@tamil=\language53
\l@telugu=\language54
\l@indonesian=\language55
\l@interlingua=\language56
\l@irish=\language57
\l@italian=\language58
\l@kurmanji=\language59
\l@classiclatin=\language60
\l@latin=\language61
\l@liturgicallatin=\language62
\l@latvian=\language63
\l@lithuanian=\language64
\l@macedonian=\language65
\l@mongolian=\language66
\l@mongolianlmc=\language67
\l@bokmal=\language68
\l@nynorsk=\language69
\l@occitan=\language70
\l@piedmontese=\language71
\l@polish=\language72
\l@portuguese=\language73
\l@romanian=\language74
\l@romansh=\language75
\l@russian=\language76
\l@sanskrit=\language77
\l@serbian=\language78
\l@serbianc=\language79
\l@slovak=\language80
\l@slovenian=\language81
\l@spanish=\language82
\l@swedish=\language83
\l@thai=\language84
\l@turkish=\language85
\l@turkmen=\language86
\l@ukrainian=\language87
\l@uppersorbian=\language88
\l@vietnamese=\language89
\l@welsh=\language90
\babelcatcodetablenum=\catcodetable14
\bbl@pattcodes=\catcodetable15
)
\babel@savecnt=\count299
LaTeX Encoding Info:    Redeclaring text command \ij (encoding OT1) on input li
ne 2050.
LaTeX Encoding Info:    Redeclaring text command \IJ (encoding OT1) on input li
ne 2052.
LaTeX Encoding Info:    Redeclaring text command \ij (encoding T1) on input lin
e 2054.
LaTeX Encoding Info:    Redeclaring text command \IJ (encoding T1) on input lin
e 2055.
LaTeX Encoding Info:    Ignoring declaration for text command \ij (encoding ?) 
on input line 2056.
LaTeX Encoding Info:    Ignoring declaration for text command \IJ (encoding ?) 
on input line 2058.
LaTeX Encoding Info:    Ignoring declaration for text command \SS (encoding ?) 
on input line 2083.
\U@D=\dimen169
\l@unhyphenated=\language91
(c:/texlive/2025/texmf-dist/tex/generic/babel/luababel.def
\bbl@attr@locale=\attribute4
) (c:/texlive/2025/texmf-dist/tex/generic/babel/locale/en/babel-british.tex)
Package babel Info: Importing font and identification data for british
(babel)             from babel-en-GB.ini. Reported on input line 4298.
(c:/texlive/2025/texmf-dist/tex/generic/babel-english/british.ldf
Language: british 2017/06/06 v3.3r English support from the babel system
(c:/texlive/2025/texmf-dist/tex/generic/babel-english/english.ldf
Language: english 2017/06/06 v3.3r English support from the babel system
Package babel Info: Hyphen rules for 'canadian' set to \l@english
(babel)             (\language0). Reported on input line 102.
Package babel Info: Hyphen rules for 'australian' set to \l@ukenglish
(babel)             (\language23). Reported on input line 105.
Package babel Info: Hyphen rules for 'newzealand' set to \l@ukenglish
(babel)             (\language23). Reported on input line 108.
(c:/texlive/2025/texmf-dist/tex/generic/hyph-utf8/loadhyph/loadhyph-en-gb.tex A
SCII Hyphenation patterns for British English (c:/texlive/2025/texmf-dist/tex/g
eneric/hyph-utf8/patterns/tex/hyph-en-gb.tex))))) (c:/texlive/2025/texmf-dist/t
ex/latex/libertinus-otf/libertinus-otf.sty
Package: libertinus-otf 2025/06/27 v. 0.33 (Herbert Voss) Supports libertinus f
onts for lualatex and xelatex.
(c:/texlive/2025/texmf-dist/tex/generic/iftex/iftex.sty
Package: iftex 2024/12/12 v1.0g TeX engine tests
) (c:/texlive/2025/texmf-dist/tex/latex/xkeyval/xkeyval.sty
Package: xkeyval 2025/11/04 v2.10 package option processing (HA)
(c:/texlive/2025/texmf-dist/tex/generic/xkeyval/xkeyval.tex (c:/texlive/2025/te
xmf-dist/tex/generic/xkeyval/xkvutils.tex
\XKV@toks=\toks24
\XKV@tempa@toks=\toks25
\XKV@tempb@toks=\toks26
)
\XKV@depth=\count300
File: xkeyval.tex 2014/12/03 v2.7a key=value parser (HA)
)) (c:/texlive/2025/texmf-dist/tex/latex/unicode-math/unicode-math.sty (c:/texl
ive/2025/texmf-dist/tex/latex/l3kernel/expl3.sty
Package: expl3 2025-11-14 L3 programming layer (loader) 
(c:/texlive/2025/texmf-dist/tex/latex/l3backend/l3backend-luatex.def
File: l3backend-luatex.def 2025-10-09 L3 backend support: PDF output (LuaTeX)
\l__color_backend_stack_int=\count301
Inserting `l3color' in `luaotfload.parse_color'.))
Package: unicode-math 2023/08/13 v0.8r Unicode maths in XeLaTeX and LuaLaTeX
(c:/texlive/2025/texmf-dist/tex/latex/unicode-math/unicode-math-luatex.sty
Package: unicode-math-luatex 2023/08/13 v0.8r Unicode maths in XeLaTeX and LuaL
aTeX
(c:/texlive/2025/texmf-dist/tex/latex/l3packages/xparse/xparse.sty
Package: xparse 2025-10-09 L3 Experimental document command parser
) (c:/texlive/2025/texmf-dist/tex/latex/l3packages/l3keys2e/l3keys2e.sty
Package: l3keys2e 2025-10-09 LaTeX2e option processing using LaTeX3 keys
) (c:/texlive/2025/texmf-dist/tex/latex/fontspec/fontspec.sty
Package: fontspec 2025/09/29 v2.9g Font selection for XeLaTeX and LuaLaTeX
Lua module: fontspec 2025/09/29 v2.9g Font selection for XeLaTeX and LuaLaTeX (c:/texlive/2025/texmf-dist/tex/latex/fontspec/fontspec-luatex.sty
Package: fontspec-luatex 2025/09/29 v2.9g Font selection for XeLaTeX and LuaLaT
eX
\l__fontspec_script_int=\count302
\l__fontspec_language_int=\count303
\l__fontspec_strnum_int=\count304
\l__fontspec_tmp_int=\count305
\l__fontspec_tmpa_int=\count306
\l__fontspec_tmpb_int=\count307
\l__fontspec_tmpc_int=\count308
\l__fontspec_em_int=\count309
\l__fontspec_emdef_int=\count310
\l__fontspec_strong_int=\count311
\l__fontspec_strongdef_int=\count312
\l__fontspec_tmpa_dim=\dimen170
\l__fontspec_tmpb_dim=\dimen171
\l__fontspec_tmpc_dim=\dimen172
(c:/texlive/2025/texmf-dist/tex/latex/base/fontenc.sty
Package: fontenc 2025/07/18 v2.1d Standard LaTeX package
) (c:/texlive/2025/texmf-dist/tex/latex/fontspec/fontspec.cfg))) (c:/texlive/20
25/texmf-dist/tex/latex/base/fix-cm.sty
Package: fix-cm 2020/11/24 v1.1t fixes to LaTeX
(c:/texlive/2025/texmf-dist/tex/latex/base/ts1enc.def
File: ts1enc.def 2001/06/05 v3.0e (jk/car/fm) Standard LaTeX file
LaTeX Font Info:    Redeclaring font encoding TS1 on input line 47.
LaTeX Encoding Info:    Redeclaring text command \capitalcedilla (encoding TS1)
 on input line 49.
LaTeX Encoding Info:    Redeclaring text command \capitalogonek (encoding TS1) 
on input line 52.
LaTeX Encoding Info:    Redeclaring text command \capitalgrave (encoding TS1) o
n input line 55.
LaTeX Encoding Info:    Redeclaring text command \capitalacute (encoding TS1) o
n input line 56.
LaTeX Encoding Info:    Redeclaring text command \capitalcircumflex (encoding T
S1) on input line 57.
LaTeX Encoding Info:    Redeclaring text command \capitaltilde (encoding TS1) o
n input line 58.
LaTeX Encoding Info:    Redeclaring text command \capitaldieresis (encoding TS1
) on input line 59.
LaTeX Encoding Info:    Redeclaring text command \capitalhungarumlaut (encoding
 TS1) on input line 60.
LaTeX Encoding Info:    Redeclaring text command \capitalring (encoding TS1) on
 input line 61.
LaTeX Encoding Info:    Redeclaring text command \capitalcaron (encoding TS1) o
n input line 62.
LaTeX Encoding Info:    Redeclaring text command \capitalbreve (encoding TS1) o
n input line 63.
LaTeX Encoding Info:    Redeclaring text command \capitalmacron (encoding TS1) 
on input line 64.
LaTeX Encoding Info:    Redeclaring text command \capitaldotaccent (encoding TS
1) on input line 65.
LaTeX Encoding Info:    Redeclaring text command \t (encoding TS1) on input lin
e 66.
LaTeX Encoding Info:    Redeclaring text command \capitaltie (encoding TS1) on 
input line 67.
LaTeX Encoding Info:    Redeclaring text command \newtie (encoding TS1) on inpu
t line 68.
LaTeX Encoding Info:    Redeclaring text command \capitalnewtie (encoding TS1) 
on input line 69.
LaTeX Encoding Info:    Redeclaring text symbol \textcapitalcompwordmark (encod
ing TS1) on input line 70.
LaTeX Encoding Info:    Redeclaring text symbol \textascendercompwordmark (enco
ding TS1) on input line 71.
LaTeX Encoding Info:    Redeclaring text symbol \textquotestraightbase (encodin
g TS1) on input line 72.
LaTeX Encoding Info:    Redeclaring text symbol \textquotestraightdblbase (enco
ding TS1) on input line 73.
LaTeX Encoding Info:    Redeclaring text symbol \texttwelveudash (encoding TS1)
 on input line 74.
LaTeX Encoding Info:    Redeclaring text symbol \textthreequartersemdash (encod
ing TS1) on input line 75.
LaTeX Encoding Info:    Redeclaring text symbol \textleftarrow (encoding TS1) o
n input line 76.
LaTeX Encoding Info:    Redeclaring text symbol \textrightarrow (encoding TS1) 
on input line 77.
LaTeX Encoding Info:    Redeclaring text symbol \textblank (encoding TS1) on in
put line 78.
LaTeX Encoding Info:    Redeclaring text symbol \textdollar (encoding TS1) on i
nput line 79.
LaTeX Encoding Info:    Redeclaring text symbol \textquotesingle (encoding TS1)
 on input line 80.
LaTeX Encoding Info:    Redeclaring text command \textasteriskcentered (encodin
g TS1) on input line 81.
LaTeX Encoding Info:    Redeclaring text symbol \textdblhyphen (encoding TS1) o
n input line 92.
LaTeX Encoding Info:    Redeclaring text symbol \textfractionsolidus (encoding 
TS1) on input line 93.
LaTeX Encoding Info:    Redeclaring text symbol \textzerooldstyle (encoding TS1
) on input line 94.
LaTeX Encoding Info:    Redeclaring text symbol \textoneoldstyle (encoding TS1)
 on input line 95.
LaTeX Encoding Info:    Redeclaring text symbol \texttwooldstyle (encoding TS1)
 on input line 96.
LaTeX Encoding Info:    Redeclaring text symbol \textthreeoldstyle (encoding TS
1) on input line 97.
LaTeX Encoding Info:    Redeclaring text symbol \textfouroldstyle (encoding TS1
) on input line 98.
LaTeX Encoding Info:    Redeclaring text symbol \textfiveoldstyle (encoding TS1
) on input line 99.
LaTeX Encoding Info:    Redeclaring text symbol \textsixoldstyle (encoding TS1)
 on input line 100.
LaTeX Encoding Info:    Redeclaring text symbol \textsevenoldstyle (encoding TS
1) on input line 101.
LaTeX Encoding Info:    Redeclaring text symbol \texteightoldstyle (encoding TS
1) on input line 102.
LaTeX Encoding Info:    Redeclaring text symbol \textnineoldstyle (encoding TS1
) on input line 103.
LaTeX Encoding Info:    Redeclaring text symbol \textlangle (encoding TS1) on i
nput line 104.
LaTeX Encoding Info:    Redeclaring text symbol \textminus (encoding TS1) on in
put line 105.
LaTeX Encoding Info:    Redeclaring text symbol \textrangle (encoding TS1) on i
nput line 106.
LaTeX Encoding Info:    Redeclaring text symbol \textmho (encoding TS1) on inpu
t line 107.
LaTeX Encoding Info:    Redeclaring text symbol \textbigcircle (encoding TS1) o
n input line 108.
LaTeX Encoding Info:    Redeclaring text command \textcircled (encoding TS1) on
 input line 109.
LaTeX Encoding Info:    Redeclaring text symbol \textohm (encoding TS1) on inpu
t line 115.
LaTeX Encoding Info:    Redeclaring text symbol \textlbrackdbl (encoding TS1) o
n input line 116.
LaTeX Encoding Info:    Redeclaring text symbol \textrbrackdbl (encoding TS1) o
n input line 117.
LaTeX Encoding Info:    Redeclaring text symbol \textuparrow (encoding TS1) on 
input line 118.
LaTeX Encoding Info:    Redeclaring text symbol \textdownarrow (encoding TS1) o
n input line 119.
LaTeX Encoding Info:    Redeclaring text symbol \textasciigrave (encoding TS1) 
on input line 120.
LaTeX Encoding Info:    Redeclaring text symbol \textborn (encoding TS1) on inp
ut line 121.
LaTeX Encoding Info:    Redeclaring text symbol \textdivorced (encoding TS1) on
 input line 122.
LaTeX Encoding Info:    Redeclaring text symbol \textdied (encoding TS1) on inp
ut line 123.
LaTeX Encoding Info:    Redeclaring text symbol \textleaf (encoding TS1) on inp
ut line 124.
LaTeX Encoding Info:    Redeclaring text symbol \textmarried (encoding TS1) on 
input line 125.
LaTeX Encoding Info:    Redeclaring text symbol \textmusicalnote (encoding TS1)
 on input line 126.
LaTeX Encoding Info:    Redeclaring text symbol \texttildelow (encoding TS1) on
 input line 127.
LaTeX Encoding Info:    Redeclaring text symbol \textdblhyphenchar (encoding TS
1) on input line 128.
LaTeX Encoding Info:    Redeclaring text symbol \textasciibreve (encoding TS1) 
on input line 129.
LaTeX Encoding Info:    Redeclaring text symbol \textasciicaron (encoding TS1) 
on input line 130.
LaTeX Encoding Info:    Redeclaring text symbol \textacutedbl (encoding TS1) on
 input line 131.
LaTeX Encoding Info:    Redeclaring text symbol \textgravedbl (encoding TS1) on
 input line 132.
LaTeX Encoding Info:    Redeclaring text symbol \textdagger (encoding TS1) on i
nput line 133.
LaTeX Encoding Info:    Redeclaring text symbol \textdaggerdbl (encoding TS1) o
n input line 134.
LaTeX Encoding Info:    Redeclaring text symbol \textbardbl (encoding TS1) on i
nput line 135.
LaTeX Encoding Info:    Redeclaring text symbol \textperthousand (encoding TS1)
 on input line 136.
LaTeX Encoding Info:    Redeclaring text symbol \textbullet (encoding TS1) on i
nput line 137.
LaTeX Encoding Info:    Redeclaring text symbol \textcelsius (encoding TS1) on 
input line 138.
LaTeX Encoding Info:    Redeclaring text symbol \textdollaroldstyle (encoding T
S1) on input line 139.
LaTeX Encoding Info:    Redeclaring text symbol \textcentoldstyle (encoding TS1
) on input line 140.
LaTeX Encoding Info:    Redeclaring text symbol \textflorin (encoding TS1) on i
nput line 141.
LaTeX Encoding Info:    Redeclaring text symbol \textcolonmonetary (encoding TS
1) on input line 142.
LaTeX Encoding Info:    Redeclaring text symbol \textwon (encoding TS1) on inpu
t line 143.
LaTeX Encoding Info:    Redeclaring text symbol \textnaira (encoding TS1) on in
put line 144.
LaTeX Encoding Info:    Redeclaring text symbol \textguarani (encoding TS1) on 
input line 145.
LaTeX Encoding Info:    Redeclaring text symbol \textpeso (encoding TS1) on inp
ut line 146.
LaTeX Encoding Info:    Redeclaring text symbol \textlira (encoding TS1) on inp
ut line 147.
LaTeX Encoding Info:    Redeclaring text symbol \textrecipe (encoding TS1) on i
nput line 148.
LaTeX Encoding Info:    Redeclaring text symbol \textinterrobang (encoding TS1)
 on input line 149.
LaTeX Encoding Info:    Redeclaring text symbol \textinterrobangdown (encoding 
TS1) on input line 150.
LaTeX Encoding Info:    Redeclaring text symbol \textdong (encoding TS1) on inp
ut line 151.
LaTeX Encoding Info:    Redeclaring text symbol \texttrademark (encoding TS1) o
n input line 152.
LaTeX Encoding Info:    Redeclaring text symbol \textpertenthousand (encoding T
S1) on input line 153.
LaTeX Encoding Info:    Redeclaring text symbol \textpilcrow (encoding TS1) on 
input line 154.
LaTeX Encoding Info:    Redeclaring text symbol \textbaht (encoding TS1) on inp
ut line 155.
LaTeX Encoding Info:    Redeclaring text symbol \textnumero (encoding TS1) on i
nput line 156.
LaTeX Encoding Info:    Redeclaring text symbol \textdiscount (encoding TS1) on
 input line 157.
LaTeX Encoding Info:    Redeclaring text symbol \textestimated (encoding TS1) o
n input line 158.
LaTeX Encoding Info:    Redeclaring text symbol \textopenbullet (encoding TS1) 
on input line 159.
LaTeX Encoding Info:    Redeclaring text symbol \textservicemark (encoding TS1)
 on input line 160.
LaTeX Encoding Info:    Redeclaring text symbol \textlquill (encoding TS1) on i
nput line 161.
LaTeX Encoding Info:    Redeclaring text symbol \textrquill (encoding TS1) on i
nput line 162.
LaTeX Encoding Info:    Redeclaring text symbol \textcent (encoding TS1) on inp
ut line 163.
LaTeX Encoding Info:    Redeclaring text symbol \textsterling (encoding TS1) on
 input line 164.
LaTeX Encoding Info:    Redeclaring text symbol \textcurrency (encoding TS1) on
 input line 165.
LaTeX Encoding Info:    Redeclaring text symbol \textyen (encoding TS1) on inpu
t line 166.
LaTeX Encoding Info:    Redeclaring text symbol \textbrokenbar (encoding TS1) o
n input line 167.
LaTeX Encoding Info:    Redeclaring text symbol \textsection (encoding TS1) on 
input line 168.
LaTeX Encoding Info:    Redeclaring text symbol \textasciidieresis (encoding TS
1) on input line 169.
LaTeX Encoding Info:    Redeclaring text symbol \textcopyright (encoding TS1) o
n input line 170.
LaTeX Encoding Info:    Redeclaring text symbol \textordfeminine (encoding TS1)
 on input line 171.
LaTeX Encoding Info:    Redeclaring text symbol \textcopyleft (encoding TS1) on
 input line 172.
LaTeX Encoding Info:    Redeclaring text symbol \textlnot (encoding TS1) on inp
ut line 173.
LaTeX Encoding Info:    Redeclaring text symbol \textcircledP (encoding TS1) on
 input line 174.
LaTeX Encoding Info:    Redeclaring text symbol \textregistered (encoding TS1) 
on input line 175.
LaTeX Encoding Info:    Redeclaring text symbol \textasciimacron (encoding TS1)
 on input line 176.
LaTeX Encoding Info:    Redeclaring text symbol \textdegree (encoding TS1) on i
nput line 177.
LaTeX Encoding Info:    Redeclaring text symbol \textpm (encoding TS1) on input
 line 178.
LaTeX Encoding Info:    Redeclaring text symbol \texttwosuperior (encoding TS1)
 on input line 179.
LaTeX Encoding Info:    Redeclaring text symbol \textthreesuperior (encoding TS
1) on input line 180.
LaTeX Encoding Info:    Redeclaring text symbol \textasciiacute (encoding TS1) 
on input line 181.
LaTeX Encoding Info:    Redeclaring text symbol \textmu (encoding TS1) on input
 line 182.
LaTeX Encoding Info:    Redeclaring text symbol \textparagraph (encoding TS1) o
n input line 183.
LaTeX Encoding Info:    Redeclaring text symbol \textperiodcentered (encoding T
S1) on input line 184.
LaTeX Encoding Info:    Redeclaring text symbol \textreferencemark (encoding TS
1) on input line 185.
LaTeX Encoding Info:    Redeclaring text symbol \textonesuperior (encoding TS1)
 on input line 186.
LaTeX Encoding Info:    Redeclaring text symbol \textordmasculine (encoding TS1
) on input line 187.
LaTeX Encoding Info:    Redeclaring text symbol \textsurd (encoding TS1) on inp
ut line 188.
LaTeX Encoding Info:    Redeclaring text symbol \textonequarter (encoding TS1) 
on input line 189.
LaTeX Encoding Info:    Redeclaring text symbol \textonehalf (encoding TS1) on 
input line 190.
LaTeX Encoding Info:    Redeclaring text symbol \textthreequarters (encoding TS
1) on input line 191.
LaTeX Encoding Info:    Redeclaring text symbol \texteuro (encoding TS1) on inp
ut line 192.
LaTeX Encoding Info:    Redeclaring text symbol \texttimes (encoding TS1) on in
put line 193.
LaTeX Encoding Info:    Redeclaring text symbol \textdiv (encoding TS1) on inpu
t line 194.
)) (c:/texlive/2025/texmf-dist/tex/lualatex/lualatex-math/lualatex-math.sty
Package: lualatex-math 2022/01/01 v1.12 Patches for mathematics typesetting wit
h LuaLaTeX
(c:/texlive/2025/texmf-dist/tex/latex/etoolbox/etoolbox.sty
Package: etoolbox 2025/10/02 v2.5m e-TeX tools for LaTeX (JAW)
\etb@tempcnta=\count313
)
Lua module: lualatex-math 2013/08/03 v1.3 Patches for mathematics typesetting wi
th LuaLaTeX)
\g__um_fam_int=\count314
\g__um_fonts_used_int=\count315
\l__um_primecount_int=\count316
\g__um_primekern_muskip=\muskip18
(c:/texlive/2025/texmf-dist/tex/latex/unicode-math/unicode-math-table.tex)))
LaTeX Font Info:    Overwriting math alphabet `\mathrm' in version `normal'
(Font)                  OT1/cmr/m/n --> TU/LibertinusSerif(1)/m/n on input line
 240.
LaTeX Font Info:    Overwriting math alphabet `\mathit' in version `normal'
(Font)                  OT1/cmr/m/it --> TU/LibertinusSerif(1)/m/it on input li
ne 240.
LaTeX Font Info:    Overwriting math alphabet `\mathbf' in version `normal'
(Font)                  OT1/cmr/bx/n --> TU/LibertinusSerif(1)/b/n on input lin
e 240.
LaTeX Font Info:    Font shape `TU/LibertinusSerif(0)/m/n' will be
(Font)              scaled to size 10.95pt on input line 240.
LaTeX Font Info:    Overwriting math alphabet `\mathsf' in version `normal'
(Font)                  OT1/cmss/m/n --> TU/LibertinusSans(1)/m/n on input line
 320.
LaTeX Font Info:    Overwriting math alphabet `\mathsf' in version `bold'
(Font)                  OT1/cmss/bx/n --> TU/LibertinusSans(1)/b/n on input lin
e 320.
LaTeX Font Info:    Overwriting math alphabet `\mathtt' in version `normal'
(Font)                  OT1/cmtt/m/n --> TU/LibertinusMono(1)/m/n on input line
 377.
LaTeX Font Info:    Overwriting math alphabet `\mathtt' in version `bold'
(Font)                  OT1/cmtt/m/n --> TU/LibertinusMono(1)/b/n on input line
 377.
*************************************
* Using libertinus math *
*************************************
LaTeX Font Info:    Encoding `OT1' has changed to `TU' for symbol font
(Font)              `operators' in the math version `normal' on input line 401.

LaTeX Font Info:    Overwriting symbol font `operators' in version `normal'
(Font)                  OT1/cmr/m/n --> TU/LibertinusMath-Regular.otf(1)/m/n on
 input line 401.
LaTeX Font Info:    Encoding `OT1' has changed to `TU' for symbol font
(Font)              `operators' in the math version `bold' on input line 401.
LaTeX Font Info:    Overwriting symbol font `operators' in version `bold'
(Font)                  OT1/cmr/bx/n --> TU/LibertinusMath-Regular.otf(1)/b/n o
n input line 401.
LaTeX Font Info:    Encoding `OMS' has changed to `TU' for symbol font
(Font)              `symbols' in the math version `normal' on input line 401.
LaTeX Font Info:    Overwriting symbol font `symbols' in version `normal'
(Font)                  OMS/cmsy/m/n --> TU/LibertinusMath-Regular.otf(2)/m/n o
n input line 401.
LaTeX Font Info:    Encoding `OMS' has changed to `TU' for symbol font
(Font)              `symbols' in the math version `bold' on input line 401.
LaTeX Font Info:    Overwriting symbol font `symbols' in version `bold'
(Font)                  OMS/cmsy/b/n --> TU/LibertinusMath-Regular.otf(2)/b/n o
n input line 401.
LaTeX Font Info:    Encoding `OMX' has changed to `TU' for symbol font
(Font)              `largesymbols' in the math version `normal' on input line 4
01.
LaTeX Font Info:    Overwriting symbol font `largesymbols' in version `normal'
(Font)                  OMX/cmex/m/n --> TU/LibertinusMath-Regular.otf(3)/m/n o
n input line 401.
LaTeX Font Info:    Encoding `OMX' has changed to `TU' for symbol font
(Font)              `largesymbols' in the math version `bold' on input line 401
.
LaTeX Font Info:    Overwriting symbol font `largesymbols' in version `bold'
(Font)                  OMX/cmex/m/n --> TU/LibertinusMath-Regular.otf(3)/b/n o
n input line 401.
LaTeX Font Info:    Redeclaring math version `bold' on input line 403.
LaTeX Font Info:    Encoding `OT1' has changed to `TU' for symbol font
(Font)              `operators' in the math version `bold' on input line 403.
LaTeX Font Info:    Overwriting symbol font `operators' in version `bold'
(Font)                  OT1/cmr/m/n --> TU/LibertinusMath-Regular.otf(5)/m/n on
 input line 403.
LaTeX Font Info:    Encoding `OMS' has changed to `TU' for symbol font
(Font)              `symbols' in the math version `bold' on input line 403.
LaTeX Font Info:    Overwriting symbol font `symbols' in version `bold'
(Font)                  OMS/cmsy/m/n --> TU/LibertinusMath-Regular.otf(6)/m/n o
n input line 403.
LaTeX Font Info:    Encoding `OMX' has changed to `TU' for symbol font
(Font)              `largesymbols' in the math version `bold' on input line 403
.
LaTeX Font Info:    Overwriting symbol font `largesymbols' in version `bold'
(Font)                  OMX/cmex/m/n --> TU/LibertinusMath-Regular.otf(7)/m/n o
n input line 403.
) (c:/Users/cpier/OneDrive/latex/tex/latex/monaspace-otf/tex/monaspace-otf.sty
Package: monaspace-otf 2025/12/02 v0.1 Supports MonaSpace family fonts for lual
atex and xelatex (v1.301)
\MONAOTtoks=\toks27
luaotfload | cache : Lookup cache loaded from C:/texlive/2025/texmf-var/luatex-c
ache/generic/names/luaotfload-lookup-cache.luc.
(c:/Users/cpier/OneDrive/latex/tex/latex/monaspace-otf/tex/MonaspaceArgon-Regul
ar.fontspec)
(c:/Users/cpier/OneDrive/latex/tex/latex/monaspace-otf/tex/MonaspaceArgon-SemiB
old.fontspec)
(c:/Users/cpier/OneDrive/latex/tex/latex/monaspace-otf/tex/MonaspaceArgon-Mediu
m.fontspec)
(c:/Users/cpier/OneDrive/latex/tex/latex/monaspace-otf/tex/MonaspaceArgon-Extra
Light.fontspec)
(c:/Users/cpier/OneDrive/latex/tex/latex/monaspace-otf/tex/MonaspaceArgon-Light
.fontspec)
(c:/Users/cpier/OneDrive/latex/tex/latex/monaspace-otf/tex/MonaspaceKrypton-Med
ium.fontspec)
(c:/Users/cpier/OneDrive/latex/tex/latex/monaspace-otf/tex/MonaspaceKrypton-Ext
raLight.fontspec)
(c:/Users/cpier/OneDrive/latex/tex/latex/monaspace-otf/tex/MonaspaceKrypton-Reg
ular.fontspec)
(c:/Users/cpier/OneDrive/latex/tex/latex/monaspace-otf/tex/MonaspaceKrypton-Lig
ht.fontspec)
(c:/Users/cpier/OneDrive/latex/tex/latex/monaspace-otf/tex/MonaspaceKrypton-Sem
iBold.fontspec)
(c:/Users/cpier/OneDrive/latex/tex/latex/monaspace-otf/tex/MonaspaceNeon-Medium
.fontspec)
(c:/Users/cpier/OneDrive/latex/tex/latex/monaspace-otf/tex/MonaspaceNeon-ExtraL
ight.fontspec)
(c:/Users/cpier/OneDrive/latex/tex/latex/monaspace-otf/tex/MonaspaceNeon-Regula
r.fontspec)
(c:/Users/cpier/OneDrive/latex/tex/latex/monaspace-otf/tex/MonaspaceNeon-Light.
fontspec)
(c:/Users/cpier/OneDrive/latex/tex/latex/monaspace-otf/tex/MonaspaceNeon-SemiBo
ld.fontspec)
(c:/Users/cpier/OneDrive/latex/tex/latex/monaspace-otf/tex/MonaspaceRadon-Mediu
m.fontspec)
(c:/Users/cpier/OneDrive/latex/tex/latex/monaspace-otf/tex/MonaspaceRadon-Extra
Light.fontspec)
(c:/Users/cpier/OneDrive/latex/tex/latex/monaspace-otf/tex/MonaspaceRadon-Regul
ar.fontspec)
(c:/Users/cpier/OneDrive/latex/tex/latex/monaspace-otf/tex/MonaspaceRadon-Light
.fontspec)
(c:/Users/cpier/OneDrive/latex/tex/latex/monaspace-otf/tex/MonaspaceRadon-SemiB
old.fontspec)
(c:/Users/cpier/OneDrive/latex/tex/latex/monaspace-otf/tex/MonaspaceXenon-Mediu
m.fontspec)
(c:/Users/cpier/OneDrive/latex/tex/latex/monaspace-otf/tex/MonaspaceXenon-Extra
Light.fontspec)
(c:/Users/cpier/OneDrive/latex/tex/latex/monaspace-otf/tex/MonaspaceXenon-Regul
ar.fontspec)
(c:/Users/cpier/OneDrive/latex/tex/latex/monaspace-otf/tex/MonaspaceXenon-Light
.fontspec)
(c:/Users/cpier/OneDrive/latex/tex/latex/monaspace-otf/tex/MonaspaceXenon-SemiB
old.fontspec)) (c:/texlive/2025/texmf-dist/tex/latex/framed/framed.sty
Package: framed 2011/10/22 v 0.96: framed or shaded text with page breaks
\OuterFrameSep=\skip74
\fb@frw=\dimen173
\fb@frh=\dimen174
\FrameRule=\dimen175
\FrameSep=\dimen176
) (c:/texlive/2025/texmf-dist/tex/latex/listings/listings.sty
\lst@mode=\count317
\lst@gtempboxa=\box60
\lst@token=\toks28
\lst@length=\count318
\lst@currlwidth=\dimen177
\lst@column=\count319
\lst@pos=\count320
\lst@lostspace=\dimen178
\lst@width=\dimen179
\lst@newlines=\count321
\lst@lineno=\count322
\lst@maxwidth=\dimen180
(c:/texlive/2025/texmf-dist/tex/latex/listings/lstpatch.sty
File: lstpatch.sty 2025/11/14 1.11b (Carsten Heinz)
) (c:/texlive/2025/texmf-dist/tex/latex/listings/lstmisc.sty
File: lstmisc.sty 2025/11/14 1.11b (Carsten Heinz)
\c@lstnumber=\count323
\lst@skipnumbers=\count324
\lst@framebox=\box61
) (c:/texlive/2025/texmf-dist/tex/latex/listings/listings.cfg
File: listings.cfg 2025/11/14 1.11b listings configuration
))
Package: listings 2025/11/14 1.11b (Carsten Heinz)
==> First Aid for listings.sty no longer applied!
    Expected:
        2024/09/23 1.10c (Carsten Heinz)
    but found:
        2025/11/14 1.11b (Carsten Heinz)
    so I'm assuming it got fixed.
(c:/texlive/2025/texmf-dist/tex/latex/xcolor/xcolor.sty
Package: xcolor 2024/09/29 v3.02 LaTeX color extensions (UK)
(c:/texlive/2025/texmf-dist/tex/latex/graphics-cfg/color.cfg
File: color.cfg 2016/01/02 v1.6 sample color configuration
)
Package xcolor Info: Driver file: luatex.def on input line 274.
(c:/texlive/2025/texmf-dist/tex/latex/graphics-def/luatex.def
File: luatex.def 2025/09/29 v1.2f Graphics/color driver for luatex
) (c:/texlive/2025/texmf-dist/tex/latex/graphics/mathcolor.ltx)
Package xcolor Info: Model `cmy' substituted by `cmy0' on input line 1349.
Package xcolor Info: Model `hsb' substituted by `rgb' on input line 1353.
Package xcolor Info: Model `RGB' extended on input line 1365.
Package xcolor Info: Model `HTML' substituted by `rgb' on input line 1367.
Package xcolor Info: Model `Hsb' substituted by `hsb' on input line 1368.
Package xcolor Info: Model `tHsb' substituted by `hsb' on input line 1369.
Package xcolor Info: Model `HSB' substituted by `hsb' on input line 1370.
Package xcolor Info: Model `Gray' substituted by `gray' on input line 1371.
Package xcolor Info: Model `wave' substituted by `hsb' on input line 1372.
) (c:/texlive/2025/texmf-dist/tex/latex/realscripts/realscripts.sty
Package: realscripts 2016/02/13 v0.3d Access OpenType subscripts and superscrip
ts
\subsupersep=\dimen181
) (c:/texlive/2025/texmf-dist/tex/latex/graphics/graphicx.sty
Package: graphicx 2024/12/31 v1.2e Enhanced LaTeX Graphics (DPC,SPQR)
(c:/texlive/2025/texmf-dist/tex/latex/graphics/graphics.sty
Package: graphics 2024/08/06 v1.4g Standard LaTeX Graphics (DPC,SPQR)
(c:/texlive/2025/texmf-dist/tex/latex/graphics/trig.sty
Package: trig 2023/12/02 v1.11 sin cos tan (DPC)
) (c:/texlive/2025/texmf-dist/tex/latex/graphics-cfg/graphics.cfg
File: graphics.cfg 2016/06/04 v1.11 sample graphics configuration
)
Package graphics Info: Driver file: luatex.def on input line 106.
)
\Gin@req@height=\dimen182
\Gin@req@width=\dimen183
) (c:/texlive/2025/texmf-dist/tex/latex/microtype/microtype.sty
Package: microtype 2025/07/09 v3.2b Micro-typographical refinements (RS)
\MT@toks=\toks29
\MT@tempbox=\box62
\MT@count=\count325
LaTeX Info: Redefining \noprotrusionifhmode on input line 1087.
LaTeX Info: Redefining \leftprotrusion on input line 1088.
\MT@prot@toks=\toks30
LaTeX Info: Redefining \rightprotrusion on input line 1107.
LaTeX Info: Redefining \textls on input line 1449.
\MT@outer@kern=\dimen184
LaTeX Info: Redefining \microtypecontext on input line 2053.
LaTeX Info: Redefining \textmicrotypecontext on input line 2070.
\MT@listname@count=\count326
(c:/texlive/2025/texmf-dist/tex/latex/microtype/microtype-luatex.def
File: microtype-luatex.def 2025/07/09 v3.2b Definitions specific to luatex (RS)

Lua module: microtype 2025/07/09 v3.2b microtype module.
Module microtype Info: overwriting function `keepligature' on input line 63
LaTeX Info: Redefining \lsstyle on input line 779.
LaTeX Info: Redefining \lslig on input line 779.
\MT@outer@space=\skip75
)
Package microtype Info: Loading configuration file microtype.cfg.
(c:/texlive/2025/texmf-dist/tex/latex/microtype/microtype.cfg
File: microtype.cfg 2025/07/09 v3.2b microtype main configuration file (RS)
)
LaTeX Info: Redefining \microtypesetup on input line 3065.
) (c:/texlive/2025/texmf-dist/tex/latex/hyperref/hyperref.sty
Package: hyperref 2025-07-12 v7.01o Hypertext links for LaTeX
(c:/texlive/2025/texmf-dist/tex/latex/kvsetkeys/kvsetkeys.sty
Package: kvsetkeys 2022-10-05 v1.19 Key value parser (HO)
) (c:/texlive/2025/texmf-dist/tex/generic/kvdefinekeys/kvdefinekeys.sty
Package: kvdefinekeys 2019-12-19 v1.6 Define keys (HO)
) (c:/texlive/2025/texmf-dist/tex/generic/pdfescape/pdfescape.sty
Package: pdfescape 2019/12/09 v1.15 Implements pdfTeX's escape features (HO)
(c:/texlive/2025/texmf-dist/tex/generic/ltxcmds/ltxcmds.sty
Package: ltxcmds 2023-12-04 v1.26 LaTeX kernel commands for general use (HO)
) (c:/texlive/2025/texmf-dist/tex/generic/pdftexcmds/pdftexcmds.sty
Package: pdftexcmds 2020-06-27 v0.33 Utility functions of pdfTeX for LuaTeX (HO
)
(c:/texlive/2025/texmf-dist/tex/generic/infwarerr/infwarerr.sty
Package: infwarerr 2019/12/03 v1.5 Providing info/warning/error messages (HO)
)
Package pdftexcmds Info: \pdf@primitive is available.
Package pdftexcmds Info: \pdf@ifprimitive is available.
Package pdftexcmds Info: \pdfdraftmode found.
\pdftexcmds@toks=\toks31
)) (c:/texlive/2025/texmf-dist/tex/latex/hycolor/hycolor.sty
Package: hycolor 2020-01-27 v1.10 Color options for hyperref/bookmark (HO)
) (c:/texlive/2025/texmf-dist/tex/latex/hyperref/nameref.sty
Package: nameref 2025-06-21 v2.57 Cross-referencing by name of section
(c:/texlive/2025/texmf-dist/tex/latex/refcount/refcount.sty
Package: refcount 2019/12/15 v3.6 Data extraction from label references (HO)
) (c:/texlive/2025/texmf-dist/tex/generic/gettitlestring/gettitlestring.sty
Package: gettitlestring 2019/12/15 v1.6 Cleanup title references (HO)
(c:/texlive/2025/texmf-dist/tex/latex/kvoptions/kvoptions.sty
Package: kvoptions 2022-06-15 v3.15 Key value format for package options (HO)
))
\c@section@level=\count327
) (c:/texlive/2025/texmf-dist/tex/generic/stringenc/stringenc.sty
Package: stringenc 2019/11/29 v1.12 Convert strings between diff. encodings (HO
)
)
\@linkdim=\dimen185
\Hy@linkcounter=\count328
\Hy@pagecounter=\count329
(c:/texlive/2025/texmf-dist/tex/latex/hyperref/pd1enc.def
File: pd1enc.def 2025-07-12 v7.01o Hyperref: PDFDocEncoding definition (HO)
) (c:/texlive/2025/texmf-dist/tex/generic/intcalc/intcalc.sty
Package: intcalc 2019/12/15 v1.3 Expandable calculations with integers (HO)
)
\Hy@SavedSpaceFactor=\count330
(c:/texlive/2025/texmf-dist/tex/latex/hyperref/puenc.def
File: puenc.def 2025-07-12 v7.01o Hyperref: PDF Unicode definition (HO)
)
Package hyperref Info: Hyper figures OFF on input line 4195.
Package hyperref Info: Link nesting OFF on input line 4200.
Package hyperref Info: Hyper index ON on input line 4203.
Package hyperref Info: Plain pages OFF on input line 4210.
Package hyperref Info: Backreferencing OFF on input line 4215.
Package hyperref Info: Implicit mode ON; LaTeX internals redefined.
Package hyperref Info: Bookmarks ON on input line 4462.
\c@Hy@tempcnt=\count331
(c:/texlive/2025/texmf-dist/tex/latex/url/url.sty
\Urlmuskip=\muskip19
Package: url 2013/09/16  ver 3.4  Verb mode for urls, etc.
)
LaTeX Info: Redefining \url on input line 4801.
\XeTeXLinkMargin=\dimen186
(c:/texlive/2025/texmf-dist/tex/generic/bitset/bitset.sty
Package: bitset 2019/12/09 v1.3 Handle bit-vector datatype (HO)
(c:/texlive/2025/texmf-dist/tex/generic/bigintcalc/bigintcalc.sty
Package: bigintcalc 2019/12/15 v1.5 Expandable calculations on big integers (HO
)
))
\Fld@menulength=\count332
\Field@Width=\dimen187
\Fld@charsize=\dimen188
Package hyperref Info: Hyper figures OFF on input line 6078.
Package hyperref Info: Link nesting OFF on input line 6083.
Package hyperref Info: Hyper index ON on input line 6086.
Package hyperref Info: backreferencing OFF on input line 6093.
Package hyperref Info: Link coloring OFF on input line 6098.
Package hyperref Info: Link coloring with OCG OFF on input line 6103.
Package hyperref Info: PDF/A mode OFF on input line 6108.
\Hy@abspage=\count333
\c@Item=\count334
\c@Hfootnote=\count335
)
Package hyperref Info: Driver (autodetected): hluatex.
(c:/texlive/2025/texmf-dist/tex/latex/hyperref/hluatex.def
File: hluatex.def 2025-07-12 v7.01o Hyperref driver for luaTeX
\Fld@listcount=\count336
\c@bookmark@seq@number=\count337
(c:/texlive/2025/texmf-dist/tex/latex/rerunfilecheck/rerunfilecheck.sty
Package: rerunfilecheck 2025-06-21 v1.11 Rerun checks for auxiliary files (HO)
(c:/texlive/2025/texmf-dist/tex/generic/uniquecounter/uniquecounter.sty
Package: uniquecounter 2019/12/15 v1.4 Provide unlimited unique counter (HO)
)
Package uniquecounter Info: New unique counter `rerunfilecheck' on input line 2
84.
)
\Hy@SectionHShift=\skip76
)
Package hyperref Info: Option `bookmarksopen' set `true' on input line 40.
Package hyperref Info: Option `colorlinks' set `true' on input line 40.
Class scrartcl Info: loading recommended package `bookmark'.
(scrartcl)           Using `bookmark' together with `hyperref' is recommended,
(scrartcl)           because of handling of possible bookmark level gaps.
(scrartcl)           You can avoid loading `bookmark' with KOMA-Script option
(scrartcl)           `bookmarkpackage=false' before \begin{document} and
(scrartcl)           you can avoid this message adding:
(scrartcl)             \usepackage{bookmark}
(scrartcl)           before \begin{document} on input line 50.
(c:/texlive/2025/texmf-dist/tex/latex/bookmark/bookmark.sty
Package: bookmark 2023-12-10 v1.31 PDF bookmarks (HO)
(c:/texlive/2025/texmf-dist/tex/latex/bookmark/bkm-pdftex.def
File: bkm-pdftex.def 2023-12-10 v1.31 bookmark driver for pdfTeX and luaTeX (HO
)
\BKM@id=\count338
)) (./monaspace-otf.aux)
\openout1 = monaspace-otf.aux

LaTeX Font Info:    Checking defaults for OML/cmm/m/it on input line 50.
LaTeX Font Info:    ... okay on input line 50.
LaTeX Font Info:    Checking defaults for OMS/cmsy/m/n on input line 50.
LaTeX Font Info:    ... okay on input line 50.
LaTeX Font Info:    Checking defaults for OT1/cmr/m/n on input line 50.
LaTeX Font Info:    ... okay on input line 50.
LaTeX Font Info:    Checking defaults for T1/cmr/m/n on input line 50.
LaTeX Font Info:    ... okay on input line 50.
LaTeX Font Info:    Checking defaults for TS1/cmr/m/n on input line 50.
LaTeX Font Info:    ... okay on input line 50.
LaTeX Font Info:    Checking defaults for TU/lmr/m/n on input line 50.
LaTeX Font Info:    ... okay on input line 50.
LaTeX Font Info:    Checking defaults for OMX/cmex/m/n on input line 50.
LaTeX Font Info:    ... okay on input line 50.
LaTeX Font Info:    Checking defaults for U/cmr/m/n on input line 50.
LaTeX Font Info:    ... okay on input line 50.
LaTeX Font Info:    Checking defaults for PD1/pdf/m/n on input line 50.
LaTeX Font Info:    ... okay on input line 50.
LaTeX Font Info:    Checking defaults for PU/pdf/m/n on input line 50.
LaTeX Font Info:    ... okay on input line 50.
Package scrbase Info: activating british \abstractname on input line 50.
Package scrbase Info: activating british \partname on input line 50.
Package scrbase Info: activating british \figurename on input line 50.
Package scrbase Info: activating british \tablename on input line 50.
Package scrbase Info: activating british \contentsname on input line 50.
Package scrbase Info: activating british \listfigurename on input line 50.
Package scrbase Info: activating british \listtablename on input line 50.
Package scrbase Info: activating british \refname on input line 50.
Package scrbase Info: activating british \indexname on input line 50.

Package unicode-math Warning: Using \overbracket and \underbracket from
(unicode-math)                `mathtools' package.
(unicode-math)                 
(unicode-math)                 Use \Uoverbracket and \Uunderbracket for
(unicode-math)                original `unicode-math' definition.


Package unicode-math Warning: I'm going to overwrite the following commands
(unicode-math)                from the `mathtools' package: 
(unicode-math)                 
(unicode-math)                     \dblcolon, \coloneqq, \Coloneqq, \eqqcolon.
(unicode-math)                
(unicode-math)                 
(unicode-math)                 Note that since I won't overwrite the other
(unicode-math)                colon-like commands, using them will lead to
(unicode-math)                inconsistencies.

\c@lstlisting=\count339
Package tocbasic Info: setting babel extension for `lol' on input line 50.
\scr@dte@lstlisting@maxnumwidth=\skip77
(c:/texlive/2025/texmf-dist/tex/context/base/mkii/supp-pdf.mkii
[Loading MPS to PDF converter (version 2006.09.02).]
\scratchcounter=\count340
\scratchdimen=\dimen189
\scratchbox=\box63
\nofMPsegments=\count341
\nofMParguments=\count342
\everyMPshowfont=\toks32
\MPscratchCnt=\count343
\MPscratchDim=\dimen190
\MPnumerator=\count344
\makeMPintoPDFobject=\count345
\everyMPtoPDFconversion=\toks33
) (c:/texlive/2025/texmf-dist/tex/latex/epstopdf-pkg/epstopdf-base.sty
Package: epstopdf-base 2020-01-24 v2.11 Base part for package epstopdf

Package epstopdf Warning: Shell escape feature is not enabled.

Package epstopdf-base Info: Redefining graphics rule for `.eps' on input line 4
85.
(c:/texlive/2025/texmf-dist/tex/latex/latexconfig/epstopdf-sys.cfg
File: epstopdf-sys.cfg 2010/07/13 v1.3 Configuration of (r)epstopdf for TeX Liv
e
))
LaTeX Info: Redefining \microtypecontext on input line 50.
Package microtype Info: Applying patch `item' on input line 50.
Package microtype Info: Applying patch `toc' on input line 50.
Package microtype Info: Applying patch `eqnum' on input line 50.
Package microtype Info: Applying patch `footnote' on input line 50.
Package microtype Info: Applying patch `verbatim' on input line 50.
LaTeX Info: Redefining \microtypesetup on input line 50.
Package microtype Info: Generating PDF output.
Package microtype Info: Character protrusion enabled (level 2).
Package microtype Info: Using default protrusion set `alltext'.
Package microtype Info: Automatic font expansion enabled (level 2),
(microtype)             stretch: 20, shrink: 20, step: 1, non-selected.
Package microtype Info: Using default expansion set `alltext-nott'.
Package microtype Info: Patching command `\showhyphens'.
Package microtype Info: No adjustment of tracking.
Package microtype Info: No adjustment of spacing.
Package microtype Info: No adjustment of kerning.
Package microtype Info: Loading generic protrusion settings for font family
(microtype)             `LibertinusSerif' (encoding: TU).
(microtype)             For optimal results, create family-specific settings.
(microtype)             See the microtype manual for details.
Package hyperref Info: Link coloring ON on input line 50.
LaTeX Font Info:    Font shape `TU/LibertinusSans(0)/m/n' will be
(Font)              scaled to size 10.95pt on input line 53.
Package microtype Info: Loading generic protrusion settings for font family
(microtype)             `LibertinusSans' (encoding: TU).
(microtype)             For optimal results, create family-specific settings.
(microtype)             See the microtype manual for details.
LaTeX Font Info:    Font shape `TU/LibertinusSans(0)/b/n' will be
(Font)              scaled to size 10.95pt on input line 53.
LaTeX Font Info:    Font shape `TU/LibertinusSans(0)/b/n' will be
(Font)              scaled to size 20.74pt on input line 53.
LaTeX Font Info:    Font shape `TU/LibertinusSans(0)/b/it' will be
(Font)              scaled to size 20.74pt on input line 53.
LaTeX Font Info:    Font shape `TU/LibertinusSerif(0)/m/n' will be
(Font)              scaled to size 14.4pt on input line 53.
Package microtype Info: Loading generic protrusion settings for font family
(microtype)             `LibertinusMath-Regular.otf' (encoding: TU).
(microtype)             For optimal results, create family-specific settings.
(microtype)             See the microtype manual for details.
LaTeX Font Info:    Font shape `TU/MonaspaceArgon-Regular(0)/m/n' will be
(Font)              scaled to size 12.03046pt on input line 53.
Package microtype Info: Loading generic protrusion settings for font family
(microtype)             `MonaspaceArgon-Regular' (encoding: TU).
(microtype)             For optimal results, create family-specific settings.
(microtype)             See the microtype manual for details.
LaTeX Font Info:    Font shape `TU/LibertinusSans(0)/b/n' will be
(Font)              scaled to size 14.4pt on input line 54.
LaTeX Font Info:    Font shape `TU/LibertinusSans(0)/b/n' will be
(Font)              scaled to size 12.0pt on input line 56.
LaTeX Font Info:    Font shape `TU/LibertinusSerif(0)/b/n' will be
(Font)              scaled to size 10.95pt on input line 58.
LaTeX Font Info:    Font shape `TU/MonaspaceArgon-Regular(0)/m/n' will be
(Font)              scaled to size 9.14816pt on input line 66.
LaTeX Font Info:    Font shape `TU/LibertinusSerif(5)/m/n' will be
(Font)              scaled to size 10.95pt on input line 72.
LaTeX Font Info:    Font shape `TU/LibertinusSerif(0)/m/n' will be
(Font)              scaled to size 9.0pt on input line 72.
LaTeX Font Info:    Font shape `TU/LibertinusSerif(5)/m/n' will be
(Font)              scaled to size 9.0pt on input line 72.
LaTeX Font Info:    Font shape `TU/MonaspaceArgon-Regular(0)/m/n' will be
(Font)              scaled to size 7.51904pt on input line 72.
[1


{c:/texlive/2025/texmf-var/fonts/map/pdftex/updmap/pdftex.map}]
LaTeX Font Info:    Font shape `TU/MonaspaceArgon-ExtraLight(0)/m/n' will be
(Font)              scaled to size 9.39511pt on input line 82.
Package microtype Info: Loading generic protrusion settings for font family
(microtype)             `MonaspaceArgon-ExtraLight' (encoding: TU).
(microtype)             For optimal results, create family-specific settings.
(microtype)             See the microtype manual for details.
LaTeX Font Info:    Font shape `TU/MonaspaceArgon-Light(0)/m/n' will be
(Font)              scaled to size 9.26529pt on input line 82.
Package microtype Info: Loading generic protrusion settings for font family
(microtype)             `MonaspaceArgon-Light' (encoding: TU).
(microtype)             For optimal results, create family-specific settings.
(microtype)             See the microtype manual for details.
LaTeX Font Info:    Font shape `TU/MonaspaceArgon-Regular(1)/m/n' will be
(Font)              scaled to size 9.14816pt on input line 82.
LaTeX Font Info:    Font shape `TU/MonaspaceArgon-Medium(0)/m/n' will be
(Font)              scaled to size 9.02502pt on input line 82.
Package microtype Info: Loading generic protrusion settings for font family
(microtype)             `MonaspaceArgon-Medium' (encoding: TU).
(microtype)             For optimal results, create family-specific settings.
(microtype)             See the microtype manual for details.
LaTeX Font Info:    Font shape `TU/MonaspaceArgon-SemiBold(0)/m/n' will be
(Font)              scaled to size 8.90521pt on input line 82.
Package microtype Info: Loading generic protrusion settings for font family
(microtype)             `MonaspaceArgon-SemiBold' (encoding: TU).
(microtype)             For optimal results, create family-specific settings.
(microtype)             See the microtype manual for details.
LaTeX Font Info:    Font shape `TU/MonaspaceKrypton-Regular(0)/m/n' will be
(Font)              scaled to size 9.14816pt on input line 86.
Package microtype Info: Loading generic protrusion settings for font family
(microtype)             `MonaspaceKrypton-Regular' (encoding: TU).
(microtype)             For optimal results, create family-specific settings.
(microtype)             See the microtype manual for details.
LaTeX Font Info:    Font shape `TU/MonaspaceNeon-Regular(0)/m/n' will be
(Font)              scaled to size 9.14816pt on input line 86.
Package microtype Info: Loading generic protrusion settings for font family
(microtype)             `MonaspaceNeon-Regular' (encoding: TU).
(microtype)             For optimal results, create family-specific settings.
(microtype)             See the microtype manual for details.
LaTeX Font Info:    Font shape `TU/MonaspaceRadon-Regular(0)/m/n' will be
(Font)              scaled to size 9.14816pt on input line 86.
Package microtype Info: Loading generic protrusion settings for font family
(microtype)             `MonaspaceRadon-Regular' (encoding: TU).
(microtype)             For optimal results, create family-specific settings.
(microtype)             See the microtype manual for details.
LaTeX Font Info:    Font shape `TU/MonaspaceXenon-Regular(0)/m/n' will be
(Font)              scaled to size 9.14816pt on input line 86.
Package microtype Info: Loading generic protrusion settings for font family
(microtype)             `MonaspaceXenon-Regular' (encoding: TU).
(microtype)             For optimal results, create family-specific settings.
(microtype)             See the microtype manual for details.
(c:/texlive/2025/texmf-dist/tex/latex/listings/lstlang1.sty
File: lstlang1.sty 2025/11/14 1.11b listings language file
)
LaTeX Font Info:    Font shape `TU/MonaspaceArgon-Regular(0)/b/n' will be
(Font)              scaled to size 7.31937pt on input line 105.
LaTeX Font Info:    Font shape `TU/MonaspaceArgon-Regular(0)/m/it' will be
(Font)              scaled to size 7.51904pt on input line 106.
Package microtype Info: Loading generic protrusion settings for font family
(microtype)             `cmtt' (encoding: OT1).
(microtype)             For optimal results, create family-specific settings.
(microtype)             See the microtype manual for details.
[2]
LaTeX Font Info:    Font shape `TU/LibertinusSerif(0)/m/it' will be
(Font)              scaled to size 10.95pt on input line 144.
LaTeX Font Info:    Font shape `TU/MonaspaceArgon-ExtraLight(1)/m/n' will be
(Font)              scaled to size 9.39511pt on input line 148.
LaTeX Font Info:    Font shape `TU/MonaspaceArgon-Light(1)/m/n' will be
(Font)              scaled to size 9.26529pt on input line 150.
LaTeX Font Info:    Font shape `TU/MonaspaceArgon-Regular(2)/m/n' will be
(Font)              scaled to size 9.14816pt on input line 152.
LaTeX Font Info:    Font shape `TU/MonaspaceArgon-Medium(1)/m/n' will be
(Font)              scaled to size 9.02502pt on input line 154.
LaTeX Font Info:    Font shape `TU/MonaspaceArgon-SemiBold(1)/m/n' will be
(Font)              scaled to size 8.90521pt on input line 156.
LaTeX Font Info:    Font shape `TU/MonaspaceKrypton-ExtraLight(0)/m/n' will be
(Font)              scaled to size 9.39511pt on input line 160.
Package microtype Info: Loading generic protrusion settings for font family
(microtype)             `MonaspaceKrypton-ExtraLight' (encoding: TU).
(microtype)             For optimal results, create family-specific settings.
(microtype)             See the microtype manual for details.
LaTeX Font Info:    Font shape `TU/MonaspaceKrypton-ExtraLight(1)/m/n' will be
(Font)              scaled to size 9.39511pt on input line 161.
LaTeX Font Info:    Font shape `TU/MonaspaceKrypton-Light(0)/m/n' will be
(Font)              scaled to size 9.26529pt on input line 162.
Package microtype Info: Loading generic protrusion settings for font family
(microtype)             `MonaspaceKrypton-Light' (encoding: TU).
(microtype)             For optimal results, create family-specific settings.
(microtype)             See the microtype manual for details.
LaTeX Font Info:    Font shape `TU/MonaspaceKrypton-Light(1)/m/n' will be
(Font)              scaled to size 9.26529pt on input line 163.
LaTeX Font Info:    Font shape `TU/MonaspaceKrypton-Regular(1)/m/n' will be
(Font)              scaled to size 9.14816pt on input line 165.
LaTeX Font Info:    Font shape `TU/MonaspaceKrypton-Medium(0)/m/n' will be
(Font)              scaled to size 9.02502pt on input line 166.
Package microtype Info: Loading generic protrusion settings for font family
(microtype)             `MonaspaceKrypton-Medium' (encoding: TU).
(microtype)             For optimal results, create family-specific settings.
(microtype)             See the microtype manual for details.
LaTeX Font Info:    Font shape `TU/MonaspaceKrypton-Medium(1)/m/n' will be
(Font)              scaled to size 9.02502pt on input line 167.
LaTeX Font Info:    Font shape `TU/MonaspaceKrypton-SemiBold(0)/m/n' will be
(Font)              scaled to size 8.90521pt on input line 168.
Package microtype Info: Loading generic protrusion settings for font family
(microtype)             `MonaspaceKrypton-SemiBold' (encoding: TU).
(microtype)             For optimal results, create family-specific settings.
(microtype)             See the microtype manual for details.
LaTeX Font Info:    Font shape `TU/MonaspaceKrypton-SemiBold(1)/m/n' will be
(Font)              scaled to size 8.90521pt on input line 169.
LaTeX Font Info:    Font shape `TU/MonaspaceNeon-ExtraLight(0)/m/n' will be
(Font)              scaled to size 9.39511pt on input line 173.
Package microtype Info: Loading generic protrusion settings for font family
(microtype)             `MonaspaceNeon-ExtraLight' (encoding: TU).
(microtype)             For optimal results, create family-specific settings.
(microtype)             See the microtype manual for details.
LaTeX Font Info:    Font shape `TU/MonaspaceNeon-ExtraLight(1)/m/n' will be
(Font)              scaled to size 9.39511pt on input line 174.
LaTeX Font Info:    Font shape `TU/MonaspaceNeon-Light(0)/m/n' will be
(Font)              scaled to size 9.26529pt on input line 175.
Package microtype Info: Loading generic protrusion settings for font family
(microtype)             `MonaspaceNeon-Light' (encoding: TU).
(microtype)             For optimal results, create family-specific settings.
(microtype)             See the microtype manual for details.
LaTeX Font Info:    Font shape `TU/MonaspaceNeon-Light(1)/m/n' will be
(Font)              scaled to size 9.26529pt on input line 176.
LaTeX Font Info:    Font shape `TU/MonaspaceNeon-Regular(1)/m/n' will be
(Font)              scaled to size 9.14816pt on input line 178.
LaTeX Font Info:    Font shape `TU/MonaspaceNeon-Medium(0)/m/n' will be
(Font)              scaled to size 9.02502pt on input line 179.
Package microtype Info: Loading generic protrusion settings for font family
(microtype)             `MonaspaceNeon-Medium' (encoding: TU).
(microtype)             For optimal results, create family-specific settings.
(microtype)             See the microtype manual for details.
LaTeX Font Info:    Font shape `TU/MonaspaceNeon-Medium(1)/m/n' will be
(Font)              scaled to size 9.02502pt on input line 180.
LaTeX Font Info:    Font shape `TU/MonaspaceNeon-SemiBold(0)/m/n' will be
(Font)              scaled to size 8.90521pt on input line 181.
Package microtype Info: Loading generic protrusion settings for font family
(microtype)             `MonaspaceNeon-SemiBold' (encoding: TU).
(microtype)             For optimal results, create family-specific settings.
(microtype)             See the microtype manual for details.
LaTeX Font Info:    Font shape `TU/MonaspaceNeon-SemiBold(1)/m/n' will be
(Font)              scaled to size 8.90521pt on input line 182.
[3]
LaTeX Font Info:    Font shape `TU/MonaspaceRadon-ExtraLight(0)/m/n' will be
(Font)              scaled to size 9.39511pt on input line 186.
Package microtype Info: Loading generic protrusion settings for font family
(microtype)             `MonaspaceRadon-ExtraLight' (encoding: TU).
(microtype)             For optimal results, create family-specific settings.
(microtype)             See the microtype manual for details.
LaTeX Font Info:    Font shape `TU/MonaspaceRadon-ExtraLight(1)/m/n' will be
(Font)              scaled to size 9.39511pt on input line 187.
LaTeX Font Info:    Font shape `TU/MonaspaceRadon-Light(0)/m/n' will be
(Font)              scaled to size 9.26529pt on input line 188.
Package microtype Info: Loading generic protrusion settings for font family
(microtype)             `MonaspaceRadon-Light' (encoding: TU).
(microtype)             For optimal results, create family-specific settings.
(microtype)             See the microtype manual for details.
LaTeX Font Info:    Font shape `TU/MonaspaceRadon-Light(1)/m/n' will be
(Font)              scaled to size 9.26529pt on input line 189.
LaTeX Font Info:    Font shape `TU/MonaspaceRadon-Regular(1)/m/n' will be
(Font)              scaled to size 9.14816pt on input line 191.
LaTeX Font Info:    Font shape `TU/MonaspaceRadon-Medium(0)/m/n' will be
(Font)              scaled to size 9.02502pt on input line 192.
Package microtype Info: Loading generic protrusion settings for font family
(microtype)             `MonaspaceRadon-Medium' (encoding: TU).
(microtype)             For optimal results, create family-specific settings.
(microtype)             See the microtype manual for details.
LaTeX Font Info:    Font shape `TU/MonaspaceRadon-Medium(1)/m/n' will be
(Font)              scaled to size 9.02502pt on input line 193.
LaTeX Font Info:    Font shape `TU/MonaspaceRadon-SemiBold(0)/m/n' will be
(Font)              scaled to size 8.90521pt on input line 194.
Package microtype Info: Loading generic protrusion settings for font family
(microtype)             `MonaspaceRadon-SemiBold' (encoding: TU).
(microtype)             For optimal results, create family-specific settings.
(microtype)             See the microtype manual for details.
LaTeX Font Info:    Font shape `TU/MonaspaceRadon-SemiBold(1)/m/n' will be
(Font)              scaled to size 8.90521pt on input line 195.
LaTeX Font Info:    Font shape `TU/MonaspaceXenon-ExtraLight(0)/m/n' will be
(Font)              scaled to size 9.39511pt on input line 199.
Package microtype Info: Loading generic protrusion settings for font family
(microtype)             `MonaspaceXenon-ExtraLight' (encoding: TU).
(microtype)             For optimal results, create family-specific settings.
(microtype)             See the microtype manual for details.
LaTeX Font Info:    Font shape `TU/MonaspaceXenon-ExtraLight(1)/m/n' will be
(Font)              scaled to size 9.39511pt on input line 200.
LaTeX Font Info:    Font shape `TU/MonaspaceXenon-Light(0)/m/n' will be
(Font)              scaled to size 9.26529pt on input line 201.
Package microtype Info: Loading generic protrusion settings for font family
(microtype)             `MonaspaceXenon-Light' (encoding: TU).
(microtype)             For optimal results, create family-specific settings.
(microtype)             See the microtype manual for details.
LaTeX Font Info:    Font shape `TU/MonaspaceXenon-Light(1)/m/n' will be
(Font)              scaled to size 9.26529pt on input line 202.
LaTeX Font Info:    Font shape `TU/MonaspaceXenon-Regular(1)/m/n' will be
(Font)              scaled to size 9.14816pt on input line 204.
LaTeX Font Info:    Font shape `TU/MonaspaceXenon-Medium(0)/m/n' will be
(Font)              scaled to size 9.02502pt on input line 205.
Package microtype Info: Loading generic protrusion settings for font family
(microtype)             `MonaspaceXenon-Medium' (encoding: TU).
(microtype)             For optimal results, create family-specific settings.
(microtype)             See the microtype manual for details.
LaTeX Font Info:    Font shape `TU/MonaspaceXenon-Medium(1)/m/n' will be
(Font)              scaled to size 9.02502pt on input line 206.
LaTeX Font Info:    Font shape `TU/MonaspaceXenon-SemiBold(0)/m/n' will be
(Font)              scaled to size 8.90521pt on input line 207.
Package microtype Info: Loading generic protrusion settings for font family
(microtype)             `MonaspaceXenon-SemiBold' (encoding: TU).
(microtype)             For optimal results, create family-specific settings.
(microtype)             See the microtype manual for details.
LaTeX Font Info:    Font shape `TU/MonaspaceXenon-SemiBold(1)/m/n' will be
(Font)              scaled to size 8.90521pt on input line 208.
[4] [5] [6] (c:/texlive/2025/texmf-dist/tex/latex/listings/lstlang1.sty
File: lstlang1.sty 2025/11/14 1.11b listings language file
) (c:/texlive/2025/texmf-dist/tex/latex/listings/lstlang2.sty
File: lstlang2.sty 2025/11/14 1.11b listings language file
) (c:/texlive/2025/texmf-dist/tex/latex/listings/lstlang3.sty
File: lstlang3.sty 2025/11/14 1.11b listings language file
) (c:/texlive/2025/texmf-dist/tex/latex/listings/lstlang1.sty
File: lstlang1.sty 2025/11/14 1.11b listings language file
) (c:/texlive/2025/texmf-dist/tex/latex/listings/lstlang2.sty
File: lstlang2.sty 2025/11/14 1.11b listings language file
) (c:/texlive/2025/texmf-dist/tex/latex/listings/lstlang3.sty
File: lstlang3.sty 2025/11/14 1.11b listings language file
) (c:/texlive/2025/texmf-dist/tex/latex/listings/lstlang1.sty
File: lstlang1.sty 2025/11/14 1.11b listings language file
) (c:/texlive/2025/texmf-dist/tex/latex/listings/lstlang2.sty
File: lstlang2.sty 2025/11/14 1.11b listings language file
) (c:/texlive/2025/texmf-dist/tex/latex/listings/lstlang3.sty
File: lstlang3.sty 2025/11/14 1.11b listings language file
) (c:/texlive/2025/texmf-dist/tex/latex/listings/lstmisc.sty
File: lstmisc.sty 2025/11/14 1.11b (Carsten Heinz)
)
LaTeX Font Info:    Font shape `TU/MonaspaceArgon-Regular(1)/m/n' will be
(Font)              scaled to size 7.51904pt on input line 267.
(./samplemonaspacejava.js
LaTeX Font Info:    Font shape `TU/MonaspaceArgon-Regular(1)/b/n' will be
(Font)              scaled to size 7.31937pt on input line 5.
) (./samplemonaspacepython.py
LaTeX Font Info:    Font shape `TU/MonaspaceArgon-Regular(1)/m/it' will be
(Font)              scaled to size 7.51904pt on input line 2.
) [7]
LaTeX Font Info:    Font shape `TU/MonaspaceKrypton-Regular(0)/m/n' will be
(Font)              scaled to size 7.51904pt on input line 288.
(./samplemonaspacejava.js
LaTeX Font Info:    Font shape `TU/MonaspaceKrypton-Regular(0)/b/n' will be
(Font)              scaled to size 7.31937pt on input line 5.
) (./samplemonaspacepython.py
LaTeX Font Info:    Font shape `TU/MonaspaceKrypton-Regular(0)/m/it' will be
(Font)              scaled to size 7.51904pt on input line 2.
) [8]
LaTeX Font Info:    Font shape `TU/MonaspaceNeon-Regular(0)/m/n' will be
(Font)              scaled to size 7.51904pt on input line 309.
(./samplemonaspacejava.js
LaTeX Font Info:    Font shape `TU/MonaspaceNeon-Regular(0)/b/n' will be
(Font)              scaled to size 7.31937pt on input line 5.
) (./samplemonaspacepython.py
LaTeX Font Info:    Font shape `TU/MonaspaceNeon-Regular(0)/m/it' will be
(Font)              scaled to size 7.51904pt on input line 2.
) [9]
LaTeX Font Info:    Font shape `TU/MonaspaceRadon-Regular(0)/m/n' will be
(Font)              scaled to size 7.51904pt on input line 330.
(./samplemonaspacejava.js
LaTeX Font Info:    Font shape `TU/MonaspaceRadon-Regular(0)/b/n' will be
(Font)              scaled to size 7.31937pt on input line 5.
) (./samplemonaspacepython.py
LaTeX Font Info:    Font shape `TU/MonaspaceRadon-Regular(0)/m/it' will be
(Font)              scaled to size 7.51904pt on input line 2.
) [10]
LaTeX Font Info:    Font shape `TU/MonaspaceXenon-Regular(0)/m/n' will be
(Font)              scaled to size 7.51904pt on input line 351.
(./samplemonaspacejava.js
LaTeX Font Info:    Font shape `TU/MonaspaceXenon-Regular(0)/b/n' will be
(Font)              scaled to size 7.31937pt on input line 5.
) (./samplemonaspacepython.py
LaTeX Font Info:    Font shape `TU/MonaspaceXenon-Regular(0)/m/it' will be
(Font)              scaled to size 7.51904pt on input line 2.
) [11]
LaTeX Font Info:    Font shape `TU/MonaspaceArgon-Regular(2)/m/n' will be
(Font)              scaled to size 7.51904pt on input line 378.
(./samplemonaspacejava.js
LaTeX Font Info:    Font shape `TU/MonaspaceArgon-Regular(2)/b/n' will be
(Font)              scaled to size 7.31937pt on input line 5.
) (./samplemonaspacepython.py
LaTeX Font Info:    Font shape `TU/MonaspaceArgon-Regular(2)/m/it' will be
(Font)              scaled to size 7.51904pt on input line 2.
) [12]
LaTeX Font Info:    Font shape `TU/MonaspaceKrypton-Regular(1)/m/n' will be
(Font)              scaled to size 7.51904pt on input line 399.
(./samplemonaspacejava.js
LaTeX Font Info:    Font shape `TU/MonaspaceKrypton-Regular(1)/b/n' will be
(Font)              scaled to size 7.31937pt on input line 5.
) (./samplemonaspacepython.py
LaTeX Font Info:    Font shape `TU/MonaspaceKrypton-Regular(1)/m/it' will be
(Font)              scaled to size 7.51904pt on input line 2.
) [13]
LaTeX Font Info:    Font shape `TU/MonaspaceNeon-Regular(1)/m/n' will be
(Font)              scaled to size 7.51904pt on input line 420.
(./samplemonaspacejava.js
LaTeX Font Info:    Font shape `TU/MonaspaceNeon-Regular(1)/b/n' will be
(Font)              scaled to size 7.31937pt on input line 5.
) (./samplemonaspacepython.py
LaTeX Font Info:    Font shape `TU/MonaspaceNeon-Regular(1)/m/it' will be
(Font)              scaled to size 7.51904pt on input line 2.
) [14]
LaTeX Font Info:    Font shape `TU/MonaspaceRadon-Regular(1)/m/n' will be
(Font)              scaled to size 7.51904pt on input line 441.
(./samplemonaspacejava.js
LaTeX Font Info:    Font shape `TU/MonaspaceRadon-Regular(1)/b/n' will be
(Font)              scaled to size 7.31937pt on input line 5.
) (./samplemonaspacepython.py
LaTeX Font Info:    Font shape `TU/MonaspaceRadon-Regular(1)/m/it' will be
(Font)              scaled to size 7.51904pt on input line 2.
) [15]
LaTeX Font Info:    Font shape `TU/MonaspaceXenon-Regular(1)/m/n' will be
(Font)              scaled to size 7.51904pt on input line 462.
(./samplemonaspacejava.js
LaTeX Font Info:    Font shape `TU/MonaspaceXenon-Regular(1)/b/n' will be
(Font)              scaled to size 7.31937pt on input line 5.
) (./samplemonaspacepython.py
LaTeX Font Info:    Font shape `TU/MonaspaceXenon-Regular(1)/m/it' will be
(Font)              scaled to size 7.51904pt on input line 2.
) [16] (./monaspace-otf.aux)
 ***********
LaTeX2e <2025-11-01>
L3 programming layer <2025-11-14>
 ***********
)

Here is how much of LuaTeX's memory you used:
 29484 strings out of 476081
 100000,1648299 words of node,token memory allocated
 602 words of node memory still in use:
   7 hlist, 2 vlist, 2 rule, 6 glue, 4 kern, 1 glyph, 12 attribute, 65 glue_spec
, 8 attribute_list, 1 write nodes
   avail lists: 1:1,2:3498,3:308,4:274,5:1868,6:98,7:4092,8:48,9:4018,10:10,11:3
12,12:2
 50783 multiletter control sequences out of 65536+600000
 305 fonts using 115581331 bytes
 113i,12n,136p,11254b,1491s stack positions out of 10000i,1000n,20000p,200000b,200000s
<c:/Users/cpier/OneDrive/latex/fonts/opentype/SIL/monaspace-otf/MonaspaceXenon-I
talic.otf><c:/Users/cpier/OneDrive/latex/fonts/opentype/SIL/monaspace-otf/Monasp
aceRadon-Italic.otf><c:/Users/cpier/OneDrive/latex/fonts/opentype/SIL/monaspace-
otf/MonaspaceNeon-Italic.otf><c:/Users/cpier/OneDrive/latex/fonts/opentype/SIL/m
onaspace-otf/MonaspaceKrypton-Italic.otf><c:/Users/cpier/OneDrive/latex/fonts/op
entype/SIL/monaspace-otf/MonaspaceXenon-SemiBold.otf><c:/Users/cpier/OneDrive/la
tex/fonts/opentype/SIL/monaspace-otf/MonaspaceXenon-Medium.otf><c:/Users/cpier/O
neDrive/latex/fonts/opentype/SIL/monaspace-otf/MonaspaceXenon-Light.otf><c:/User
s/cpier/OneDrive/latex/fonts/opentype/SIL/monaspace-otf/MonaspaceXenon-ExtraLigh
t.otf><c:/Users/cpier/OneDrive/latex/fonts/opentype/SIL/monaspace-otf/MonaspaceR
adon-SemiBold.otf><c:/Users/cpier/OneDrive/latex/fonts/opentype/SIL/monaspace-ot
f/MonaspaceRadon-Medium.otf><c:/Users/cpier/OneDrive/latex/fonts/opentype/SIL/mo
naspace-otf/MonaspaceRadon-Light.otf><c:/Users/cpier/OneDrive/latex/fonts/openty
pe/SIL/monaspace-otf/MonaspaceRadon-ExtraLight.otf><c:/Users/cpier/OneDrive/late
x/fonts/opentype/SIL/monaspace-otf/MonaspaceNeon-SemiBold.otf><c:/Users/cpier/On
eDrive/latex/fonts/opentype/SIL/monaspace-otf/MonaspaceNeon-Medium.otf><c:/Users
/cpier/OneDrive/latex/fonts/opentype/SIL/monaspace-otf/MonaspaceNeon-Light.otf><
c:/Users/cpier/OneDrive/latex/fonts/opentype/SIL/monaspace-otf/MonaspaceNeon-Ext
raLight.otf><c:/Users/cpier/OneDrive/latex/fonts/opentype/SIL/monaspace-otf/Mona
spaceKrypton-SemiBold.otf><c:/Users/cpier/OneDrive/latex/fonts/opentype/SIL/mona
space-otf/MonaspaceKrypton-Medium.otf><c:/Users/cpier/OneDrive/latex/fonts/opent
ype/SIL/monaspace-otf/MonaspaceKrypton-Light.otf><c:/Users/cpier/OneDrive/latex/
fonts/opentype/SIL/monaspace-otf/MonaspaceKrypton-ExtraLight.otf><c:/texlive/202
5/texmf-dist/fonts/opentype/public/libertinus-fonts/LibertinusSerif-Italic.otf><
c:/Users/cpier/OneDrive/latex/fonts/opentype/SIL/monaspace-otf/MonaspaceArgon-It
alic.otf><c:/Users/cpier/OneDrive/latex/fonts/opentype/SIL/monaspace-otf/Monaspa
ceXenon-Regular.otf><c:/Users/cpier/OneDrive/latex/fonts/opentype/SIL/monaspace-
otf/MonaspaceRadon-Regular.otf><c:/Users/cpier/OneDrive/latex/fonts/opentype/SIL
/monaspace-otf/MonaspaceNeon-Regular.otf><c:/Users/cpier/OneDrive/latex/fonts/op
entype/SIL/monaspace-otf/MonaspaceKrypton-Regular.otf><c:/Users/cpier/OneDrive/l
atex/fonts/opentype/SIL/monaspace-otf/MonaspaceArgon-SemiBold.otf><c:/Users/cpie
r/OneDrive/latex/fonts/opentype/SIL/monaspace-otf/MonaspaceArgon-Medium.otf><c:/
Users/cpier/OneDrive/latex/fonts/opentype/SIL/monaspace-otf/MonaspaceArgon-Light
.otf><c:/Users/cpier/OneDrive/latex/fonts/opentype/SIL/monaspace-otf/MonaspaceAr
gon-ExtraLight.otf><c:/texlive/2025/texmf-dist/fonts/opentype/public/libertinus-
fonts/LibertinusSerif-Bold.otf><c:/Users/cpier/OneDrive/latex/fonts/opentype/SIL
/monaspace-otf/MonaspaceArgon-Regular.otf><c:/texlive/2025/texmf-dist/fonts/open
type/public/libertinus-fonts/LibertinusSerif-Regular.otf><c:/texlive/2025/texmf-
dist/fonts/opentype/public/libertinus-fonts/LibertinusSans-Italic.otf><c:/texliv
e/2025/texmf-dist/fonts/opentype/public/libertinus-fonts/LibertinusSans-Bold.otf
><c:/texlive/2025/texmf-dist/fonts/type1/public/amsfonts/cm/cmtt9.pfb>
Output written on monaspace-otf.pdf (16 pages, 207637 bytes).

PDF statistics: 897 PDF objects out of 1000 (max. 8388607)
 765 compressed objects within 8 object streams
 492 named destinations out of 1000 (max. 131072)
 185 words of extra memory for PDF output out of 10000 (max. 100000000)

